18:11:46.432 [main] INFO  Dealership.POM - Odometer_on_departure field is filled
18:11:47.281 [main] INFO  Dealership.POM - Searchbox is visible
18:11:57.927 [main] INFO  Dealership.POM - Merchentity is visible
18:12:08.121 [main] INFO  Dealership.POM - The Amount for Merchandise has been captured successfully
18:12:28.589 [main] INFO  Dealership.POM - Feeentity is visible
18:12:48.786 [main] INFO  Dealership.POM - The Amount for Fee has been captured successfully
18:13:09.321 [main] INFO  Dealership.POM - Kitentity is visible
18:13:29.500 [main] INFO  Dealership.POM - The Amount for Kit has been captured successfully
18:13:50.309 [main] INFO  Dealership.POM - Laborentity is visible
18:14:10.518 [main] INFO  Dealership.POM - The Amount for labor has been captured successfully
18:14:31.081 [main] INFO  Dealership.POM - Subletentity is visible
18:14:51.300 [main] INFO  Dealership.POM - The Amount for Sublet has been captured successfully
18:15:01.503 [main] INFO  Dealership.POM - ServiceJobDetails is visible
18:15:01.670 [main] INFO  Dealership.POM - ServiceJobDetails is clicked
18:15:06.741 [main] INFO  Dealership.POM - TranactionType is visible
18:15:06.911 [main] INFO  Dealership.POM - TranactionType is clicked
18:15:07.067 [main] INFO  Dealership.POM - Internaltype is visible
18:15:07.222 [main] INFO  Dealership.POM - Internaltype is clicked
18:15:07.302 [main] INFO  Dealership.POM - RecalculateIcon is visible
18:15:07.541 [main] INFO  Dealership.POM - RecalculateIcon is clicked
18:15:27.585 [main] INFO  Dealership.POM - The Amount for Internal transaction type has been captured successfully
18:15:42.844 [main] INFO  Dealership.POM - ServiceJobDetails is visible
18:15:42.975 [main] INFO  Dealership.POM - ServiceJobDetails is clicked
18:15:43.589 [main] INFO  Dealership.POM - TranactionType is visible
18:15:43.666 [main] INFO  Dealership.POM - TranactionType is clicked
18:15:43.737 [main] INFO  Dealership.POM - ThirdPartytype is visible
18:15:43.855 [main] INFO  Dealership.POM - ThirdPartytype is clicked
18:15:43.926 [main] INFO  Dealership.POM - RecalculateIcon is visible
18:15:44.010 [main] INFO  Dealership.POM - RecalculateIcon is clicked
18:15:54.717 [main] FATAL Dealership.POM - Test Failed - screenshot captured for Method : ServicejobTax
18:16:26.858 [main] INFO  Dealership.POM - Running Test : ServicejobTax
18:16:35.918 [main] INFO  Dealership.POM - Windows maximized
18:16:40.043 [main] INFO  Dealership.POM - URL entered
18:16:40.208 [main] INFO  Dealership.POM - Username field is visible
18:16:40.504 [main] INFO  Dealership.POM - Password field is visible
18:17:36.244 [main] INFO  Dealership.POM - Sell link is visible
18:17:37.942 [main] INFO  Dealership.POM - Sell link is clickable
18:17:38.140 [main] INFO  Dealership.POM - Select Customer Dropdown is visible
18:17:39.981 [main] INFO  Dealership.POM - Select Customer Field is visible
18:17:41.596 [main] INFO  Dealership.POM - CustomerInfo is visible
18:18:11.986 [main] INFO  Dealership.POM - ServiceJob button is visible
18:18:13.375 [main] INFO  Dealership.POM - ServiceJobStatus is visible
18:18:13.439 [main] INFO  Dealership.POM - ServiceJobStatus is Status: New
18:18:13.577 [main] INFO  Dealership.POM - ServiceJobDetails is visible
18:18:13.731 [main] INFO  Dealership.POM - ServiceJobDetails is clicked
18:18:26.540 [main] INFO  Dealership.POM - Temp Unit Mmodal Window  is visible
18:18:26.587 [main] INFO  Dealership.POM - VIN_Unit field is visible
18:18:26.635 [main] INFO  Dealership.POM - Make field is visible
18:18:28.849 [main] INFO  Dealership.POM - Make is filed
18:18:28.889 [main] INFO  Dealership.POM - Model field is visible
18:18:30.612 [main] INFO  Dealership.POM - Model is filed
18:18:30.656 [main] INFO  Dealership.POM - Sub-Model field is visible
18:18:31.343 [main] INFO  Dealership.POM - Sub-Model is filed
18:18:31.388 [main] INFO  Dealership.POM - Year field is visible
18:18:31.774 [main] INFO  Dealership.POM - Year is filed
18:18:31.841 [main] INFO  Dealership.POM - Addbutton is visible
18:18:32.032 [main] INFO  Dealership.POM - Addbutton is clicked
18:18:42.147 [main] INFO  Dealership.POM - Make336 Model336 submodel336 is visible
18:18:42.183 [main] INFO  Dealership.POM - Concern field is visible
18:18:42.450 [main] INFO  Dealership.POM - Concern field is filled
18:18:42.485 [main] INFO  Dealership.POM - Cause field is visible
18:18:42.868 [main] INFO  Dealership.POM - Cause field is filled
18:18:42.910 [main] INFO  Dealership.POM - Correction field is visible
18:18:43.062 [main] INFO  Dealership.POM - Correction field is filled
18:18:43.098 [main] INFO  Dealership.POM - Odometer_on_arrival field is visible
18:18:43.322 [main] INFO  Dealership.POM - Odometer_on_arrival field is filled
18:18:43.359 [main] INFO  Dealership.POM - Odometer_on_departure field is visible
18:18:43.589 [main] INFO  Dealership.POM - Odometer_on_departure field is filled
18:18:44.400 [main] INFO  Dealership.POM - Searchbox is visible
18:18:55.104 [main] INFO  Dealership.POM - Merchentity is visible
18:19:05.335 [main] INFO  Dealership.POM - The Amount for Merchandise has been captured successfully
18:19:25.945 [main] INFO  Dealership.POM - Feeentity is visible
18:19:46.124 [main] INFO  Dealership.POM - The Amount for Fee has been captured successfully
18:20:06.602 [main] INFO  Dealership.POM - Kitentity is visible
18:20:26.789 [main] INFO  Dealership.POM - The Amount for Kit has been captured successfully
18:20:47.565 [main] INFO  Dealership.POM - Laborentity is visible
18:21:07.757 [main] INFO  Dealership.POM - The Amount for labor has been captured successfully
18:21:28.487 [main] INFO  Dealership.POM - Subletentity is visible
18:21:48.661 [main] INFO  Dealership.POM - The Amount for Sublet has been captured successfully
18:21:58.852 [main] INFO  Dealership.POM - ServiceJobDetails is visible
18:21:59.018 [main] INFO  Dealership.POM - ServiceJobDetails is clicked
18:22:04.098 [main] INFO  Dealership.POM - TranactionType is visible
18:22:04.218 [main] INFO  Dealership.POM - TranactionType is clicked
18:22:04.314 [main] INFO  Dealership.POM - Internaltype is visible
18:22:04.502 [main] INFO  Dealership.POM - Internaltype is clicked
18:22:04.598 [main] INFO  Dealership.POM - RecalculateIcon is visible
18:22:04.805 [main] INFO  Dealership.POM - RecalculateIcon is clicked
18:22:24.844 [main] INFO  Dealership.POM - The Amount for Internal transaction type has been captured successfully
18:22:40.618 [main] INFO  Dealership.POM - ServiceJobDetails is visible
18:22:40.784 [main] INFO  Dealership.POM - ServiceJobDetails is clicked
18:22:41.457 [main] INFO  Dealership.POM - TranactionType is visible
18:22:41.564 [main] INFO  Dealership.POM - TranactionType is clicked
18:22:41.648 [main] INFO  Dealership.POM - ThirdPartytype is visible
18:22:41.788 [main] INFO  Dealership.POM - ThirdPartytype is clicked
18:22:41.848 [main] INFO  Dealership.POM - RecalculateIcon is visible
18:22:41.935 [main] INFO  Dealership.POM - RecalculateIcon is clicked
18:23:01.989 [main] INFO  Dealership.POM - The Amount for Third Party transaction type has been captured successfully
18:23:02.503 [main] INFO  Dealership.POM - Customer name is entered in seachbox
18:23:12.541 [main] INFO  Dealership.POM - SearcResults are displayed
18:23:12.661 [main] INFO  Dealership.POM - SearcResult0 is clicked
18:23:22.752 [main] INFO  Dealership.POM - CM_Owned_Units are displayed
18:23:22.892 [main] INFO  Dealership.POM - CM_Owned_Units is clicked
18:23:22.945 [main] INFO  Dealership.POM - RemoveLink is displayed
18:23:23.065 [main] INFO  Dealership.POM - RemoveLink is checked
18:23:23.102 [main] INFO  Dealership.POM - GoButton is displayed
18:23:23.186 [main] INFO  Dealership.POM - GoButton is clicked
18:23:24.852 [main] INFO  Dealership.POM - COU is Deleted successfully
18:23:24.859 [main] INFO  Dealership.POM - Test case ServicejobTax passes successfully
10:13:58.390 [main] INFO  Dealership.POM - Running Test : ServicejobTax
10:14:10.098 [main] INFO  Dealership.POM - Windows maximized
10:14:13.197 [main] INFO  Dealership.POM - URL entered
10:14:13.345 [main] INFO  Dealership.POM - Username field is visible
10:14:13.590 [main] INFO  Dealership.POM - Password field is visible
10:15:08.865 [main] INFO  Dealership.POM - Sell link is visible
10:15:10.429 [main] INFO  Dealership.POM - Sell link is clickable
10:15:10.567 [main] INFO  Dealership.POM - Select Customer Dropdown is visible
10:15:13.577 [main] INFO  Dealership.POM - Select Customer Field is visible
10:15:15.653 [main] INFO  Dealership.POM - CustomerInfo is visible
10:15:46.114 [main] INFO  Dealership.POM - ServiceJob button is visible
10:15:47.725 [main] INFO  Dealership.POM - ServiceJobStatus is visible
10:15:47.773 [main] INFO  Dealership.POM - ServiceJobStatus is Status: New
10:15:47.962 [main] INFO  Dealership.POM - ServiceJobDetails is visible
10:15:48.101 [main] INFO  Dealership.POM - ServiceJobDetails is clicked
10:16:01.053 [main] INFO  Dealership.POM - Temp Unit Mmodal Window  is visible
10:16:01.104 [main] INFO  Dealership.POM - VIN_Unit field is visible
10:16:01.156 [main] INFO  Dealership.POM - Make field is visible
10:16:02.786 [main] INFO  Dealership.POM - Make is filed
10:16:02.844 [main] INFO  Dealership.POM - Model field is visible
10:16:04.087 [main] INFO  Dealership.POM - Model is filed
10:16:04.136 [main] INFO  Dealership.POM - Sub-Model field is visible
10:16:04.573 [main] INFO  Dealership.POM - Sub-Model is filed
10:16:04.615 [main] INFO  Dealership.POM - Year field is visible
10:16:04.858 [main] INFO  Dealership.POM - Year is filed
10:16:04.911 [main] INFO  Dealership.POM - Addbutton is visible
10:16:05.041 [main] INFO  Dealership.POM - Addbutton is clicked
10:16:15.174 [main] INFO  Dealership.POM - Make152 Model152 submodel152 is visible
10:16:15.225 [main] INFO  Dealership.POM - Concern field is visible
10:16:15.471 [main] INFO  Dealership.POM - Concern field is filled
10:16:15.514 [main] INFO  Dealership.POM - Cause field is visible
10:16:15.815 [main] INFO  Dealership.POM - Cause field is filled
10:16:15.872 [main] INFO  Dealership.POM - Correction field is visible
10:16:16.055 [main] INFO  Dealership.POM - Correction field is filled
10:16:16.122 [main] INFO  Dealership.POM - Odometer_on_arrival field is visible
10:16:16.421 [main] INFO  Dealership.POM - Odometer_on_arrival field is filled
10:16:16.476 [main] INFO  Dealership.POM - Odometer_on_departure field is visible
10:16:16.790 [main] INFO  Dealership.POM - Odometer_on_departure field is filled
10:16:17.882 [main] INFO  Dealership.POM - Searchbox is visible
10:16:28.826 [main] FATAL Dealership.POM - Test Failed - screenshot captured for Method : ServicejobTax
11:17:20.292 [main] INFO  Dealership.POM - Running Test : ServicejobTax
11:17:35.903 [main] INFO  Dealership.POM - Windows maximized
11:17:38.995 [main] INFO  Dealership.POM - URL entered
11:17:39.151 [main] INFO  Dealership.POM - Username field is visible
11:17:39.780 [main] INFO  Dealership.POM - Password field is visible
11:18:17.093 [main] INFO  Dealership.POM - Sell link is visible
11:18:19.504 [main] INFO  Dealership.POM - Sell link is clickable
11:18:20.169 [main] INFO  Dealership.POM - Select Customer Dropdown is visible
11:18:32.885 [main] INFO  Dealership.POM - Select Customer Field is visible
11:18:34.912 [main] INFO  Dealership.POM - CustomerInfo is visible
11:19:05.504 [main] INFO  Dealership.POM - ServiceJob button is visible
11:19:07.570 [main] INFO  Dealership.POM - ServiceJobStatus is visible
11:19:07.688 [main] INFO  Dealership.POM - ServiceJobStatus is Status: New
11:19:07.801 [main] INFO  Dealership.POM - ServiceJobDetails is visible
11:19:08.054 [main] INFO  Dealership.POM - ServiceJobDetails is clicked
11:20:53.529 [main] FATAL Dealership.POM - Test Failed - screenshot captured for Method : ServicejobTax
14:24:07.177 [main] INFO  Dealership.POM - Running Test : InternalserviceTax
14:24:33.733 [main] INFO  Dealership.POM - Windows maximized
14:24:37.543 [main] INFO  Dealership.POM - URL entered
14:24:37.675 [main] INFO  Dealership.POM - Username field is visible
14:24:37.896 [main] INFO  Dealership.POM - Password field is visible
14:25:16.099 [main] INFO  Dealership.POM - Sell link is visible
14:25:16.227 [main] INFO  Dealership.POM - Sell link is clicked
14:25:18.332 [main] INFO  Dealership.POM - Internalservice link is visible
14:25:18.432 [main] INFO  Dealership.POM - Internalservice link is clicked
14:25:34.572 [main] FATAL Dealership.POM - Test Failed - screenshot captured for Method : InternalserviceTax
14:26:05.748 [main] INFO  Dealership.POM - Running Test : InternalserviceTax
14:26:14.554 [main] INFO  Dealership.POM - Windows maximized
14:26:18.172 [main] INFO  Dealership.POM - URL entered
14:26:18.328 [main] INFO  Dealership.POM - Username field is visible
14:26:18.543 [main] INFO  Dealership.POM - Password field is visible
14:27:05.261 [main] INFO  Dealership.POM - Sell link is visible
14:27:07.001 [main] INFO  Dealership.POM - Sell link is clicked
14:27:07.664 [main] INFO  Dealership.POM - Internalservice link is visible
14:27:07.780 [main] INFO  Dealership.POM - Internalservice link is clicked
14:27:21.940 [main] FATAL Dealership.POM - Test Failed - screenshot captured for Method : InternalserviceTax
14:28:29.456 [main] INFO  Dealership.POM - Running Test : InternalserviceTax
14:28:37.690 [main] INFO  Dealership.POM - Windows maximized
14:28:41.740 [main] INFO  Dealership.POM - URL entered
14:28:41.883 [main] INFO  Dealership.POM - Username field is visible
14:28:42.078 [main] INFO  Dealership.POM - Password field is visible
14:29:18.396 [main] INFO  Dealership.POM - Sell link is visible
14:29:19.704 [main] INFO  Dealership.POM - Sell link is clicked
14:29:20.226 [main] INFO  Dealership.POM - Internalservice link is visible
14:29:20.337 [main] INFO  Dealership.POM - Internalservice link is clicked
14:29:34.994 [main] FATAL Dealership.POM - Test Failed - screenshot captured for Method : InternalserviceTax
14:35:55.479 [main] INFO  Dealership.POM - Running Test : InternalserviceTax
14:36:03.658 [main] INFO  Dealership.POM - Windows maximized
14:36:06.843 [main] INFO  Dealership.POM - URL entered
14:36:06.975 [main] INFO  Dealership.POM - Username field is visible
14:36:07.219 [main] INFO  Dealership.POM - Password field is visible
14:38:38.801 [main] INFO  Dealership.POM - Sell link is visible
14:38:40.163 [main] INFO  Dealership.POM - Sell link is clicked
14:38:40.438 [main] INFO  Dealership.POM - Internalservice link is visible
14:38:40.601 [main] INFO  Dealership.POM - Internalservice link is clicked
14:38:55.820 [main] FATAL Dealership.POM - Test Failed - screenshot captured for Method : InternalserviceTax
14:40:17.189 [main] INFO  Dealership.POM - Running Test : InternalserviceTax
14:40:24.970 [main] INFO  Dealership.POM - Windows maximized
14:40:30.161 [main] INFO  Dealership.POM - URL entered
14:40:30.283 [main] INFO  Dealership.POM - Username field is visible
14:40:30.511 [main] INFO  Dealership.POM - Password field is visible
14:41:08.456 [main] INFO  Dealership.POM - Sell link is visible
14:41:09.920 [main] INFO  Dealership.POM - Sell link is clicked
14:41:10.127 [main] INFO  Dealership.POM - Internalservice link is visible
14:41:10.216 [main] INFO  Dealership.POM - Internalservice link is clicked
14:41:27.100 [main] FATAL Dealership.POM - Test Failed - screenshot captured for Method : InternalserviceTax
14:42:07.202 [main] INFO  Dealership.POM - Running Test : InternalserviceTax
14:42:15.116 [main] INFO  Dealership.POM - Windows maximized
14:42:18.192 [main] INFO  Dealership.POM - URL entered
14:42:18.322 [main] INFO  Dealership.POM - Username field is visible
14:42:19.435 [main] INFO  Dealership.POM - Password field is visible
14:43:17.395 [main] INFO  Dealership.POM - Sell link is visible
14:43:18.852 [main] INFO  Dealership.POM - Sell link is clicked
14:43:19.067 [main] INFO  Dealership.POM - Internalservice link is visible
14:43:19.188 [main] INFO  Dealership.POM - Internalservice link is clicked
14:43:34.029 [main] INFO  Dealership.POM - DealershipName is visible
14:43:34.083 [main] INFO  Dealership.POM - Pricelevel is visible
14:43:34.173 [main] INFO  Dealership.POM - ServiceJobDetails is visible
14:43:34.321 [main] INFO  Dealership.POM - ServiceJobDetails is clicked
14:43:39.477 [main] INFO  Dealership.POM - SKUsearhfield is visible
14:43:39.827 [main] INFO  Dealership.POM - SKU is entered
14:43:40.181 [main] FATAL Dealership.POM - Test Failed - screenshot captured for Method : InternalserviceTax
15:36:07.688 [main] INFO  Dealership.POM - Running Test : InternalserviceTax
15:36:18.391 [main] INFO  Dealership.POM - Windows maximized
15:36:21.921 [main] INFO  Dealership.POM - URL entered
15:36:22.058 [main] INFO  Dealership.POM - Username field is visible
15:36:22.645 [main] INFO  Dealership.POM - Password field is visible
15:37:19.384 [main] INFO  Dealership.POM - Sell link is visible
15:37:20.917 [main] INFO  Dealership.POM - Sell link is clicked
15:37:21.136 [main] INFO  Dealership.POM - Internalservice link is visible
15:37:21.234 [main] INFO  Dealership.POM - Internalservice link is clicked
15:37:38.926 [main] INFO  Dealership.POM - DealershipName is visible
15:37:38.968 [main] INFO  Dealership.POM - Pricelevel is visible
15:37:39.047 [main] INFO  Dealership.POM - ServiceJobDetails is visible
15:37:39.162 [main] INFO  Dealership.POM - ServiceJobDetails is clicked
15:37:44.268 [main] INFO  Dealership.POM - SKUsearhfield is visible
15:37:44.560 [main] INFO  Dealership.POM - SKU is entered
15:37:44.910 [main] FATAL Dealership.POM - Test Failed - screenshot captured for Method : InternalserviceTax
15:38:33.154 [main] INFO  Dealership.POM - Running Test : InternalserviceTax
15:38:41.499 [main] INFO  Dealership.POM - Windows maximized
15:38:44.639 [main] INFO  Dealership.POM - URL entered
15:38:44.779 [main] INFO  Dealership.POM - Username field is visible
15:38:45.204 [main] INFO  Dealership.POM - Password field is visible
15:39:39.085 [main] INFO  Dealership.POM - Sell link is visible
15:39:40.469 [main] INFO  Dealership.POM - Sell link is clicked
15:39:40.738 [main] INFO  Dealership.POM - Internalservice link is visible
15:39:40.917 [main] INFO  Dealership.POM - Internalservice link is clicked
15:39:57.731 [main] INFO  Dealership.POM - DealershipName is visible
15:39:57.783 [main] INFO  Dealership.POM - Pricelevel is visible
15:39:57.860 [main] INFO  Dealership.POM - ServiceJobDetails is visible
15:39:57.966 [main] INFO  Dealership.POM - ServiceJobDetails is clicked
15:40:03.072 [main] INFO  Dealership.POM - SKUsearhfield is visible
15:40:03.380 [main] INFO  Dealership.POM - SKU is entered
15:40:05.647 [main] INFO  Dealership.POM - SKUentity is visible
15:42:06.573 [main] FATAL Dealership.POM - Test Failed - screenshot captured for Method : InternalserviceTax
15:44:17.501 [main] INFO  Dealership.POM - Running Test : InternalserviceTax
15:44:29.087 [main] INFO  Dealership.POM - Windows maximized
15:44:32.644 [main] INFO  Dealership.POM - URL entered
15:44:32.802 [main] INFO  Dealership.POM - Username field is visible
15:44:33.340 [main] INFO  Dealership.POM - Password field is visible
15:45:10.070 [main] INFO  Dealership.POM - Sell link is visible
15:45:11.361 [main] INFO  Dealership.POM - Sell link is clicked
15:45:11.585 [main] INFO  Dealership.POM - Internalservice link is visible
15:45:11.687 [main] INFO  Dealership.POM - Internalservice link is clicked
15:45:27.019 [main] INFO  Dealership.POM - DealershipName is visible
15:45:27.067 [main] INFO  Dealership.POM - Pricelevel is visible
15:45:27.144 [main] INFO  Dealership.POM - ServiceJobDetails is visible
15:45:27.257 [main] INFO  Dealership.POM - ServiceJobDetails is clicked
15:45:32.363 [main] INFO  Dealership.POM - SKUsearhfield is visible
15:45:32.735 [main] INFO  Dealership.POM - SKU is entered
15:45:34.937 [main] INFO  Dealership.POM - SKUentity is visible
15:45:55.529 [main] INFO  Dealership.POM - auto_make auto_model auto_submodel 2023, teal is visible
15:45:55.538 [main] INFO  Dealership.POM - Test case InternalserviceTax passes successfully
15:54:47.866 [main] INFO  Dealership.POM - Running Test : InternalserviceTax
15:54:56.037 [main] INFO  Dealership.POM - Windows maximized
15:54:58.068 [main] INFO  Dealership.POM - URL entered
15:54:58.213 [main] INFO  Dealership.POM - Username field is visible
15:54:58.751 [main] INFO  Dealership.POM - Password field is visible
15:55:36.096 [main] INFO  Dealership.POM - Sell link is visible
15:55:37.585 [main] INFO  Dealership.POM - Sell link is clicked
15:55:38.101 [main] INFO  Dealership.POM - Internalservice link is visible
15:55:38.235 [main] INFO  Dealership.POM - Internalservice link is clicked
15:55:52.113 [main] INFO  Dealership.POM - DealershipName is visible
15:55:52.161 [main] INFO  Dealership.POM - Pricelevel is visible
15:55:52.244 [main] INFO  Dealership.POM - ServiceJobDetails is visible
15:55:52.345 [main] INFO  Dealership.POM - ServiceJobDetails is clicked
15:55:57.504 [main] INFO  Dealership.POM - SKUsearhfield is visible
15:55:57.842 [main] INFO  Dealership.POM - SKU is entered
15:56:01.102 [main] INFO  Dealership.POM - SKUentity is visible
15:56:21.684 [main] INFO  Dealership.POM - auto_make auto_model auto_submodel 2023, teal is visible
15:56:21.731 [main] INFO  Dealership.POM - Concern field is visible
15:56:22.049 [main] INFO  Dealership.POM - Concern field is filled
15:56:22.097 [main] INFO  Dealership.POM - Cause field is visible
15:56:22.467 [main] INFO  Dealership.POM - Cause field is filled
15:56:22.523 [main] INFO  Dealership.POM - Correction field is visible
15:56:22.878 [main] INFO  Dealership.POM - Correction field is filled
15:56:22.973 [main] INFO  Dealership.POM - Odometer_on_arrival field is visible
15:56:23.277 [main] INFO  Dealership.POM - Odometer_on_arrival field is filled
15:56:23.332 [main] INFO  Dealership.POM - Odometer_on_departure field is visible
15:56:23.563 [main] INFO  Dealership.POM - Odometer_on_departure field is filled
15:56:24.402 [main] INFO  Dealership.POM - Searchbox is visible
15:56:34.931 [main] INFO  Dealership.POM - Merchentity is visible
15:56:45.208 [main] INFO  Dealership.POM - The Amount for Merchandise has been captured successfully
15:56:45.216 [main] INFO  Dealership.POM - Test case InternalserviceTax passes successfully
15:12:56.279 [main] INFO  Dealership.POM - Running Test : UnitDealTax
15:13:07.484 [main] INFO  Dealership.POM - Windows maximized
15:13:09.856 [main] INFO  Dealership.POM - URL entered
15:13:09.985 [main] INFO  Dealership.POM - Username field is visible
15:13:10.672 [main] INFO  Dealership.POM - Password field is visible
15:13:41.107 [main] INFO  Dealership.POM - Sell link is visible
15:13:41.191 [main] INFO  Dealership.POM - Sell link is clickable
15:13:43.383 [main] INFO  Dealership.POM - Select Customer Dropdown is visible
15:13:44.782 [main] INFO  Dealership.POM - Select Customer Field is visible
15:13:46.687 [main] INFO  Dealership.POM - CustomerInfo is visible
15:14:17.102 [main] INFO  Dealership.POM - Sell A Unit button is visible
15:14:17.224 [main] INFO  Dealership.POM - Sell A Unit button is clicked
15:14:19.046 [main] INFO  Dealership.POM - UnitDealStatus is visible
15:14:19.085 [main] INFO  Dealership.POM - UnitDealStatus is Status: Quotation
15:14:19.186 [main] INFO  Dealership.POM - UnitOptionsStatus is visible
15:14:19.217 [main] INFO  Dealership.POM - UnitOptionsStatus is Option:
15:14:19.294 [main] INFO  Dealership.POM - Unit1 is visible
15:14:19.433 [main] INFO  Dealership.POM - Unit1 is opened
15:14:20.733 [main] INFO  Dealership.POM - Search Stockunit field is visible
15:14:22.458 [main] INFO  Dealership.POM - Unit1 is selected
15:14:42.517 [main] INFO  Dealership.POM - The Amount for StockUnit has been captured successfully
15:14:42.639 [main] INFO  Dealership.POM - Option_Fee field is visible
15:14:42.708 [main] INFO  Dealership.POM - Options And Fee field is visible
15:14:42.832 [main] INFO  Dealership.POM - Options And Fee field is clicked
15:14:43.531 [main] INFO  Dealership.POM - SearchOptions field is visible
15:14:48.020 [main] INFO  Dealership.POM - Warranty product is selected
15:15:08.069 [main] INFO  Dealership.POM - The Amount for WarrantyPlan has been captured successfully
15:15:08.111 [main] INFO  Dealership.POM - SearchOptions field is visible
15:16:49.137 [main] FATAL Dealership.POM - Test Failed - screenshot captured for Method : UnitDealTax
15:26:15.663 [main] INFO  Dealership.POM - Running Test : UnitDealTax
15:26:25.609 [main] INFO  Dealership.POM - Windows maximized
15:26:27.753 [main] INFO  Dealership.POM - URL entered
15:26:27.919 [main] INFO  Dealership.POM - Username field is visible
15:26:28.390 [main] INFO  Dealership.POM - Password field is visible
15:27:02.829 [main] INFO  Dealership.POM - Sell link is visible
15:27:04.429 [main] INFO  Dealership.POM - Sell link is clickable
15:27:04.989 [main] INFO  Dealership.POM - Select Customer Dropdown is visible
15:27:05.263 [main] INFO  Dealership.POM - Select Customer Field is visible
15:27:07.239 [main] INFO  Dealership.POM - CustomerInfo is visible
15:27:37.600 [main] INFO  Dealership.POM - Sell A Unit button is visible
15:27:37.683 [main] INFO  Dealership.POM - Sell A Unit button is clicked
15:27:39.440 [main] INFO  Dealership.POM - UnitDealStatus is visible
15:27:39.486 [main] INFO  Dealership.POM - UnitDealStatus is Status: Quotation
15:27:39.606 [main] INFO  Dealership.POM - UnitOptionsStatus is visible
15:27:39.656 [main] INFO  Dealership.POM - UnitOptionsStatus is Option:
15:27:39.746 [main] INFO  Dealership.POM - Unit1 is visible
15:27:39.860 [main] INFO  Dealership.POM - Unit1 is opened
15:27:41.144 [main] INFO  Dealership.POM - Search Stockunit field is visible
15:27:42.880 [main] INFO  Dealership.POM - Unit1 is selected
15:28:02.972 [main] INFO  Dealership.POM - The Amount for StockUnit has been captured successfully
15:28:03.113 [main] INFO  Dealership.POM - Option_Fee field is visible
15:28:03.194 [main] INFO  Dealership.POM - Options And Fee field is visible
15:28:03.356 [main] INFO  Dealership.POM - Options And Fee field is clicked
15:28:04.176 [main] INFO  Dealership.POM - SearchOptions field is visible
15:28:08.032 [main] INFO  Dealership.POM - Warranty product is selected
15:28:28.066 [main] INFO  Dealership.POM - The Amount for WarrantyPlan has been captured successfully
15:28:38.271 [main] INFO  Dealership.POM - SearchOptions field is visible
15:28:43.234 [main] INFO  Dealership.POM - Financing product is selected
15:29:03.280 [main] INFO  Dealership.POM - The Amount for Financing product has been captured successfully
15:29:13.497 [main] INFO  Dealership.POM - SearchOptions field is visible
15:29:17.396 [main] INFO  Dealership.POM - Financing product is selected
15:29:37.447 [main] INFO  Dealership.POM - The Amount for Financing product has been captured successfully
15:29:47.660 [main] INFO  Dealership.POM - AddTradeIn button is visible
15:29:47.822 [main] INFO  Dealership.POM - AddTradeIn button is clicked
15:29:51.030 [main] INFO  Dealership.POM - AddCOU button is visible
15:29:51.353 [main] INFO  Dealership.POM - AddCOU button is clicked
15:29:58.769 [main] INFO  Dealership.POM - Temp Unit Mmodal Window  is visible
15:29:58.813 [main] INFO  Dealership.POM - Make field is visible
15:30:04.213 [main] INFO  Dealership.POM - Make is filed
15:30:04.281 [main] INFO  Dealership.POM - Model field is visible
15:30:06.385 [main] INFO  Dealership.POM - Model is filed
15:30:06.438 [main] INFO  Dealership.POM - Sub-Model field is visible
15:30:07.366 [main] INFO  Dealership.POM - Sub-Model is filed
15:30:07.414 [main] INFO  Dealership.POM - Year field is visible
15:30:07.858 [main] INFO  Dealership.POM - Year is filed
15:30:07.935 [main] INFO  Dealership.POM - Addbutton is visible
15:30:08.238 [main] INFO  Dealership.POM - Addbutton is clicked
15:30:18.397 [main] INFO  Dealership.POM - AgreedValueForCOU is visible
15:30:18.684 [main] INFO  Dealership.POM - AgreedValueForCOU is clicked
15:30:18.798 [main] INFO  Dealership.POM - ActualCashValueForCOU is visible
15:30:19.117 [main] INFO  Dealership.POM - ActualCashValueForCOU is clicked
15:30:19.173 [main] INFO  Dealership.POM - tradeInLienPayout is visible
15:30:19.571 [main] INFO  Dealership.POM - tradeInLienPayout is clicked
15:30:19.685 [main] INFO  Dealership.POM - tradeInFinanceCompany is visible
15:30:19.897 [main] INFO  Dealership.POM - tradeInFinanceCompany is clicked
15:30:24.969 [main] INFO  Dealership.POM - tradeInFinanceCompanyDropdownDiv is visible
15:30:25.074 [main] INFO  Dealership.POM - tradeInFinanceCompanyDropdownDiv is clicked
15:30:30.178 [main] INFO  Dealership.POM - AppraisalMethod is visible
15:30:30.287 [main] INFO  Dealership.POM - AppraisalMethod is clicked
15:30:35.352 [main] INFO  Dealership.POM - appraisalMethod0 is visible
15:30:35.567 [main] INFO  Dealership.POM - appraisalMethod0 is clicked
15:30:35.678 [main] INFO  Dealership.POM - AppraisalStatus is visible
15:30:35.871 [main] INFO  Dealership.POM - AppraisalStatus is clicked
15:30:40.930 [main] INFO  Dealership.POM - appraisalStatus1 is visible
15:30:41.135 [main] INFO  Dealership.POM - appraisalStatus1 is clicked
15:30:41.183 [main] INFO  Dealership.POM - AppraisalNote is visible
15:30:41.563 [main] INFO  Dealership.POM - AppraisalNote is filled
15:30:46.645 [main] INFO  Dealership.POM - ApprovedBy is visible
15:30:46.865 [main] INFO  Dealership.POM - ApprovedBy is clicked
15:30:51.933 [main] INFO  Dealership.POM - approvedBy0 is visible
15:30:52.082 [main] INFO  Dealership.POM - approvedBy0 is clicked
15:30:52.090 [main] INFO  Dealership.POM - Test case UnitDealTax passes successfully
15:51:35.519 [main] INFO  Dealership.POM - Running Test : UnitDealTax
15:51:43.381 [main] INFO  Dealership.POM - Windows maximized
15:51:50.094 [main] INFO  Dealership.POM - URL entered
15:51:50.224 [main] INFO  Dealership.POM - Username field is visible
15:51:50.453 [main] INFO  Dealership.POM - Password field is visible
15:52:27.762 [main] INFO  Dealership.POM - Sell link is visible
15:52:29.381 [main] INFO  Dealership.POM - Sell link is clickable
15:52:29.716 [main] INFO  Dealership.POM - Select Customer Dropdown is visible
15:52:32.199 [main] INFO  Dealership.POM - Select Customer Field is visible
15:52:34.134 [main] INFO  Dealership.POM - CustomerInfo is visible
15:53:04.580 [main] INFO  Dealership.POM - Sell A Unit button is visible
15:53:04.683 [main] INFO  Dealership.POM - Sell A Unit button is clicked
15:53:06.455 [main] INFO  Dealership.POM - UnitDealStatus is visible
15:53:06.496 [main] INFO  Dealership.POM - UnitDealStatus is Status: Quotation
15:53:06.581 [main] INFO  Dealership.POM - UnitOptionsStatus is visible
15:53:06.644 [main] INFO  Dealership.POM - UnitOptionsStatus is Option:
15:53:06.785 [main] INFO  Dealership.POM - Unit1 is visible
15:53:06.927 [main] INFO  Dealership.POM - Unit1 is opened
15:53:08.267 [main] INFO  Dealership.POM - Search Stockunit field is visible
15:53:09.938 [main] INFO  Dealership.POM - Unit1 is selected
15:53:29.986 [main] INFO  Dealership.POM - The Amount for StockUnit has been captured successfully
15:53:30.095 [main] INFO  Dealership.POM - Option_Fee field is visible
15:53:30.159 [main] INFO  Dealership.POM - Options And Fee field is visible
15:53:30.257 [main] INFO  Dealership.POM - Options And Fee field is clicked
15:53:30.912 [main] INFO  Dealership.POM - SearchOptions field is visible
15:53:35.392 [main] INFO  Dealership.POM - Warranty product is selected
15:53:55.424 [main] INFO  Dealership.POM - The Amount for WarrantyPlan has been captured successfully
15:54:05.609 [main] INFO  Dealership.POM - SearchOptions field is visible
15:54:10.396 [main] INFO  Dealership.POM - Financing product is selected
15:54:30.442 [main] INFO  Dealership.POM - The Amount for Financing product has been captured successfully
15:54:40.650 [main] INFO  Dealership.POM - SearchOptions field is visible
15:54:45.411 [main] INFO  Dealership.POM - DealProduct is selected
15:55:05.443 [main] INFO  Dealership.POM - The Amount for DealProduct has been captured successfully
15:55:15.655 [main] INFO  Dealership.POM - AddTradeIn button is visible
15:55:15.764 [main] INFO  Dealership.POM - AddTradeIn button is clicked
15:55:19.667 [main] INFO  Dealership.POM - AddCOU button is visible
15:55:19.782 [main] INFO  Dealership.POM - AddCOU button is clicked
15:55:25.301 [main] INFO  Dealership.POM - Temp Unit Mmodal Window  is visible
15:55:25.331 [main] INFO  Dealership.POM - Make field is visible
15:55:27.409 [main] INFO  Dealership.POM - Make is filed
15:55:27.447 [main] INFO  Dealership.POM - Model field is visible
15:55:28.351 [main] INFO  Dealership.POM - Model is filed
15:55:28.393 [main] INFO  Dealership.POM - Sub-Model field is visible
15:55:29.035 [main] INFO  Dealership.POM - Sub-Model is filed
15:55:29.075 [main] INFO  Dealership.POM - Year field is visible
15:55:29.442 [main] INFO  Dealership.POM - Year is filed
15:55:29.505 [main] INFO  Dealership.POM - Addbutton is visible
15:55:29.692 [main] INFO  Dealership.POM - Addbutton is clicked
15:55:39.783 [main] INFO  Dealership.POM - AgreedValueForCOU is visible
15:55:39.942 [main] INFO  Dealership.POM - AgreedValueForCOU is clicked
15:55:39.973 [main] INFO  Dealership.POM - ActualCashValueForCOU is visible
15:55:40.127 [main] INFO  Dealership.POM - ActualCashValueForCOU is clicked
15:55:40.159 [main] INFO  Dealership.POM - tradeInLienPayout is visible
15:55:40.332 [main] INFO  Dealership.POM - tradeInLienPayout is clicked
15:55:40.368 [main] INFO  Dealership.POM - tradeInFinanceCompany is visible
15:55:40.472 [main] INFO  Dealership.POM - tradeInFinanceCompany is clicked
15:55:45.539 [main] INFO  Dealership.POM - tradeInFinanceCompanyDropdownDiv is visible
15:55:45.636 [main] INFO  Dealership.POM - tradeInFinanceCompanyDropdownDiv is clicked
15:55:50.702 [main] INFO  Dealership.POM - AppraisalMethod is visible
15:55:50.778 [main] INFO  Dealership.POM - AppraisalMethod is clicked
15:55:55.826 [main] INFO  Dealership.POM - appraisalMethod0 is visible
15:55:55.952 [main] INFO  Dealership.POM - appraisalMethod0 is clicked
15:55:56.005 [main] INFO  Dealership.POM - AppraisalStatus is visible
15:55:56.125 [main] INFO  Dealership.POM - AppraisalStatus is clicked
15:56:01.174 [main] INFO  Dealership.POM - appraisalStatus1 is visible
15:56:01.323 [main] INFO  Dealership.POM - appraisalStatus1 is clicked
15:56:01.368 [main] INFO  Dealership.POM - AppraisalNote is visible
15:56:01.629 [main] INFO  Dealership.POM - AppraisalNote is filled
15:56:06.734 [main] INFO  Dealership.POM - ApprovedBy is visible
15:56:06.891 [main] INFO  Dealership.POM - ApprovedBy is clicked
15:56:11.940 [main] INFO  Dealership.POM - approvedBy0 is visible
15:56:12.054 [main] INFO  Dealership.POM - approvedBy0 is clicked
15:56:12.059 [main] INFO  Dealership.POM - Test case UnitDealTax passes successfully
16:56:22.137 [main] INFO  Dealership.POM - Running Test : UnitDealTax
16:56:41.690 [main] INFO  Dealership.POM - Windows maximized
16:56:45.283 [main] INFO  Dealership.POM - URL entered
16:56:45.422 [main] INFO  Dealership.POM - Username field is visible
16:56:45.860 [main] INFO  Dealership.POM - Password field is visible
16:57:37.615 [main] INFO  Dealership.POM - Sell link is visible
16:57:38.998 [main] INFO  Dealership.POM - Sell link is clickable
16:57:39.286 [main] INFO  Dealership.POM - Select Customer Dropdown is visible
16:57:41.121 [main] INFO  Dealership.POM - Select Customer Field is visible
16:57:43.022 [main] INFO  Dealership.POM - CustomerInfo is visible
16:58:13.291 [main] INFO  Dealership.POM - Sell A Unit button is visible
16:58:13.379 [main] INFO  Dealership.POM - Sell A Unit button is clicked
16:58:15.703 [main] INFO  Dealership.POM - UnitDealStatus is visible
16:58:15.725 [main] INFO  Dealership.POM - UnitDealStatus is Status: Quotation
16:58:15.804 [main] INFO  Dealership.POM - UnitOptionsStatus is visible
16:58:15.830 [main] INFO  Dealership.POM - UnitOptionsStatus is Option:
16:58:15.901 [main] INFO  Dealership.POM - Unit1 is visible
16:58:15.996 [main] INFO  Dealership.POM - Unit1 is opened
16:58:17.255 [main] INFO  Dealership.POM - Search Stockunit field is visible
16:58:19.451 [main] INFO  Dealership.POM - Unit1 is selected
16:58:39.503 [main] INFO  Dealership.POM - The Amount for StockUnit has been captured successfully
16:58:39.595 [main] INFO  Dealership.POM - Option_Fee field is visible
16:58:39.659 [main] INFO  Dealership.POM - Options And Fee field is visible
16:58:39.794 [main] INFO  Dealership.POM - Options And Fee field is clicked
16:58:40.511 [main] INFO  Dealership.POM - SearchOptions field is visible
16:58:45.967 [main] INFO  Dealership.POM - Warranty product is selected
16:59:05.997 [main] INFO  Dealership.POM - The Amount for WarrantyPlan has been captured successfully
16:59:16.160 [main] INFO  Dealership.POM - SearchOptions field is visible
16:59:21.071 [main] INFO  Dealership.POM - Financing product is selected
16:59:41.114 [main] INFO  Dealership.POM - The Amount for Financing product has been captured successfully
16:59:51.311 [main] INFO  Dealership.POM - SearchOptions field is visible
16:59:56.095 [main] INFO  Dealership.POM - DealProduct is selected
17:00:16.133 [main] INFO  Dealership.POM - The Amount for DealProduct has been captured successfully
17:00:26.364 [main] INFO  Dealership.POM - AddTradeIn button is visible
17:00:26.507 [main] INFO  Dealership.POM - AddTradeIn button is clicked
17:00:29.344 [main] INFO  Dealership.POM - AddCOU button is visible
17:00:29.493 [main] INFO  Dealership.POM - AddCOU button is clicked
17:00:34.027 [main] INFO  Dealership.POM - Temp Unit Mmodal Window  is visible
17:00:34.056 [main] INFO  Dealership.POM - Make field is visible
17:00:36.165 [main] INFO  Dealership.POM - Make is filed
17:00:36.205 [main] INFO  Dealership.POM - Model field is visible
17:00:37.260 [main] INFO  Dealership.POM - Model is filed
17:00:37.295 [main] INFO  Dealership.POM - Sub-Model field is visible
17:00:37.914 [main] INFO  Dealership.POM - Sub-Model is filed
17:00:37.949 [main] INFO  Dealership.POM - Year field is visible
17:00:38.218 [main] INFO  Dealership.POM - Year is filed
17:00:38.264 [main] INFO  Dealership.POM - Addbutton is visible
17:00:38.408 [main] INFO  Dealership.POM - Addbutton is clicked
17:00:48.488 [main] INFO  Dealership.POM - AgreedValueForCOU is visible
17:00:48.789 [main] INFO  Dealership.POM - AgreedValueForCOU is clicked
17:00:58.846 [main] INFO  Dealership.POM - The Amount after agreed value been captured successfully
17:00:58.893 [main] INFO  Dealership.POM - ActualCashValueForCOU is visible
17:00:59.018 [main] INFO  Dealership.POM - ActualCashValueForCOU is clicked
17:00:59.053 [main] INFO  Dealership.POM - tradeInLienPayout is visible
17:00:59.492 [main] INFO  Dealership.POM - tradeInLienPayout is clicked
17:01:09.516 [main] INFO  Dealership.POM - The Amount after LienPayout been captured successfully
17:01:09.547 [main] INFO  Dealership.POM - tradeInFinanceCompany is visible
17:01:09.608 [main] INFO  Dealership.POM - tradeInFinanceCompany is clicked
17:01:14.655 [main] INFO  Dealership.POM - tradeInFinanceCompanyDropdownDiv is visible
17:01:14.768 [main] INFO  Dealership.POM - tradeInFinanceCompanyDropdownDiv is clicked
17:01:19.840 [main] INFO  Dealership.POM - AppraisalMethod is visible
17:01:19.919 [main] INFO  Dealership.POM - AppraisalMethod is clicked
17:01:24.956 [main] INFO  Dealership.POM - appraisalMethod0 is visible
17:01:25.092 [main] INFO  Dealership.POM - appraisalMethod0 is clicked
17:01:25.130 [main] INFO  Dealership.POM - AppraisalStatus is visible
17:01:25.260 [main] INFO  Dealership.POM - AppraisalStatus is clicked
17:01:30.306 [main] INFO  Dealership.POM - appraisalStatus1 is visible
17:01:30.427 [main] INFO  Dealership.POM - appraisalStatus1 is clicked
17:01:30.459 [main] INFO  Dealership.POM - AppraisalNote is visible
17:01:30.691 [main] INFO  Dealership.POM - AppraisalNote is filled
17:01:35.802 [main] INFO  Dealership.POM - ApprovedBy is visible
17:01:35.940 [main] INFO  Dealership.POM - ApprovedBy is clicked
17:01:40.989 [main] INFO  Dealership.POM - approvedBy0 is visible
17:01:41.139 [main] INFO  Dealership.POM - approvedBy0 is clicked
17:01:41.145 [main] INFO  Dealership.POM - Test case UnitDealTax passes successfully
17:36:48.053 [main] INFO  Dealership.POM - Running Test : UnitDealTax
17:36:56.998 [main] INFO  Dealership.POM - Windows maximized
17:36:59.019 [main] INFO  Dealership.POM - URL entered
17:36:59.125 [main] INFO  Dealership.POM - Username field is visible
17:36:59.321 [main] INFO  Dealership.POM - Password field is visible
17:37:34.538 [main] INFO  Dealership.POM - Sell link is visible
17:37:35.718 [main] INFO  Dealership.POM - Sell link is clickable
17:37:36.292 [main] INFO  Dealership.POM - Select Customer Dropdown is visible
17:37:36.661 [main] INFO  Dealership.POM - Select Customer Field is visible
17:37:38.595 [main] INFO  Dealership.POM - CustomerInfo is visible
17:38:08.994 [main] INFO  Dealership.POM - Sell A Unit button is visible
17:38:09.063 [main] INFO  Dealership.POM - Sell A Unit button is clicked
17:38:10.888 [main] INFO  Dealership.POM - UnitDealStatus is visible
17:38:10.921 [main] INFO  Dealership.POM - UnitDealStatus is Status: Quotation
17:38:10.993 [main] INFO  Dealership.POM - UnitOptionsStatus is visible
17:38:11.021 [main] INFO  Dealership.POM - UnitOptionsStatus is Option:
17:38:11.125 [main] INFO  Dealership.POM - Unit1 is visible
17:38:11.253 [main] INFO  Dealership.POM - Unit1 is opened
17:38:12.460 [main] INFO  Dealership.POM - Search Stockunit field is visible
17:38:14.656 [main] INFO  Dealership.POM - Unit1 is selected
17:38:34.707 [main] INFO  Dealership.POM - The Amount for StockUnit has been captured successfully
17:38:34.795 [main] INFO  Dealership.POM - Option_Fee field is visible
17:38:34.861 [main] INFO  Dealership.POM - Options And Fee field is visible
17:38:34.987 [main] INFO  Dealership.POM - Options And Fee field is clicked
17:38:35.673 [main] INFO  Dealership.POM - SearchOptions field is visible
17:38:39.685 [main] INFO  Dealership.POM - Warranty product is selected
17:38:59.720 [main] INFO  Dealership.POM - The Amount for WarrantyPlan has been captured successfully
17:39:09.910 [main] INFO  Dealership.POM - SearchOptions field is visible
17:39:14.751 [main] INFO  Dealership.POM - Financing product is selected
17:39:34.785 [main] INFO  Dealership.POM - The Amount for Financing product has been captured successfully
17:39:45.092 [main] INFO  Dealership.POM - SearchOptions field is visible
17:39:49.822 [main] INFO  Dealership.POM - DealProduct is selected
17:40:09.864 [main] INFO  Dealership.POM - The Amount for DealProduct has been captured successfully
17:40:20.121 [main] INFO  Dealership.POM - AddTradeIn button is visible
17:40:20.254 [main] INFO  Dealership.POM - AddTradeIn button is clicked
17:40:23.636 [main] INFO  Dealership.POM - AddCOU button is visible
17:40:23.792 [main] INFO  Dealership.POM - AddCOU button is clicked
17:40:28.030 [main] INFO  Dealership.POM - Temp Unit Mmodal Window  is visible
17:40:28.071 [main] INFO  Dealership.POM - Make field is visible
17:40:30.223 [main] INFO  Dealership.POM - Make is filed
17:40:30.259 [main] INFO  Dealership.POM - Model field is visible
17:40:31.442 [main] INFO  Dealership.POM - Model is filed
17:40:31.477 [main] INFO  Dealership.POM - Sub-Model field is visible
17:40:32.083 [main] INFO  Dealership.POM - Sub-Model is filed
17:40:32.112 [main] INFO  Dealership.POM - Year field is visible
17:40:32.341 [main] INFO  Dealership.POM - Year is filed
17:40:32.391 [main] INFO  Dealership.POM - Addbutton is visible
17:40:32.532 [main] INFO  Dealership.POM - Addbutton is clicked
17:40:42.641 [main] INFO  Dealership.POM - AgreedValueForCOU is visible
17:40:42.941 [main] INFO  Dealership.POM - AgreedValueForCOU is clicked
17:40:52.993 [main] INFO  Dealership.POM - The Amount after agreed value been captured successfully
17:40:53.038 [main] INFO  Dealership.POM - ActualCashValueForCOU is visible
17:40:53.325 [main] INFO  Dealership.POM - ActualCashValueForCOU is clicked
17:40:53.372 [main] INFO  Dealership.POM - tradeInLienPayout is visible
17:40:53.845 [main] INFO  Dealership.POM - tradeInLienPayout is clicked
17:41:03.876 [main] INFO  Dealership.POM - The Amount after LienPayout been captured successfully
17:41:03.909 [main] INFO  Dealership.POM - tradeInFinanceCompany is visible
17:41:03.971 [main] INFO  Dealership.POM - tradeInFinanceCompany is clicked
17:41:09.018 [main] INFO  Dealership.POM - tradeInFinanceCompanyDropdownDiv is visible
17:41:09.114 [main] INFO  Dealership.POM - tradeInFinanceCompanyDropdownDiv is clicked
17:41:14.208 [main] INFO  Dealership.POM - AppraisalMethod is visible
17:41:14.302 [main] INFO  Dealership.POM - AppraisalMethod is clicked
17:41:19.345 [main] INFO  Dealership.POM - appraisalMethod0 is visible
17:41:19.459 [main] INFO  Dealership.POM - appraisalMethod0 is clicked
17:41:19.495 [main] INFO  Dealership.POM - AppraisalStatus is visible
17:41:19.612 [main] INFO  Dealership.POM - AppraisalStatus is clicked
17:41:24.664 [main] INFO  Dealership.POM - appraisalStatus1 is visible
17:41:24.797 [main] INFO  Dealership.POM - appraisalStatus1 is clicked
17:41:24.845 [main] INFO  Dealership.POM - AppraisalNote is visible
17:41:25.135 [main] INFO  Dealership.POM - AppraisalNote is filled
17:41:30.196 [main] INFO  Dealership.POM - ApprovedBy is visible
17:41:30.334 [main] INFO  Dealership.POM - ApprovedBy is clicked
17:41:35.373 [main] INFO  Dealership.POM - approvedBy0 is visible
17:41:35.476 [main] INFO  Dealership.POM - approvedBy0 is clicked
17:41:35.550 [main] INFO  Dealership.POM - Aadddealfinancing button is visible
17:41:35.703 [main] INFO  Dealership.POM - Aadddealfinancing button is clicked
17:41:38.493 [main] INFO  Dealership.POM - DealFinanceField is visible
17:41:38.962 [main] INFO  Dealership.POM - DealFinanceVendor is visible
17:41:39.064 [main] INFO  Dealership.POM - DealFinanceVendor is selected
17:41:39.175 [main] INFO  Dealership.POM - FinanceVendorname is BP_Vendor
17:41:39.220 [main] INFO  Dealership.POM - FNIProductfield is visible
17:41:39.391 [main] INFO  Dealership.POM - FNIProductfield is selected
17:41:40.022 [main] INFO  Dealership.POM - SearchFNI is visible
17:41:40.584 [main] INFO  Dealership.POM - SearchFNI is selected
17:41:41.719 [main] INFO  Dealership.POM - FNIInfo is visible
17:41:41.928 [main] INFO  Dealership.POM - FNI product is selected
17:41:52.003 [main] INFO  Dealership.POM - SaveFNI is visible
17:41:52.105 [main] INFO  Dealership.POM - FNI product is saved
17:42:02.683 [main] FATAL Dealership.POM - Test Failed - screenshot captured for Method : UnitDealTax
17:45:42.946 [main] INFO  Dealership.POM - Running Test : UnitDealTax
17:45:51.120 [main] INFO  Dealership.POM - Windows maximized
17:45:52.966 [main] INFO  Dealership.POM - URL entered
17:45:53.113 [main] INFO  Dealership.POM - Username field is visible
17:45:53.730 [main] INFO  Dealership.POM - Password field is visible
17:46:30.405 [main] INFO  Dealership.POM - Sell link is visible
17:46:31.441 [main] INFO  Dealership.POM - Sell link is clickable
17:46:31.936 [main] INFO  Dealership.POM - Select Customer Dropdown is visible
17:46:32.348 [main] INFO  Dealership.POM - Select Customer Field is visible
17:46:34.246 [main] INFO  Dealership.POM - CustomerInfo is visible
17:47:04.611 [main] INFO  Dealership.POM - Sell A Unit button is visible
17:47:04.711 [main] INFO  Dealership.POM - Sell A Unit button is clicked
17:47:06.603 [main] INFO  Dealership.POM - UnitDealStatus is visible
17:47:06.674 [main] INFO  Dealership.POM - UnitDealStatus is Status: Quotation
17:47:06.823 [main] INFO  Dealership.POM - UnitOptionsStatus is visible
17:47:06.866 [main] INFO  Dealership.POM - UnitOptionsStatus is Option:
17:47:07.009 [main] INFO  Dealership.POM - Unit1 is visible
17:47:07.175 [main] INFO  Dealership.POM - Unit1 is opened
17:47:08.515 [main] INFO  Dealership.POM - Search Stockunit field is visible
17:47:11.132 [main] INFO  Dealership.POM - Unit1 is selected
17:47:31.178 [main] INFO  Dealership.POM - The Amount for StockUnit has been captured successfully
17:47:31.287 [main] INFO  Dealership.POM - Option_Fee field is visible
17:47:31.347 [main] INFO  Dealership.POM - Options And Fee field is visible
17:47:31.432 [main] INFO  Dealership.POM - Options And Fee field is clicked
17:47:32.114 [main] INFO  Dealership.POM - SearchOptions field is visible
17:47:36.548 [main] INFO  Dealership.POM - Warranty product is selected
17:47:56.590 [main] INFO  Dealership.POM - The Amount for WarrantyPlan has been captured successfully
17:48:06.803 [main] INFO  Dealership.POM - SearchOptions field is visible
17:48:10.706 [main] INFO  Dealership.POM - Financing product is selected
17:48:30.748 [main] INFO  Dealership.POM - The Amount for Financing product has been captured successfully
17:48:40.942 [main] INFO  Dealership.POM - SearchOptions field is visible
17:48:44.802 [main] INFO  Dealership.POM - DealProduct is selected
17:49:04.836 [main] INFO  Dealership.POM - The Amount for DealProduct has been captured successfully
17:49:15.042 [main] INFO  Dealership.POM - AddTradeIn button is visible
