19:56:20.569 [main] INFO  Dealership.POM - URL entered
19:56:20.759 [main] INFO  Dealership.POM - Username field is visible
19:56:21.121 [main] INFO  Dealership.POM - Password field is visible
19:56:21.337 [main] INFO  Dealership.POM - Login Button is visible
19:57:15.879 [main] INFO  Dealership.POM - Login Button is clicked
19:57:31.051 [main] INFO  Dealership.POM - Order link is visible
19:57:31.120 [main] INFO  Dealership.POM - Order link is clicked
19:57:31.341 [main] INFO  Dealership.POM - UnitOrder link is visible
19:57:31.436 [main] INFO  Dealership.POM - UnitOrder link is clicked
19:57:37.677 [main] INFO  Dealership.POM - FirstVendor link is visible
19:57:42.812 [main] INFO  Dealership.POM - Orderunit Button is visible
19:57:42.901 [main] INFO  Dealership.POM - Orderunit Button is clicked
19:57:46.133 [main] INFO  Dealership.POM - MakeField is visible
19:57:51.812 [main] INFO  Dealership.POM - MakeFieldDropdown is visible
19:57:52.065 [main] INFO  Dealership.POM - MakeField is filled
19:57:52.108 [main] INFO  Dealership.POM - Model Field is visible
19:57:56.297 [main] INFO  Dealership.POM - ModelFieldDropdown is visible
19:57:56.370 [main] INFO  Dealership.POM - ModelField is filled
19:57:56.416 [main] INFO  Dealership.POM - SubModel Field is visible
19:58:00.630 [main] INFO  Dealership.POM - SubModelFieldDropdown is visible
19:58:00.729 [main] INFO  Dealership.POM - SubModelField is filled
19:58:00.778 [main] INFO  Dealership.POM - YearUnitOrdering Field is visible
19:58:00.902 [main] INFO  Dealership.POM - YearDropdown is visible
19:58:00.974 [main] INFO  Dealership.POM - Year is selected
19:58:01.029 [main] INFO  Dealership.POM - ConditionUnitOrdering Field is visible
19:58:01.145 [main] INFO  Dealership.POM - ConditionDropdown is visible
19:58:01.210 [main] INFO  Dealership.POM - Condition is selected
19:58:01.251 [main] INFO  Dealership.POM - Colorfiled is visible
19:58:01.357 [main] INFO  Dealership.POM - Colorfiled is selected
19:58:01.401 [main] INFO  Dealership.POM - Factoryfiled is visible
19:58:01.501 [main] INFO  Dealership.POM - Factoryfiled is filled
19:58:01.542 [main] INFO  Dealership.POM - CategoryUnitOrdering Field is visible
19:58:01.677 [main] INFO  Dealership.POM - CategoryDropdown is visible
19:58:01.744 [main] INFO  Dealership.POM - CategoryDropdown is selected
19:58:06.793 [main] INFO  Dealership.POM - OrderedDateUnitOrdering Field is visible
19:58:11.970 [main] INFO  Dealership.POM - OrderDate is visible
19:58:12.127 [main] INFO  Dealership.POM - OrderDate is selected
19:58:12.183 [main] INFO  Dealership.POM - ExpectedDateUnitOrdering Field is visible
19:58:17.382 [main] INFO  Dealership.POM - ExpectDate is visible
19:58:17.468 [main] INFO  Dealership.POM - ExpectDate is selected
19:58:17.537 [main] INFO  Dealership.POM - BaseUnitPrice is visible
19:58:17.731 [main] INFO  Dealership.POM - BaseUnitPrice is filled
19:58:17.782 [main] INFO  Dealership.POM - BaseUnitCost is visible
19:58:17.930 [main] INFO  Dealership.POM - BaseUnitCost is filled
19:58:17.971 [main] INFO  Dealership.POM - AddPricing button is visible
19:58:18.043 [main] INFO  Dealership.POM - AddPricing button is clicked
19:58:28.097 [main] INFO  Dealership.POM - BulkOrder button is visible
19:58:28.199 [main] INFO  Dealership.POM - BulkOrder button is clicked
19:58:38.252 [main] INFO  Dealership.POM - BulkHandlingInputId is visible
19:58:38.325 [main] INFO  Dealership.POM - BulkHandlingInputId is clicked
19:58:38.362 [main] INFO  Dealership.POM - ConfirmButton is visible
19:58:38.433 [main] INFO  Dealership.POM - ConfirmButton is clicked
19:58:48.610 [main] INFO  Dealership.POM - Unit 1 is selected
19:58:48.747 [main] INFO  Dealership.POM - Unit 2 is selected
19:58:48.858 [main] INFO  Dealership.POM - Unit 3 is selected
19:58:48.858 [main] INFO  Dealership.POM - All units are selected
19:58:48.907 [main] INFO  Dealership.POM - Print Button is visible
19:58:49.024 [main] INFO  Dealership.POM - Print Button is clicked
19:59:02.200 [main] INFO  Dealership.POM - Receive button is visible
19:59:02.268 [main] INFO  Dealership.POM - Receive button is clicked
19:59:05.235 [main] INFO  Dealership.POM - InvoiceToggle button is visible
19:59:05.326 [main] INFO  Dealership.POM - InvoiceToggle button is clicked
19:59:05.382 [main] INFO  Dealership.POM - InvoiceNumber Field is visible
19:59:05.500 [main] INFO  Dealership.POM - InvoiceNumber Field is clicked
19:59:05.589 [main] INFO  Dealership.POM - InvoiceDate field is visible
19:59:05.688 [main] INFO  Dealership.POM - InvoiceDate field is clicked
19:59:07.750 [main] INFO  Dealership.POM - SelectrDate is visible
19:59:07.821 [main] INFO  Dealership.POM - SelectrDate is selected
19:59:08.006 [main] INFO  Dealership.POM - Vin Field 1 is filled
19:59:08.184 [main] INFO  Dealership.POM - Vin Field 2 is filled
19:59:08.395 [main] INFO  Dealership.POM - Vin Field 3 is filled
19:59:08.446 [main] INFO  Dealership.POM - Confirm button is visible
19:59:08.520 [main] INFO  Dealership.POM - Confirm button is selected
19:59:13.932 [main] FATAL Dealership.POM - Test Failed - screenshot captured for Method : BulkUnitOrder
20:05:22.941 [main] INFO  Dealership.POM - Running Test : BulkUnitOrder
20:05:29.650 [main] INFO  Dealership.POM - Windows maximized
20:05:31.765 [main] INFO  Dealership.POM - URL entered
20:05:31.935 [main] INFO  Dealership.POM - Username field is visible
20:05:32.332 [main] INFO  Dealership.POM - Password field is visible
20:05:32.518 [main] INFO  Dealership.POM - Login Button is visible
20:05:32.947 [main] INFO  Dealership.POM - Login Button is clicked
20:06:16.956 [main] INFO  Dealership.POM - Order link is visible
20:06:18.676 [main] FATAL Dealership.POM - Test Failed - screenshot captured for Method : BulkUnitOrder
20:06:31.825 [main] INFO  Dealership.POM - Running Test : BulkUnitOrder
20:06:38.036 [main] INFO  Dealership.POM - Windows maximized
20:06:39.823 [main] INFO  Dealership.POM - URL entered
20:06:39.999 [main] INFO  Dealership.POM - Username field is visible
20:06:40.224 [main] INFO  Dealership.POM - Password field is visible
20:06:40.521 [main] INFO  Dealership.POM - Login Button is visible
20:06:56.147 [main] INFO  Dealership.POM - Login Button is clicked
20:07:11.385 [main] INFO  Dealership.POM - Order link is visible
20:07:11.476 [main] INFO  Dealership.POM - Order link is clicked
20:07:11.804 [main] INFO  Dealership.POM - UnitOrder link is visible
20:07:11.918 [main] INFO  Dealership.POM - UnitOrder link is clicked
20:07:18.112 [main] INFO  Dealership.POM - FirstVendor link is visible
20:07:23.241 [main] INFO  Dealership.POM - Orderunit Button is visible
20:07:23.313 [main] INFO  Dealership.POM - Orderunit Button is clicked
20:07:26.320 [main] INFO  Dealership.POM - MakeField is visible
20:07:30.641 [main] INFO  Dealership.POM - MakeFieldDropdown is visible
20:07:30.925 [main] INFO  Dealership.POM - MakeField is filled
20:07:30.969 [main] INFO  Dealership.POM - Model Field is visible
20:07:35.139 [main] INFO  Dealership.POM - ModelFieldDropdown is visible
20:07:35.242 [main] INFO  Dealership.POM - ModelField is filled
20:07:35.292 [main] INFO  Dealership.POM - SubModel Field is visible
20:07:39.486 [main] INFO  Dealership.POM - SubModelFieldDropdown is visible
20:07:39.594 [main] INFO  Dealership.POM - SubModelField is filled
20:07:39.671 [main] INFO  Dealership.POM - YearUnitOrdering Field is visible
20:07:39.837 [main] INFO  Dealership.POM - YearDropdown is visible
20:07:39.939 [main] INFO  Dealership.POM - Year is selected
20:07:40.000 [main] INFO  Dealership.POM - ConditionUnitOrdering Field is visible
20:07:40.172 [main] INFO  Dealership.POM - ConditionDropdown is visible
20:07:40.260 [main] INFO  Dealership.POM - Condition is selected
20:07:40.305 [main] INFO  Dealership.POM - Colorfiled is visible
20:07:40.403 [main] INFO  Dealership.POM - Colorfiled is selected
20:07:40.456 [main] INFO  Dealership.POM - Factoryfiled is visible
20:07:40.580 [main] INFO  Dealership.POM - Factoryfiled is filled
20:07:40.621 [main] INFO  Dealership.POM - CategoryUnitOrdering Field is visible
20:07:40.744 [main] INFO  Dealership.POM - CategoryDropdown is visible
20:07:40.830 [main] INFO  Dealership.POM - CategoryDropdown is selected
20:07:45.894 [main] INFO  Dealership.POM - OrderedDateUnitOrdering Field is visible
20:07:51.149 [main] INFO  Dealership.POM - OrderDate is visible
20:07:51.269 [main] INFO  Dealership.POM - OrderDate is selected
20:07:51.402 [main] INFO  Dealership.POM - ExpectedDateUnitOrdering Field is visible
20:07:56.559 [main] INFO  Dealership.POM - ExpectDate is visible
20:07:56.637 [main] INFO  Dealership.POM - ExpectDate is selected
20:07:56.687 [main] INFO  Dealership.POM - BaseUnitPrice is visible
20:07:56.837 [main] INFO  Dealership.POM - BaseUnitPrice is filled
20:07:56.882 [main] INFO  Dealership.POM - BaseUnitCost is visible
20:07:57.029 [main] INFO  Dealership.POM - BaseUnitCost is filled
20:07:57.074 [main] INFO  Dealership.POM - AddPricing button is visible
20:07:57.139 [main] INFO  Dealership.POM - AddPricing button is clicked
20:08:07.266 [main] INFO  Dealership.POM - BulkOrder button is visible
20:08:08.702 [main] FATAL Dealership.POM - Test Failed - screenshot captured for Method : BulkUnitOrder
20:09:00.652 [main] INFO  Dealership.POM - Running Test : BulkUnitOrder
20:09:07.088 [main] INFO  Dealership.POM - Windows maximized
20:09:09.057 [main] INFO  Dealership.POM - URL entered
20:09:09.181 [main] INFO  Dealership.POM - Username field is visible
20:09:09.447 [main] INFO  Dealership.POM - Password field is visible
20:09:10.218 [main] INFO  Dealership.POM - Login Button is visible
20:09:28.260 [main] INFO  Dealership.POM - Login Button is clicked
20:09:43.463 [main] INFO  Dealership.POM - Order link is visible
20:09:43.535 [main] INFO  Dealership.POM - Order link is clicked
20:09:43.834 [main] INFO  Dealership.POM - UnitOrder link is visible
20:09:43.912 [main] INFO  Dealership.POM - UnitOrder link is clicked
20:09:51.796 [main] FATAL Dealership.POM - Test Failed - screenshot captured for Method : BulkUnitOrder
20:10:20.359 [main] INFO  Dealership.POM - Running Test : BulkUnitOrder
20:10:26.863 [main] INFO  Dealership.POM - Windows maximized
20:10:28.799 [main] INFO  Dealership.POM - URL entered
20:10:28.986 [main] INFO  Dealership.POM - Username field is visible
20:10:29.187 [main] INFO  Dealership.POM - Password field is visible
20:10:29.342 [main] INFO  Dealership.POM - Login Button is visible
20:11:01.577 [main] INFO  Dealership.POM - Login Button is clicked
20:11:16.728 [main] INFO  Dealership.POM - Order link is visible
20:11:16.794 [main] INFO  Dealership.POM - Order link is clicked
20:11:17.009 [main] INFO  Dealership.POM - UnitOrder link is visible
20:11:17.078 [main] INFO  Dealership.POM - UnitOrder link is clicked
20:11:22.924 [main] INFO  Dealership.POM - FirstVendor link is visible
20:11:28.018 [main] INFO  Dealership.POM - Orderunit Button is visible
20:11:28.083 [main] INFO  Dealership.POM - Orderunit Button is clicked
20:11:29.875 [main] INFO  Dealership.POM - MakeField is visible
20:11:34.158 [main] INFO  Dealership.POM - MakeFieldDropdown is visible
20:11:34.446 [main] INFO  Dealership.POM - MakeField is filled
20:11:34.493 [main] INFO  Dealership.POM - Model Field is visible
20:11:38.655 [main] INFO  Dealership.POM - ModelFieldDropdown is visible
20:11:38.732 [main] INFO  Dealership.POM - ModelField is filled
20:11:38.777 [main] INFO  Dealership.POM - SubModel Field is visible
20:11:42.922 [main] INFO  Dealership.POM - SubModelFieldDropdown is visible
20:11:42.987 [main] INFO  Dealership.POM - SubModelField is filled
20:11:43.027 [main] INFO  Dealership.POM - YearUnitOrdering Field is visible
20:11:43.137 [main] INFO  Dealership.POM - YearDropdown is visible
20:11:43.208 [main] INFO  Dealership.POM - Year is selected
20:11:43.245 [main] INFO  Dealership.POM - ConditionUnitOrdering Field is visible
20:11:43.343 [main] INFO  Dealership.POM - ConditionDropdown is visible
20:11:43.397 [main] INFO  Dealership.POM - Condition is selected
20:11:43.440 [main] INFO  Dealership.POM - Colorfiled is visible
20:11:43.531 [main] INFO  Dealership.POM - Colorfiled is selected
20:11:43.565 [main] INFO  Dealership.POM - Factoryfiled is visible
20:11:43.669 [main] INFO  Dealership.POM - Factoryfiled is filled
20:11:43.702 [main] INFO  Dealership.POM - CategoryUnitOrdering Field is visible
20:11:43.794 [main] INFO  Dealership.POM - CategoryDropdown is visible
20:11:43.870 [main] INFO  Dealership.POM - CategoryDropdown is selected
20:11:48.928 [main] INFO  Dealership.POM - OrderedDateUnitOrdering Field is visible
20:11:54.080 [main] INFO  Dealership.POM - OrderDate is visible
20:11:54.178 [main] INFO  Dealership.POM - OrderDate is selected
20:11:54.225 [main] INFO  Dealership.POM - ExpectedDateUnitOrdering Field is visible
20:11:59.383 [main] INFO  Dealership.POM - ExpectDate is visible
20:11:59.458 [main] INFO  Dealership.POM - ExpectDate is selected
20:11:59.514 [main] INFO  Dealership.POM - BaseUnitPrice is visible
20:11:59.691 [main] INFO  Dealership.POM - BaseUnitPrice is filled
20:11:59.733 [main] INFO  Dealership.POM - BaseUnitCost is visible
20:11:59.900 [main] INFO  Dealership.POM - BaseUnitCost is filled
20:11:59.947 [main] INFO  Dealership.POM - AddPricing button is visible
20:12:00.043 [main] INFO  Dealership.POM - AddPricing button is clicked
20:12:10.091 [main] INFO  Dealership.POM - BulkOrder button is visible
20:12:10.188 [main] INFO  Dealership.POM - BulkOrder button is clicked
20:12:20.234 [main] INFO  Dealership.POM - BulkHandlingInputId is visible
20:12:20.295 [main] INFO  Dealership.POM - BulkHandlingInputId is clicked
20:12:20.333 [main] INFO  Dealership.POM - ConfirmButton is visible
20:12:20.398 [main] INFO  Dealership.POM - ConfirmButton is clicked
20:12:32.535 [main] INFO  Dealership.POM - Unit 1 is selected
20:12:32.684 [main] INFO  Dealership.POM - Unit 2 is selected
20:12:32.772 [main] INFO  Dealership.POM - Unit 3 is selected
20:12:32.772 [main] INFO  Dealership.POM - All units are selected
20:12:32.807 [main] INFO  Dealership.POM - Print Button is visible
20:12:32.915 [main] INFO  Dealership.POM - Print Button is clicked
20:12:46.075 [main] INFO  Dealership.POM - Receive button is visible
20:12:46.150 [main] INFO  Dealership.POM - Receive button is clicked
20:13:20.047 [main] INFO  Dealership.POM - InvoiceToggle button is visible
20:13:20.368 [main] INFO  Dealership.POM - InvoiceToggle button is clicked
20:13:20.407 [main] INFO  Dealership.POM - InvoiceNumber Field is visible
20:13:20.502 [main] INFO  Dealership.POM - InvoiceNumber Field is clicked
20:13:20.538 [main] INFO  Dealership.POM - InvoiceDate field is visible
20:13:20.640 [main] INFO  Dealership.POM - InvoiceDate field is clicked
20:13:22.678 [main] INFO  Dealership.POM - SelectrDate is visible
20:13:22.736 [main] INFO  Dealership.POM - SelectrDate is selected
20:13:22.924 [main] INFO  Dealership.POM - Vin Field 1 is filled
20:13:23.115 [main] INFO  Dealership.POM - Vin Field 2 is filled
20:13:23.304 [main] INFO  Dealership.POM - Vin Field 3 is filled
20:13:23.349 [main] INFO  Dealership.POM - Confirm button is visible
20:13:23.457 [main] INFO  Dealership.POM - Confirm button is selected
20:13:24.900 [main] FATAL Dealership.POM - Test Failed - screenshot captured for Method : BulkUnitOrder
20:13:55.604 [main] INFO  Dealership.POM - Running Test : BulkUnitOrder
20:14:01.698 [main] INFO  Dealership.POM - Windows maximized
20:14:05.154 [main] INFO  Dealership.POM - URL entered
20:14:05.286 [main] INFO  Dealership.POM - Username field is visible
20:14:05.544 [main] INFO  Dealership.POM - Password field is visible
20:14:05.776 [main] INFO  Dealership.POM - Login Button is visible
20:14:53.189 [main] INFO  Dealership.POM - Login Button is clicked
20:15:08.340 [main] INFO  Dealership.POM - Order link is visible
20:15:08.405 [main] INFO  Dealership.POM - Order link is clicked
20:15:08.648 [main] INFO  Dealership.POM - UnitOrder link is visible
20:15:08.735 [main] INFO  Dealership.POM - UnitOrder link is clicked
20:15:15.069 [main] INFO  Dealership.POM - FirstVendor link is visible
20:15:20.156 [main] INFO  Dealership.POM - Orderunit Button is visible
20:15:20.219 [main] INFO  Dealership.POM - Orderunit Button is clicked
20:15:23.195 [main] INFO  Dealership.POM - MakeField is visible
20:15:27.426 [main] INFO  Dealership.POM - MakeFieldDropdown is visible
20:15:27.779 [main] INFO  Dealership.POM - MakeField is filled
20:15:27.820 [main] INFO  Dealership.POM - Model Field is visible
20:15:31.955 [main] INFO  Dealership.POM - ModelFieldDropdown is visible
20:15:32.020 [main] INFO  Dealership.POM - ModelField is filled
20:15:32.066 [main] INFO  Dealership.POM - SubModel Field is visible
20:15:36.218 [main] INFO  Dealership.POM - SubModelFieldDropdown is visible
20:15:36.281 [main] INFO  Dealership.POM - SubModelField is filled
20:15:36.317 [main] INFO  Dealership.POM - YearUnitOrdering Field is visible
20:15:36.421 [main] INFO  Dealership.POM - YearDropdown is visible
20:15:36.490 [main] INFO  Dealership.POM - Year is selected
20:15:36.530 [main] INFO  Dealership.POM - ConditionUnitOrdering Field is visible
20:15:36.659 [main] INFO  Dealership.POM - ConditionDropdown is visible
20:15:36.731 [main] INFO  Dealership.POM - Condition is selected
20:15:36.784 [main] INFO  Dealership.POM - Colorfiled is visible
20:15:36.902 [main] INFO  Dealership.POM - Colorfiled is selected
20:15:36.947 [main] INFO  Dealership.POM - Factoryfiled is visible
20:15:37.056 [main] INFO  Dealership.POM - Factoryfiled is filled
20:15:37.090 [main] INFO  Dealership.POM - CategoryUnitOrdering Field is visible
20:15:37.182 [main] INFO  Dealership.POM - CategoryDropdown is visible
20:15:37.239 [main] INFO  Dealership.POM - CategoryDropdown is selected
20:15:42.301 [main] INFO  Dealership.POM - OrderedDateUnitOrdering Field is visible
20:15:47.448 [main] INFO  Dealership.POM - OrderDate is visible
20:15:47.537 [main] INFO  Dealership.POM - OrderDate is selected
20:15:47.586 [main] INFO  Dealership.POM - ExpectedDateUnitOrdering Field is visible
20:15:52.738 [main] INFO  Dealership.POM - ExpectDate is visible
20:15:52.796 [main] INFO  Dealership.POM - ExpectDate is selected
20:15:52.842 [main] INFO  Dealership.POM - BaseUnitPrice is visible
20:15:52.978 [main] INFO  Dealership.POM - BaseUnitPrice is filled
20:15:53.014 [main] INFO  Dealership.POM - BaseUnitCost is visible
20:15:53.140 [main] INFO  Dealership.POM - BaseUnitCost is filled
20:15:53.171 [main] INFO  Dealership.POM - AddPricing button is visible
20:15:53.232 [main] INFO  Dealership.POM - AddPricing button is clicked
20:16:03.273 [main] INFO  Dealership.POM - BulkOrder button is visible
20:16:03.355 [main] INFO  Dealership.POM - BulkOrder button is clicked
20:16:13.396 [main] INFO  Dealership.POM - BulkHandlingInputId is visible
20:16:13.463 [main] INFO  Dealership.POM - BulkHandlingInputId is clicked
20:16:13.501 [main] INFO  Dealership.POM - ConfirmButton is visible
20:16:13.569 [main] INFO  Dealership.POM - ConfirmButton is clicked
20:16:24.953 [main] INFO  Dealership.POM - Unit 1 is selected
20:16:25.048 [main] INFO  Dealership.POM - Unit 2 is selected
20:16:25.143 [main] INFO  Dealership.POM - Unit 3 is selected
20:16:25.144 [main] INFO  Dealership.POM - All units are selected
20:16:25.179 [main] INFO  Dealership.POM - Print Button is visible
20:16:25.297 [main] INFO  Dealership.POM - Print Button is clicked
20:16:38.506 [main] INFO  Dealership.POM - Receive button is visible
20:16:38.577 [main] INFO  Dealership.POM - Receive button is clicked
20:16:42.501 [main] INFO  Dealership.POM - InvoiceToggle button is visible
20:16:42.561 [main] INFO  Dealership.POM - InvoiceToggle button is clicked
20:16:42.601 [main] INFO  Dealership.POM - InvoiceNumber Field is visible
20:16:42.696 [main] INFO  Dealership.POM - InvoiceNumber Field is clicked
20:16:42.731 [main] INFO  Dealership.POM - InvoiceDate field is visible
20:16:42.820 [main] INFO  Dealership.POM - InvoiceDate field is clicked
20:16:44.884 [main] INFO  Dealership.POM - SelectrDate is visible
20:16:44.947 [main] INFO  Dealership.POM - SelectrDate is selected
20:16:45.127 [main] INFO  Dealership.POM - Vin Field 1 is filled
20:16:45.279 [main] INFO  Dealership.POM - Vin Field 2 is filled
20:16:45.464 [main] INFO  Dealership.POM - Vin Field 3 is filled
20:16:45.500 [main] INFO  Dealership.POM - Confirm button is visible
20:16:45.579 [main] INFO  Dealership.POM - Confirm button is selected
20:16:57.884 [main] INFO  Dealership.POM - ReceivedUnit is visible
20:16:57.916 [main] INFO  Dealership.POM - UNTNumber is [[ChromeDriver: chrome on WINDOWS (894be9126b255804e7ddc0695beef74b)] -> xpath: //tr/td/span[contains(text(),'UNT')]]
20:16:57.950 [main] INFO  Dealership.POM - ReceivedUnit is visible
20:16:57.976 [main] INFO  Dealership.POM - UNTNumber is [[ChromeDriver: chrome on WINDOWS (894be9126b255804e7ddc0695beef74b)] -> xpath: //tr/td/span[contains(text(),'UNT')]]
20:16:58.039 [main] INFO  Dealership.POM - ReceivedUnit is visible
20:16:58.066 [main] INFO  Dealership.POM - UNTNumber is [[ChromeDriver: chrome on WINDOWS (894be9126b255804e7ddc0695beef74b)] -> xpath: //tr/td/span[contains(text(),'UNT')]]
20:16:58.070 [main] INFO  Dealership.POM - Test case BulkUnitOrder passes successfully
20:17:52.579 [main] INFO  Dealership.POM - Running Test : SingleUnitOrder
20:17:58.162 [main] INFO  Dealership.POM - Windows maximized
20:18:03.611 [main] INFO  Dealership.POM - URL entered
20:18:03.707 [main] INFO  Dealership.POM - Username field is visible
20:18:03.862 [main] INFO  Dealership.POM - Password field is visible
20:18:04.030 [main] INFO  Dealership.POM - Login Button is visible
20:18:45.654 [main] INFO  Dealership.POM - Login Button is clicked
20:19:00.744 [main] INFO  Dealership.POM - Order link is visible
20:19:00.802 [main] INFO  Dealership.POM - Order link is clicked
20:19:01.089 [main] INFO  Dealership.POM - UnitOrder link is visible
20:19:01.177 [main] INFO  Dealership.POM - UnitOrder link is clicked
20:19:07.193 [main] INFO  Dealership.POM - FirstVendor link is visible
20:19:12.285 [main] INFO  Dealership.POM - Orderunit Button is visible
20:19:12.362 [main] INFO  Dealership.POM - Orderunit Button is clicked
20:19:16.996 [main] INFO  Dealership.POM - MakeField is visible
20:19:21.282 [main] INFO  Dealership.POM - MakeFieldDropdown is visible
20:19:21.553 [main] INFO  Dealership.POM - MakeField is filled
20:19:21.589 [main] INFO  Dealership.POM - Model Field is visible
20:19:25.727 [main] INFO  Dealership.POM - ModelFieldDropdown is visible
20:19:25.806 [main] INFO  Dealership.POM - ModelField is filled
20:19:25.852 [main] INFO  Dealership.POM - SubModel Field is visible
20:19:30.035 [main] INFO  Dealership.POM - SubModelFieldDropdown is visible
20:19:30.103 [main] INFO  Dealership.POM - SubModelField is filled
20:19:30.139 [main] INFO  Dealership.POM - YearUnitOrdering Field is visible
20:19:30.270 [main] INFO  Dealership.POM - YearDropdown is visible
20:19:30.340 [main] INFO  Dealership.POM - Year is selected
20:19:30.379 [main] INFO  Dealership.POM - ConditionUnitOrdering Field is visible
20:19:30.488 [main] INFO  Dealership.POM - ConditionDropdown is visible
20:19:30.545 [main] INFO  Dealership.POM - Condition is selected
20:19:30.589 [main] INFO  Dealership.POM - Colorfiled is visible
20:19:30.698 [main] INFO  Dealership.POM - Colorfiled is selected
20:19:30.734 [main] INFO  Dealership.POM - Factoryfiled is visible
20:19:30.847 [main] INFO  Dealership.POM - Factoryfiled is filled
20:19:30.888 [main] INFO  Dealership.POM - StockNumber is visible
20:19:31.003 [main] INFO  Dealership.POM - StockNumber is filled
20:19:31.051 [main] INFO  Dealership.POM - CategoryUnitOrdering Field is visible
20:19:31.176 [main] INFO  Dealership.POM - CategoryDropdown is visible
20:19:31.260 [main] INFO  Dealership.POM - CategoryDropdown is selected
20:19:36.322 [main] INFO  Dealership.POM - OrderedDateUnitOrdering Field is visible
20:19:38.496 [main] INFO  Dealership.POM - OrderDate is visible
20:19:38.586 [main] INFO  Dealership.POM - OrderDate is selected
20:19:38.643 [main] INFO  Dealership.POM - ExpectedDateUnitOrdering Field is visible
20:19:40.793 [main] INFO  Dealership.POM - ExpectDate is visible
20:19:40.854 [main] INFO  Dealership.POM - ExpectDate is selected
20:19:40.895 [main] INFO  Dealership.POM - BaseUnitPrice is visible
20:19:41.038 [main] INFO  Dealership.POM - BaseUnitPrice is filled
20:19:41.075 [main] INFO  Dealership.POM - BaseUnitCost is visible
20:19:41.194 [main] INFO  Dealership.POM - BaseUnitCost is filled
20:19:41.228 [main] INFO  Dealership.POM - AddPricing button is visible
20:19:41.292 [main] INFO  Dealership.POM - AddPricing button is clicked
20:19:51.341 [main] INFO  Dealership.POM - Create Single Order Button is visible
20:19:51.395 [main] INFO  Dealership.POM - Create Single Order Button is clicked
20:19:54.772 [main] INFO  Dealership.POM - Orderunit is visible
20:19:54.825 [main] INFO  Dealership.POM - Orderunit is clicked
20:19:59.907 [main] INFO  Dealership.POM - Make is verified
20:19:59.938 [main] INFO  Dealership.POM - Model is verified
20:19:59.970 [main] INFO  Dealership.POM - SubModel is verified
20:20:00.002 [main] INFO  Dealership.POM - Print Button is visible
20:20:00.162 [main] INFO  Dealership.POM - Print Button is clicked
20:20:10.305 [main] INFO  Dealership.POM - Edit button is visible
20:20:10.434 [main] INFO  Dealership.POM - Edit button is clicked
20:20:15.481 [main] INFO  Dealership.POM - Save button is visible
20:20:15.535 [main] INFO  Dealership.POM - Save button is clicked
20:20:29.440 [main] INFO  Dealership.POM - Receive button is visible
20:20:29.509 [main] INFO  Dealership.POM - Receive button is clicked
20:20:33.729 [main] INFO  Dealership.POM - Model Name is verified
20:20:33.775 [main] INFO  Dealership.POM - VINField is visible
20:20:33.874 [main] INFO  Dealership.POM - VINField is filled
20:20:33.920 [main] INFO  Dealership.POM - InvoiceNumberField is visible
20:20:34.054 [main] INFO  Dealership.POM - InvoiceNumberField is filled
20:20:34.092 [main] INFO  Dealership.POM - InvoiceDateField is visible
20:20:34.223 [main] INFO  Dealership.POM - InvoiceDateField is filled
20:20:39.270 [main] INFO  Dealership.POM - InvoiceDate is visible
20:20:39.352 [main] INFO  Dealership.POM - InvoiceDate is selected
20:20:41.400 [main] INFO  Dealership.POM - ConfirmButton is visible
20:20:41.453 [main] INFO  Dealership.POM - ConfirmButton is selected
20:20:48.002 [main] INFO  Dealership.POM - ReceivedUnit is visible
20:20:48.039 [main] INFO  Dealership.POM - UNTNumber is [[ChromeDriver: chrome on WINDOWS (49e62867b866753939524caf69bfa7d5)] -> xpath: //tr/td/span[contains(text(),'UNT')]]
20:20:48.045 [main] INFO  Dealership.POM - Test case SingleUnitOrder passes successfully
16:33:36.485 [main] INFO  Dealership.POM - Running Test : PartOrder
16:33:45.261 [main] INFO  Dealership.POM - Windows maximized
16:33:47.029 [main] INFO  Dealership.POM - URL entered
16:33:47.153 [main] INFO  Dealership.POM - Username field is visible
16:33:47.419 [main] INFO  Dealership.POM - Password field is visible
16:33:47.692 [main] INFO  Dealership.POM - Login Button is visible
16:34:19.748 [main] INFO  Dealership.POM - Login Button is clicked
16:34:34.908 [main] INFO  Dealership.POM - GlobalSearch is visible
16:34:35.186 [main] FATAL Dealership.POM - Test Failed - screenshot captured for Method : PartOrder
16:40:06.587 [main] INFO  Dealership.POM - Running Test : PartOrder
16:40:12.473 [main] INFO  Dealership.POM - Windows maximized
16:40:14.315 [main] INFO  Dealership.POM - URL entered
16:40:14.464 [main] INFO  Dealership.POM - Username field is visible
16:40:14.924 [main] INFO  Dealership.POM - Password field is visible
16:40:15.351 [main] INFO  Dealership.POM - Login Button is visible
16:40:47.336 [main] INFO  Dealership.POM - Login Button is clicked
16:41:02.457 [main] INFO  Dealership.POM - GlobalSearch is visible
16:41:05.947 [main] INFO  Dealership.POM - SearchResult is visible
16:41:06.029 [main] INFO  Dealership.POM - Part is selected
16:41:08.510 [main] FATAL Dealership.POM - Test Failed - screenshot captured for Method : PartOrder
16:47:33.957 [main] INFO  Dealership.POM - Running Test : PartOrder
16:47:40.159 [main] INFO  Dealership.POM - Windows maximized
16:47:42.172 [main] INFO  Dealership.POM - URL entered
16:47:42.284 [main] INFO  Dealership.POM - Username field is visible
16:47:42.487 [main] INFO  Dealership.POM - Password field is visible
16:47:42.625 [main] INFO  Dealership.POM - Login Button is visible
16:48:11.464 [main] INFO  Dealership.POM - Login Button is clicked
16:48:26.594 [main] INFO  Dealership.POM - GlobalSearch is visible
16:48:29.583 [main] INFO  Dealership.POM - SearchResult is visible
16:48:29.667 [main] INFO  Dealership.POM - Part is selected
16:48:32.197 [main] FATAL Dealership.POM - Test Failed - screenshot captured for Method : PartOrder
16:50:24.652 [main] INFO  Dealership.POM - Running Test : PartOrder
16:50:30.031 [main] INFO  Dealership.POM - Windows maximized
16:50:31.867 [main] INFO  Dealership.POM - URL entered
16:50:31.994 [main] INFO  Dealership.POM - Username field is visible
16:50:32.265 [main] INFO  Dealership.POM - Password field is visible
16:50:33.038 [main] INFO  Dealership.POM - Login Button is visible
16:50:48.505 [main] INFO  Dealership.POM - Login Button is clicked
16:51:03.687 [main] INFO  Dealership.POM - GlobalSearch is visible
16:51:06.723 [main] INFO  Dealership.POM - SearchResult is visible
16:51:06.804 [main] INFO  Dealership.POM - Part is selected
16:51:09.329 [main] FATAL Dealership.POM - Test Failed - screenshot captured for Method : PartOrder
17:10:49.606 [main] INFO  Dealership.POM - Running Test : PartOrder
17:10:55.563 [main] INFO  Dealership.POM - Windows maximized
17:11:08.608 [main] INFO  Dealership.POM - URL entered
17:11:08.699 [main] INFO  Dealership.POM - Username field is visible
17:11:08.877 [main] INFO  Dealership.POM - Password field is visible
17:11:09.145 [main] INFO  Dealership.POM - Login Button is visible
17:11:46.625 [main] INFO  Dealership.POM - Login Button is clicked
17:12:01.769 [main] INFO  Dealership.POM - GlobalSearch is visible
17:12:05.297 [main] INFO  Dealership.POM - SearchResult is visible
17:12:05.376 [main] INFO  Dealership.POM - Part is selected
17:12:13.934 [main] FATAL Dealership.POM - Test Failed - screenshot captured for Method : PartOrder
17:41:52.484 [main] INFO  Dealership.POM - Running Test : PartOrder
17:42:02.593 [main] INFO  Dealership.POM - Windows maximized
17:42:04.586 [main] INFO  Dealership.POM - URL entered
17:42:04.698 [main] INFO  Dealership.POM - Username field is visible
17:42:04.868 [main] INFO  Dealership.POM - Password field is visible
17:42:05.029 [main] INFO  Dealership.POM - Login Button is visible
17:42:38.498 [main] INFO  Dealership.POM - Login Button is clicked
17:42:53.642 [main] INFO  Dealership.POM - GlobalSearch is visible
17:42:57.749 [main] INFO  Dealership.POM - SearchResult is visible
17:42:57.829 [main] INFO  Dealership.POM - Part is selected
17:42:59.982 [main] INFO  Dealership.POM -  parts are instock
17:43:00.275 [main] INFO  Dealership.POM - Order link is visible
17:43:00.377 [main] INFO  Dealership.POM - Order link is clicked
17:43:00.653 [main] INFO  Dealership.POM - PartOrder link is visible
17:43:00.723 [main] INFO  Dealership.POM - PartOrder link is clicked
17:43:05.838 [main] INFO  Dealership.POM - Vendor_Input is visible
17:43:06.062 [main] INFO  Dealership.POM - Vendor_Input is filled
17:43:07.579 [main] INFO  Dealership.POM - SearchResult is visible
17:43:07.694 [main] INFO  Dealership.POM - SearchResult is selected
17:43:11.602 [main] INFO  Dealership.POM - AddItems link is visible
17:43:11.749 [main] INFO  Dealership.POM - AddItems link is clicked
17:43:11.855 [main] INFO  Dealership.POM - SearchPart field is visible
17:43:12.011 [main] INFO  Dealership.POM - Part Name is entered
17:43:13.510 [main] INFO  Dealership.POM - PartName is visible
17:43:13.572 [main] INFO  Dealership.POM - PartName is selected
17:44:58.713 [main] FATAL Dealership.POM - Test Failed - screenshot captured for Method : PartOrder
17:50:17.292 [main] INFO  Dealership.POM - Running Test : PartOrder
17:50:22.616 [main] INFO  Dealership.POM - Windows maximized
17:50:24.658 [main] INFO  Dealership.POM - URL entered
17:50:24.787 [main] INFO  Dealership.POM - Username field is visible
17:50:25.022 [main] INFO  Dealership.POM - Password field is visible
17:50:25.279 [main] INFO  Dealership.POM - Login Button is visible
17:50:55.411 [main] INFO  Dealership.POM - Login Button is clicked
17:51:10.546 [main] INFO  Dealership.POM - GlobalSearch is visible
17:51:13.529 [main] INFO  Dealership.POM - SearchResult is visible
17:51:13.610 [main] INFO  Dealership.POM - Part is selected
17:51:15.867 [main] INFO  Dealership.POM -  parts are instock
17:51:15.944 [main] INFO  Dealership.POM - Order link is visible
17:51:16.032 [main] INFO  Dealership.POM - Order link is clicked
17:51:16.230 [main] INFO  Dealership.POM - PartOrder link is visible
17:51:16.310 [main] INFO  Dealership.POM - PartOrder link is clicked
17:51:21.431 [main] INFO  Dealership.POM - Vendor_Input is visible
17:51:21.602 [main] INFO  Dealership.POM - Vendor_Input is filled
17:51:22.854 [main] INFO  Dealership.POM - SearchResult is visible
17:51:23.005 [main] INFO  Dealership.POM - SearchResult is selected
17:51:26.366 [main] INFO  Dealership.POM - AddItems link is visible
17:51:26.520 [main] INFO  Dealership.POM - AddItems link is clicked
17:51:26.630 [main] INFO  Dealership.POM - SearchPart field is visible
17:51:26.837 [main] INFO  Dealership.POM - Part Name is entered
17:51:27.914 [main] INFO  Dealership.POM - PartName is visible
17:51:27.972 [main] INFO  Dealership.POM - PartName is selected
17:52:05.983 [main] INFO  Dealership.POM - ApplyBtn is visible
17:52:06.053 [main] INFO  Dealership.POM - ApplyBtn is clicked
17:52:06.097 [main] INFO  Dealership.POM - The Status is Open
17:52:16.378 [main] FATAL Dealership.POM - Test Failed - screenshot captured for Method : PartOrder
17:53:52.797 [main] INFO  Dealership.POM - Running Test : PartOrder
17:53:58.883 [main] INFO  Dealership.POM - Windows maximized
17:54:00.890 [main] INFO  Dealership.POM - URL entered
17:54:01.039 [main] INFO  Dealership.POM - Username field is visible
17:54:01.959 [main] INFO  Dealership.POM - Password field is visible
17:54:02.620 [main] INFO  Dealership.POM - Login Button is visible
17:54:33.602 [main] INFO  Dealership.POM - Login Button is clicked
17:54:48.720 [main] INFO  Dealership.POM - GlobalSearch is visible
17:54:51.696 [main] INFO  Dealership.POM - SearchResult is visible
17:54:51.776 [main] INFO  Dealership.POM - Part is selected
17:54:53.915 [main] INFO  Dealership.POM -  parts are instock
17:54:53.998 [main] INFO  Dealership.POM - Order link is visible
17:54:54.073 [main] INFO  Dealership.POM - Order link is clicked
17:54:54.268 [main] INFO  Dealership.POM - PartOrder link is visible
17:54:54.445 [main] INFO  Dealership.POM - PartOrder link is clicked
17:54:59.549 [main] INFO  Dealership.POM - Vendor_Input is visible
17:54:59.741 [main] INFO  Dealership.POM - Vendor_Input is filled
17:55:02.312 [main] INFO  Dealership.POM - SearchResult is visible
17:55:02.457 [main] INFO  Dealership.POM - SearchResult is selected
17:55:06.171 [main] INFO  Dealership.POM - AddItems link is visible
17:55:06.289 [main] INFO  Dealership.POM - AddItems link is clicked
17:55:06.369 [main] INFO  Dealership.POM - SearchPart field is visible
17:55:06.574 [main] INFO  Dealership.POM - Part Name is entered
17:55:07.873 [main] INFO  Dealership.POM - PartName is visible
17:55:07.934 [main] INFO  Dealership.POM - PartName is selected
17:56:48.214 [main] FATAL Dealership.POM - Test Failed - screenshot captured for Method : PartOrder
18:31:50.450 [main] INFO  Dealership.POM - Running Test : PartOrder
18:31:55.806 [main] INFO  Dealership.POM - Windows maximized
18:31:57.648 [main] INFO  Dealership.POM - URL entered
18:31:57.770 [main] INFO  Dealership.POM - Username field is visible
18:31:58.066 [main] INFO  Dealership.POM - Password field is visible
18:31:58.234 [main] INFO  Dealership.POM - Login Button is visible
18:32:30.319 [main] INFO  Dealership.POM - Login Button is clicked
18:32:45.497 [main] INFO  Dealership.POM - GlobalSearch is visible
18:32:49.705 [main] INFO  Dealership.POM - SearchResult is visible
18:32:49.819 [main] INFO  Dealership.POM - Part is selected
18:32:52.828 [main] INFO  Dealership.POM -  parts are instock
18:32:52.929 [main] INFO  Dealership.POM - Order link is visible
18:32:52.994 [main] INFO  Dealership.POM - Order link is clicked
18:32:53.231 [main] INFO  Dealership.POM - PartOrder link is visible
18:32:53.309 [main] INFO  Dealership.POM - PartOrder link is clicked
18:32:58.525 [main] INFO  Dealership.POM - Vendor_Input is visible
18:32:58.752 [main] INFO  Dealership.POM - Vendor_Input is filled
18:33:00.770 [main] INFO  Dealership.POM - SearchResult is visible
18:33:00.890 [main] INFO  Dealership.POM - SearchResult is selected
18:33:04.930 [main] INFO  Dealership.POM - AddItems link is visible
18:33:05.061 [main] INFO  Dealership.POM - AddItems link is clicked
18:33:05.143 [main] INFO  Dealership.POM - SearchPart field is visible
18:33:05.385 [main] INFO  Dealership.POM - Part Name is entered
18:33:06.819 [main] INFO  Dealership.POM - PartName is visible
18:33:06.883 [main] INFO  Dealership.POM - PartName is selected
18:35:25.048 [main] INFO  Dealership.POM - Running Test : PartOrder
18:35:30.626 [main] INFO  Dealership.POM - Windows maximized
18:35:32.451 [main] INFO  Dealership.POM - URL entered
18:35:32.608 [main] INFO  Dealership.POM - Username field is visible
18:35:33.192 [main] INFO  Dealership.POM - Password field is visible
18:35:33.376 [main] INFO  Dealership.POM - Login Button is visible
18:36:05.092 [main] INFO  Dealership.POM - Login Button is clicked
18:36:20.273 [main] INFO  Dealership.POM - GlobalSearch is visible
18:36:23.893 [main] INFO  Dealership.POM - SearchResult is visible
18:36:24.006 [main] INFO  Dealership.POM - Part is selected
18:36:27.217 [main] INFO  Dealership.POM -  parts are instock
18:36:27.316 [main] INFO  Dealership.POM - Order link is visible
18:36:27.393 [main] INFO  Dealership.POM - Order link is clicked
18:36:27.822 [main] INFO  Dealership.POM - PartOrder link is visible
18:36:27.897 [main] INFO  Dealership.POM - PartOrder link is clicked
18:36:33.014 [main] INFO  Dealership.POM - Vendor_Input is visible
18:36:33.274 [main] INFO  Dealership.POM - Vendor_Input is filled
18:36:34.488 [main] INFO  Dealership.POM - SearchResult is visible
18:36:34.641 [main] INFO  Dealership.POM - SearchResult is selected
18:36:38.521 [main] INFO  Dealership.POM - AddItems link is visible
18:36:38.702 [main] INFO  Dealership.POM - AddItems link is clicked
18:36:38.809 [main] INFO  Dealership.POM - SearchPart field is visible
18:36:39.130 [main] INFO  Dealership.POM - Part Name is entered
18:36:40.364 [main] INFO  Dealership.POM - PartName is visible
18:36:40.450 [main] INFO  Dealership.POM - PartName is selected
18:36:45.103 [main] FATAL Dealership.POM - Test Failed - screenshot captured for Method : PartOrder
18:49:39.431 [main] INFO  Dealership.POM - Running Test : PartOrder
18:49:46.759 [main] INFO  Dealership.POM - Windows maximized
18:49:56.349 [main] INFO  Dealership.POM - URL entered
18:49:56.475 [main] INFO  Dealership.POM - Username field is visible
18:49:57.533 [main] INFO  Dealership.POM - Password field is visible
18:49:58.037 [main] INFO  Dealership.POM - Login Button is visible
18:50:13.875 [main] INFO  Dealership.POM - Login Button is clicked
18:50:29.120 [main] INFO  Dealership.POM - GlobalSearch is visible
18:50:32.986 [main] INFO  Dealership.POM - SearchResult is visible
18:50:33.096 [main] INFO  Dealership.POM - Part is selected
18:50:35.382 [main] INFO  Dealership.POM -  parts are instock
18:50:35.530 [main] INFO  Dealership.POM - Order link is visible
18:50:35.603 [main] INFO  Dealership.POM - Order link is clicked
18:50:35.969 [main] INFO  Dealership.POM - PartOrder link is visible
18:50:36.049 [main] INFO  Dealership.POM - PartOrder link is clicked
18:50:41.209 [main] INFO  Dealership.POM - Vendor_Input is visible
18:50:41.407 [main] INFO  Dealership.POM - Vendor_Input is filled
18:50:42.721 [main] INFO  Dealership.POM - SearchResult is visible
18:50:42.818 [main] INFO  Dealership.POM - SearchResult is selected
18:50:46.038 [main] INFO  Dealership.POM - AddItems link is visible
18:50:46.181 [main] INFO  Dealership.POM - AddItems link is clicked
18:50:46.231 [main] INFO  Dealership.POM - SearchPart field is visible
18:50:46.513 [main] INFO  Dealership.POM - Part Name is entered
18:50:48.005 [main] INFO  Dealership.POM - PartName is visible
18:50:48.082 [main] INFO  Dealership.POM - PartName is selected
18:51:03.541 [main] FATAL Dealership.POM - Test Failed - screenshot captured for Method : PartOrder
18:53:32.624 [main] INFO  Dealership.POM - Running Test : PartOrder
18:53:38.487 [main] INFO  Dealership.POM - Windows maximized
18:53:40.727 [main] INFO  Dealership.POM - URL entered
18:53:40.883 [main] INFO  Dealership.POM - Username field is visible
18:53:41.306 [main] INFO  Dealership.POM - Password field is visible
18:53:41.477 [main] INFO  Dealership.POM - Login Button is visible
18:53:57.185 [main] INFO  Dealership.POM - Login Button is clicked
18:54:12.427 [main] INFO  Dealership.POM - GlobalSearch is visible
18:54:16.118 [main] INFO  Dealership.POM - SearchResult is visible
18:54:16.225 [main] INFO  Dealership.POM - Part is selected
18:54:18.592 [main] INFO  Dealership.POM -  parts are instock
18:54:18.706 [main] INFO  Dealership.POM - Order link is visible
18:54:18.785 [main] INFO  Dealership.POM - Order link is clicked
18:54:19.118 [main] INFO  Dealership.POM - PartOrder link is visible
18:54:19.233 [main] INFO  Dealership.POM - PartOrder link is clicked
18:54:24.407 [main] INFO  Dealership.POM - Vendor_Input is visible
18:54:24.617 [main] INFO  Dealership.POM - Vendor_Input is filled
18:54:25.853 [main] INFO  Dealership.POM - SearchResult is visible
18:54:25.939 [main] INFO  Dealership.POM - SearchResult is selected
18:54:29.777 [main] INFO  Dealership.POM - AddItems link is visible
18:54:29.893 [main] INFO  Dealership.POM - AddItems link is clicked
18:54:29.965 [main] INFO  Dealership.POM - SearchPart field is visible
18:54:30.149 [main] INFO  Dealership.POM - Part Name is entered
18:54:31.325 [main] INFO  Dealership.POM - PartName is visible
18:54:31.397 [main] INFO  Dealership.POM - PartName is selected
18:54:56.748 [main] INFO  Dealership.POM - ApplyBtn is visible
18:54:56.850 [main] INFO  Dealership.POM - ApplyBtn is clicked
18:54:56.916 [main] INFO  Dealership.POM - The Status is Open
18:55:07.199 [main] FATAL Dealership.POM - Test Failed - screenshot captured for Method : PartOrder
18:57:27.140 [main] INFO  Dealership.POM - Running Test : PartOrder
18:57:32.615 [main] INFO  Dealership.POM - Windows maximized
18:57:34.800 [main] INFO  Dealership.POM - URL entered
18:57:34.962 [main] INFO  Dealership.POM - Username field is visible
18:57:35.260 [main] INFO  Dealership.POM - Password field is visible
18:57:35.510 [main] INFO  Dealership.POM - Login Button is visible
18:57:53.072 [main] INFO  Dealership.POM - Login Button is clicked
18:58:08.299 [main] INFO  Dealership.POM - GlobalSearch is visible
18:58:11.969 [main] INFO  Dealership.POM - SearchResult is visible
18:58:12.074 [main] INFO  Dealership.POM - Part is selected
18:58:14.491 [main] INFO  Dealership.POM -  parts are instock
18:58:14.576 [main] INFO  Dealership.POM - Order link is visible
18:58:14.651 [main] INFO  Dealership.POM - Order link is clicked
18:58:14.874 [main] INFO  Dealership.POM - PartOrder link is visible
18:58:14.976 [main] INFO  Dealership.POM - PartOrder link is clicked
18:58:20.140 [main] INFO  Dealership.POM - Vendor_Input is visible
18:58:20.341 [main] INFO  Dealership.POM - Vendor_Input is filled
18:58:21.647 [main] INFO  Dealership.POM - SearchResult is visible
18:58:21.743 [main] INFO  Dealership.POM - SearchResult is selected
18:58:26.087 [main] INFO  Dealership.POM - AddItems link is visible
18:58:26.196 [main] INFO  Dealership.POM - AddItems link is clicked
18:58:26.243 [main] INFO  Dealership.POM - SearchPart field is visible
18:58:26.458 [main] INFO  Dealership.POM - Part Name is entered
18:58:27.665 [main] INFO  Dealership.POM - PartName is visible
18:58:27.736 [main] INFO  Dealership.POM - PartName is selected
18:58:53.049 [main] INFO  Dealership.POM - ApplyBtn is visible
18:58:53.122 [main] INFO  Dealership.POM - ApplyBtn is clicked
18:58:53.167 [main] INFO  Dealership.POM - The Status is Open
18:59:03.454 [main] FATAL Dealership.POM - Test Failed - screenshot captured for Method : PartOrder
19:00:59.971 [main] INFO  Dealership.POM - Running Test : PartOrder
19:01:05.661 [main] INFO  Dealership.POM - Windows maximized
19:01:07.757 [main] INFO  Dealership.POM - URL entered
19:01:07.921 [main] INFO  Dealership.POM - Username field is visible
19:01:08.131 [main] INFO  Dealership.POM - Password field is visible
19:01:08.294 [main] INFO  Dealership.POM - Login Button is visible
19:01:24.162 [main] INFO  Dealership.POM - Login Button is clicked
19:01:39.422 [main] INFO  Dealership.POM - GlobalSearch is visible
19:01:42.541 [main] INFO  Dealership.POM - SearchResult is visible
19:01:42.638 [main] INFO  Dealership.POM - Part is selected
19:01:44.932 [main] INFO  Dealership.POM -  parts are instock
19:01:45.039 [main] INFO  Dealership.POM - Order link is visible
19:01:45.106 [main] INFO  Dealership.POM - Order link is clicked
19:01:45.472 [main] INFO  Dealership.POM - PartOrder link is visible
19:01:45.549 [main] INFO  Dealership.POM - PartOrder link is clicked
19:01:50.724 [main] INFO  Dealership.POM - Vendor_Input is visible
19:01:50.939 [main] INFO  Dealership.POM - Vendor_Input is filled
19:01:52.132 [main] INFO  Dealership.POM - SearchResult is visible
19:01:52.263 [main] INFO  Dealership.POM - SearchResult is selected
19:01:55.051 [main] INFO  Dealership.POM - AddItems link is visible
19:01:55.163 [main] INFO  Dealership.POM - AddItems link is clicked
19:01:55.251 [main] INFO  Dealership.POM - SearchPart field is visible
19:01:55.425 [main] INFO  Dealership.POM - Part Name is entered
19:01:57.941 [main] INFO  Dealership.POM - PartName is visible
19:01:58.040 [main] INFO  Dealership.POM - PartName is selected
19:02:10.745 [main] FATAL Dealership.POM - Test Failed - screenshot captured for Method : PartOrder
19:03:09.848 [main] INFO  Dealership.POM - Running Test : PartOrder
19:03:15.395 [main] INFO  Dealership.POM - Windows maximized
19:03:19.128 [main] INFO  Dealership.POM - URL entered
19:03:19.249 [main] INFO  Dealership.POM - Username field is visible
19:03:19.481 [main] INFO  Dealership.POM - Password field is visible
19:03:20.508 [main] INFO  Dealership.POM - Login Button is visible
19:03:20.809 [main] INFO  Dealership.POM - Login Button is clicked
19:03:43.433 [main] INFO  Dealership.POM - GlobalSearch is visible
19:03:48.691 [main] INFO  Dealership.POM - SearchResult is visible
19:03:48.772 [main] INFO  Dealership.POM - Part is selected
19:05:25.940 [main] INFO  Dealership.POM - Running Test : PartOrder
19:05:31.616 [main] INFO  Dealership.POM - Windows maximized
19:05:33.578 [main] INFO  Dealership.POM - URL entered
19:05:33.743 [main] INFO  Dealership.POM - Username field is visible
19:05:34.020 [main] INFO  Dealership.POM - Password field is visible
19:05:34.213 [main] INFO  Dealership.POM - Login Button is visible
19:05:34.333 [main] INFO  Dealership.POM - Login Button is clicked
19:06:09.174 [main] INFO  Dealership.POM - GlobalSearch is visible
19:06:12.249 [main] INFO  Dealership.POM - SearchResult is visible
19:06:12.345 [main] INFO  Dealership.POM - Part is selected
19:06:14.877 [main] INFO  Dealership.POM -  parts are instock
19:06:14.968 [main] INFO  Dealership.POM - Order link is visible
19:06:15.100 [main] INFO  Dealership.POM - Order link is clicked
19:06:15.633 [main] INFO  Dealership.POM - PartOrder link is visible
19:06:15.744 [main] INFO  Dealership.POM - PartOrder link is clicked
19:06:20.881 [main] INFO  Dealership.POM - Vendor_Input is visible
19:06:21.102 [main] INFO  Dealership.POM - Vendor_Input is filled
19:06:22.415 [main] INFO  Dealership.POM - SearchResult is visible
19:06:22.502 [main] INFO  Dealership.POM - SearchResult is selected
19:06:25.930 [main] INFO  Dealership.POM - AddItems link is visible
19:06:26.035 [main] INFO  Dealership.POM - AddItems link is clicked
19:06:26.084 [main] INFO  Dealership.POM - SearchPart field is visible
19:06:26.291 [main] INFO  Dealership.POM - Part Name is entered
19:06:27.828 [main] INFO  Dealership.POM - PartName is visible
19:06:27.893 [main] INFO  Dealership.POM - PartName is selected
19:06:50.229 [main] INFO  Dealership.POM - ApplyBtn is visible
19:06:50.319 [main] INFO  Dealership.POM - ApplyBtn is clicked
19:06:50.381 [main] INFO  Dealership.POM - The Status is Open
19:06:50.428 [main] INFO  Dealership.POM - SubmitOrder button is visible
19:06:50.522 [main] INFO  Dealership.POM - SubmitOrder button is clicked
