11:52:16.528 [main] INFO  Dealership.POM - CustomerInfo is visible
11:52:46.956 [main] INFO  Dealership.POM - ServiceJob button is visible
11:52:59.902 [main] INFO  Dealership.POM - ServiceJobStatus is visible
11:52:59.927 [main] INFO  Dealership.POM - ServiceJobStatus is Status: New
11:52:59.996 [main] INFO  Dealership.POM - ServiceJobDetails is visible
11:53:10.486 [main] FATAL Dealership.POM - Test Failed - screenshot captured for Method : servicejob
12:06:36.318 [main] INFO  Dealership.POM - Running Test : servicejob
12:06:47.096 [main] INFO  Dealership.POM - Windows maximized
12:06:49.753 [main] INFO  Dealership.POM - URL entered
12:06:50.166 [main] INFO  Dealership.POM - Username field is visible
12:06:50.545 [main] INFO  Dealership.POM - Password field is visible
12:06:50.914 [main] INFO  Dealership.POM - Login Button is visible
12:07:08.316 [main] INFO  Dealership.POM - Login Button is clicked
12:07:33.493 [main] INFO  Dealership.POM - Sell link is visible
12:07:34.690 [main] INFO  Dealership.POM - Sell link is clickable
12:07:35.038 [main] INFO  Dealership.POM - Select Customer Dropdown is visible
12:07:36.946 [main] INFO  Dealership.POM - Select Customer Field is visible
12:07:47.491 [main] INFO  Dealership.POM - CustomerInfo is visible
12:08:18.044 [main] INFO  Dealership.POM - ServiceJob button is visible
12:08:21.068 [main] INFO  Dealership.POM - ServiceJobStatus is visible
12:08:21.111 [main] INFO  Dealership.POM - ServiceJobStatus is Status: New
12:08:21.218 [main] INFO  Dealership.POM - ServiceJobDetails is visible
12:08:36.669 [main] FATAL Dealership.POM - Test Failed - screenshot captured for Method : servicejob
12:10:25.099 [main] INFO  Dealership.POM - Running Test : servicejob
12:10:31.687 [main] INFO  Dealership.POM - Windows maximized
12:10:34.077 [main] INFO  Dealership.POM - URL entered
12:10:34.255 [main] INFO  Dealership.POM - Username field is visible
12:10:34.946 [main] INFO  Dealership.POM - Password field is visible
12:10:35.203 [main] INFO  Dealership.POM - Login Button is visible
12:10:36.074 [main] INFO  Dealership.POM - Login Button is clicked
12:11:01.275 [main] INFO  Dealership.POM - Sell link is visible
12:11:01.439 [main] INFO  Dealership.POM - Sell link is clickable
12:11:08.743 [main] INFO  Dealership.POM - Select Customer Dropdown is visible
12:11:09.480 [main] INFO  Dealership.POM - Select Customer Field is visible
12:11:20.045 [main] INFO  Dealership.POM - CustomerInfo is visible
12:11:50.453 [main] INFO  Dealership.POM - ServiceJob button is visible
12:11:53.715 [main] INFO  Dealership.POM - ServiceJobStatus is visible
12:11:53.747 [main] INFO  Dealership.POM - ServiceJobStatus is Status: New
12:11:53.824 [main] INFO  Dealership.POM - ServiceJobDetails is visible
12:12:19.231 [main] INFO  Dealership.POM - Temp Unit Mmodal Window  is visible
12:12:19.275 [main] INFO  Dealership.POM - VIN_Unit field is visible
12:12:19.514 [main] INFO  Dealership.POM - VIN number is filed
12:12:19.559 [main] INFO  Dealership.POM - Make field is visible
12:12:19.708 [main] INFO  Dealership.POM - Make is filed
12:12:19.755 [main] INFO  Dealership.POM - Model field is visible
12:12:19.931 [main] INFO  Dealership.POM - Model is filed
12:12:19.974 [main] INFO  Dealership.POM - Sub-Model field is visible
12:12:20.371 [main] INFO  Dealership.POM - Sub-Model is filed
12:12:20.421 [main] INFO  Dealership.POM - Year field is visible
12:12:21.589 [main] INFO  Dealership.POM - Year is filed
12:12:21.662 [main] INFO  Dealership.POM - Addbutton is visible
12:12:21.771 [main] INFO  Dealership.POM - Addbutton is clicked
12:12:32.134 [main] INFO  Dealership.POM - Concern field is visible
12:12:33.169 [main] INFO  Dealership.POM - Concern field is filled
12:12:33.211 [main] INFO  Dealership.POM - Cause field is visible
12:12:33.885 [main] INFO  Dealership.POM - Cause field is filled
12:12:33.928 [main] INFO  Dealership.POM - Correction field is visible
12:12:34.565 [main] INFO  Dealership.POM - Correction field is filled
12:12:35.007 [main] FATAL Dealership.POM - Test Failed - screenshot captured for Method : servicejob
12:13:50.531 [main] INFO  Dealership.POM - Running Test : servicejob
12:13:57.326 [main] INFO  Dealership.POM - Windows maximized
12:13:59.624 [main] INFO  Dealership.POM - URL entered
12:13:59.885 [main] INFO  Dealership.POM - Username field is visible
12:14:00.875 [main] INFO  Dealership.POM - Password field is visible
12:14:01.616 [main] INFO  Dealership.POM - Login Button is visible
12:14:18.436 [main] INFO  Dealership.POM - Login Button is clicked
12:14:43.634 [main] INFO  Dealership.POM - Sell link is visible
12:14:45.553 [main] INFO  Dealership.POM - Sell link is clickable
12:14:45.885 [main] INFO  Dealership.POM - Select Customer Dropdown is visible
12:14:47.511 [main] INFO  Dealership.POM - Select Customer Field is visible
12:14:58.124 [main] INFO  Dealership.POM - CustomerInfo is visible
12:15:28.612 [main] INFO  Dealership.POM - ServiceJob button is visible
12:15:31.162 [main] INFO  Dealership.POM - ServiceJobStatus is visible
12:15:31.195 [main] INFO  Dealership.POM - ServiceJobStatus is Status: New
12:15:31.281 [main] INFO  Dealership.POM - ServiceJobDetails is visible
12:15:56.712 [main] INFO  Dealership.POM - Temp Unit Mmodal Window  is visible
12:15:56.765 [main] INFO  Dealership.POM - VIN_Unit field is visible
12:15:57.224 [main] INFO  Dealership.POM - VIN number is filed
12:15:57.270 [main] INFO  Dealership.POM - Make field is visible
12:15:58.981 [main] INFO  Dealership.POM - Make is filed
12:15:59.084 [main] INFO  Dealership.POM - Model field is visible
12:16:00.220 [main] INFO  Dealership.POM - Model is filed
12:16:00.262 [main] INFO  Dealership.POM - Sub-Model field is visible
12:16:00.687 [main] INFO  Dealership.POM - Sub-Model is filed
12:16:00.746 [main] INFO  Dealership.POM - Year field is visible
12:16:01.078 [main] INFO  Dealership.POM - Year is filed
12:16:01.156 [main] INFO  Dealership.POM - Addbutton is visible
12:16:01.344 [main] INFO  Dealership.POM - Addbutton is clicked
12:16:11.484 [main] INFO  Dealership.POM - Concern field is visible
12:16:11.772 [main] INFO  Dealership.POM - Concern field is filled
12:16:11.852 [main] INFO  Dealership.POM - Cause field is visible
12:16:12.223 [main] INFO  Dealership.POM - Cause field is filled
12:16:12.279 [main] INFO  Dealership.POM - Correction field is visible
12:16:12.475 [main] INFO  Dealership.POM - Correction field is filled
12:16:12.940 [main] FATAL Dealership.POM - Test Failed - screenshot captured for Method : servicejob
12:19:37.996 [main] INFO  Dealership.POM - Running Test : servicejob
12:19:45.301 [main] INFO  Dealership.POM - Windows maximized
12:19:48.142 [main] INFO  Dealership.POM - URL entered
12:19:48.376 [main] INFO  Dealership.POM - Username field is visible
12:19:49.684 [main] INFO  Dealership.POM - Password field is visible
12:19:50.289 [main] INFO  Dealership.POM - Login Button is visible
12:20:07.641 [main] INFO  Dealership.POM - Login Button is clicked
12:20:32.810 [main] INFO  Dealership.POM - Sell link is visible
12:20:34.003 [main] INFO  Dealership.POM - Sell link is clickable
12:20:34.315 [main] INFO  Dealership.POM - Select Customer Dropdown is visible
12:20:36.181 [main] INFO  Dealership.POM - Select Customer Field is visible
12:20:46.688 [main] INFO  Dealership.POM - CustomerInfo is visible
12:21:17.069 [main] INFO  Dealership.POM - ServiceJob button is visible
12:21:19.547 [main] INFO  Dealership.POM - ServiceJobStatus is visible
12:21:19.581 [main] INFO  Dealership.POM - ServiceJobStatus is Status: New
12:21:19.681 [main] INFO  Dealership.POM - ServiceJobDetails is visible
12:21:35.141 [main] FATAL Dealership.POM - Test Failed - screenshot captured for Method : servicejob
12:36:57.606 [main] INFO  Dealership.POM - Running Test : servicejob
12:37:03.949 [main] INFO  Dealership.POM - Windows maximized
12:37:06.047 [main] INFO  Dealership.POM - URL entered
12:37:06.248 [main] INFO  Dealership.POM - Username field is visible
12:37:06.627 [main] INFO  Dealership.POM - Password field is visible
12:37:06.802 [main] INFO  Dealership.POM - Login Button is visible
12:37:22.522 [main] INFO  Dealership.POM - Login Button is clicked
12:37:47.674 [main] INFO  Dealership.POM - Sell link is visible
12:37:48.707 [main] INFO  Dealership.POM - Sell link is clickable
12:37:48.958 [main] INFO  Dealership.POM - Select Customer Dropdown is visible
12:37:50.849 [main] INFO  Dealership.POM - Select Customer Field is visible
12:38:01.224 [main] INFO  Dealership.POM - CustomerInfo is visible
12:38:31.556 [main] INFO  Dealership.POM - ServiceJob button is visible
12:38:34.200 [main] INFO  Dealership.POM - ServiceJobStatus is visible
12:38:34.235 [main] INFO  Dealership.POM - ServiceJobStatus is Status: New
12:38:34.331 [main] INFO  Dealership.POM - ServiceJobDetails is visible
12:38:49.821 [main] FATAL Dealership.POM - Test Failed - screenshot captured for Method : servicejob
12:43:34.743 [main] INFO  Dealership.POM - Running Test : servicejob
12:43:40.651 [main] INFO  Dealership.POM - Windows maximized
12:43:42.665 [main] INFO  Dealership.POM - URL entered
12:43:42.787 [main] INFO  Dealership.POM - Username field is visible
12:43:43.003 [main] INFO  Dealership.POM - Password field is visible
12:43:43.326 [main] INFO  Dealership.POM - Login Button is visible
12:44:01.454 [main] INFO  Dealership.POM - Login Button is clicked
12:44:26.595 [main] INFO  Dealership.POM - Sell link is visible
12:44:27.600 [main] INFO  Dealership.POM - Sell link is clickable
12:44:27.890 [main] INFO  Dealership.POM - Select Customer Dropdown is visible
12:44:29.722 [main] INFO  Dealership.POM - Select Customer Field is visible
12:44:40.153 [main] INFO  Dealership.POM - CustomerInfo is visible
12:44:50.565 [main] FATAL Dealership.POM - Test Failed - screenshot captured for Method : servicejob
13:55:56.149 [main] INFO  Dealership.POM - Running Test : servicejob
13:56:03.933 [main] INFO  Dealership.POM - Windows maximized
13:56:06.227 [main] INFO  Dealership.POM - URL entered
13:56:06.366 [main] INFO  Dealership.POM - Username field is visible
13:56:06.603 [main] INFO  Dealership.POM - Password field is visible
13:56:06.859 [main] INFO  Dealership.POM - Login Button is visible
13:56:06.945 [main] INFO  Dealership.POM - Login Button is clicked
13:56:32.216 [main] INFO  Dealership.POM - Sell link is visible
13:56:32.295 [main] INFO  Dealership.POM - Sell link is clickable
13:56:39.069 [main] INFO  Dealership.POM - Select Customer Dropdown is visible
13:56:40.006 [main] FATAL Dealership.POM - Test Failed - screenshot captured for Method : servicejob
13:57:34.229 [main] INFO  Dealership.POM - Running Test : servicejob
13:57:40.468 [main] INFO  Dealership.POM - Windows maximized
13:57:42.334 [main] INFO  Dealership.POM - URL entered
13:57:42.472 [main] INFO  Dealership.POM - Username field is visible
13:57:42.871 [main] INFO  Dealership.POM - Password field is visible
13:57:43.064 [main] INFO  Dealership.POM - Login Button is visible
13:57:43.420 [main] INFO  Dealership.POM - Login Button is clicked
13:58:08.604 [main] INFO  Dealership.POM - Sell link is visible
13:58:08.674 [main] INFO  Dealership.POM - Sell link is clickable
13:58:14.452 [main] INFO  Dealership.POM - Select Customer Dropdown is visible
13:58:16.028 [main] INFO  Dealership.POM - Select Customer Field is visible
13:58:26.777 [main] INFO  Dealership.POM - CustomerInfo is visible
13:58:37.131 [main] FATAL Dealership.POM - Test Failed - screenshot captured for Method : servicejob
14:00:53.666 [main] INFO  Dealership.POM - Running Test : servicejob
14:00:59.722 [main] INFO  Dealership.POM - Windows maximized
14:01:01.436 [main] INFO  Dealership.POM - URL entered
14:01:01.551 [main] INFO  Dealership.POM - Username field is visible
14:01:01.747 [main] INFO  Dealership.POM - Password field is visible
14:01:01.865 [main] INFO  Dealership.POM - Login Button is visible
14:01:17.006 [main] INFO  Dealership.POM - Login Button is clicked
14:01:42.125 [main] INFO  Dealership.POM - Sell link is visible
14:01:43.133 [main] INFO  Dealership.POM - Sell link is clickable
14:01:43.448 [main] INFO  Dealership.POM - Select Customer Dropdown is visible
14:01:45.212 [main] INFO  Dealership.POM - Select Customer Field is visible
14:01:55.725 [main] INFO  Dealership.POM - CustomerInfo is visible
14:01:55.821 [main] INFO  Dealership.POM - CustomerInfo is selected
14:02:26.049 [main] INFO  Dealership.POM - ServiceJob button is visible
14:02:28.444 [main] INFO  Dealership.POM - ServiceJobStatus is visible
14:02:28.475 [main] INFO  Dealership.POM - ServiceJobStatus is Status: New
14:02:28.557 [main] INFO  Dealership.POM - ServiceJobDetails is visible
14:02:53.863 [main] INFO  Dealership.POM - Temp Unit Mmodal Window  is visible
14:02:53.895 [main] INFO  Dealership.POM - VIN_Unit field is visible
14:02:54.258 [main] INFO  Dealership.POM - VIN number is filed
14:11:00.009 [main] INFO  Dealership.POM - Running Test : sell
14:11:07.408 [main] INFO  Dealership.POM - Windows maximized
14:11:09.239 [main] INFO  Dealership.POM - URL entered
14:11:09.364 [main] INFO  Dealership.POM - Username field is visible
14:11:09.619 [main] INFO  Dealership.POM - Password field is visible
14:11:10.136 [main] INFO  Dealership.POM - Login Button is visible
14:11:10.463 [main] INFO  Dealership.POM - Login Button is clicked
14:11:35.623 [main] INFO  Dealership.POM - Sell link is visible
14:11:35.694 [main] INFO  Dealership.POM - Sell link is clickable
14:11:39.692 [main] INFO  Dealership.POM - Select Customer Dropdown is visible
14:11:40.242 [main] INFO  Dealership.POM - Select Customer Field is visible
14:11:50.829 [main] INFO  Dealership.POM - CustomerInfo is visible
14:12:11.123 [main] INFO  Dealership.POM - SellPartandAccs button is visible
14:12:12.966 [main] INFO  Dealership.POM - Searchbox is visible
14:12:23.535 [main] FATAL Dealership.POM - Test Failed - screenshot captured for Method : sell
16:09:21.363 [main] INFO  Dealership.POM - Running Test : servicejob
16:09:30.899 [main] INFO  Dealership.POM - Windows maximized
16:09:33.325 [main] INFO  Dealership.POM - URL entered
16:09:33.625 [main] INFO  Dealership.POM - Username field is visible
16:09:33.853 [main] INFO  Dealership.POM - Password field is visible
16:09:34.347 [main] INFO  Dealership.POM - Login Button is visible
16:09:52.307 [main] INFO  Dealership.POM - Login Button is clicked
16:10:17.436 [main] INFO  Dealership.POM - Sell link is visible
16:10:19.124 [main] INFO  Dealership.POM - Sell link is clickable
16:10:19.311 [main] INFO  Dealership.POM - Select Customer Dropdown is visible
16:10:20.755 [main] INFO  Dealership.POM - Select Customer Field is visible
16:10:31.109 [main] INFO  Dealership.POM - CustomerInfo is visible
16:10:31.203 [main] INFO  Dealership.POM - CustomerInfo is selected
16:10:41.550 [main] FATAL Dealership.POM - Test Failed - screenshot captured for Method : servicejob
16:24:33.845 [main] INFO  Dealership.POM - Running Test : servicejob
16:24:39.918 [main] INFO  Dealership.POM - Windows maximized
16:24:42.465 [main] INFO  Dealership.POM - URL entered
16:24:42.597 [main] INFO  Dealership.POM - Username field is visible
16:24:42.868 [main] INFO  Dealership.POM - Password field is visible
16:24:43.461 [main] INFO  Dealership.POM - Login Button is visible
16:24:58.817 [main] INFO  Dealership.POM - Login Button is clicked
16:25:23.936 [main] INFO  Dealership.POM - Sell link is visible
16:25:24.896 [main] INFO  Dealership.POM - Sell link is clickable
16:25:25.201 [main] INFO  Dealership.POM - Select Customer Dropdown is visible
16:25:27.009 [main] INFO  Dealership.POM - Select Customer Field is visible
16:25:37.339 [main] INFO  Dealership.POM - CustomerInfo is visible
16:25:37.458 [main] INFO  Dealership.POM - CustomerInfo is selected
16:26:07.674 [main] INFO  Dealership.POM - ServiceJob button is visible
16:26:09.784 [main] INFO  Dealership.POM - ServiceJobStatus is visible
16:26:09.827 [main] INFO  Dealership.POM - ServiceJobStatus is Status: New
16:26:09.909 [main] INFO  Dealership.POM - ServiceJobDetails is visible
16:26:35.261 [main] INFO  Dealership.POM - Temp Unit Mmodal Window  is visible
16:26:35.308 [main] INFO  Dealership.POM - VIN_Unit field is visible
16:26:35.854 [main] INFO  Dealership.POM - VIN number is filed
16:26:35.892 [main] INFO  Dealership.POM - Make field is visible
16:26:37.491 [main] INFO  Dealership.POM - Make is filed
16:26:37.620 [main] INFO  Dealership.POM - Model field is visible
16:26:38.983 [main] INFO  Dealership.POM - Model is filed
16:26:39.022 [main] INFO  Dealership.POM - Sub-Model field is visible
16:26:39.404 [main] INFO  Dealership.POM - Sub-Model is filed
16:26:39.442 [main] INFO  Dealership.POM - Year field is visible
16:26:39.684 [main] INFO  Dealership.POM - Year is filed
16:26:39.727 [main] INFO  Dealership.POM - Addbutton is visible
16:26:39.843 [main] INFO  Dealership.POM - Addbutton is clicked
16:26:49.923 [main] INFO  Dealership.POM - Concern field is visible
16:26:50.117 [main] INFO  Dealership.POM - Concern field is filled
16:26:50.153 [main] INFO  Dealership.POM - Cause field is visible
16:26:50.416 [main] INFO  Dealership.POM - Cause field is filled
16:26:50.448 [main] INFO  Dealership.POM - Correction field is visible
16:26:50.571 [main] INFO  Dealership.POM - Correction field is filled
16:26:50.612 [main] INFO  Dealership.POM - Odometer_on_arrival field is visible
16:26:50.815 [main] INFO  Dealership.POM - Odometer_on_arrival field is filled
16:26:50.854 [main] INFO  Dealership.POM - Odometer_on_departure field is visible
16:26:51.053 [main] INFO  Dealership.POM - Odometer_on_departure field is filled
16:26:51.852 [main] INFO  Dealership.POM - Searchbox is visible
16:27:02.429 [main] INFO  Dealership.POM - Merchentity is visible
16:27:23.060 [main] FATAL Dealership.POM - Test Failed - screenshot captured for Method : servicejob
16:36:28.284 [main] INFO  Dealership.POM - Running Test : servicejob
16:36:34.572 [main] INFO  Dealership.POM - Windows maximized
16:36:36.476 [main] INFO  Dealership.POM - URL entered
16:36:36.599 [main] INFO  Dealership.POM - Username field is visible
16:36:36.800 [main] INFO  Dealership.POM - Password field is visible
16:36:37.066 [main] INFO  Dealership.POM - Login Button is visible
16:37:09.809 [main] INFO  Dealership.POM - Login Button is clicked
16:37:34.915 [main] INFO  Dealership.POM - Sell link is visible
16:37:36.042 [main] INFO  Dealership.POM - Sell link is clickable
16:37:36.355 [main] INFO  Dealership.POM - Select Customer Dropdown is visible
16:37:38.205 [main] INFO  Dealership.POM - Select Customer Field is visible
16:37:48.627 [main] INFO  Dealership.POM - CustomerInfo is visible
16:37:48.739 [main] INFO  Dealership.POM - CustomerInfo is selected
16:38:18.981 [main] INFO  Dealership.POM - ServiceJob button is visible
16:38:21.908 [main] INFO  Dealership.POM - ServiceJobStatus is visible
16:38:21.937 [main] INFO  Dealership.POM - ServiceJobStatus is Status: New
16:38:22.022 [main] INFO  Dealership.POM - ServiceJobDetails is visible
16:38:47.391 [main] INFO  Dealership.POM - Temp Unit Mmodal Window  is visible
16:38:47.434 [main] INFO  Dealership.POM - VIN_Unit field is visible
16:38:47.872 [main] INFO  Dealership.POM - VIN number is filed
16:38:47.909 [main] INFO  Dealership.POM - Make field is visible
16:38:49.539 [main] INFO  Dealership.POM - Make is filed
16:38:49.650 [main] INFO  Dealership.POM - Model field is visible
16:38:50.618 [main] INFO  Dealership.POM - Model is filed
16:38:50.657 [main] INFO  Dealership.POM - Sub-Model field is visible
16:38:51.000 [main] INFO  Dealership.POM - Sub-Model is filed
16:38:51.041 [main] INFO  Dealership.POM - Year field is visible
16:38:51.277 [main] INFO  Dealership.POM - Year is filed
16:38:51.318 [main] INFO  Dealership.POM - Addbutton is visible
16:38:51.422 [main] INFO  Dealership.POM - Addbutton is clicked
16:39:01.498 [main] INFO  Dealership.POM - Concern field is visible
16:39:01.709 [main] INFO  Dealership.POM - Concern field is filled
16:39:01.742 [main] INFO  Dealership.POM - Cause field is visible
16:39:01.970 [main] INFO  Dealership.POM - Cause field is filled
16:39:02.003 [main] INFO  Dealership.POM - Correction field is visible
16:39:02.137 [main] INFO  Dealership.POM - Correction field is filled
16:39:02.183 [main] INFO  Dealership.POM - Odometer_on_arrival field is visible
16:39:02.368 [main] INFO  Dealership.POM - Odometer_on_arrival field is filled
16:39:02.410 [main] INFO  Dealership.POM - Odometer_on_departure field is visible
16:39:02.612 [main] INFO  Dealership.POM - Odometer_on_departure field is filled
16:39:03.379 [main] INFO  Dealership.POM - Searchbox is visible
16:39:14.000 [main] INFO  Dealership.POM - Merchentity is visible
16:39:34.366 [main] FATAL Dealership.POM - Test Failed - screenshot captured for Method : servicejob
16:42:51.031 [main] INFO  Dealership.POM - Running Test : servicejob
16:42:59.534 [main] INFO  Dealership.POM - Windows maximized
16:43:01.602 [main] INFO  Dealership.POM - URL entered
16:43:01.746 [main] INFO  Dealership.POM - Username field is visible
16:43:01.985 [main] INFO  Dealership.POM - Password field is visible
16:43:02.149 [main] INFO  Dealership.POM - Login Button is visible
16:43:17.893 [main] INFO  Dealership.POM - Login Button is clicked
16:43:43.010 [main] INFO  Dealership.POM - Sell link is visible
16:43:44.072 [main] INFO  Dealership.POM - Sell link is clickable
16:43:44.363 [main] INFO  Dealership.POM - Select Customer Dropdown is visible
16:43:46.195 [main] INFO  Dealership.POM - Select Customer Field is visible
16:43:56.556 [main] INFO  Dealership.POM - CustomerInfo is visible
16:43:56.657 [main] INFO  Dealership.POM - CustomerInfo is selected
16:44:26.894 [main] INFO  Dealership.POM - ServiceJob button is visible
16:44:29.417 [main] INFO  Dealership.POM - ServiceJobStatus is visible
16:44:29.447 [main] INFO  Dealership.POM - ServiceJobStatus is Status: New
16:44:29.549 [main] INFO  Dealership.POM - ServiceJobDetails is visible
16:44:55.009 [main] INFO  Dealership.POM - Temp Unit Mmodal Window  is visible
16:44:55.046 [main] INFO  Dealership.POM - VIN_Unit field is visible
16:44:55.425 [main] INFO  Dealership.POM - VIN number is filed
16:44:55.461 [main] INFO  Dealership.POM - Make field is visible
16:44:57.217 [main] INFO  Dealership.POM - Make is filed
16:44:57.317 [main] INFO  Dealership.POM - Model field is visible
16:44:58.413 [main] INFO  Dealership.POM - Model is filed
16:44:58.452 [main] INFO  Dealership.POM - Sub-Model field is visible
16:44:58.830 [main] INFO  Dealership.POM - Sub-Model is filed
16:44:58.870 [main] INFO  Dealership.POM - Year field is visible
16:44:59.088 [main] INFO  Dealership.POM - Year is filed
16:44:59.127 [main] INFO  Dealership.POM - Addbutton is visible
16:44:59.238 [main] INFO  Dealership.POM - Addbutton is clicked
16:45:09.317 [main] INFO  Dealership.POM - Concern field is visible
16:45:09.524 [main] INFO  Dealership.POM - Concern field is filled
16:45:09.567 [main] INFO  Dealership.POM - Cause field is visible
16:45:09.830 [main] INFO  Dealership.POM - Cause field is filled
16:45:09.862 [main] INFO  Dealership.POM - Correction field is visible
16:45:10.033 [main] INFO  Dealership.POM - Correction field is filled
16:45:10.077 [main] INFO  Dealership.POM - Odometer_on_arrival field is visible
16:45:10.274 [main] INFO  Dealership.POM - Odometer_on_arrival field is filled
16:45:10.315 [main] INFO  Dealership.POM - Odometer_on_departure field is visible
16:45:10.501 [main] INFO  Dealership.POM - Odometer_on_departure field is filled
16:45:11.289 [main] INFO  Dealership.POM - Searchbox is visible
16:45:21.998 [main] INFO  Dealership.POM - Merchentity is visible
16:45:42.362 [main] FATAL Dealership.POM - Test Failed - screenshot captured for Method : servicejob
