12:58:50.427 [TestNG-test=Test-1] INFO  Dealership.POM - The Invoice link has redirected to correct page
12:59:02.206 [TestNG-test=Test-1] INFO  Dealership.POM - Payments link is visible
12:59:12.296 [TestNG-test=Test-1] INFO  Dealership.POM - The page title is - Advanced Search
12:59:22.352 [TestNG-test=Test-1] INFO  Dealership.POM - Search tag is visible
12:59:22.369 [TestNG-test=Test-1] INFO  Dealership.POM - The Payments link has redirected to correct page
12:59:33.814 [TestNG-test=Test-1] INFO  Dealership.POM - New Customers link is visible
12:59:43.890 [TestNG-test=Test-1] INFO  Dealership.POM - The page title is - Advanced Search
12:59:53.945 [TestNG-test=Test-1] INFO  Dealership.POM - Search tag is visible
12:59:53.963 [TestNG-test=Test-1] INFO  Dealership.POM - The New Customers link has redirected to correct page
12:59:53.963 [TestNG-test=Test-1] INFO  Dealership.POM - Test case StoreSummary passes successfully
12:59:53.965 [TestNG-test=Test-1] INFO  Dealership.POM - Running Test : ServiceJobs
12:59:57.127 [TestNG-test=Test-1] INFO  Dealership.POM - Windows maximized
12:59:59.135 [TestNG-test=Test-1] INFO  Dealership.POM - URL entered
12:59:59.200 [TestNG-test=Test-1] INFO  Dealership.POM - Username field is visible
12:59:59.408 [TestNG-test=Test-1] INFO  Dealership.POM - Password field is visible
12:59:59.683 [TestNG-test=Test-1] INFO  Dealership.POM - Login Button is visible
13:00:15.343 [TestNG-test=Test-1] INFO  Dealership.POM - Login Button is clicked
13:00:40.414 [TestNG-test=Test-1] INFO  Dealership.POM - Service Jobs tab is visible
13:00:40.450 [TestNG-test=Test-1] INFO  Dealership.POM - Customerpay link is visible
13:00:40.524 [TestNG-test=Test-1] INFO  Dealership.POM - Customerpay link is clickable
13:00:40.559 [TestNG-test=Test-1] INFO  Dealership.POM - ThirdParty link is visible
13:00:40.627 [TestNG-test=Test-1] INFO  Dealership.POM - ThirdParty link is clickable
13:00:40.675 [TestNG-test=Test-1] INFO  Dealership.POM - Internal link is visible
13:00:40.745 [TestNG-test=Test-1] INFO  Dealership.POM - Internal link is clickable
13:00:40.780 [TestNG-test=Test-1] INFO  Dealership.POM - Deal link is visible
13:00:40.847 [TestNG-test=Test-1] INFO  Dealership.POM - Deal link is clickable
13:00:45.913 [TestNG-test=Test-1] INFO  Dealership.POM - New link is visible
13:00:55.984 [TestNG-test=Test-1] INFO  Dealership.POM - The page title is - Advanced Search
13:01:21.062 [TestNG-test=Test-1] INFO  Dealership.POM - Search tag is visible
13:01:21.084 [TestNG-test=Test-1] INFO  Dealership.POM - The New link has redirected to correct page
13:01:33.460 [TestNG-test=Test-1] INFO  Dealership.POM - Active link is visible
13:01:43.534 [TestNG-test=Test-1] INFO  Dealership.POM - The page title is - Advanced Search
13:02:08.609 [TestNG-test=Test-1] INFO  Dealership.POM - Search tag is visible
13:02:08.626 [TestNG-test=Test-1] INFO  Dealership.POM - The Active link has redirected to correct page
13:02:20.160 [TestNG-test=Test-1] INFO  Dealership.POM - New Customers link is visible
13:02:30.234 [TestNG-test=Test-1] INFO  Dealership.POM - The page title is - Advanced Search
13:02:55.468 [TestNG-test=Test-1] INFO  Dealership.POM - Search tag is visible
13:02:55.575 [TestNG-test=Test-1] INFO  Dealership.POM - The Completed link has redirected to correct page
13:02:55.575 [TestNG-test=Test-1] INFO  Dealership.POM - Test case ServiceJobs passes successfully
13:02:55.577 [TestNG-test=Test-1] INFO  Dealership.POM - Running Test : Vendor_Orders
13:02:59.006 [TestNG-test=Test-1] INFO  Dealership.POM - Windows maximized
13:03:00.891 [TestNG-test=Test-1] INFO  Dealership.POM - URL entered
13:03:00.940 [TestNG-test=Test-1] INFO  Dealership.POM - Username field is visible
13:03:01.129 [TestNG-test=Test-1] INFO  Dealership.POM - Password field is visible
13:03:01.286 [TestNG-test=Test-1] INFO  Dealership.POM - Login Button is visible
13:03:14.641 [TestNG-test=Test-1] INFO  Dealership.POM - Login Button is clicked
13:03:39.704 [TestNG-test=Test-1] INFO  Dealership.POM - Vendor_Orders tab is visible
13:03:39.744 [TestNG-test=Test-1] INFO  Dealership.POM - Active_Orders link is visible
13:03:49.826 [TestNG-test=Test-1] INFO  Dealership.POM - The page title is - Advanced Search
13:03:59.981 [TestNG-test=Test-1] INFO  Dealership.POM - Search tag is visible
13:04:00.028 [TestNG-test=Test-1] INFO  Dealership.POM - The Invoice link has redirected to correct page
13:04:12.788 [TestNG-test=Test-1] INFO  Dealership.POM - Active_Receiving link is visible
13:04:22.890 [TestNG-test=Test-1] INFO  Dealership.POM - The page title is - Advanced Search
13:04:33.081 [TestNG-test=Test-1] INFO  Dealership.POM - Search tag is visible
13:04:33.141 [TestNG-test=Test-1] INFO  Dealership.POM - The Payments link has redirected to correct page
13:04:44.875 [TestNG-test=Test-1] INFO  Dealership.POM - Parts_needed link is visible
13:04:54.962 [TestNG-test=Test-1] INFO  Dealership.POM - The page title is - Advanced Search
13:05:05.222 [TestNG-test=Test-1] INFO  Dealership.POM - Search tag is visible
13:05:05.323 [TestNG-test=Test-1] INFO  Dealership.POM - The New Customers link has redirected to correct page
13:05:05.324 [TestNG-test=Test-1] INFO  Dealership.POM - Test case Vendor_Orders passes successfully
13:05:05.326 [TestNG-test=Test-1] INFO  Dealership.POM - Running Test : Customer_Orders
13:05:08.847 [TestNG-test=Test-1] INFO  Dealership.POM - Windows maximized
13:05:11.122 [TestNG-test=Test-1] INFO  Dealership.POM - URL entered
13:05:11.203 [TestNG-test=Test-1] INFO  Dealership.POM - Username field is visible
13:05:11.409 [TestNG-test=Test-1] INFO  Dealership.POM - Password field is visible
13:05:11.588 [TestNG-test=Test-1] INFO  Dealership.POM - Login Button is visible
13:05:11.776 [TestNG-test=Test-1] INFO  Dealership.POM - Login Button is clicked
13:05:36.917 [TestNG-test=Test-1] INFO  Dealership.POM - Customer_Orders tab is visible
13:05:37.013 [TestNG-test=Test-1] INFO  Dealership.POM - Active_Orders link is visible
13:05:47.212 [TestNG-test=Test-1] INFO  Dealership.POM - The page title is - Advanced Search
13:05:57.282 [TestNG-test=Test-1] INFO  Dealership.POM - Search tag is visible
13:05:57.303 [TestNG-test=Test-1] INFO  Dealership.POM - The Invoice link has redirected to correct page
13:06:09.447 [TestNG-test=Test-1] INFO  Dealership.POM - Deposits link is visible
13:06:19.523 [TestNG-test=Test-1] INFO  Dealership.POM - The page title is - Advanced Search
13:06:29.589 [TestNG-test=Test-1] INFO  Dealership.POM - Search tag is visible
13:06:29.609 [TestNG-test=Test-1] INFO  Dealership.POM - The Payments link has redirected to correct page
13:06:42.229 [TestNG-test=Test-1] INFO  Dealership.POM - Balance_Due link is visible
13:06:52.304 [TestNG-test=Test-1] INFO  Dealership.POM - The page title is - Advanced Search
13:07:02.544 [TestNG-test=Test-1] INFO  Dealership.POM - Search tag is visible
13:07:02.627 [TestNG-test=Test-1] INFO  Dealership.POM - The New Customers link has redirected to correct page
13:07:02.627 [TestNG-test=Test-1] INFO  Dealership.POM - Test case Customer_Orders passes successfully
13:07:02.629 [TestNG-test=Test-1] INFO  Dealership.POM - Running Test : Activity_Feed
13:07:06.070 [TestNG-test=Test-1] INFO  Dealership.POM - Windows maximized
13:07:08.216 [TestNG-test=Test-1] INFO  Dealership.POM - URL entered
13:07:08.296 [TestNG-test=Test-1] INFO  Dealership.POM - Username field is visible
13:07:08.466 [TestNG-test=Test-1] INFO  Dealership.POM - Password field is visible
13:07:08.578 [TestNG-test=Test-1] INFO  Dealership.POM - Login Button is visible
13:07:21.376 [TestNG-test=Test-1] INFO  Dealership.POM - Login Button is clicked
13:07:46.450 [TestNG-test=Test-1] INFO  Dealership.POM - Activity_Feed tab is visible
13:07:46.495 [TestNG-test=Test-1] INFO  Dealership.POM - MyActivity link is visible
13:07:46.578 [TestNG-test=Test-1] INFO  Dealership.POM - MyActivity link is clickable
13:07:46.620 [TestNG-test=Test-1] INFO  Dealership.POM - StoreActivity link is visible
13:07:46.681 [TestNG-test=Test-1] INFO  Dealership.POM - StoreActivity link is clickable
13:07:46.681 [TestNG-test=Test-1] INFO  Dealership.POM - Test case Activity_Feed passes successfully
11:26:38.301 [main] INFO  Dealership.POM - Running Test : sell
11:26:50.093 [main] INFO  Dealership.POM - Windows maximized
11:26:52.379 [main] INFO  Dealership.POM - URL entered
11:26:52.498 [main] INFO  Dealership.POM - Username field is visible
11:26:52.711 [main] INFO  Dealership.POM - Password field is visible
11:26:52.859 [main] INFO  Dealership.POM - Login Button is visible
11:27:08.228 [main] INFO  Dealership.POM - Login Button is clicked
11:27:33.355 [main] INFO  Dealership.POM - Sell link is visible
11:27:34.368 [main] INFO  Dealership.POM - Sell link is clickable
11:27:34.733 [main] FATAL Dealership.POM - Test Failed - screenshot captured for Method : sell
11:34:15.007 [main] INFO  Dealership.POM - Running Test : sell
11:34:23.473 [main] INFO  Dealership.POM - Windows maximized
11:34:25.561 [main] INFO  Dealership.POM - URL entered
11:34:25.720 [main] INFO  Dealership.POM - Username field is visible
11:34:26.023 [main] INFO  Dealership.POM - Password field is visible
11:34:26.310 [main] INFO  Dealership.POM - Login Button is visible
11:34:26.643 [main] INFO  Dealership.POM - Login Button is clicked
11:34:51.970 [main] FATAL Dealership.POM - Test Failed - screenshot captured for Method : sell
11:37:43.946 [main] INFO  Dealership.POM - Running Test : sell
11:37:49.949 [main] INFO  Dealership.POM - Windows maximized
11:37:51.872 [main] INFO  Dealership.POM - URL entered
11:37:52.039 [main] INFO  Dealership.POM - Username field is visible
11:37:52.248 [main] INFO  Dealership.POM - Password field is visible
11:37:52.535 [main] INFO  Dealership.POM - Login Button is visible
11:38:09.037 [main] INFO  Dealership.POM - Login Button is clicked
11:38:34.164 [main] INFO  Dealership.POM - Sell link is visible
11:38:35.190 [main] INFO  Dealership.POM - Sell link is clickable
11:38:35.832 [main] FATAL Dealership.POM - Test Failed - screenshot captured for Method : sell
11:43:48.051 [main] INFO  Dealership.POM - Running Test : sell
11:43:53.916 [main] INFO  Dealership.POM - Windows maximized
11:43:55.949 [main] INFO  Dealership.POM - URL entered
11:43:56.121 [main] INFO  Dealership.POM - Username field is visible
11:43:56.499 [main] INFO  Dealership.POM - Password field is visible
11:43:56.661 [main] INFO  Dealership.POM - Login Button is visible
11:43:57.123 [main] INFO  Dealership.POM - Login Button is clicked
11:44:22.256 [main] INFO  Dealership.POM - Sell link is visible
11:44:22.328 [main] INFO  Dealership.POM - Sell link is clickable
11:45:12.884 [main] FATAL Dealership.POM - Test Failed - screenshot captured for Method : sell
12:09:32.352 [main] INFO  Dealership.POM - Running Test : sell
12:09:38.889 [main] INFO  Dealership.POM - Windows maximized
12:09:41.114 [main] INFO  Dealership.POM - URL entered
12:09:41.298 [main] INFO  Dealership.POM - Username field is visible
12:09:41.518 [main] INFO  Dealership.POM - Password field is visible
12:09:41.675 [main] INFO  Dealership.POM - Login Button is visible
12:09:58.936 [main] INFO  Dealership.POM - Login Button is clicked
12:10:24.059 [main] INFO  Dealership.POM - Sell link is visible
12:10:25.072 [main] INFO  Dealership.POM - Sell link is clickable
12:10:25.322 [main] INFO  Dealership.POM - Select Customer Dropdown is visible
12:10:25.814 [main] FATAL Dealership.POM - Test Failed - screenshot captured for Method : sell
12:12:49.146 [main] INFO  Dealership.POM - Running Test : sell
12:12:55.249 [main] INFO  Dealership.POM - Windows maximized
12:12:57.361 [main] INFO  Dealership.POM - URL entered
12:12:57.554 [main] INFO  Dealership.POM - Username field is visible
12:12:57.777 [main] INFO  Dealership.POM - Password field is visible
12:12:58.035 [main] INFO  Dealership.POM - Login Button is visible
12:13:08.161 [main] INFO  Dealership.POM - Login Button is clicked
12:13:33.308 [main] INFO  Dealership.POM - Sell link is visible
12:13:34.331 [main] INFO  Dealership.POM - Sell link is clickable
12:13:34.829 [main] INFO  Dealership.POM - Select Customer Dropdown is visible
12:13:35.065 [main] INFO  Dealership.POM - Select Customer Field is visible
12:13:35.456 [main] FATAL Dealership.POM - Test Failed - screenshot captured for Method : sell
12:40:25.640 [main] INFO  Dealership.POM - Running Test : sell
12:40:33.928 [main] INFO  Dealership.POM - Windows maximized
12:40:36.202 [main] INFO  Dealership.POM - URL entered
12:40:36.367 [main] INFO  Dealership.POM - Username field is visible
12:40:36.835 [main] INFO  Dealership.POM - Password field is visible
12:40:37.092 [main] INFO  Dealership.POM - Login Button is visible
12:40:54.385 [main] INFO  Dealership.POM - Login Button is clicked
12:41:19.523 [main] INFO  Dealership.POM - Sell link is visible
12:41:20.598 [main] INFO  Dealership.POM - Sell link is clickable
12:41:20.933 [main] INFO  Dealership.POM - Select Customer Dropdown is visible
12:41:22.817 [main] INFO  Dealership.POM - Select Customer Field is visible
12:41:23.140 [main] FATAL Dealership.POM - Test Failed - screenshot captured for Method : sell
12:42:18.647 [main] INFO  Dealership.POM - Running Test : sell
12:42:24.721 [main] INFO  Dealership.POM - Windows maximized
12:42:27.212 [main] INFO  Dealership.POM - URL entered
12:42:27.335 [main] INFO  Dealership.POM - Username field is visible
12:42:27.548 [main] INFO  Dealership.POM - Password field is visible
12:42:27.728 [main] INFO  Dealership.POM - Login Button is visible
12:42:45.578 [main] INFO  Dealership.POM - Login Button is clicked
12:43:10.844 [main] INFO  Dealership.POM - Sell link is visible
12:43:11.889 [main] INFO  Dealership.POM - Sell link is clickable
12:43:12.228 [main] INFO  Dealership.POM - Select Customer Dropdown is visible
12:43:14.563 [main] INFO  Dealership.POM - Select Customer Field is visible
12:43:14.875 [main] FATAL Dealership.POM - Test Failed - screenshot captured for Method : sell
12:46:47.673 [main] INFO  Dealership.POM - Running Test : sell
12:46:53.679 [main] INFO  Dealership.POM - Windows maximized
12:46:58.615 [main] INFO  Dealership.POM - URL entered
12:46:58.755 [main] INFO  Dealership.POM - Username field is visible
12:46:58.973 [main] INFO  Dealership.POM - Password field is visible
12:46:59.142 [main] INFO  Dealership.POM - Login Button is visible
12:47:34.646 [main] INFO  Dealership.POM - Login Button is clicked
12:47:59.768 [main] INFO  Dealership.POM - Sell link is visible
12:48:00.913 [main] INFO  Dealership.POM - Sell link is clickable
12:48:01.097 [main] INFO  Dealership.POM - Select Customer Dropdown is visible
12:48:02.923 [main] INFO  Dealership.POM - Select Customer Field is visible
12:48:03.280 [main] FATAL Dealership.POM - Test Failed - screenshot captured for Method : sell
12:51:09.894 [main] INFO  Dealership.POM - Running Test : sell
12:51:16.544 [main] INFO  Dealership.POM - Windows maximized
12:51:18.424 [main] INFO  Dealership.POM - URL entered
12:51:18.591 [main] INFO  Dealership.POM - Username field is visible
12:51:18.918 [main] INFO  Dealership.POM - Password field is visible
12:51:19.194 [main] INFO  Dealership.POM - Login Button is visible
12:51:35.347 [main] INFO  Dealership.POM - Login Button is clicked
12:52:00.472 [main] INFO  Dealership.POM - Sell link is visible
12:52:01.470 [main] INFO  Dealership.POM - Sell link is clickable
12:52:01.784 [main] INFO  Dealership.POM - Select Customer Dropdown is visible
12:52:03.647 [main] INFO  Dealership.POM - Select Customer Field is visible
12:52:08.963 [main] FATAL Dealership.POM - Test Failed - screenshot captured for Method : sell
12:52:53.442 [main] INFO  Dealership.POM - Running Test : sell
12:52:59.205 [main] INFO  Dealership.POM - Windows maximized
12:53:01.399 [main] INFO  Dealership.POM - URL entered
12:53:01.564 [main] INFO  Dealership.POM - Username field is visible
12:53:01.779 [main] INFO  Dealership.POM - Password field is visible
12:53:02.024 [main] INFO  Dealership.POM - Login Button is visible
12:53:17.844 [main] INFO  Dealership.POM - Login Button is clicked
12:53:42.951 [main] INFO  Dealership.POM - Sell link is visible
12:53:43.950 [main] INFO  Dealership.POM - Sell link is clickable
12:53:44.223 [main] INFO  Dealership.POM - Select Customer Dropdown is visible
12:53:46.046 [main] INFO  Dealership.POM - Select Customer Field is visible
12:53:56.425 [main] INFO  Dealership.POM - CustomerInfo is visible
12:54:16.968 [main] FATAL Dealership.POM - Test Failed - screenshot captured for Method : sell
12:56:24.028 [main] INFO  Dealership.POM - Running Test : sell
12:56:29.990 [main] INFO  Dealership.POM - Windows maximized
12:56:32.394 [main] INFO  Dealership.POM - URL entered
12:56:32.563 [main] INFO  Dealership.POM - Username field is visible
12:56:32.847 [main] INFO  Dealership.POM - Password field is visible
12:56:33.050 [main] INFO  Dealership.POM - Login Button is visible
12:56:49.441 [main] INFO  Dealership.POM - Login Button is clicked
12:57:14.586 [main] INFO  Dealership.POM - Sell link is visible
12:57:15.619 [main] INFO  Dealership.POM - Sell link is clickable
12:57:15.876 [main] INFO  Dealership.POM - Select Customer Dropdown is visible
12:57:17.724 [main] INFO  Dealership.POM - Select Customer Field is visible
12:57:28.123 [main] INFO  Dealership.POM - CustomerInfo is visible
12:57:48.479 [main] INFO  Dealership.POM - SellPartandAccs button is visible
12:57:48.968 [main] FATAL Dealership.POM - Test Failed - screenshot captured for Method : sell
12:59:25.389 [main] INFO  Dealership.POM - Running Test : sell
12:59:32.526 [main] INFO  Dealership.POM - Windows maximized
12:59:34.936 [main] INFO  Dealership.POM - URL entered
12:59:35.088 [main] INFO  Dealership.POM - Username field is visible
12:59:35.380 [main] INFO  Dealership.POM - Password field is visible
12:59:35.870 [main] INFO  Dealership.POM - Login Button is visible
12:59:45.880 [main] INFO  Dealership.POM - Login Button is clicked
13:00:10.999 [main] INFO  Dealership.POM - Sell link is visible
13:00:12.170 [main] INFO  Dealership.POM - Sell link is clickable
13:00:12.744 [main] INFO  Dealership.POM - Select Customer Dropdown is visible
13:00:13.049 [main] INFO  Dealership.POM - Select Customer Field is visible
13:00:23.475 [main] INFO  Dealership.POM - CustomerInfo is visible
13:00:43.896 [main] INFO  Dealership.POM - SellPartandAccs button is visible
13:00:45.292 [main] INFO  Dealership.POM - Searchbox is visible
13:01:06.052 [main] FATAL Dealership.POM - Test Failed - screenshot captured for Method : sell
13:02:09.842 [main] INFO  Dealership.POM - Running Test : sell
13:02:15.865 [main] INFO  Dealership.POM - Windows maximized
13:02:17.949 [main] INFO  Dealership.POM - URL entered
13:02:18.131 [main] INFO  Dealership.POM - Username field is visible
13:02:18.379 [main] INFO  Dealership.POM - Password field is visible
13:02:19.131 [main] INFO  Dealership.POM - Login Button is visible
13:02:35.606 [main] INFO  Dealership.POM - Login Button is clicked
13:03:00.696 [main] INFO  Dealership.POM - Sell link is visible
13:03:01.721 [main] INFO  Dealership.POM - Sell link is clickable
13:03:01.999 [main] INFO  Dealership.POM - Select Customer Dropdown is visible
13:03:03.816 [main] INFO  Dealership.POM - Select Customer Field is visible
13:03:14.165 [main] INFO  Dealership.POM - CustomerInfo is visible
13:03:34.487 [main] INFO  Dealership.POM - SellPartandAccs button is visible
13:03:37.384 [main] INFO  Dealership.POM - Searchbox is visible
13:04:28.609 [main] FATAL Dealership.POM - Test Failed - screenshot captured for Method : sell
13:11:31.755 [main] INFO  Dealership.POM - Running Test : sell
13:11:40.401 [main] INFO  Dealership.POM - Windows maximized
13:11:43.428 [main] INFO  Dealership.POM - URL entered
13:11:43.609 [main] INFO  Dealership.POM - Username field is visible
13:11:43.907 [main] INFO  Dealership.POM - Password field is visible
13:11:44.118 [main] INFO  Dealership.POM - Login Button is visible
13:12:22.143 [main] INFO  Dealership.POM - Login Button is clicked
13:12:47.285 [main] INFO  Dealership.POM - Sell link is visible
13:12:49.812 [main] INFO  Dealership.POM - Sell link is clickable
13:12:50.209 [main] INFO  Dealership.POM - Select Customer Dropdown is visible
13:12:51.677 [main] INFO  Dealership.POM - Select Customer Field is visible
13:13:02.422 [main] INFO  Dealership.POM - CustomerInfo is visible
13:13:22.892 [main] INFO  Dealership.POM - SellPartandAccs button is visible
13:13:24.862 [main] INFO  Dealership.POM - Searchbox is visible
13:13:35.546 [main] INFO  Dealership.POM - SearchList is visible
13:13:56.888 [main] FATAL Dealership.POM - Test Failed - screenshot captured for Method : sell
13:17:00.313 [main] INFO  Dealership.POM - Running Test : sell
13:17:06.575 [main] INFO  Dealership.POM - Windows maximized
13:17:08.793 [main] INFO  Dealership.POM - URL entered
13:17:09.186 [main] INFO  Dealership.POM - Username field is visible
13:17:09.959 [main] INFO  Dealership.POM - Password field is visible
13:17:12.613 [main] INFO  Dealership.POM - Login Button is visible
13:17:30.524 [main] INFO  Dealership.POM - Login Button is clicked
13:17:55.621 [main] INFO  Dealership.POM - Sell link is visible
13:17:58.115 [main] INFO  Dealership.POM - Sell link is clickable
13:17:58.548 [main] INFO  Dealership.POM - Select Customer Dropdown is visible
13:18:00.495 [main] INFO  Dealership.POM - Select Customer Field is visible
13:18:10.975 [main] INFO  Dealership.POM - CustomerInfo is visible
13:18:31.336 [main] INFO  Dealership.POM - SellPartandAccs button is visible
13:18:33.812 [main] INFO  Dealership.POM - Searchbox is visible
13:18:44.265 [main] INFO  Dealership.POM - SearchList is visible
13:19:05.042 [main] FATAL Dealership.POM - Test Failed - screenshot captured for Method : sell
13:22:13.651 [main] INFO  Dealership.POM - Running Test : sell
13:22:21.678 [main] INFO  Dealership.POM - Windows maximized
13:22:24.040 [main] INFO  Dealership.POM - URL entered
13:22:24.202 [main] INFO  Dealership.POM - Username field is visible
13:22:24.520 [main] INFO  Dealership.POM - Password field is visible
13:22:24.985 [main] INFO  Dealership.POM - Login Button is visible
13:22:41.883 [main] INFO  Dealership.POM - Login Button is clicked
13:23:06.984 [main] INFO  Dealership.POM - Sell link is visible
13:23:08.342 [main] INFO  Dealership.POM - Sell link is clickable
13:23:08.674 [main] INFO  Dealership.POM - Select Customer Dropdown is visible
13:23:10.278 [main] INFO  Dealership.POM - Select Customer Field is visible
13:23:20.720 [main] INFO  Dealership.POM - CustomerInfo is visible
13:23:41.110 [main] INFO  Dealership.POM - SellPartandAccs button is visible
13:23:42.465 [main] INFO  Dealership.POM - Searchbox is visible
13:23:52.949 [main] INFO  Dealership.POM - Merchentity is visible
13:24:13.497 [main] INFO  Dealership.POM - Feeentity is visible
13:24:34.045 [main] INFO  Dealership.POM - Kitentity is visible
13:24:44.321 [main] INFO  Dealership.POM - Checkout_Button is visible
13:25:15.023 [main] INFO  Dealership.POM - Payment option is visible
13:25:15.115 [main] INFO  Dealership.POM - Payment option is selected
13:25:15.215 [main] INFO  Dealership.POM - AddPayment Button is visible
13:25:15.375 [main] INFO  Dealership.POM - AddPayment Button is clicked
13:25:25.435 [main] INFO  Dealership.POM - Finalize Button is visible
13:25:25.531 [main] INFO  Dealership.POM - Finalize Button is clicked
13:25:35.580 [main] INFO  Dealership.POM - Invoice Window is visible
13:25:35.880 [main] FATAL Dealership.POM - Test Failed - screenshot captured for Method : sell
13:45:33.381 [main] INFO  Dealership.POM - Running Test : sell
13:45:41.872 [main] INFO  Dealership.POM - Windows maximized
13:45:43.976 [main] INFO  Dealership.POM - URL entered
13:45:44.096 [main] INFO  Dealership.POM - Username field is visible
13:45:44.284 [main] INFO  Dealership.POM - Password field is visible
13:45:44.413 [main] INFO  Dealership.POM - Login Button is visible
13:46:17.078 [main] INFO  Dealership.POM - Login Button is clicked
13:46:42.186 [main] INFO  Dealership.POM - Sell link is visible
13:46:43.352 [main] INFO  Dealership.POM - Sell link is clickable
13:46:43.743 [main] INFO  Dealership.POM - Select Customer Dropdown is visible
13:46:45.119 [main] INFO  Dealership.POM - Select Customer Field is visible
13:46:55.690 [main] INFO  Dealership.POM - CustomerInfo is visible
13:47:16.011 [main] INFO  Dealership.POM - SellPartandAccs button is visible
13:47:17.829 [main] INFO  Dealership.POM - Searchbox is visible
13:47:28.208 [main] INFO  Dealership.POM - Merchentity is visible
13:47:48.610 [main] INFO  Dealership.POM - Feeentity is visible
13:48:09.043 [main] INFO  Dealership.POM - Kitentity is visible
13:48:19.291 [main] INFO  Dealership.POM - Checkout_Button is visible
13:48:49.975 [main] INFO  Dealership.POM - Payment option is visible
13:48:50.053 [main] INFO  Dealership.POM - Payment option is selected
13:48:50.099 [main] INFO  Dealership.POM - AddPayment Button is visible
13:48:50.226 [main] INFO  Dealership.POM - AddPayment Button is clicked
13:49:00.292 [main] INFO  Dealership.POM - Finalize Button is visible
13:49:00.417 [main] INFO  Dealership.POM - Finalize Button is clicked
13:49:10.470 [main] INFO  Dealership.POM - Invoice Window is visible
13:49:10.825 [main] FATAL Dealership.POM - Test Failed - screenshot captured for Method : sell
15:13:54.894 [main] INFO  Dealership.POM - Running Test : sell
15:14:03.191 [main] INFO  Dealership.POM - Windows maximized
15:14:05.585 [main] INFO  Dealership.POM - URL entered
15:14:05.709 [main] INFO  Dealership.POM - Username field is visible
15:14:05.915 [main] INFO  Dealership.POM - Password field is visible
15:14:06.045 [main] INFO  Dealership.POM - Login Button is visible
15:14:26.356 [main] INFO  Dealership.POM - Login Button is clicked
15:14:51.448 [main] INFO  Dealership.POM - Sell link is visible
15:14:52.544 [main] INFO  Dealership.POM - Sell link is clickable
15:14:52.788 [main] INFO  Dealership.POM - Select Customer Dropdown is visible
15:14:54.647 [main] INFO  Dealership.POM - Select Customer Field is visible
15:15:05.029 [main] INFO  Dealership.POM - CustomerInfo is visible
15:15:25.387 [main] INFO  Dealership.POM - SellPartandAccs button is visible
15:15:27.344 [main] INFO  Dealership.POM - Searchbox is visible
15:15:37.731 [main] INFO  Dealership.POM - Merchentity is visible
15:15:58.217 [main] INFO  Dealership.POM - Feeentity is visible
15:16:18.593 [main] INFO  Dealership.POM - Kitentity is visible
15:16:28.890 [main] INFO  Dealership.POM - Checkout_Button is visible
15:16:59.466 [main] INFO  Dealership.POM - Payment option is visible
15:16:59.638 [main] INFO  Dealership.POM - Payment option is selected
15:16:59.737 [main] INFO  Dealership.POM - AddPayment Button is visible
15:16:59.856 [main] INFO  Dealership.POM - AddPayment Button is clicked
15:17:09.911 [main] INFO  Dealership.POM - Finalize Button is visible
15:17:09.998 [main] INFO  Dealership.POM - Finalize Button is clicked
15:17:20.120 [main] INFO  Dealership.POM - Invoice Window is visible
15:17:20.277 [main] INFO  Dealership.POM - Invoice Close Button is visible
15:17:20.543 [main] FATAL Dealership.POM - Test Failed - screenshot captured for Method : sell
15:23:42.025 [main] INFO  Dealership.POM - Running Test : sell
15:23:47.866 [main] INFO  Dealership.POM - Windows maximized
15:23:49.850 [main] INFO  Dealership.POM - URL entered
15:23:49.965 [main] INFO  Dealership.POM - Username field is visible
15:23:50.175 [main] INFO  Dealership.POM - Password field is visible
15:23:50.324 [main] INFO  Dealership.POM - Login Button is visible
15:24:06.818 [main] INFO  Dealership.POM - Login Button is clicked
15:24:31.904 [main] INFO  Dealership.POM - Sell link is visible
15:24:32.921 [main] INFO  Dealership.POM - Sell link is clickable
15:24:33.205 [main] INFO  Dealership.POM - Select Customer Dropdown is visible
15:24:34.516 [main] INFO  Dealership.POM - Select Customer Field is visible
15:24:44.871 [main] INFO  Dealership.POM - CustomerInfo is visible
15:25:05.158 [main] INFO  Dealership.POM - SellPartandAccs button is visible
15:25:08.006 [main] INFO  Dealership.POM - Searchbox is visible
15:25:18.235 [main] INFO  Dealership.POM - Kitentity is visible
15:25:28.480 [main] INFO  Dealership.POM - Checkout_Button is visible
15:25:59.091 [main] INFO  Dealership.POM - Payment option is visible
15:25:59.167 [main] INFO  Dealership.POM - Payment option is selected
15:25:59.529 [main] FATAL Dealership.POM - Test Failed - screenshot captured for Method : sell
15:29:39.070 [main] INFO  Dealership.POM - Running Test : sell
15:29:45.967 [main] INFO  Dealership.POM - Windows maximized
15:29:48.040 [main] INFO  Dealership.POM - URL entered
15:29:48.183 [main] INFO  Dealership.POM - Username field is visible
15:29:48.424 [main] INFO  Dealership.POM - Password field is visible
15:29:48.686 [main] INFO  Dealership.POM - Login Button is visible
15:30:05.275 [main] INFO  Dealership.POM - Login Button is clicked
15:30:30.368 [main] INFO  Dealership.POM - Sell link is visible
15:30:31.510 [main] INFO  Dealership.POM - Sell link is clickable
15:30:31.784 [main] INFO  Dealership.POM - Select Customer Dropdown is visible
15:30:33.169 [main] INFO  Dealership.POM - Select Customer Field is visible
15:30:43.527 [main] INFO  Dealership.POM - CustomerInfo is visible
15:31:03.833 [main] INFO  Dealership.POM - SellPartandAccs button is visible
15:31:05.650 [main] INFO  Dealership.POM - Searchbox is visible
15:31:16.023 [main] INFO  Dealership.POM - Merchentity is visible
15:31:36.418 [main] INFO  Dealership.POM - Feeentity is visible
15:31:56.875 [main] INFO  Dealership.POM - Kitentity is visible
15:32:07.126 [main] INFO  Dealership.POM - Checkout_Button is visible
15:32:37.695 [main] INFO  Dealership.POM - Payment option is visible
15:32:37.771 [main] INFO  Dealership.POM - Payment option is selected
15:32:37.820 [main] INFO  Dealership.POM - AddPayment Button is visible
15:32:37.948 [main] INFO  Dealership.POM - AddPayment Button is clicked
15:32:47.998 [main] INFO  Dealership.POM - Finalize Button is visible
15:32:48.083 [main] INFO  Dealership.POM - Finalize Button is clicked
15:32:58.137 [main] INFO  Dealership.POM - Invoice Window is visible
15:33:18.739 [main] FATAL Dealership.POM - Test Failed - screenshot captured for Method : sell
16:40:26.436 [main] INFO  Dealership.POM - Running Test : servicejob
16:41:21.561 [main] INFO  Dealership.POM - Running Test : servicejob
16:41:31.389 [main] INFO  Dealership.POM - Windows maximized
16:41:33.512 [main] INFO  Dealership.POM - URL entered
16:41:33.655 [main] INFO  Dealership.POM - Username field is visible
16:41:34.087 [main] INFO  Dealership.POM - Password field is visible
16:41:34.643 [main] INFO  Dealership.POM - Login Button is visible
16:41:53.050 [main] INFO  Dealership.POM - Login Button is clicked
16:42:18.161 [main] INFO  Dealership.POM - Sell link is visible
16:42:18.228 [main] INFO  Dealership.POM - Sell link is clickable
16:42:19.337 [main] INFO  Dealership.POM - Select Customer Dropdown is visible
16:42:21.660 [main] INFO  Dealership.POM - Select Customer Field is visible
16:42:32.014 [main] INFO  Dealership.POM - CustomerInfo is visible
16:42:52.617 [main] FATAL Dealership.POM - Test Failed - screenshot captured for Method : servicejob
16:43:52.719 [main] INFO  Dealership.POM - Running Test : servicejob
16:43:58.530 [main] INFO  Dealership.POM - Windows maximized
16:44:00.474 [main] INFO  Dealership.POM - URL entered
16:44:00.610 [main] INFO  Dealership.POM - Username field is visible
16:44:01.392 [main] INFO  Dealership.POM - Password field is visible
16:44:02.255 [main] INFO  Dealership.POM - Login Button is visible
16:44:20.605 [main] INFO  Dealership.POM - Login Button is clicked
16:44:45.750 [main] INFO  Dealership.POM - Sell link is visible
16:44:47.231 [main] INFO  Dealership.POM - Sell link is clickable
16:44:47.503 [main] INFO  Dealership.POM - Select Customer Dropdown is visible
16:44:49.446 [main] INFO  Dealership.POM - Select Customer Field is visible
16:44:59.798 [main] INFO  Dealership.POM - CustomerInfo is visible
16:45:20.311 [main] FATAL Dealership.POM - Test Failed - screenshot captured for Method : servicejob
16:56:29.338 [main] INFO  Dealership.POM - Running Test : servicejob
16:56:35.900 [main] INFO  Dealership.POM - Windows maximized
16:56:37.955 [main] INFO  Dealership.POM - URL entered
16:56:38.083 [main] INFO  Dealership.POM - Username field is visible
16:56:38.876 [main] INFO  Dealership.POM - Password field is visible
16:56:39.297 [main] INFO  Dealership.POM - Login Button is visible
16:56:58.179 [main] INFO  Dealership.POM - Login Button is clicked
16:57:23.356 [main] INFO  Dealership.POM - Sell link is visible
16:57:24.405 [main] INFO  Dealership.POM - Sell link is clickable
16:57:24.593 [main] INFO  Dealership.POM - Select Customer Dropdown is visible
16:57:26.520 [main] INFO  Dealership.POM - Select Customer Field is visible
16:57:36.950 [main] INFO  Dealership.POM - CustomerInfo is visible
16:57:57.741 [main] FATAL Dealership.POM - Test Failed - screenshot captured for Method : servicejob
16:59:51.938 [main] INFO  Dealership.POM - Running Test : sell
16:59:58.198 [main] INFO  Dealership.POM - Windows maximized
17:00:00.794 [main] INFO  Dealership.POM - URL entered
17:00:01.036 [main] INFO  Dealership.POM - Username field is visible
17:00:02.062 [main] INFO  Dealership.POM - Password field is visible
17:00:02.608 [main] INFO  Dealership.POM - Login Button is visible
17:00:18.893 [main] INFO  Dealership.POM - Login Button is clicked
17:00:44.082 [main] INFO  Dealership.POM - Sell link is visible
17:00:45.074 [main] INFO  Dealership.POM - Sell link is clickable
17:00:45.305 [main] INFO  Dealership.POM - Select Customer Dropdown is visible
17:00:47.276 [main] INFO  Dealership.POM - Select Customer Field is visible
17:00:57.669 [main] INFO  Dealership.POM - CustomerInfo is visible
17:01:18.117 [main] INFO  Dealership.POM - SellPartandAccs button is visible
17:01:19.490 [main] INFO  Dealership.POM - Searchbox is visible
17:06:01.640 [main] INFO  Dealership.POM - Running Test : sell
17:06:15.670 [main] INFO  Dealership.POM - Windows maximized
17:06:17.900 [main] INFO  Dealership.POM - URL entered
17:06:18.073 [main] INFO  Dealership.POM - Username field is visible
17:06:19.391 [main] INFO  Dealership.POM - Password field is visible
17:06:20.040 [main] INFO  Dealership.POM - Login Button is visible
17:06:34.689 [main] INFO  Dealership.POM - Login Button is clicked
17:06:59.872 [main] INFO  Dealership.POM - Sell link is visible
17:07:01.198 [main] INFO  Dealership.POM - Sell link is clickable
17:07:01.432 [main] INFO  Dealership.POM - Select Customer Dropdown is visible
17:07:02.783 [main] INFO  Dealership.POM - Select Customer Field is visible
17:07:13.245 [main] INFO  Dealership.POM - CustomerInfo is visible
17:07:33.876 [main] FATAL Dealership.POM - Test Failed - screenshot captured for Method : sell
17:08:12.482 [main] INFO  Dealership.POM - Running Test : servicejob
17:08:19.450 [main] INFO  Dealership.POM - Windows maximized
17:08:21.362 [main] INFO  Dealership.POM - URL entered
17:08:21.514 [main] INFO  Dealership.POM - Username field is visible
17:08:22.597 [main] INFO  Dealership.POM - Password field is visible
17:08:23.574 [main] INFO  Dealership.POM - Login Button is visible
17:08:39.878 [main] INFO  Dealership.POM - Login Button is clicked
17:09:05.037 [main] INFO  Dealership.POM - Sell link is visible
17:09:05.118 [main] INFO  Dealership.POM - Sell link is clickable
17:09:06.548 [main] INFO  Dealership.POM - Select Customer Dropdown is visible
17:09:07.984 [main] INFO  Dealership.POM - Select Customer Field is visible
17:09:18.399 [main] INFO  Dealership.POM - CustomerInfo is visible
17:09:38.826 [main] INFO  Dealership.POM - ServiceJob button is visible
17:09:40.349 [main] INFO  Dealership.POM - ServiceJobStatus is visible
17:09:40.380 [main] INFO  Dealership.POM - ServiceJobStatus is Status: New
17:09:40.482 [main] INFO  Dealership.POM - ServiceJobDropdown is visible
17:09:40.966 [main] FATAL Dealership.POM - Test Failed - screenshot captured for Method : servicejob
17:11:41.737 [main] INFO  Dealership.POM - Running Test : servicejob
17:11:47.915 [main] INFO  Dealership.POM - Windows maximized
17:11:49.879 [main] INFO  Dealership.POM - URL entered
17:11:50.034 [main] INFO  Dealership.POM - Username field is visible
17:11:50.317 [main] INFO  Dealership.POM - Password field is visible
17:11:50.551 [main] INFO  Dealership.POM - Login Button is visible
17:12:06.895 [main] INFO  Dealership.POM - Login Button is clicked
17:12:32.106 [main] INFO  Dealership.POM - Sell link is visible
17:12:33.096 [main] INFO  Dealership.POM - Sell link is clickable
17:12:33.335 [main] INFO  Dealership.POM - Select Customer Dropdown is visible
17:12:35.237 [main] INFO  Dealership.POM - Select Customer Field is visible
17:12:45.667 [main] INFO  Dealership.POM - CustomerInfo is visible
17:13:06.320 [main] FATAL Dealership.POM - Test Failed - screenshot captured for Method : servicejob
17:14:30.400 [main] INFO  Dealership.POM - Running Test : servicejob
17:14:36.604 [main] INFO  Dealership.POM - Windows maximized
17:14:38.636 [main] INFO  Dealership.POM - URL entered
17:14:38.819 [main] INFO  Dealership.POM - Username field is visible
17:14:39.684 [main] INFO  Dealership.POM - Password field is visible
17:14:39.910 [main] INFO  Dealership.POM - Login Button is visible
17:14:55.710 [main] INFO  Dealership.POM - Login Button is clicked
17:15:20.890 [main] INFO  Dealership.POM - Sell link is visible
17:15:22.034 [main] INFO  Dealership.POM - Sell link is clickable
17:15:22.260 [main] INFO  Dealership.POM - Select Customer Dropdown is visible
17:15:23.522 [main] INFO  Dealership.POM - Select Customer Field is visible
17:15:33.943 [main] INFO  Dealership.POM - CustomerInfo is visible
17:15:54.574 [main] FATAL Dealership.POM - Test Failed - screenshot captured for Method : servicejob
17:19:00.948 [main] INFO  Dealership.POM - Running Test : servicejob
17:19:09.705 [main] INFO  Dealership.POM - Windows maximized
17:19:12.475 [main] INFO  Dealership.POM - URL entered
17:19:12.818 [main] INFO  Dealership.POM - Username field is visible
17:19:13.394 [main] INFO  Dealership.POM - Password field is visible
17:19:14.539 [main] INFO  Dealership.POM - Login Button is visible
17:19:30.930 [main] INFO  Dealership.POM - Login Button is clicked
17:19:56.168 [main] INFO  Dealership.POM - Sell link is visible
17:19:57.385 [main] INFO  Dealership.POM - Sell link is clickable
17:19:57.622 [main] INFO  Dealership.POM - Select Customer Dropdown is visible
17:19:59.675 [main] INFO  Dealership.POM - Select Customer Field is visible
17:20:10.280 [main] INFO  Dealership.POM - CustomerInfo is visible
17:20:31.044 [main] FATAL Dealership.POM - Test Failed - screenshot captured for Method : servicejob
17:21:09.473 [main] INFO  Dealership.POM - Running Test : servicejob
17:21:17.617 [main] INFO  Dealership.POM - Windows maximized
17:21:20.364 [main] INFO  Dealership.POM - URL entered
17:21:20.470 [main] INFO  Dealership.POM - Username field is visible
17:21:21.846 [main] INFO  Dealership.POM - Password field is visible
17:21:22.985 [main] INFO  Dealership.POM - Login Button is visible
17:21:38.320 [main] INFO  Dealership.POM - Login Button is clicked
17:22:03.471 [main] INFO  Dealership.POM - Sell link is visible
17:22:04.741 [main] INFO  Dealership.POM - Sell link is clickable
17:22:05.177 [main] INFO  Dealership.POM - Select Customer Dropdown is visible
17:22:07.220 [main] INFO  Dealership.POM - Select Customer Field is visible
17:22:17.881 [main] INFO  Dealership.POM - CustomerInfo is visible
17:22:38.313 [main] INFO  Dealership.POM - ServiceJob button is visible
17:22:40.232 [main] INFO  Dealership.POM - ServiceJobStatus is visible
17:22:40.262 [main] INFO  Dealership.POM - ServiceJobStatus is Status: New
17:22:40.354 [main] INFO  Dealership.POM - ServiceJobDropdown is visible
17:22:40.834 [main] FATAL Dealership.POM - Test Failed - screenshot captured for Method : servicejob
17:26:44.450 [main] INFO  Dealership.POM - Running Test : servicejob
17:26:50.737 [main] INFO  Dealership.POM - Windows maximized
17:26:52.623 [main] INFO  Dealership.POM - URL entered
17:26:52.821 [main] INFO  Dealership.POM - Username field is visible
17:26:53.235 [main] INFO  Dealership.POM - Password field is visible
17:26:53.475 [main] INFO  Dealership.POM - Login Button is visible
17:26:54.025 [main] INFO  Dealership.POM - Login Button is clicked
17:27:19.233 [main] INFO  Dealership.POM - Sell link is visible
17:27:19.319 [main] INFO  Dealership.POM - Sell link is clickable
17:27:26.807 [main] INFO  Dealership.POM - Select Customer Dropdown is visible
17:27:27.050 [main] INFO  Dealership.POM - Select Customer Field is visible
17:27:37.665 [main] INFO  Dealership.POM - CustomerInfo is visible
17:27:58.028 [main] INFO  Dealership.POM - ServiceJob button is visible
17:28:00.333 [main] INFO  Dealership.POM - ServiceJobStatus is visible
17:28:00.365 [main] INFO  Dealership.POM - ServiceJobStatus is Status: New
17:28:00.446 [main] INFO  Dealership.POM - ServiceJobDetails is visible
17:28:00.997 [main] FATAL Dealership.POM - Test Failed - screenshot captured for Method : servicejob
17:35:16.260 [main] INFO  Dealership.POM - Running Test : servicejob
17:35:22.269 [main] INFO  Dealership.POM - Windows maximized
17:35:28.810 [main] INFO  Dealership.POM - URL entered
17:35:28.913 [main] INFO  Dealership.POM - Username field is visible
17:35:29.117 [main] INFO  Dealership.POM - Password field is visible
17:35:29.353 [main] INFO  Dealership.POM - Login Button is visible
17:35:45.913 [main] INFO  Dealership.POM - Login Button is clicked
17:36:11.055 [main] INFO  Dealership.POM - Sell link is visible
17:36:12.079 [main] INFO  Dealership.POM - Sell link is clickable
17:36:12.281 [main] INFO  Dealership.POM - Select Customer Dropdown is visible
17:36:14.206 [main] INFO  Dealership.POM - Select Customer Field is visible
17:36:24.610 [main] INFO  Dealership.POM - CustomerInfo is visible
17:36:44.953 [main] INFO  Dealership.POM - ServiceJob button is visible
17:36:46.442 [main] INFO  Dealership.POM - ServiceJobStatus is visible
17:36:46.471 [main] INFO  Dealership.POM - ServiceJobStatus is Status: New
17:36:46.567 [main] INFO  Dealership.POM - ServiceJobDetails is visible
17:36:47.084 [main] FATAL Dealership.POM - Test Failed - screenshot captured for Method : servicejob
17:45:18.215 [main] INFO  Dealership.POM - Running Test : servicejob
17:45:26.057 [main] INFO  Dealership.POM - Windows maximized
17:45:28.197 [main] INFO  Dealership.POM - URL entered
17:45:28.350 [main] INFO  Dealership.POM - Username field is visible
17:45:29.713 [main] INFO  Dealership.POM - Password field is visible
17:45:30.366 [main] INFO  Dealership.POM - Login Button is visible
17:45:47.430 [main] INFO  Dealership.POM - Login Button is clicked
17:46:12.550 [main] INFO  Dealership.POM - Sell link is visible
17:46:13.525 [main] INFO  Dealership.POM - Sell link is clickable
17:46:14.021 [main] INFO  Dealership.POM - Select Customer Dropdown is visible
17:46:14.260 [main] INFO  Dealership.POM - Select Customer Field is visible
17:46:24.665 [main] INFO  Dealership.POM - CustomerInfo is visible
17:46:45.161 [main] INFO  Dealership.POM - ServiceJob button is visible
17:46:46.677 [main] INFO  Dealership.POM - ServiceJobStatus is visible
17:46:46.702 [main] INFO  Dealership.POM - ServiceJobStatus is Status: New
17:46:46.776 [main] INFO  Dealership.POM - ServiceJobDetails is visible
17:46:57.178 [main] FATAL Dealership.POM - Test Failed - screenshot captured for Method : servicejob
11:02:29.486 [main] INFO  Dealership.POM - Running Test : servicejob
11:02:39.011 [main] INFO  Dealership.POM - Windows maximized
11:02:41.312 [main] INFO  Dealership.POM - URL entered
11:02:41.484 [main] INFO  Dealership.POM - Username field is visible
11:02:41.953 [main] INFO  Dealership.POM - Password field is visible
11:02:42.179 [main] INFO  Dealership.POM - Login Button is visible
11:03:22.208 [main] INFO  Dealership.POM - Login Button is clicked
11:03:47.375 [main] INFO  Dealership.POM - Sell link is visible
11:03:47.466 [main] INFO  Dealership.POM - Sell link is clickable
11:04:07.799 [main] FATAL Dealership.POM - Test Failed - screenshot captured for Method : servicejob
11:37:54.874 [main] INFO  Dealership.POM - Running Test : servicejob
11:38:01.768 [main] INFO  Dealership.POM - Windows maximized
11:38:04.094 [main] INFO  Dealership.POM - URL entered
11:38:04.273 [main] INFO  Dealership.POM - Username field is visible
11:38:04.930 [main] INFO  Dealership.POM - Password field is visible
11:38:05.679 [main] INFO  Dealership.POM - Login Button is visible
11:38:24.665 [main] INFO  Dealership.POM - Login Button is clicked
11:38:49.861 [main] INFO  Dealership.POM - Sell link is visible
11:38:50.914 [main] INFO  Dealership.POM - Sell link is clickable
11:38:51.095 [main] INFO  Dealership.POM - Select Customer Dropdown is visible
11:38:51.985 [main] INFO  Dealership.POM - Select Customer Field is visible
11:39:02.632 [main] FATAL Dealership.POM - Test Failed - screenshot captured for Method : servicejob
11:41:33.203 [main] INFO  Dealership.POM - Running Test : servicejob
11:41:39.743 [main] INFO  Dealership.POM - Windows maximized
11:41:42.478 [main] INFO  Dealership.POM - URL entered
11:41:42.618 [main] INFO  Dealership.POM - Username field is visible
11:41:43.092 [main] INFO  Dealership.POM - Password field is visible
11:41:43.301 [main] INFO  Dealership.POM - Login Button is visible
11:42:00.806 [main] INFO  Dealership.POM - Login Button is clicked
11:42:25.964 [main] INFO  Dealership.POM - Sell link is visible
11:42:26.908 [main] INFO  Dealership.POM - Sell link is clickable
11:42:27.062 [main] INFO  Dealership.POM - Select Customer Dropdown is visible
11:42:28.246 [main] INFO  Dealership.POM - Select Customer Field is visible
11:42:38.627 [main] INFO  Dealership.POM - CustomerInfo is visible
11:42:49.221 [main] FATAL Dealership.POM - Test Failed - screenshot captured for Method : servicejob
11:46:33.606 [main] INFO  Dealership.POM - Running Test : servicejob
11:46:40.301 [main] INFO  Dealership.POM - Windows maximized
11:46:42.140 [main] INFO  Dealership.POM - URL entered
11:46:42.361 [main] INFO  Dealership.POM - Username field is visible
11:46:42.683 [main] INFO  Dealership.POM - Password field is visible
11:46:43.145 [main] INFO  Dealership.POM - Login Button is visible
11:46:43.436 [main] INFO  Dealership.POM - Login Button is clicked
11:47:08.793 [main] FATAL Dealership.POM - Test Failed - screenshot captured for Method : servicejob
11:47:29.079 [main] INFO  Dealership.POM - Running Test : servicejob
11:47:35.076 [main] INFO  Dealership.POM - Windows maximized
11:47:36.822 [main] INFO  Dealership.POM - URL entered
11:47:37.035 [main] INFO  Dealership.POM - Username field is visible
11:47:37.693 [main] INFO  Dealership.POM - Password field is visible
11:47:38.083 [main] INFO  Dealership.POM - Login Button is visible
11:47:54.293 [main] INFO  Dealership.POM - Login Button is clicked
11:48:19.460 [main] INFO  Dealership.POM - Sell link is visible
11:48:20.483 [main] INFO  Dealership.POM - Sell link is clickable
11:48:20.640 [main] INFO  Dealership.POM - Select Customer Dropdown is visible
11:48:22.502 [main] INFO  Dealership.POM - Select Customer Field is visible
11:48:32.901 [main] INFO  Dealership.POM - CustomerInfo is visible
11:48:53.712 [main] FATAL Dealership.POM - Test Failed - screenshot captured for Method : servicejob
11:49:27.312 [main] INFO  Dealership.POM - Running Test : servicejob
11:49:33.644 [main] INFO  Dealership.POM - Windows maximized
11:49:35.509 [main] INFO  Dealership.POM - URL entered
11:49:35.707 [main] INFO  Dealership.POM - Username field is visible
11:49:36.095 [main] INFO  Dealership.POM - Password field is visible
11:49:36.652 [main] INFO  Dealership.POM - Login Button is visible
11:49:46.091 [main] INFO  Dealership.POM - Login Button is clicked
11:50:11.317 [main] INFO  Dealership.POM - Sell link is visible
11:50:12.327 [main] INFO  Dealership.POM - Sell link is clickable
11:50:12.797 [main] INFO  Dealership.POM - Select Customer Dropdown is visible
11:50:13.015 [main] INFO  Dealership.POM - Select Customer Field is visible
11:50:23.480 [main] INFO  Dealership.POM - CustomerInfo is visible
11:50:44.294 [main] FATAL Dealership.POM - Test Failed - screenshot captured for Method : servicejob
11:51:11.899 [main] INFO  Dealership.POM - Running Test : servicejob
11:51:18.175 [main] INFO  Dealership.POM - Windows maximized
11:51:20.152 [main] INFO  Dealership.POM - URL entered
11:51:20.399 [main] INFO  Dealership.POM - Username field is visible
11:51:20.764 [main] INFO  Dealership.POM - Password field is visible
11:51:20.923 [main] INFO  Dealership.POM - Login Button is visible
11:51:37.676 [main] INFO  Dealership.POM - Login Button is clicked
11:52:02.843 [main] INFO  Dealership.POM - Sell link is visible
11:52:02.935 [main] INFO  Dealership.POM - Sell link is clickable
11:52:04.675 [main] INFO  Dealership.POM - Select Customer Dropdown is visible
11:52:06.128 [main] INFO  Dealership.POM - Select Customer Field is visible
