12:49:20.305 [TestNG-test=Test-1] INFO  Dealership.POM - Login Button is visible
12:49:20.432 [TestNG-test=Test-1] INFO  Dealership.POM - Login Button is clicked
12:50:04.546 [TestNG-test=Test-1] INFO  Dealership.POM - Account and Settings link is visible
12:50:04.621 [TestNG-test=Test-1] INFO  Dealership.POM - Account and Settings link is clicked
12:50:04.721 [TestNG-test=Test-1] INFO  Dealership.POM - SystemSettings link is visible
12:50:04.844 [TestNG-test=Test-1] INFO  Dealership.POM - SystemSettings link is clicked
12:50:21.719 [TestNG-test=Test-1] INFO  Dealership.POM - Business profile link is clicked
12:50:22.420 [TestNG-test=Test-1] INFO  Dealership.POM - ProfileHeader is Business Profile
12:50:22.533 [TestNG-test=Test-1] INFO  Dealership.POM - BusinessName is visible
12:50:22.835 [TestNG-test=Test-1] INFO  Dealership.POM - BusinessName is filled
12:50:22.879 [TestNG-test=Test-1] INFO  Dealership.POM - Abbreviated business name is visible
12:50:23.090 [TestNG-test=Test-1] INFO  Dealership.POM - Abbreviated business name is filled
12:50:23.132 [TestNG-test=Test-1] INFO  Dealership.POM - ShippingAddress is visible
12:50:23.239 [TestNG-test=Test-1] INFO  Dealership.POM - ShippingAddress is clicked
12:50:28.476 [TestNG-test=Test-1] INFO  Dealership.POM - Business profile is updated successfully
12:50:36.351 [TestNG-test=Test-1] INFO  Dealership.POM - Test case Businessprofile passes successfully
12:50:42.294 [TestNG-test=Test-1] INFO  Dealership.POM - Running Test : Cashdrawers
12:50:46.503 [TestNG-test=Test-1] INFO  Dealership.POM - Windows maximized
12:50:48.714 [TestNG-test=Test-1] INFO  Dealership.POM - URL entered
12:50:48.778 [TestNG-test=Test-1] INFO  Dealership.POM - Username field is visible
12:50:48.999 [TestNG-test=Test-1] INFO  Dealership.POM - Password field is visible
12:50:49.295 [TestNG-test=Test-1] INFO  Dealership.POM - Login Button is visible
12:50:49.377 [TestNG-test=Test-1] INFO  Dealership.POM - Login Button is clicked
12:51:32.777 [TestNG-test=Test-1] INFO  Dealership.POM - Account and Settings link is visible
12:51:32.875 [TestNG-test=Test-1] INFO  Dealership.POM - Account and Settings link is clicked
12:51:32.973 [TestNG-test=Test-1] INFO  Dealership.POM - SystemSettings link is visible
12:51:33.075 [TestNG-test=Test-1] INFO  Dealership.POM - SystemSettings link is clicked
12:51:38.760 [TestNG-test=Test-1] INFO  Dealership.POM - Cash drawers link is clicked
12:51:42.729 [TestNG-test=Test-1] INFO  Dealership.POM - DrawerHeader is Cash drawers
12:51:42.806 [TestNG-test=Test-1] INFO  Dealership.POM - Create New Button is visible
12:51:42.948 [TestNG-test=Test-1] INFO  Dealership.POM - Create New Button is clicked
12:51:43.061 [TestNG-test=Test-1] INFO  Dealership.POM - AddnewDrawerheader is Add a new drawer
12:51:43.149 [TestNG-test=Test-1] INFO  Dealership.POM - DrawerNameField is visible
12:51:43.390 [TestNG-test=Test-1] INFO  Dealership.POM - DrawerNameField is filled
12:51:43.443 [TestNG-test=Test-1] INFO  Dealership.POM - Createdrawerbutton is visible
12:51:43.531 [TestNG-test=Test-1] INFO  Dealership.POM - Createdrawerbutton is clicked
12:51:53.600 [TestNG-test=Test-1] INFO  Dealership.POM - Cash Drawer Automation Drawer is created successfully
12:51:53.665 [TestNG-test=Test-1] INFO  Dealership.POM - Sell link is visible
12:51:53.721 [TestNG-test=Test-1] INFO  Dealership.POM - Sell link is clickable
12:52:00.393 [TestNG-test=Test-1] INFO  Dealership.POM - Sell Part tile is displayed
12:52:00.503 [TestNG-test=Test-1] INFO  Dealership.POM - Sell Part tile is clicked
12:52:01.107 [TestNG-test=Test-1] INFO  Dealership.POM - Searchbox is visible
12:52:01.133 [TestNG-test=Test-1] INFO  Dealership.POM - Searchbox is visible
12:52:05.189 [TestNG-test=Test-1] INFO  Dealership.POM - Merchentity is visible
12:52:13.259 [TestNG-test=Test-1] INFO  Dealership.POM - Checkout_Button is visible
12:52:34.791 [TestNG-test=Test-1] INFO  Dealership.POM - The Cash drawer is successfully verified on CO
12:52:34.872 [TestNG-test=Test-1] INFO  Dealership.POM - Account and Settings link is visible
12:52:34.992 [TestNG-test=Test-1] INFO  Dealership.POM - Account and Settings link is clicked
12:52:35.071 [TestNG-test=Test-1] INFO  Dealership.POM - SystemSettings link is visible
12:52:37.444 [TestNG-test=Test-1] INFO  Dealership.POM - SystemSettings link is clicked
12:52:39.373 [TestNG-test=Test-1] INFO  Dealership.POM - Cash drawers link is clicked
12:52:56.800 [TestNG-test=Test-1] INFO  Dealership.POM - Cash drawers is deleted successfully
12:52:56.801 [TestNG-test=Test-1] INFO  Dealership.POM - Test case Cashdrawers passes successfully
12:53:02.751 [TestNG-test=Test-1] INFO  Dealership.POM - Running Test : LinkedfeeforDeal
12:53:06.825 [TestNG-test=Test-1] INFO  Dealership.POM - Windows maximized
12:53:09.141 [TestNG-test=Test-1] INFO  Dealership.POM - URL entered
12:53:09.220 [TestNG-test=Test-1] INFO  Dealership.POM - Username field is visible
12:53:09.440 [TestNG-test=Test-1] INFO  Dealership.POM - Password field is visible
12:53:09.576 [TestNG-test=Test-1] INFO  Dealership.POM - Login Button is visible
12:53:09.686 [TestNG-test=Test-1] INFO  Dealership.POM - Login Button is clicked
12:53:55.102 [TestNG-test=Test-1] INFO  Dealership.POM - Account and Settings link is visible
12:53:55.188 [TestNG-test=Test-1] INFO  Dealership.POM - Account and Settings link is clicked
12:53:55.272 [TestNG-test=Test-1] INFO  Dealership.POM - SystemSettings link is visible
12:53:55.361 [TestNG-test=Test-1] INFO  Dealership.POM - SystemSettings link is clicked
12:54:02.382 [TestNG-test=Test-1] INFO  Dealership.POM - Linked fee management link is clicked
12:54:12.451 [TestNG-test=Test-1] INFO  Dealership.POM - LFeeHeade is System Settings
Linked fee management
12:54:12.480 [TestNG-test=Test-1] INFO  Dealership.POM - DealFeesection is visible
12:54:12.548 [TestNG-test=Test-1] INFO  Dealership.POM - DealFeesection is clicked
12:54:12.610 [TestNG-test=Test-1] INFO  Dealership.POM - LinkAFeeBtn is visible
12:54:12.682 [TestNG-test=Test-1] INFO  Dealership.POM - LinkAFeeBtn is clicked
12:54:18.288 [TestNG-test=Test-1] INFO  Dealership.POM - FeeCodeInput is visible
12:54:18.517 [TestNG-test=Test-1] INFO  Dealership.POM - FeeCodeInput is clicked
12:54:18.586 [TestNG-test=Test-1] INFO  Dealership.POM - Fee Code results is visible
12:54:18.641 [TestNG-test=Test-1] INFO  Dealership.POM - FeeCode is selected
12:54:23.759 [TestNG-test=Test-1] INFO  Dealership.POM - The Deal fee is successfully created
12:54:23.798 [TestNG-test=Test-1] INFO  Dealership.POM - Sell link is visible
12:54:23.857 [TestNG-test=Test-1] INFO  Dealership.POM - Sell link is clickable
12:54:25.309 [TestNG-test=Test-1] INFO  Dealership.POM - Select Customer Dropdown is visible
12:54:27.590 [TestNG-test=Test-1] INFO  Dealership.POM - Select Customer Field is visible
12:54:29.577 [TestNG-test=Test-1] INFO  Dealership.POM - CustomerInfo is visible
12:54:59.860 [TestNG-test=Test-1] INFO  Dealership.POM - Sell A Unit button is visible
12:54:59.953 [TestNG-test=Test-1] INFO  Dealership.POM - Sell A Unit button is clicked
12:55:03.232 [TestNG-test=Test-1] INFO  Dealership.POM - UnitDealStatus is visible
12:55:03.261 [TestNG-test=Test-1] INFO  Dealership.POM - UnitDealStatus is Status: Quotation
12:55:03.332 [TestNG-test=Test-1] INFO  Dealership.POM - UnitOptionsStatus is visible
12:55:03.362 [TestNG-test=Test-1] INFO  Dealership.POM - UnitOptionsStatus is Option:
12:55:03.431 [TestNG-test=Test-1] INFO  Dealership.POM - Unit1 is visible
12:55:03.555 [TestNG-test=Test-1] INFO  Dealership.POM - Unit1 is opened
12:55:04.716 [TestNG-test=Test-1] INFO  Dealership.POM - Search Stockunit field is visible
12:55:06.628 [TestNG-test=Test-1] INFO  Dealership.POM - Unit1 is selected
12:55:30.090 [TestNG-test=Test-1] FATAL Dealership.POM - Test Failed - screenshot captured for Method : LinkedfeeforDeal
12:55:36.174 [TestNG-test=Test-1] INFO  Dealership.POM - Running Test : LinkedfeeforServiceJobs
12:55:40.304 [TestNG-test=Test-1] INFO  Dealership.POM - Windows maximized
12:55:42.514 [TestNG-test=Test-1] INFO  Dealership.POM - URL entered
12:55:42.561 [TestNG-test=Test-1] INFO  Dealership.POM - Username field is visible
12:55:42.851 [TestNG-test=Test-1] INFO  Dealership.POM - Password field is visible
12:55:43.287 [TestNG-test=Test-1] INFO  Dealership.POM - Login Button is visible
12:56:09.707 [TestNG-test=Test-1] INFO  Dealership.POM - Login Button is clicked
12:56:30.340 [TestNG-test=Test-1] INFO  Dealership.POM - Account and Settings link is visible
12:56:30.521 [TestNG-test=Test-1] INFO  Dealership.POM - Account and Settings link is clicked
13:47:38.314 [TestNG-test=Test-1] FATAL Dealership.POM - Test Failed - screenshot captured for Method : LinkedfeeforServiceJobs
13:47:56.012 [TestNG-test=Test-1] INFO  Dealership.POM - Running Test : LinkedfeeforMarchendise
13:48:04.452 [TestNG-test=Test-1] INFO  Dealership.POM - Windows maximized
13:48:06.964 [TestNG-test=Test-1] INFO  Dealership.POM - URL entered
13:48:07.105 [TestNG-test=Test-1] INFO  Dealership.POM - Username field is visible
13:48:07.582 [TestNG-test=Test-1] INFO  Dealership.POM - Password field is visible
13:48:09.480 [TestNG-test=Test-1] INFO  Dealership.POM - Login Button is visible
13:48:49.566 [TestNG-test=Test-1] INFO  Dealership.POM - Login Button is clicked
13:49:09.853 [TestNG-test=Test-1] INFO  Dealership.POM - Account and Settings link is visible
13:49:09.996 [TestNG-test=Test-1] INFO  Dealership.POM - Account and Settings link is clicked
13:49:10.129 [TestNG-test=Test-1] INFO  Dealership.POM - SystemSettings link is visible
13:49:10.267 [TestNG-test=Test-1] INFO  Dealership.POM - SystemSettings link is clicked
13:49:15.313 [TestNG-test=Test-1] INFO  Dealership.POM - Linked fee management link is clicked
13:49:25.406 [TestNG-test=Test-1] INFO  Dealership.POM - LFeeHeade is System Settings
Linked fee management
13:49:25.442 [TestNG-test=Test-1] INFO  Dealership.POM - MerchandiseFeesection is visible
13:49:25.515 [TestNG-test=Test-1] INFO  Dealership.POM - MerchandiseFeesection is clicked
13:49:25.585 [TestNG-test=Test-1] INFO  Dealership.POM - LinkAFeeBtn is visible
13:49:25.644 [TestNG-test=Test-1] INFO  Dealership.POM - LinkAFeeBtn is clicked
13:49:31.300 [TestNG-test=Test-1] INFO  Dealership.POM - FeeCodeInput is visible
13:49:31.587 [TestNG-test=Test-1] INFO  Dealership.POM - FeeCodeInput is clicked
13:49:31.675 [TestNG-test=Test-1] INFO  Dealership.POM - Fee Code results is visible
13:49:31.770 [TestNG-test=Test-1] INFO  Dealership.POM - FeeCode is selected
13:49:37.188 [TestNG-test=Test-1] INFO  Dealership.POM - Sell link is visible
13:49:38.493 [TestNG-test=Test-1] FATAL Dealership.POM - Test Failed - screenshot captured for Method : LinkedfeeforMarchendise
13:49:44.540 [TestNG-test=Test-1] INFO  Dealership.POM - Running Test : LinkedformforDeal
13:49:48.852 [TestNG-test=Test-1] INFO  Dealership.POM - Windows maximized
13:49:51.038 [TestNG-test=Test-1] INFO  Dealership.POM - URL entered
13:49:51.096 [TestNG-test=Test-1] INFO  Dealership.POM - Username field is visible
13:49:51.277 [TestNG-test=Test-1] INFO  Dealership.POM - Password field is visible
13:49:51.512 [TestNG-test=Test-1] INFO  Dealership.POM - Login Button is visible
13:49:51.582 [TestNG-test=Test-1] INFO  Dealership.POM - Login Button is clicked
13:51:47.131 [TestNG-test=Test-1] INFO  Dealership.POM - Account and Settings link is visible
13:51:47.305 [TestNG-test=Test-1] INFO  Dealership.POM - Account and Settings link is clicked
13:51:47.426 [TestNG-test=Test-1] INFO  Dealership.POM - SystemSettings link is visible
13:51:47.659 [TestNG-test=Test-1] INFO  Dealership.POM - SystemSettings link is clicked
13:51:52.444 [TestNG-test=Test-1] INFO  Dealership.POM - Linked form management link is clicked
13:52:02.559 [TestNG-test=Test-1] INFO  Dealership.POM - LFeeHeade is Linked form management
13:52:02.941 [TestNG-test=Test-1] FATAL Dealership.POM - Test Failed - screenshot captured for Method : LinkedformforDeal
13:52:08.998 [TestNG-test=Test-1] INFO  Dealership.POM - Running Test : LinkedformforFinancing
13:52:14.142 [TestNG-test=Test-1] INFO  Dealership.POM - Windows maximized
13:52:16.155 [TestNG-test=Test-1] INFO  Dealership.POM - URL entered
13:52:16.212 [TestNG-test=Test-1] INFO  Dealership.POM - Username field is visible
13:52:16.469 [TestNG-test=Test-1] INFO  Dealership.POM - Password field is visible
13:52:16.749 [TestNG-test=Test-1] INFO  Dealership.POM - Login Button is visible
13:53:05.335 [TestNG-test=Test-1] INFO  Dealership.POM - Login Button is clicked
13:53:25.605 [TestNG-test=Test-1] INFO  Dealership.POM - Account and Settings link is visible
13:53:25.702 [TestNG-test=Test-1] INFO  Dealership.POM - Account and Settings link is clicked
13:53:25.808 [TestNG-test=Test-1] INFO  Dealership.POM - SystemSettings link is visible
13:53:25.906 [TestNG-test=Test-1] INFO  Dealership.POM - SystemSettings link is clicked
13:53:30.392 [TestNG-test=Test-1] INFO  Dealership.POM - Linked form management link is clicked
13:53:40.461 [TestNG-test=Test-1] INFO  Dealership.POM - LFeeHeade is Linked form management
13:53:40.506 [TestNG-test=Test-1] INFO  Dealership.POM - FinancingFormsection is visible
13:53:40.590 [TestNG-test=Test-1] INFO  Dealership.POM - FinancingFormsection is clicked
13:53:45.688 [TestNG-test=Test-1] INFO  Dealership.POM - LinkAFormBtn is visible
13:53:45.774 [TestNG-test=Test-1] INFO  Dealership.POM - LinkAFormBtn is clicked
13:53:52.525 [TestNG-test=Test-1] INFO  Dealership.POM - FormInput is visible
13:53:52.699 [TestNG-test=Test-1] INFO  Dealership.POM - FormInput is clicked
13:53:57.803 [TestNG-test=Test-1] INFO  Dealership.POM - Formdropdown is visible
13:54:00.905 [TestNG-test=Test-1] INFO  Dealership.POM - Formdropdown is clicked
13:54:00.947 [TestNG-test=Test-1] INFO  Dealership.POM - LinktoFinancingBtn is visible
13:54:01.028 [TestNG-test=Test-1] INFO  Dealership.POM - LinktoFinancingBtn is clicked
13:54:06.093 [TestNG-test=Test-1] INFO  Dealership.POM - Financing form is successfully created
13:54:06.140 [TestNG-test=Test-1] INFO  Dealership.POM - Sell link is visible
13:54:06.231 [TestNG-test=Test-1] INFO  Dealership.POM - Sell link is clickable
13:54:08.408 [TestNG-test=Test-1] INFO  Dealership.POM - Select Customer Dropdown is visible
13:54:10.156 [TestNG-test=Test-1] INFO  Dealership.POM - Select Customer Field is visible
13:54:12.155 [TestNG-test=Test-1] INFO  Dealership.POM - CustomerInfo is visible
13:54:42.544 [TestNG-test=Test-1] INFO  Dealership.POM - Sell A Unit button is visible
13:54:42.617 [TestNG-test=Test-1] INFO  Dealership.POM - Sell A Unit button is clicked
13:54:44.302 [TestNG-test=Test-1] INFO  Dealership.POM - UnitDealStatus is visible
13:54:44.324 [TestNG-test=Test-1] INFO  Dealership.POM - UnitDealStatus is Status: Quotation
13:54:56.030 [TestNG-test=Test-1] INFO  Dealership.POM - Aadddealfinancing button is visible
13:54:56.169 [TestNG-test=Test-1] INFO  Dealership.POM - Aadddealfinancing button is clicked
13:55:04.221 [TestNG-test=Test-1] INFO  Dealership.POM - FinancingDoc button is visible
13:55:04.435 [TestNG-test=Test-1] INFO  Dealership.POM - FinancingDoc button is clicked
13:55:05.174 [TestNG-test=Test-1] INFO  Dealership.POM - Financing Form is successfully verified on CO
13:55:05.284 [TestNG-test=Test-1] INFO  Dealership.POM - Account and Settings link is visible
13:55:05.435 [TestNG-test=Test-1] INFO  Dealership.POM - Account and Settings link is clicked
13:55:05.544 [TestNG-test=Test-1] INFO  Dealership.POM - SystemSettings link is visible
13:55:05.683 [TestNG-test=Test-1] INFO  Dealership.POM - SystemSettings link is clicked
13:55:29.051 [TestNG-test=Test-1] INFO  Dealership.POM - Linked form management link is clicked
13:55:39.112 [TestNG-test=Test-1] INFO  Dealership.POM - LFeeHeade is Linked form management
13:55:39.144 [TestNG-test=Test-1] INFO  Dealership.POM - Financing Formsection is visible
13:55:39.209 [TestNG-test=Test-1] INFO  Dealership.POM - Financing Formsection is clicked
13:55:49.356 [TestNG-test=Test-1] INFO  Dealership.POM - Unlink is visible
13:55:49.377 [TestNG-test=Test-1] INFO  Dealership.POM - Unlink is clicked
13:55:59.435 [TestNG-test=Test-1] INFO  Dealership.POM - Financing Form is deleted successfully
13:55:59.436 [TestNG-test=Test-1] INFO  Dealership.POM - Test case LinkedformforFinancing passes successfully
13:56:05.580 [TestNG-test=Test-1] INFO  Dealership.POM - Running Test : LinkedformforService
13:56:09.935 [TestNG-test=Test-1] INFO  Dealership.POM - Windows maximized
13:56:11.848 [TestNG-test=Test-1] INFO  Dealership.POM - URL entered
13:56:11.916 [TestNG-test=Test-1] INFO  Dealership.POM - Username field is visible
13:56:12.199 [TestNG-test=Test-1] INFO  Dealership.POM - Password field is visible
13:56:12.493 [TestNG-test=Test-1] INFO  Dealership.POM - Login Button is visible
13:56:44.872 [TestNG-test=Test-1] INFO  Dealership.POM - Login Button is clicked
13:57:05.106 [TestNG-test=Test-1] INFO  Dealership.POM - Account and Settings link is visible
13:57:05.255 [TestNG-test=Test-1] INFO  Dealership.POM - Account and Settings link is clicked
13:57:05.382 [TestNG-test=Test-1] INFO  Dealership.POM - SystemSettings link is visible
13:57:05.512 [TestNG-test=Test-1] INFO  Dealership.POM - SystemSettings link is clicked
13:57:09.128 [TestNG-test=Test-1] INFO  Dealership.POM - Linked form management link is clicked
13:57:19.210 [TestNG-test=Test-1] INFO  Dealership.POM - LFeeHeade is Linked form management
13:57:19.250 [TestNG-test=Test-1] INFO  Dealership.POM - ServiceFormsection is visible
13:57:19.327 [TestNG-test=Test-1] INFO  Dealership.POM - ServiceFormsection is clicked
13:57:24.436 [TestNG-test=Test-1] INFO  Dealership.POM - LinkAFormBtn is visible
13:57:24.538 [TestNG-test=Test-1] INFO  Dealership.POM - LinkAFormBtn is clicked
13:57:30.763 [TestNG-test=Test-1] INFO  Dealership.POM - FormInput is visible
13:57:30.933 [TestNG-test=Test-1] INFO  Dealership.POM - FormInput is clicked
13:57:36.022 [TestNG-test=Test-1] INFO  Dealership.POM - Formdropdown is visible
13:57:39.106 [TestNG-test=Test-1] INFO  Dealership.POM - Formdropdown is clicked
13:57:39.144 [TestNG-test=Test-1] INFO  Dealership.POM - LinktoServiceBtn is visible
13:57:39.235 [TestNG-test=Test-1] INFO  Dealership.POM - LinktoServiceBtn is clicked
13:57:44.377 [TestNG-test=Test-1] INFO  Dealership.POM - Service form is successfully created
13:57:44.460 [TestNG-test=Test-1] INFO  Dealership.POM - Sell link is visible
13:57:46.739 [TestNG-test=Test-1] INFO  Dealership.POM - Sell link is clickable
13:57:47.420 [TestNG-test=Test-1] INFO  Dealership.POM - Select Customer Dropdown is visible
13:57:47.639 [TestNG-test=Test-1] INFO  Dealership.POM - Select Customer Field is visible
13:57:49.755 [TestNG-test=Test-1] INFO  Dealership.POM - CustomerInfo is visible
13:58:20.188 [TestNG-test=Test-1] INFO  Dealership.POM - ServiceJob button is visible
13:58:23.422 [TestNG-test=Test-1] INFO  Dealership.POM - ServiceJobStatus is visible
13:58:23.461 [TestNG-test=Test-1] INFO  Dealership.POM - ServiceJobStatus is Status: New
13:58:38.270 [TestNG-test=Test-1] INFO  Dealership.POM - Documents tab is visible
13:58:38.403 [TestNG-test=Test-1] INFO  Dealership.POM - Documents tab is clicked
13:58:43.539 [TestNG-test=Test-1] INFO  Dealership.POM - Service Form is successfully verified on CO
13:58:43.612 [TestNG-test=Test-1] INFO  Dealership.POM - Account and Settings link is visible
13:58:43.710 [TestNG-test=Test-1] INFO  Dealership.POM - Account and Settings link is clicked
13:58:43.804 [TestNG-test=Test-1] INFO  Dealership.POM - SystemSettings link is visible
13:58:43.898 [TestNG-test=Test-1] INFO  Dealership.POM - SystemSettings link is clicked
13:59:04.936 [TestNG-test=Test-1] INFO  Dealership.POM - Linked form management link is clicked
13:59:15.059 [TestNG-test=Test-1] INFO  Dealership.POM - LFeeHeade is Linked form management
13:59:15.098 [TestNG-test=Test-1] INFO  Dealership.POM - Service Formsection is visible
13:59:15.167 [TestNG-test=Test-1] INFO  Dealership.POM - Service Formsection is clicked
13:59:25.313 [TestNG-test=Test-1] INFO  Dealership.POM - Unlink is visible
13:59:25.341 [TestNG-test=Test-1] INFO  Dealership.POM - Unlink is clicked
13:59:35.429 [TestNG-test=Test-1] INFO  Dealership.POM - Service Form is deleted successfully
13:59:35.430 [TestNG-test=Test-1] INFO  Dealership.POM - Test case LinkedformforService passes successfully
13:59:41.539 [TestNG-test=Test-1] INFO  Dealership.POM - Running Test : LinkedformforVP
13:59:45.919 [TestNG-test=Test-1] INFO  Dealership.POM - Windows maximized
13:59:48.079 [TestNG-test=Test-1] INFO  Dealership.POM - URL entered
13:59:48.165 [TestNG-test=Test-1] INFO  Dealership.POM - Username field is visible
13:59:48.548 [TestNG-test=Test-1] INFO  Dealership.POM - Password field is visible
13:59:49.040 [TestNG-test=Test-1] INFO  Dealership.POM - Login Button is visible
14:00:13.236 [TestNG-test=Test-1] INFO  Dealership.POM - Login Button is clicked
14:00:33.523 [TestNG-test=Test-1] INFO  Dealership.POM - Account and Settings link is visible
14:00:33.657 [TestNG-test=Test-1] INFO  Dealership.POM - Account and Settings link is clicked
14:00:33.745 [TestNG-test=Test-1] INFO  Dealership.POM - SystemSettings link is visible
14:00:33.849 [TestNG-test=Test-1] INFO  Dealership.POM - SystemSettings link is clicked
14:00:37.368 [TestNG-test=Test-1] INFO  Dealership.POM - Linked form management link is clicked
14:00:47.460 [TestNG-test=Test-1] INFO  Dealership.POM - FormHeader is Linked form management
14:00:47.511 [TestNG-test=Test-1] INFO  Dealership.POM - VPFormsection is visible
14:00:47.627 [TestNG-test=Test-1] INFO  Dealership.POM - VPFormsection is clicked
14:00:52.743 [TestNG-test=Test-1] INFO  Dealership.POM - LinkAFormBtn is visible
14:00:52.836 [TestNG-test=Test-1] INFO  Dealership.POM - LinkAFormBtn is clicked
14:01:00.157 [TestNG-test=Test-1] INFO  Dealership.POM - FormInput is visible
14:01:00.318 [TestNG-test=Test-1] INFO  Dealership.POM - FormInput is clicked
14:01:05.419 [TestNG-test=Test-1] INFO  Dealership.POM - Formdropdown is visible
14:01:08.507 [TestNG-test=Test-1] INFO  Dealership.POM - Formdropdown is clicked
14:01:08.557 [TestNG-test=Test-1] INFO  Dealership.POM - VendorProduct is visible
14:01:11.904 [TestNG-test=Test-1] INFO  Dealership.POM - Formdropdown is clicked
14:01:11.958 [TestNG-test=Test-1] INFO  Dealership.POM - ProductDropdown is visible
14:01:15.047 [TestNG-test=Test-1] INFO  Dealership.POM - ProductDropdown is clicked
14:01:15.101 [TestNG-test=Test-1] INFO  Dealership.POM - LinktoVPBtn is visible
14:01:15.202 [TestNG-test=Test-1] INFO  Dealership.POM - LinktoVPBtn is clicked
14:01:20.268 [TestNG-test=Test-1] INFO  Dealership.POM - Vendor Product form is successfully created
14:01:20.318 [TestNG-test=Test-1] INFO  Dealership.POM - Sell link is visible
14:01:20.413 [TestNG-test=Test-1] INFO  Dealership.POM - Sell link is clickable
14:01:22.454 [TestNG-test=Test-1] INFO  Dealership.POM - Select Customer Dropdown is visible
14:01:23.295 [TestNG-test=Test-1] INFO  Dealership.POM - Select Customer Field is visible
14:01:26.912 [TestNG-test=Test-1] INFO  Dealership.POM - CustomerInfo is visible
14:01:57.306 [TestNG-test=Test-1] INFO  Dealership.POM - ServiceJob button is visible
14:01:59.619 [TestNG-test=Test-1] INFO  Dealership.POM - ServiceJobStatus is visible
14:01:59.641 [TestNG-test=Test-1] INFO  Dealership.POM - ServiceJobStatus is Status: New
14:02:13.251 [TestNG-test=Test-1] INFO  Dealership.POM - Documents tab is visible
14:02:13.401 [TestNG-test=Test-1] INFO  Dealership.POM - Documents tab is clicked
14:02:19.330 [TestNG-test=Test-1] INFO  Dealership.POM - Searchbox is visible
14:02:29.923 [TestNG-test=Test-1] INFO  Dealership.POM - Merchentity is visible
14:02:41.597 [TestNG-test=Test-1] FATAL Dealership.POM - Test Failed - screenshot captured for Method : LinkedformforVP
14:02:47.698 [TestNG-test=Test-1] INFO  Dealership.POM - Running Test : MakeAndModel
14:02:52.152 [TestNG-test=Test-1] INFO  Dealership.POM - Windows maximized
14:02:54.188 [TestNG-test=Test-1] INFO  Dealership.POM - URL entered
14:02:54.253 [TestNG-test=Test-1] INFO  Dealership.POM - Username field is visible
14:02:54.448 [TestNG-test=Test-1] INFO  Dealership.POM - Password field is visible
14:02:54.604 [TestNG-test=Test-1] INFO  Dealership.POM - Login Button is visible
14:02:54.759 [TestNG-test=Test-1] INFO  Dealership.POM - Login Button is clicked
14:06:30.513 [TestNG-test=Test-1] FATAL Dealership.POM - Test Failed - screenshot captured for Method : MakeAndModel
14:06:36.425 [TestNG-test=Test-1] INFO  Dealership.POM - Running Test : ProductLocations
14:06:40.744 [TestNG-test=Test-1] INFO  Dealership.POM - Windows maximized
14:06:43.785 [TestNG-test=Test-1] INFO  Dealership.POM - URL entered
14:06:43.846 [TestNG-test=Test-1] INFO  Dealership.POM - Username field is visible
14:06:44.053 [TestNG-test=Test-1] INFO  Dealership.POM - Password field is visible
14:06:44.268 [TestNG-test=Test-1] INFO  Dealership.POM - Login Button is visible
14:07:00.668 [TestNG-test=Test-1] INFO  Dealership.POM - Login Button is clicked
14:07:20.965 [TestNG-test=Test-1] INFO  Dealership.POM - Account and Settings link is visible
14:07:21.097 [TestNG-test=Test-1] INFO  Dealership.POM - Account and Settings link is clicked
14:07:21.256 [TestNG-test=Test-1] INFO  Dealership.POM - SystemSettings link is visible
14:07:21.401 [TestNG-test=Test-1] INFO  Dealership.POM - SystemSettings link is clicked
14:07:25.300 [TestNG-test=Test-1] INFO  Dealership.POM - Product locations link is clicked
14:07:27.000 [TestNG-test=Test-1] INFO  Dealership.POM - Product locations Header is visible
14:07:27.083 [TestNG-test=Test-1] INFO  Dealership.POM - Add Location Field is visible
14:07:27.379 [TestNG-test=Test-1] INFO  Dealership.POM - Add Location Field is filled
14:07:28.070 [TestNG-test=Test-1] INFO  Dealership.POM - AutoLocation is visible
14:07:28.175 [TestNG-test=Test-1] INFO  Dealership.POM - EditLocationfield is visible
14:07:28.412 [TestNG-test=Test-1] INFO  Dealership.POM - Location is edited
14:07:28.495 [TestNG-test=Test-1] INFO  Dealership.POM - Addnew button is displayed
14:07:28.563 [TestNG-test=Test-1] INFO  Dealership.POM - Addnew button is clicked
14:07:28.652 [TestNG-test=Test-1] INFO  Dealership.POM - Part button is displayed
14:07:28.749 [TestNG-test=Test-1] INFO  Dealership.POM - Part button is clicked
14:07:37.010 [TestNG-test=Test-1] INFO  Dealership.POM - Part creation window is opened
14:07:37.097 [TestNG-test=Test-1] INFO  Dealership.POM - Part number field is displayed
14:07:37.297 [TestNG-test=Test-1] INFO  Dealership.POM - Part number is entered
14:07:37.348 [TestNG-test=Test-1] INFO  Dealership.POM - Part Description field is displayed
14:07:37.650 [TestNG-test=Test-1] INFO  Dealership.POM - Part Description is entered
14:07:37.707 [TestNG-test=Test-1] INFO  Dealership.POM - Vendor_Input field is displayed
14:07:48.132 [TestNG-test=Test-1] INFO  Dealership.POM - Vendor_Input is entered
14:07:48.176 [TestNG-test=Test-1] INFO  Dealership.POM - Mfg Part field is displayed
14:07:48.476 [TestNG-test=Test-1] INFO  Dealership.POM - Mfg Part is entered
14:07:48.520 [TestNG-test=Test-1] INFO  Dealership.POM - SKU Number field is displayed
14:07:48.735 [TestNG-test=Test-1] INFO  Dealership.POM - SKU Number is entered
14:07:48.787 [TestNG-test=Test-1] INFO  Dealership.POM - Category_Input field is displayed
14:07:49.332 [TestNG-test=Test-1] INFO  Dealership.POM - Category_Input is entered
14:07:49.401 [TestNG-test=Test-1] INFO  Dealership.POM - Tagsfield is displayed
14:07:51.789 [TestNG-test=Test-1] INFO  Dealership.POM - Tag is selected
14:07:52.060 [TestNG-test=Test-1] INFO  Dealership.POM - ApplicableTax is selected
14:07:52.112 [TestNG-test=Test-1] INFO  Dealership.POM - Location field is displayed
14:07:57.625 [TestNG-test=Test-1] INFO  Dealership.POM - Location_input is entered
14:07:57.679 [TestNG-test=Test-1] INFO  Dealership.POM - Qty field is displayed
14:07:57.832 [TestNG-test=Test-1] INFO  Dealership.POM - Qty is entered
14:07:57.892 [TestNG-test=Test-1] INFO  Dealership.POM - MSRP field is displayed
14:07:58.078 [TestNG-test=Test-1] INFO  Dealership.POM - MSRP is entered
14:07:58.118 [TestNG-test=Test-1] INFO  Dealership.POM - Retail field is displayed
14:07:58.292 [TestNG-test=Test-1] INFO  Dealership.POM - Retail is entered
14:07:58.349 [TestNG-test=Test-1] INFO  Dealership.POM - SalePrice field is displayed
14:07:58.545 [TestNG-test=Test-1] INFO  Dealership.POM - SalePrice is entered
14:07:58.601 [TestNG-test=Test-1] INFO  Dealership.POM - Environmental Fee field is displayed
14:07:58.816 [TestNG-test=Test-1] INFO  Dealership.POM - Environmental Fee is entered
14:07:58.882 [TestNG-test=Test-1] INFO  Dealership.POM - Part Save Button  is displayed
14:07:59.035 [TestNG-test=Test-1] INFO  Dealership.POM - save button is clicked
14:09:59.649 [TestNG-test=Test-1] FATAL Dealership.POM - Test Failed - screenshot captured for Method : ProductLocations
14:10:05.743 [TestNG-test=Test-1] INFO  Dealership.POM - Running Test : Tagmanagement
14:10:10.186 [TestNG-test=Test-1] INFO  Dealership.POM - Windows maximized
14:10:12.063 [TestNG-test=Test-1] INFO  Dealership.POM - URL entered
14:10:12.113 [TestNG-test=Test-1] INFO  Dealership.POM - Username field is visible
14:10:12.301 [TestNG-test=Test-1] INFO  Dealership.POM - Password field is visible
14:10:12.479 [TestNG-test=Test-1] INFO  Dealership.POM - Login Button is visible
14:10:12.573 [TestNG-test=Test-1] INFO  Dealership.POM - Login Button is clicked
14:10:42.125 [TestNG-test=Test-1] INFO  Dealership.POM - Account and Settings link is visible
14:10:42.219 [TestNG-test=Test-1] INFO  Dealership.POM - Account and Settings link is clicked
14:10:42.424 [TestNG-test=Test-1] INFO  Dealership.POM - SystemSettings link is visible
14:10:42.836 [TestNG-test=Test-1] INFO  Dealership.POM - SystemSettings link is clicked
14:10:47.506 [TestNG-test=Test-1] INFO  Dealership.POM - Tag management link is clicked
14:10:49.102 [TestNG-test=Test-1] INFO  Dealership.POM - TagHeader is visible
14:10:49.216 [TestNG-test=Test-1] INFO  Dealership.POM - AddTagField is visible
14:10:49.495 [TestNG-test=Test-1] INFO  Dealership.POM - AddTagField is filled
14:10:50.401 [TestNG-test=Test-1] INFO  Dealership.POM - AutoTag is visible
14:10:50.526 [TestNG-test=Test-1] INFO  Dealership.POM - EditTagfield is visible
14:10:50.792 [TestNG-test=Test-1] INFO  Dealership.POM - Tag is edited
14:10:50.876 [TestNG-test=Test-1] INFO  Dealership.POM - Addnew button is displayed
14:10:50.963 [TestNG-test=Test-1] INFO  Dealership.POM - Addnew button is clicked
14:10:51.071 [TestNG-test=Test-1] INFO  Dealership.POM - Part button is displayed
14:10:51.169 [TestNG-test=Test-1] INFO  Dealership.POM - Part button is clicked
14:11:00.193 [TestNG-test=Test-1] INFO  Dealership.POM - Part creation window is opened
14:11:00.276 [TestNG-test=Test-1] INFO  Dealership.POM - Part number field is displayed
14:11:00.462 [TestNG-test=Test-1] INFO  Dealership.POM - Part number is entered
14:11:00.506 [TestNG-test=Test-1] INFO  Dealership.POM - Part Description field is displayed
14:11:00.742 [TestNG-test=Test-1] INFO  Dealership.POM - Part Description is entered
14:11:00.785 [TestNG-test=Test-1] INFO  Dealership.POM - Vendor_Input field is displayed
14:11:11.126 [TestNG-test=Test-1] INFO  Dealership.POM - Vendor_Input is entered
14:11:11.170 [TestNG-test=Test-1] INFO  Dealership.POM - Mfg Part field is displayed
14:11:11.374 [TestNG-test=Test-1] INFO  Dealership.POM - Mfg Part is entered
14:11:11.418 [TestNG-test=Test-1] INFO  Dealership.POM - SKU Number field is displayed
14:11:11.606 [TestNG-test=Test-1] INFO  Dealership.POM - SKU Number is entered
14:11:11.651 [TestNG-test=Test-1] INFO  Dealership.POM - Category_Input field is displayed
14:11:14.006 [TestNG-test=Test-1] INFO  Dealership.POM - Category_Input is entered
14:11:14.053 [TestNG-test=Test-1] INFO  Dealership.POM - Tagsfield is displayed
14:11:16.442 [TestNG-test=Test-1] INFO  Dealership.POM - Tag is selected
14:11:16.627 [TestNG-test=Test-1] INFO  Dealership.POM - ApplicableTax is selected
14:11:16.687 [TestNG-test=Test-1] INFO  Dealership.POM - Qty field is displayed
14:11:16.818 [TestNG-test=Test-1] INFO  Dealership.POM - Qty is entered
14:11:16.854 [TestNG-test=Test-1] INFO  Dealership.POM - MSRP field is displayed
14:11:17.015 [TestNG-test=Test-1] INFO  Dealership.POM - MSRP is entered
14:11:17.055 [TestNG-test=Test-1] INFO  Dealership.POM - Retail field is displayed
14:11:17.238 [TestNG-test=Test-1] INFO  Dealership.POM - Retail is entered
14:11:17.290 [TestNG-test=Test-1] INFO  Dealership.POM - SalePrice field is displayed
14:11:17.453 [TestNG-test=Test-1] INFO  Dealership.POM - SalePrice is entered
14:11:17.490 [TestNG-test=Test-1] INFO  Dealership.POM - Environmental Fee field is displayed
14:11:17.644 [TestNG-test=Test-1] INFO  Dealership.POM - Environmental Fee is entered
14:11:17.699 [TestNG-test=Test-1] INFO  Dealership.POM - Part Save Button  is displayed
14:11:17.821 [TestNG-test=Test-1] INFO  Dealership.POM - save button is clicked
14:11:42.917 [TestNG-test=Test-1] INFO  Dealership.POM - Taginfo is successfully verified
14:11:59.353 [TestNG-test=Test-1] INFO  Dealership.POM - Tag is successfully removed
14:11:59.354 [TestNG-test=Test-1] INFO  Dealership.POM - Test case Tagmanagement passes successfully
15:20:23.154 [main] INFO  Dealership.POM - Running Test : SellingTaxmanagement
15:20:34.092 [main] INFO  Dealership.POM - Windows maximized
15:20:36.069 [main] INFO  Dealership.POM - URL entered
15:20:36.186 [main] INFO  Dealership.POM - Username field is visible
15:20:36.528 [main] INFO  Dealership.POM - Password field is visible
15:20:37.100 [main] INFO  Dealership.POM - Login Button is visible
15:20:37.366 [main] INFO  Dealership.POM - Login Button is clicked
15:21:17.210 [main] INFO  Dealership.POM - Account and Settings link is visible
15:21:17.304 [main] INFO  Dealership.POM - Account and Settings link is clicked
15:21:17.421 [main] INFO  Dealership.POM - SystemSettings link is visible
15:21:17.526 [main] INFO  Dealership.POM - SystemSettings link is clicked
15:21:22.809 [main] INFO  Dealership.POM - Tax management link is clicked
15:21:24.670 [main] INFO  Dealership.POM - TaxHeader is visible
15:21:34.886 [main] INFO  Dealership.POM - TaxRates link is visible
15:21:34.975 [main] INFO  Dealership.POM - TaxRates link is clicked
15:21:35.083 [main] INFO  Dealership.POM - AddNewSellingTaxRate link is visible
15:21:35.157 [main] INFO  Dealership.POM - AddNewSellingTaxRate link is clicked
15:21:38.895 [main] INFO  Dealership.POM - TaxName is visible
15:21:39.083 [main] INFO  Dealership.POM - TaxName is filled
15:21:39.129 [main] INFO  Dealership.POM - FormsLabel is visible
15:21:39.350 [main] INFO  Dealership.POM - FormsLabel is filled
15:21:39.424 [main] INFO  Dealership.POM - Rate is visible
15:21:39.601 [main] INFO  Dealership.POM - Rate is filled
15:21:39.650 [main] INFO  Dealership.POM - SaveButton is visible
15:21:39.718 [main] INFO  Dealership.POM - SaveButton is clicked
15:22:01.570 [main] INFO  Dealership.POM - TaxCodes link is visible
15:22:01.644 [main] INFO  Dealership.POM - TaxCodes link is clicked
15:22:01.759 [main] INFO  Dealership.POM - AddNewSellingTaxCode link is visible
15:22:01.840 [main] INFO  Dealership.POM - AddNewSellingTaxCode link is clicked
15:22:05.518 [main] INFO  Dealership.POM - TaxCodeName is visible
15:22:05.717 [main] INFO  Dealership.POM - TaxCodeName is filled
15:22:05.780 [main] INFO  Dealership.POM - FormsLabelCode is visible
15:22:05.992 [main] INFO  Dealership.POM - FormsLabelCode is filled
15:22:06.052 [main] INFO  Dealership.POM - ActiveToggle is visible
15:22:06.133 [main] INFO  Dealership.POM - ActiveToggle is clicked
15:22:06.190 [main] INFO  Dealership.POM - SaveButton is visible
15:22:06.282 [main] INFO  Dealership.POM - SaveButton is clicked
15:22:22.082 [main] INFO  Dealership.POM - NewTaxCode is visible
15:22:23.522 [main] FATAL Dealership.POM - Test Failed - screenshot captured for Method : SellingTaxmanagement
15:35:25.721 [main] INFO  Dealership.POM - Running Test : SellingTaxmanagement
15:35:42.417 [main] INFO  Dealership.POM - Windows maximized
15:35:45.612 [main] INFO  Dealership.POM - URL entered
15:35:45.939 [main] INFO  Dealership.POM - Username field is visible
15:35:46.422 [main] INFO  Dealership.POM - Password field is visible
15:35:47.175 [main] INFO  Dealership.POM - Login Button is visible
15:36:22.680 [main] INFO  Dealership.POM - Login Button is clicked
15:36:43.048 [main] INFO  Dealership.POM - Account and Settings link is visible
15:36:43.122 [main] INFO  Dealership.POM - Account and Settings link is clicked
15:36:43.244 [main] INFO  Dealership.POM - SystemSettings link is visible
15:36:43.363 [main] INFO  Dealership.POM - SystemSettings link is clicked
15:36:48.838 [main] INFO  Dealership.POM - Tax management link is clicked
15:36:50.582 [main] INFO  Dealership.POM - TaxHeader is visible
15:37:00.693 [main] INFO  Dealership.POM - TaxRates link is visible
15:37:00.794 [main] INFO  Dealership.POM - TaxRates link is clicked
15:37:00.911 [main] INFO  Dealership.POM - AddNewSellingTaxRate link is visible
15:37:01.019 [main] INFO  Dealership.POM - AddNewSellingTaxRate link is clicked
15:37:04.721 [main] INFO  Dealership.POM - TaxName is visible
15:37:04.964 [main] INFO  Dealership.POM - TaxName is filled
15:37:05.018 [main] INFO  Dealership.POM - FormsLabel is visible
15:37:05.299 [main] INFO  Dealership.POM - FormsLabel is filled
15:37:05.362 [main] INFO  Dealership.POM - Rate is visible
15:37:05.563 [main] INFO  Dealership.POM - Rate is filled
15:37:05.612 [main] INFO  Dealership.POM - SaveButton is visible
15:37:05.684 [main] INFO  Dealership.POM - SaveButton is clicked
15:37:22.057 [main] INFO  Dealership.POM - sellingtaxrate_779 is added successfully
15:37:33.327 [main] INFO  Dealership.POM - TaxCodes link is visible
15:37:33.495 [main] INFO  Dealership.POM - TaxCodes link is clicked
15:37:33.635 [main] INFO  Dealership.POM - AddNewSellingTaxCode link is visible
15:37:33.786 [main] INFO  Dealership.POM - AddNewSellingTaxCode link is clicked
15:37:37.468 [main] INFO  Dealership.POM - TaxCodeName is visible
15:37:37.695 [main] INFO  Dealership.POM - TaxCodeName is filled
15:37:37.751 [main] INFO  Dealership.POM - FormsLabelCode is visible
15:37:37.970 [main] INFO  Dealership.POM - FormsLabelCode is filled
15:37:38.025 [main] INFO  Dealership.POM - ActiveToggle is visible
15:37:38.106 [main] INFO  Dealership.POM - ActiveToggle is clicked
15:37:38.161 [main] INFO  Dealership.POM - SaveButton is visible
15:37:38.255 [main] INFO  Dealership.POM - SaveButton is clicked
15:37:54.070 [main] INFO  Dealership.POM - NewTaxCode is visible
15:37:54.146 [main] INFO  Dealership.POM - NewTaxCode is clicked
15:37:56.255 [main] INFO  Dealership.POM - AssignTaxRateButton is visible
15:37:56.361 [main] INFO  Dealership.POM - AssignTaxRateButton is clicked
15:38:09.270 [main] INFO  Dealership.POM - AssignedrateCheckbox is selected
15:38:14.373 [main] INFO  Dealership.POM - Update button is clicked
15:38:34.443 [main] INFO  Dealership.POM - Tax rate has been successfully assigned
15:38:39.572 [main] INFO  Dealership.POM - Addnew button is displayed
15:38:39.676 [main] INFO  Dealership.POM - Addnew button is clicked
15:38:39.822 [main] INFO  Dealership.POM - Part button is displayed
15:38:39.947 [main] INFO  Dealership.POM - Part button is clicked
15:38:48.695 [main] INFO  Dealership.POM - Part creation window is opened
15:38:48.825 [main] INFO  Dealership.POM - ApplicableTax is selected
15:38:48.825 [main] INFO  Dealership.POM - Tax code is verified
15:38:48.875 [main] INFO  Dealership.POM - Part Cancel Button  is displayed
15:38:49.053 [main] INFO  Dealership.POM - Cancel button is clicked
15:40:35.258 [main] FATAL Dealership.POM - Test Failed - screenshot captured for Method : SellingTaxmanagement
15:41:52.696 [main] INFO  Dealership.POM - Running Test : SellingTaxmanagement
15:42:00.962 [main] INFO  Dealership.POM - Windows maximized
15:42:03.058 [main] INFO  Dealership.POM - URL entered
15:42:03.254 [main] INFO  Dealership.POM - Username field is visible
15:42:03.563 [main] INFO  Dealership.POM - Password field is visible
15:42:03.911 [main] INFO  Dealership.POM - Login Button is visible
15:42:37.448 [main] INFO  Dealership.POM - Login Button is clicked
15:42:58.396 [main] INFO  Dealership.POM - Account and Settings link is visible
15:42:58.484 [main] INFO  Dealership.POM - Account and Settings link is clicked
15:42:58.594 [main] INFO  Dealership.POM - SystemSettings link is visible
15:42:58.708 [main] INFO  Dealership.POM - SystemSettings link is clicked
15:43:03.643 [main] INFO  Dealership.POM - Tax management link is clicked
15:43:06.345 [main] INFO  Dealership.POM - TaxHeader is visible
15:43:16.458 [main] INFO  Dealership.POM - TaxRates link is visible
15:43:16.555 [main] INFO  Dealership.POM - TaxRates link is clicked
15:43:16.676 [main] INFO  Dealership.POM - AddNewSellingTaxRate link is visible
15:43:16.766 [main] INFO  Dealership.POM - AddNewSellingTaxRate link is clicked
15:43:20.452 [main] INFO  Dealership.POM - TaxName is visible
15:43:20.691 [main] INFO  Dealership.POM - TaxName is filled
15:43:20.747 [main] INFO  Dealership.POM - FormsLabel is visible
15:43:21.027 [main] INFO  Dealership.POM - FormsLabel is filled
15:43:21.121 [main] INFO  Dealership.POM - Rate is visible
15:43:21.387 [main] INFO  Dealership.POM - Rate is filled
15:43:21.443 [main] INFO  Dealership.POM - SaveButton is visible
15:43:21.548 [main] INFO  Dealership.POM - SaveButton is clicked
15:43:43.403 [main] INFO  Dealership.POM - sellingtaxrate_219 is added successfully
15:43:56.051 [main] INFO  Dealership.POM - TaxCodes link is visible
15:43:56.151 [main] INFO  Dealership.POM - TaxCodes link is clicked
15:43:56.248 [main] INFO  Dealership.POM - AddNewSellingTaxCode link is visible
15:43:56.328 [main] INFO  Dealership.POM - AddNewSellingTaxCode link is clicked
15:44:00.008 [main] INFO  Dealership.POM - TaxCodeName is visible
15:44:00.323 [main] INFO  Dealership.POM - TaxCodeName is filled
15:44:00.409 [main] INFO  Dealership.POM - FormsLabelCode is visible
15:44:00.702 [main] INFO  Dealership.POM - FormsLabelCode is filled
15:44:00.783 [main] INFO  Dealership.POM - ActiveToggle is visible
15:44:00.898 [main] INFO  Dealership.POM - ActiveToggle is clicked
15:44:00.978 [main] INFO  Dealership.POM - SaveButton is visible
15:44:01.152 [main] INFO  Dealership.POM - SaveButton is clicked
15:44:16.859 [main] INFO  Dealership.POM - NewTaxCode is visible
15:44:18.225 [main] FATAL Dealership.POM - Test Failed - screenshot captured for Method : SellingTaxmanagement
15:48:03.321 [main] INFO  Dealership.POM - Running Test : SellingTaxmanagement
15:48:11.767 [main] INFO  Dealership.POM - Windows maximized
15:48:16.891 [main] INFO  Dealership.POM - URL entered
15:48:17.024 [main] INFO  Dealership.POM - Username field is visible
15:48:17.224 [main] INFO  Dealership.POM - Password field is visible
15:48:17.394 [main] INFO  Dealership.POM - Login Button is visible
15:49:00.923 [main] INFO  Dealership.POM - Login Button is clicked
15:49:21.349 [main] INFO  Dealership.POM - Account and Settings link is visible
15:49:21.450 [main] INFO  Dealership.POM - Account and Settings link is clicked
15:49:21.597 [main] INFO  Dealership.POM - SystemSettings link is visible
15:49:21.717 [main] INFO  Dealership.POM - SystemSettings link is clicked
15:49:26.248 [main] INFO  Dealership.POM - Tax management link is clicked
15:49:28.224 [main] INFO  Dealership.POM - TaxHeader is visible
15:49:38.355 [main] INFO  Dealership.POM - TaxRates link is visible
15:49:38.510 [main] INFO  Dealership.POM - TaxRates link is clicked
15:49:38.636 [main] INFO  Dealership.POM - AddNewSellingTaxRate link is visible
15:49:38.731 [main] INFO  Dealership.POM - AddNewSellingTaxRate link is clicked
15:49:42.416 [main] INFO  Dealership.POM - TaxName is visible
15:49:42.626 [main] INFO  Dealership.POM - TaxName is filled
15:49:42.674 [main] INFO  Dealership.POM - FormsLabel is visible
15:49:42.908 [main] INFO  Dealership.POM - FormsLabel is filled
15:49:42.978 [main] INFO  Dealership.POM - Rate is visible
15:49:43.137 [main] INFO  Dealership.POM - Rate is filled
15:49:43.183 [main] INFO  Dealership.POM - SaveButton is visible
15:49:43.265 [main] INFO  Dealership.POM - SaveButton is clicked
15:49:59.847 [main] INFO  Dealership.POM - sellingtaxrate_321 is added successfully
15:50:10.492 [main] INFO  Dealership.POM - TaxCodes link is visible
15:50:11.101 [main] INFO  Dealership.POM - TaxCodes link is clicked
15:50:11.200 [main] INFO  Dealership.POM - AddNewSellingTaxCode link is visible
15:50:11.321 [main] INFO  Dealership.POM - AddNewSellingTaxCode link is clicked
15:50:15.012 [main] INFO  Dealership.POM - TaxCodeName is visible
15:50:15.215 [main] INFO  Dealership.POM - TaxCodeName is filled
15:50:15.264 [main] INFO  Dealership.POM - FormsLabelCode is visible
15:50:15.497 [main] INFO  Dealership.POM - FormsLabelCode is filled
15:50:15.559 [main] INFO  Dealership.POM - ActiveToggle is visible
15:50:15.658 [main] INFO  Dealership.POM - ActiveToggle is clicked
15:50:15.763 [main] INFO  Dealership.POM - SaveButton is visible
15:50:15.896 [main] INFO  Dealership.POM - SaveButton is clicked
15:50:31.716 [main] INFO  Dealership.POM - NewTaxCode is visible
15:50:31.801 [main] INFO  Dealership.POM - NewTaxCode is clicked
15:50:33.898 [main] INFO  Dealership.POM - AssignTaxRateButton is visible
15:50:33.986 [main] INFO  Dealership.POM - AssignTaxRateButton is clicked
15:50:46.899 [main] INFO  Dealership.POM - AssignedrateCheckbox is selected
15:50:52.012 [main] INFO  Dealership.POM - Update button is clicked
15:51:12.075 [main] INFO  Dealership.POM - Tax rate has been successfully assigned
15:51:17.170 [main] INFO  Dealership.POM - Addnew button is displayed
15:51:17.278 [main] INFO  Dealership.POM - Addnew button is clicked
15:51:17.393 [main] INFO  Dealership.POM - Part button is displayed
15:51:17.517 [main] INFO  Dealership.POM - Part button is clicked
15:51:26.470 [main] INFO  Dealership.POM - Part creation window is opened
15:51:26.604 [main] INFO  Dealership.POM - ApplicableTax is selected
15:51:26.604 [main] INFO  Dealership.POM - Tax code is verified
15:51:26.656 [main] INFO  Dealership.POM - Part Cancel Button  is displayed
15:51:26.826 [main] INFO  Dealership.POM - Cancel button is clicked
15:51:36.935 [main] INFO  Dealership.POM - TaxCodes link is visible
15:51:38.292 [main] FATAL Dealership.POM - Test Failed - screenshot captured for Method : SellingTaxmanagement
16:13:13.380 [main] INFO  Dealership.POM - Running Test : SellingTaxmanagement
16:13:21.551 [main] INFO  Dealership.POM - Windows maximized
16:13:24.152 [main] INFO  Dealership.POM - URL entered
16:13:24.292 [main] INFO  Dealership.POM - Username field is visible
16:13:24.495 [main] INFO  Dealership.POM - Password field is visible
16:13:24.651 [main] INFO  Dealership.POM - Login Button is visible
16:13:24.737 [main] INFO  Dealership.POM - Login Button is clicked
16:14:05.764 [main] INFO  Dealership.POM - Account and Settings link is visible
16:14:05.867 [main] INFO  Dealership.POM - Account and Settings link is clicked
16:14:06.015 [main] INFO  Dealership.POM - SystemSettings link is visible
16:14:06.152 [main] INFO  Dealership.POM - SystemSettings link is clicked
16:14:11.481 [main] INFO  Dealership.POM - Tax management link is clicked
16:14:13.655 [main] INFO  Dealership.POM - TaxHeader is visible
16:14:23.806 [main] INFO  Dealership.POM - TaxRates link is visible
16:14:23.931 [main] INFO  Dealership.POM - TaxRates link is clicked
16:14:24.055 [main] INFO  Dealership.POM - AddNewSellingTaxRate link is visible
16:14:24.167 [main] INFO  Dealership.POM - AddNewSellingTaxRate link is clicked
16:14:27.931 [main] INFO  Dealership.POM - TaxName is visible
16:14:28.159 [main] INFO  Dealership.POM - TaxName is filled
16:14:28.193 [main] INFO  Dealership.POM - FormsLabel is visible
16:14:28.376 [main] INFO  Dealership.POM - FormsLabel is filled
16:14:28.433 [main] INFO  Dealership.POM - Rate is visible
16:14:28.645 [main] INFO  Dealership.POM - Rate is filled
16:14:28.687 [main] INFO  Dealership.POM - SaveButton is visible
16:14:28.765 [main] INFO  Dealership.POM - SaveButton is clicked
16:14:45.097 [main] INFO  Dealership.POM - sellingtaxrate_822 is added successfully
16:14:57.534 [main] INFO  Dealership.POM - TaxCodes link is visible
16:14:57.617 [main] INFO  Dealership.POM - TaxCodes link is clicked
16:14:57.697 [main] INFO  Dealership.POM - AddNewSellingTaxCode link is visible
16:14:57.785 [main] INFO  Dealership.POM - AddNewSellingTaxCode link is clicked
16:15:01.446 [main] INFO  Dealership.POM - TaxCodeName is visible
16:15:01.643 [main] INFO  Dealership.POM - TaxCodeName is filled
16:15:01.678 [main] INFO  Dealership.POM - FormsLabelCode is visible
16:15:01.861 [main] INFO  Dealership.POM - FormsLabelCode is filled
16:15:01.902 [main] INFO  Dealership.POM - ActiveToggle is visible
16:15:01.972 [main] INFO  Dealership.POM - ActiveToggle is clicked
16:15:02.021 [main] INFO  Dealership.POM - SaveButton is visible
16:15:02.103 [main] INFO  Dealership.POM - SaveButton is clicked
16:15:17.855 [main] INFO  Dealership.POM - NewTaxCode is visible
