19:26:12.297 [TestNG-test=Test-1] INFO  Dealership.POM - TechNameandTime is jack sparrow: Starts 03/21/2022 08:15 AM - Ends 03/21/2022 09:15 AM
19:26:12.331 [TestNG-test=Test-1] INFO  Dealership.POM - DeleteAppointmentButton is visible
19:26:12.447 [TestNG-test=Test-1] INFO  Dealership.POM - DeleteAppointmentButton is Clicked
19:26:17.512 [TestNG-test=Test-1] INFO  Dealership.POM - Delete Appointment Modal Window is opened
19:26:17.534 [TestNG-test=Test-1] INFO  Dealership.POM - Dlt Appointment Btn is visible
19:26:17.616 [TestNG-test=Test-1] INFO  Dealership.POM - Dlt Appointment Btn is Clicked
19:26:37.649 [TestNG-test=Test-1] INFO  Dealership.POM - 0 appointments are present
19:26:37.649 [TestNG-test=Test-1] INFO  Dealership.POM - Appointmen is Deleted Successfully
19:26:37.650 [TestNG-test=Test-1] INFO  Dealership.POM - Test case UnassignedAppointment passes successfully
19:26:43.676 [TestNG-test=Test-1] INFO  Dealership.POM - Running Test : ServiceJobAppointment
19:26:48.062 [TestNG-test=Test-1] INFO  Dealership.POM - Windows maximized
19:26:49.962 [TestNG-test=Test-1] INFO  Dealership.POM - URL entered
19:26:50.025 [TestNG-test=Test-1] INFO  Dealership.POM - Username field is visible
19:26:50.280 [TestNG-test=Test-1] INFO  Dealership.POM - Password field is visible
19:27:45.211 [TestNG-test=Test-1] INFO  Dealership.POM - Sell link is visible
19:27:46.939 [TestNG-test=Test-1] INFO  Dealership.POM - Sell link is clicked
19:27:47.094 [TestNG-test=Test-1] INFO  Dealership.POM - Select Customer Dropdown is visible
19:27:49.393 [TestNG-test=Test-1] INFO  Dealership.POM - Select Customer Field is visible
19:27:51.377 [TestNG-test=Test-1] INFO  Dealership.POM - CustomerInfo is visible
19:28:17.285 [TestNG-test=Test-1] INFO  Dealership.POM - ServiceJob button is visible
19:28:21.453 [TestNG-test=Test-1] INFO  Dealership.POM - ServiceJobStatus is visible
19:28:21.481 [TestNG-test=Test-1] INFO  Dealership.POM - ServiceJobStatus is Status: New
19:28:21.597 [TestNG-test=Test-1] INFO  Dealership.POM - CONumber is visible
19:28:21.620 [TestNG-test=Test-1] INFO  Dealership.POM - CONumber is CO-0004819
19:28:22.221 [TestNG-test=Test-1] INFO  Dealership.POM - ServiceJobDetails is visible
19:28:22.357 [TestNG-test=Test-1] INFO  Dealership.POM - ServiceJobDetails is clicked
19:28:27.413 [TestNG-test=Test-1] INFO  Dealership.POM - UnitDropDown is visible
19:28:27.572 [TestNG-test=Test-1] INFO  Dealership.POM - DropDownresult is visible
19:28:27.657 [TestNG-test=Test-1] INFO  Dealership.POM - Unit is Selected
19:28:27.723 [TestNG-test=Test-1] INFO  Dealership.POM - CreateApt link is visible
19:28:27.799 [TestNG-test=Test-1] INFO  Dealership.POM - CreateApt link is clicked
19:28:35.759 [TestNG-test=Test-1] INFO  Dealership.POM - AppointmentTitleId is visible
19:28:36.333 [TestNG-test=Test-1] INFO  Dealership.POM - EstimatedHours is filled
19:28:36.448 [TestNG-test=Test-1] INFO  Dealership.POM - EstimatedHours is visible
19:28:36.618 [TestNG-test=Test-1] INFO  Dealership.POM - EstimatedHours is filled
19:28:36.777 [TestNG-test=Test-1] INFO  Dealership.POM - AssignTechTab is visible
19:28:37.020 [TestNG-test=Test-1] INFO  Dealership.POM - AssignTechTab is Clicked
19:28:37.127 [TestNG-test=Test-1] INFO  Dealership.POM - Assign_tech_input_Field is visible
19:28:42.540 [TestNG-test=Test-1] INFO  Dealership.POM - [[ChromeDriver: chrome on WINDOWS (4d606b06e3475192733bc94a5a6ad34d)] -> xpath: //td[1]/div[1]/div[1]/ul[1]/li/div[1]] Tech is selected
19:28:52.605 [TestNG-test=Test-1] INFO  Dealership.POM - ConfirmButton is visible
19:28:52.747 [TestNG-test=Test-1] INFO  Dealership.POM - ConfirmButton is clicked
19:28:57.815 [TestNG-test=Test-1] INFO  Dealership.POM - TimeSlotInput is visible
19:29:03.077 [TestNG-test=Test-1] INFO  Dealership.POM - TimeSlot is visible
19:29:03.297 [TestNG-test=Test-1] INFO  Dealership.POM - TimeSlot is Selected
19:29:11.495 [TestNG-test=Test-1] INFO  Dealership.POM - SaveAppointmentButton is visible
19:29:11.673 [TestNG-test=Test-1] INFO  Dealership.POM - SaveAppointmentButton is Clicked
19:29:16.682 [TestNG-test=Test-1] INFO  Dealership.POM - Appointment is Created successfully
19:29:17.830 [TestNG-test=Test-1] INFO  Dealership.POM - AptonCO is visible
19:29:17.850 [TestNG-test=Test-1] INFO  Dealership.POM - Appointment is created for March 21, 2022 - 1 hr
19:29:17.913 [TestNG-test=Test-1] INFO  Dealership.POM - Schedule link is visible
19:29:18.036 [TestNG-test=Test-1] INFO  Dealership.POM - Schedule link is clicked
19:29:29.125 [TestNG-test=Test-1] INFO  Dealership.POM - DayViewLink is visible
19:29:29.212 [TestNG-test=Test-1] INFO  Dealership.POM - DayViewLink is opened
19:29:39.601 [TestNG-test=Test-1] INFO  Dealership.POM - The Appointment's CONumber Name is CO-0004819
19:29:39.601 [TestNG-test=Test-1] INFO  Dealership.POM - Appointment is verified
19:29:49.735 [TestNG-test=Test-1] INFO  Dealership.POM - EstimatedHours is visible
19:29:49.932 [TestNG-test=Test-1] INFO  Dealership.POM - DeleteAppointmentButton is visible
19:29:50.253 [TestNG-test=Test-1] INFO  Dealership.POM - DeleteAppointmentButton is Clicked
19:29:55.325 [TestNG-test=Test-1] INFO  Dealership.POM - Delete Appointment Modal Window is opened
19:29:55.345 [TestNG-test=Test-1] INFO  Dealership.POM - Dlt Appointment Btn is visible
19:29:55.493 [TestNG-test=Test-1] INFO  Dealership.POM - Dlt Appointment Btn is Clicked
19:29:55.494 [TestNG-test=Test-1] INFO  Dealership.POM - Test case ServiceJobAppointment passes successfully
19:30:01.602 [TestNG-test=Test-1] INFO  Dealership.POM - Running Test : DealserviceAppointment
19:30:06.157 [TestNG-test=Test-1] INFO  Dealership.POM - Windows maximized
19:30:07.917 [TestNG-test=Test-1] INFO  Dealership.POM - URL entered
19:30:07.982 [TestNG-test=Test-1] INFO  Dealership.POM - Username field is visible
19:30:08.254 [TestNG-test=Test-1] INFO  Dealership.POM - Password field is visible
19:30:42.557 [TestNG-test=Test-1] INFO  Dealership.POM - GlobalSearch is visible
19:30:47.630 [TestNG-test=Test-1] INFO  Dealership.POM - SearchResult is visible
19:30:49.121 [TestNG-test=Test-1] INFO  Dealership.POM - CO is selected
19:31:09.203 [TestNG-test=Test-1] INFO  Dealership.POM - DealService is visible
19:31:09.327 [TestNG-test=Test-1] INFO  Dealership.POM - DealService is opened
19:31:14.445 [TestNG-test=Test-1] INFO  Dealership.POM - JobDetails is visible
19:31:14.553 [TestNG-test=Test-1] INFO  Dealership.POM - JobDetails is opened
19:31:19.769 [TestNG-test=Test-1] INFO  Dealership.POM - CreateApt is visible
19:31:19.926 [TestNG-test=Test-1] INFO  Dealership.POM - CreateApt is opened
19:33:00.481 [TestNG-test=Test-1] FATAL Dealership.POM - Test Failed - screenshot captured for Method : DealserviceAppointment
19:33:06.519 [TestNG-test=Test-1] INFO  Dealership.POM - Running Test : AccountingIntegration
19:33:11.068 [TestNG-test=Test-1] INFO  Dealership.POM - Windows maximized
19:33:13.156 [TestNG-test=Test-1] INFO  Dealership.POM - URL entered
19:33:13.216 [TestNG-test=Test-1] INFO  Dealership.POM - Username field is visible
19:33:13.450 [TestNG-test=Test-1] INFO  Dealership.POM - Password field is visible
19:34:11.072 [TestNG-test=Test-1] INFO  Dealership.POM - Account and Settings link is visible
19:34:11.160 [TestNG-test=Test-1] INFO  Dealership.POM - Account and Settings link is clicked
19:34:11.249 [TestNG-test=Test-1] INFO  Dealership.POM - SystemSettings link is visible
19:34:11.346 [TestNG-test=Test-1] INFO  Dealership.POM - SystemSettings link is clicked
19:34:16.880 [TestNG-test=Test-1] INFO  Dealership.POM - Accounting integration link is clicked
19:34:18.922 [TestNG-test=Test-1] INFO  Dealership.POM - AccHeader is visible
19:34:18.950 [TestNG-test=Test-1] INFO  Dealership.POM - AccHeader Text is verified
19:34:19.037 [TestNG-test=Test-1] INFO  Dealership.POM - AccountingDropDown is visible
19:34:19.119 [TestNG-test=Test-1] INFO  Dealership.POM - AccountingDropDown is clicked
19:34:19.190 [TestNG-test=Test-1] INFO  Dealership.POM - The First option is Xero
19:34:19.248 [TestNG-test=Test-1] INFO  Dealership.POM - The Second option is QuickBooks Online
19:34:32.072 [TestNG-test=Test-1] INFO  Dealership.POM - The Third option is MYOB Account Right
19:34:32.130 [TestNG-test=Test-1] INFO  Dealership.POM - The Forth option is No Integration
19:34:32.453 [TestNG-test=Test-1] INFO  Dealership.POM - TestButton is visible
19:34:32.622 [TestNG-test=Test-1] INFO  Dealership.POM - TestButton is clicked
19:34:35.965 [TestNG-test=Test-1] INFO  Dealership.POM - Notification is visible
19:34:35.981 [TestNG-test=Test-1] INFO  Dealership.POM - Connection is tested
19:34:36.175 [TestNG-test=Test-1] INFO  Dealership.POM - NextButton is visible
19:34:36.335 [TestNG-test=Test-1] INFO  Dealership.POM - NextButton is clicked
19:34:47.088 [TestNG-test=Test-1] INFO  Dealership.POM - AccHeader is visible
19:34:47.107 [TestNG-test=Test-1] INFO  Dealership.POM - AccHeader Text is verified
19:34:47.551 [TestNG-test=Test-1] INFO  Dealership.POM - LastSyncTime is visible
19:34:47.567 [TestNG-test=Test-1] INFO  Dealership.POM - LastSyncTime is March 22, 2022 12:07 AM NZST
19:34:47.786 [TestNG-test=Test-1] INFO  Dealership.POM - SyncNowButton is visible
19:34:47.976 [TestNG-test=Test-1] INFO  Dealership.POM - SyncNowButton is clicked
19:34:53.783 [TestNG-test=Test-1] INFO  Dealership.POM - Notification is visible
19:34:54.253 [TestNG-test=Test-1] INFO  Dealership.POM - LastSyncTime is visible
19:34:54.270 [TestNG-test=Test-1] INFO  Dealership.POM - LastSyncTime is March 22, 2022 03:04 AM NZST
19:34:54.270 [TestNG-test=Test-1] INFO  Dealership.POM - Account is Synced successfully
19:34:54.747 [TestNG-test=Test-1] INFO  Dealership.POM - ViewButton is visible
19:34:56.047 [TestNG-test=Test-1] INFO  Dealership.POM - ViewButton is clicked
19:34:56.710 [TestNG-test=Test-1] INFO  Dealership.POM - AccountsListPopUp is visible
19:34:56.759 [TestNG-test=Test-1] INFO  Dealership.POM - AccountsListPopUp is verified
19:34:57.105 [TestNG-test=Test-1] INFO  Dealership.POM - OKButton is visible
19:34:57.315 [TestNG-test=Test-1] INFO  Dealership.POM - OKButton is clicked
19:35:02.453 [TestNG-test=Test-1] INFO  Dealership.POM - NextButton is visible
19:35:02.608 [TestNG-test=Test-1] INFO  Dealership.POM - NextButton is clicked
19:35:13.261 [TestNG-test=Test-1] INFO  Dealership.POM - AccHeader is visible
19:35:13.285 [TestNG-test=Test-1] INFO  Dealership.POM - AccHeader Text is verified
19:35:13.813 [TestNG-test=Test-1] INFO  Dealership.POM - ControlAccFields are visible
19:35:14.116 [TestNG-test=Test-1] INFO  Dealership.POM - NextButton is visible
19:35:14.362 [TestNG-test=Test-1] INFO  Dealership.POM - NextButton is clicked
19:35:24.807 [TestNG-test=Test-1] INFO  Dealership.POM - AccHeader is visible
19:35:24.826 [TestNG-test=Test-1] INFO  Dealership.POM - AccHeader Text is verified
19:35:25.264 [TestNG-test=Test-1] INFO  Dealership.POM - UndepositedFundsFields are visible
19:35:25.418 [TestNG-test=Test-1] INFO  Dealership.POM - NextButton is visible
19:35:25.696 [TestNG-test=Test-1] INFO  Dealership.POM - NextButton is clicked
19:35:36.261 [TestNG-test=Test-1] INFO  Dealership.POM - AccHeader is visible
19:35:36.282 [TestNG-test=Test-1] INFO  Dealership.POM - AccHeader Text is verified
19:35:37.352 [TestNG-test=Test-1] INFO  Dealership.POM - DefaultAccountsFields are visible
19:35:37.583 [TestNG-test=Test-1] INFO  Dealership.POM - NextButton is visible
19:35:38.053 [TestNG-test=Test-1] INFO  Dealership.POM - NextButton is clicked
19:35:48.363 [TestNG-test=Test-1] INFO  Dealership.POM - AccHeader is visible
19:35:48.379 [TestNG-test=Test-1] INFO  Dealership.POM - AccHeader Text is verified
19:35:48.948 [TestNG-test=Test-1] INFO  Dealership.POM - AddCategorybutton is visible
19:35:49.635 [TestNG-test=Test-1] INFO  Dealership.POM - AddCategorybutton is clicked
19:35:59.939 [TestNG-test=Test-1] INFO  Dealership.POM - AddCategoryType is visible
19:36:00.092 [TestNG-test=Test-1] INFO  Dealership.POM - AddCategoryType is clicked
19:36:03.094 [TestNG-test=Test-1] INFO  Dealership.POM - Category Types are opened
19:36:03.281 [TestNG-test=Test-1] INFO  Dealership.POM - Category is visible
19:36:03.466 [TestNG-test=Test-1] INFO  Dealership.POM - Category type 1 is selected
19:36:03.620 [TestNG-test=Test-1] INFO  Dealership.POM - CategoryName is visible
19:36:04.484 [TestNG-test=Test-1] INFO  Dealership.POM - CategoryName is entered
19:36:04.620 [TestNG-test=Test-1] INFO  Dealership.POM - SaveCategory is visible
19:36:04.810 [TestNG-test=Test-1] INFO  Dealership.POM - Category is Saved
19:36:08.280 [TestNG-test=Test-1] INFO  Dealership.POM - NewCategory is visible
19:36:08.578 [TestNG-test=Test-1] INFO  Dealership.POM - Editicon is visible
19:36:09.481 [TestNG-test=Test-1] INFO  Dealership.POM - Editicon is clicked
19:36:14.993 [TestNG-test=Test-1] INFO  Dealership.POM - CategoryName is visible
19:36:16.129 [TestNG-test=Test-1] INFO  Dealership.POM - CategoryName is entered
19:36:16.221 [TestNG-test=Test-1] INFO  Dealership.POM - SaveEdits button is visible
19:36:16.417 [TestNG-test=Test-1] INFO  Dealership.POM - SaveEdits buton is clicked
19:36:19.467 [TestNG-test=Test-1] INFO  Dealership.POM - Category is successfully edited
19:36:19.737 [TestNG-test=Test-1] INFO  Dealership.POM - Deleteicon is visible
19:36:19.898 [TestNG-test=Test-1] INFO  Dealership.POM - Deleteicon is clicked
19:36:26.517 [TestNG-test=Test-1] INFO  Dealership.POM - DeleteButton is visible
19:36:26.719 [TestNG-test=Test-1] INFO  Dealership.POM - DeleteButton is clicked
19:36:31.745 [TestNG-test=Test-1] INFO  Dealership.POM - Category is successfully deleted
19:36:32.169 [TestNG-test=Test-1] INFO  Dealership.POM - AddCategorybutton is visible
19:36:33.430 [TestNG-test=Test-1] INFO  Dealership.POM - AddCategorybutton is clicked
19:36:39.999 [TestNG-test=Test-1] INFO  Dealership.POM - AddCategoryType is visible
19:36:40.582 [TestNG-test=Test-1] INFO  Dealership.POM - AddCategoryType is clicked
19:36:43.594 [TestNG-test=Test-1] INFO  Dealership.POM - Category Types are opened
19:36:43.820 [TestNG-test=Test-1] INFO  Dealership.POM - Category is visible
19:36:44.251 [TestNG-test=Test-1] INFO  Dealership.POM - Category type 2 is selected
19:36:44.467 [TestNG-test=Test-1] INFO  Dealership.POM - CategoryName is visible
19:36:45.246 [TestNG-test=Test-1] INFO  Dealership.POM - CategoryName is entered
19:36:45.383 [TestNG-test=Test-1] INFO  Dealership.POM - SaveCategory is visible
19:36:45.686 [TestNG-test=Test-1] INFO  Dealership.POM - Category is Saved
19:36:49.750 [TestNG-test=Test-1] INFO  Dealership.POM - NewCategory is visible
19:36:50.678 [TestNG-test=Test-1] INFO  Dealership.POM - Editicon is visible
19:36:52.385 [TestNG-test=Test-1] INFO  Dealership.POM - Editicon is clicked
19:36:59.022 [TestNG-test=Test-1] INFO  Dealership.POM - CategoryName is visible
19:37:00.503 [TestNG-test=Test-1] INFO  Dealership.POM - CategoryName is entered
19:37:00.614 [TestNG-test=Test-1] INFO  Dealership.POM - SaveEdits button is visible
19:37:00.904 [TestNG-test=Test-1] INFO  Dealership.POM - SaveEdits buton is clicked
19:37:03.801 [TestNG-test=Test-1] INFO  Dealership.POM - Category is successfully edited
19:37:04.058 [TestNG-test=Test-1] INFO  Dealership.POM - Deleteicon is visible
19:37:04.223 [TestNG-test=Test-1] INFO  Dealership.POM - Deleteicon is clicked
19:37:12.180 [TestNG-test=Test-1] INFO  Dealership.POM - DeleteButton is visible
19:37:12.274 [TestNG-test=Test-1] INFO  Dealership.POM - DeleteButton is clicked
19:37:17.293 [TestNG-test=Test-1] INFO  Dealership.POM - Category is successfully deleted
19:37:17.798 [TestNG-test=Test-1] INFO  Dealership.POM - AddCategorybutton is visible
19:37:18.785 [TestNG-test=Test-1] INFO  Dealership.POM - AddCategorybutton is clicked
19:37:25.053 [TestNG-test=Test-1] INFO  Dealership.POM - AddCategoryType is visible
19:37:25.396 [TestNG-test=Test-1] INFO  Dealership.POM - AddCategoryType is clicked
19:37:28.407 [TestNG-test=Test-1] INFO  Dealership.POM - Category Types are opened
19:37:28.601 [TestNG-test=Test-1] INFO  Dealership.POM - Category is visible
19:37:29.060 [TestNG-test=Test-1] INFO  Dealership.POM - Category type 3 is selected
19:37:29.205 [TestNG-test=Test-1] INFO  Dealership.POM - CategoryName is visible
19:37:30.056 [TestNG-test=Test-1] INFO  Dealership.POM - CategoryName is entered
19:37:30.195 [TestNG-test=Test-1] INFO  Dealership.POM - SaveCategory is visible
19:37:30.449 [TestNG-test=Test-1] INFO  Dealership.POM - Category is Saved
19:37:32.895 [TestNG-test=Test-1] INFO  Dealership.POM - NewCategory is visible
19:37:33.137 [TestNG-test=Test-1] INFO  Dealership.POM - Editicon is visible
19:37:34.185 [TestNG-test=Test-1] INFO  Dealership.POM - Editicon is clicked
19:37:40.464 [TestNG-test=Test-1] INFO  Dealership.POM - CategoryName is visible
19:37:41.704 [TestNG-test=Test-1] INFO  Dealership.POM - CategoryName is entered
19:37:41.798 [TestNG-test=Test-1] INFO  Dealership.POM - SaveEdits button is visible
19:37:41.990 [TestNG-test=Test-1] INFO  Dealership.POM - SaveEdits buton is clicked
19:37:44.496 [TestNG-test=Test-1] INFO  Dealership.POM - Category is successfully edited
19:37:44.717 [TestNG-test=Test-1] INFO  Dealership.POM - Deleteicon is visible
19:37:44.834 [TestNG-test=Test-1] INFO  Dealership.POM - Deleteicon is clicked
19:37:50.767 [TestNG-test=Test-1] INFO  Dealership.POM - DeleteButton is visible
19:37:50.899 [TestNG-test=Test-1] INFO  Dealership.POM - DeleteButton is clicked
19:37:55.927 [TestNG-test=Test-1] INFO  Dealership.POM - Category is successfully deleted
19:37:56.210 [TestNG-test=Test-1] INFO  Dealership.POM - AddCategorybutton is visible
19:37:57.149 [TestNG-test=Test-1] INFO  Dealership.POM - AddCategorybutton is clicked
19:38:03.563 [TestNG-test=Test-1] INFO  Dealership.POM - AddCategoryType is visible
19:38:03.942 [TestNG-test=Test-1] INFO  Dealership.POM - AddCategoryType is clicked
19:38:06.957 [TestNG-test=Test-1] INFO  Dealership.POM - Category Types are opened
19:38:07.248 [TestNG-test=Test-1] INFO  Dealership.POM - Category is visible
19:38:08.387 [TestNG-test=Test-1] INFO  Dealership.POM - Category type 4 is selected
19:38:08.818 [TestNG-test=Test-1] INFO  Dealership.POM - CategoryName is visible
19:38:09.895 [TestNG-test=Test-1] INFO  Dealership.POM - CategoryName is entered
19:38:09.993 [TestNG-test=Test-1] INFO  Dealership.POM - SaveCategory is visible
19:38:10.165 [TestNG-test=Test-1] INFO  Dealership.POM - Category is Saved
19:38:12.242 [TestNG-test=Test-1] INFO  Dealership.POM - NewCategory is visible
19:38:12.498 [TestNG-test=Test-1] INFO  Dealership.POM - Editicon is visible
19:38:13.442 [TestNG-test=Test-1] INFO  Dealership.POM - Editicon is clicked
19:38:19.838 [TestNG-test=Test-1] INFO  Dealership.POM - CategoryName is visible
19:38:20.932 [TestNG-test=Test-1] INFO  Dealership.POM - CategoryName is entered
19:38:21.058 [TestNG-test=Test-1] INFO  Dealership.POM - SaveEdits button is visible
19:38:21.291 [TestNG-test=Test-1] INFO  Dealership.POM - SaveEdits buton is clicked
19:38:23.466 [TestNG-test=Test-1] INFO  Dealership.POM - Category is successfully edited
19:38:23.711 [TestNG-test=Test-1] INFO  Dealership.POM - Deleteicon is visible
19:38:23.826 [TestNG-test=Test-1] INFO  Dealership.POM - Deleteicon is clicked
19:38:29.744 [TestNG-test=Test-1] INFO  Dealership.POM - DeleteButton is visible
19:38:29.898 [TestNG-test=Test-1] INFO  Dealership.POM - DeleteButton is clicked
19:38:34.915 [TestNG-test=Test-1] INFO  Dealership.POM - Category is successfully deleted
19:38:35.320 [TestNG-test=Test-1] INFO  Dealership.POM - AddCategorybutton is visible
19:38:36.356 [TestNG-test=Test-1] INFO  Dealership.POM - AddCategorybutton is clicked
19:38:42.988 [TestNG-test=Test-1] INFO  Dealership.POM - AddCategoryType is visible
19:38:43.433 [TestNG-test=Test-1] INFO  Dealership.POM - AddCategoryType is clicked
19:38:46.434 [TestNG-test=Test-1] INFO  Dealership.POM - Category Types are opened
19:38:46.576 [TestNG-test=Test-1] INFO  Dealership.POM - Category is visible
19:38:46.985 [TestNG-test=Test-1] INFO  Dealership.POM - Category type 5 is selected
19:38:47.186 [TestNG-test=Test-1] INFO  Dealership.POM - CategoryName is visible
19:38:48.192 [TestNG-test=Test-1] INFO  Dealership.POM - CategoryName is entered
19:38:48.297 [TestNG-test=Test-1] INFO  Dealership.POM - SaveCategory is visible
19:38:48.468 [TestNG-test=Test-1] INFO  Dealership.POM - Category is Saved
19:38:50.618 [TestNG-test=Test-1] INFO  Dealership.POM - NewCategory is visible
19:38:50.977 [TestNG-test=Test-1] INFO  Dealership.POM - Editicon is visible
19:38:51.955 [TestNG-test=Test-1] INFO  Dealership.POM - Editicon is clicked
19:38:57.513 [TestNG-test=Test-1] INFO  Dealership.POM - CategoryName is visible
19:38:58.711 [TestNG-test=Test-1] INFO  Dealership.POM - CategoryName is entered
19:38:58.802 [TestNG-test=Test-1] INFO  Dealership.POM - SaveEdits button is visible
19:38:58.969 [TestNG-test=Test-1] INFO  Dealership.POM - SaveEdits buton is clicked
19:39:00.881 [TestNG-test=Test-1] INFO  Dealership.POM - Category is successfully edited
19:39:01.045 [TestNG-test=Test-1] INFO  Dealership.POM - Deleteicon is visible
19:39:01.161 [TestNG-test=Test-1] INFO  Dealership.POM - Deleteicon is clicked
19:39:07.179 [TestNG-test=Test-1] INFO  Dealership.POM - DeleteButton is visible
19:39:07.294 [TestNG-test=Test-1] INFO  Dealership.POM - DeleteButton is clicked
19:39:12.318 [TestNG-test=Test-1] INFO  Dealership.POM - Category is successfully deleted
19:39:12.691 [TestNG-test=Test-1] INFO  Dealership.POM - AddCategorybutton is visible
19:39:12.796 [TestNG-test=Test-1] INFO  Dealership.POM - AddCategorybutton is clicked
19:39:20.866 [TestNG-test=Test-1] INFO  Dealership.POM - AddCategoryType is visible
19:39:21.195 [TestNG-test=Test-1] INFO  Dealership.POM - AddCategoryType is clicked
19:39:24.205 [TestNG-test=Test-1] INFO  Dealership.POM - Category Types are opened
19:39:24.442 [TestNG-test=Test-1] INFO  Dealership.POM - Category is visible
19:39:25.080 [TestNG-test=Test-1] INFO  Dealership.POM - Category type 6 is selected
19:39:25.343 [TestNG-test=Test-1] INFO  Dealership.POM - CategoryName is visible
19:39:26.298 [TestNG-test=Test-1] INFO  Dealership.POM - CategoryName is entered
19:39:26.400 [TestNG-test=Test-1] INFO  Dealership.POM - SaveCategory is visible
19:39:26.660 [TestNG-test=Test-1] INFO  Dealership.POM - Category is Saved
19:39:29.511 [TestNG-test=Test-1] INFO  Dealership.POM - NewCategory is visible
19:39:29.756 [TestNG-test=Test-1] INFO  Dealership.POM - Editicon is visible
19:39:30.722 [TestNG-test=Test-1] INFO  Dealership.POM - Editicon is clicked
19:39:36.207 [TestNG-test=Test-1] INFO  Dealership.POM - CategoryName is visible
19:39:37.377 [TestNG-test=Test-1] INFO  Dealership.POM - CategoryName is entered
19:39:37.468 [TestNG-test=Test-1] INFO  Dealership.POM - SaveEdits button is visible
19:39:37.644 [TestNG-test=Test-1] INFO  Dealership.POM - SaveEdits buton is clicked
19:39:39.717 [TestNG-test=Test-1] INFO  Dealership.POM - Category is successfully edited
19:39:39.923 [TestNG-test=Test-1] INFO  Dealership.POM - Deleteicon is visible
19:39:40.057 [TestNG-test=Test-1] INFO  Dealership.POM - Deleteicon is clicked
19:39:46.004 [TestNG-test=Test-1] INFO  Dealership.POM - DeleteButton is visible
19:39:46.150 [TestNG-test=Test-1] INFO  Dealership.POM - DeleteButton is clicked
19:39:51.295 [TestNG-test=Test-1] INFO  Dealership.POM - Category is successfully deleted
19:39:52.096 [TestNG-test=Test-1] INFO  Dealership.POM - AddCategorybutton is visible
19:39:53.271 [TestNG-test=Test-1] INFO  Dealership.POM - AddCategorybutton is clicked
19:40:00.224 [TestNG-test=Test-1] INFO  Dealership.POM - AddCategoryType is visible
19:40:00.567 [TestNG-test=Test-1] INFO  Dealership.POM - AddCategoryType is clicked
19:40:03.567 [TestNG-test=Test-1] INFO  Dealership.POM - Category Types are opened
19:40:03.722 [TestNG-test=Test-1] INFO  Dealership.POM - Category is visible
19:40:04.324 [TestNG-test=Test-1] INFO  Dealership.POM - Category type 7 is selected
19:40:04.602 [TestNG-test=Test-1] INFO  Dealership.POM - CategoryName is visible
19:40:05.754 [TestNG-test=Test-1] INFO  Dealership.POM - CategoryName is entered
19:40:05.863 [TestNG-test=Test-1] INFO  Dealership.POM - SaveCategory is visible
19:40:06.081 [TestNG-test=Test-1] INFO  Dealership.POM - Category is Saved
19:40:08.690 [TestNG-test=Test-1] INFO  Dealership.POM - NewCategory is visible
19:40:09.002 [TestNG-test=Test-1] INFO  Dealership.POM - Editicon is visible
19:40:09.981 [TestNG-test=Test-1] INFO  Dealership.POM - Editicon is clicked
19:40:16.612 [TestNG-test=Test-1] INFO  Dealership.POM - CategoryName is visible
19:40:17.669 [TestNG-test=Test-1] INFO  Dealership.POM - CategoryName is entered
19:40:17.797 [TestNG-test=Test-1] INFO  Dealership.POM - SaveEdits button is visible
19:40:18.028 [TestNG-test=Test-1] INFO  Dealership.POM - SaveEdits buton is clicked
19:40:20.229 [TestNG-test=Test-1] INFO  Dealership.POM - Category is successfully edited
19:40:20.490 [TestNG-test=Test-1] INFO  Dealership.POM - Deleteicon is visible
19:40:20.662 [TestNG-test=Test-1] INFO  Dealership.POM - Deleteicon is clicked
19:40:26.705 [TestNG-test=Test-1] INFO  Dealership.POM - DeleteButton is visible
19:40:26.892 [TestNG-test=Test-1] INFO  Dealership.POM - DeleteButton is clicked
19:40:31.912 [TestNG-test=Test-1] INFO  Dealership.POM - Category is successfully deleted
19:40:32.232 [TestNG-test=Test-1] INFO  Dealership.POM - AddCategorybutton is visible
19:40:33.656 [TestNG-test=Test-1] INFO  Dealership.POM - AddCategorybutton is clicked
19:40:40.411 [TestNG-test=Test-1] INFO  Dealership.POM - AddCategoryType is visible
19:40:40.747 [TestNG-test=Test-1] INFO  Dealership.POM - AddCategoryType is clicked
19:40:43.749 [TestNG-test=Test-1] INFO  Dealership.POM - Category Types are opened
19:40:43.931 [TestNG-test=Test-1] INFO  Dealership.POM - Category is visible
19:40:44.429 [TestNG-test=Test-1] INFO  Dealership.POM - Category type 8 is selected
19:40:44.602 [TestNG-test=Test-1] INFO  Dealership.POM - CategoryName is visible
19:40:45.359 [TestNG-test=Test-1] INFO  Dealership.POM - CategoryName is entered
19:40:45.487 [TestNG-test=Test-1] INFO  Dealership.POM - SaveCategory is visible
19:40:45.703 [TestNG-test=Test-1] INFO  Dealership.POM - Category is Saved
19:40:48.310 [TestNG-test=Test-1] INFO  Dealership.POM - NewCategory is visible
19:40:48.637 [TestNG-test=Test-1] INFO  Dealership.POM - Editicon is visible
19:40:49.535 [TestNG-test=Test-1] INFO  Dealership.POM - Editicon is clicked
19:40:55.147 [TestNG-test=Test-1] INFO  Dealership.POM - CategoryName is visible
19:40:57.172 [TestNG-test=Test-1] INFO  Dealership.POM - CategoryName is entered
19:40:57.284 [TestNG-test=Test-1] INFO  Dealership.POM - SaveEdits button is visible
19:40:57.451 [TestNG-test=Test-1] INFO  Dealership.POM - SaveEdits buton is clicked
19:40:59.816 [TestNG-test=Test-1] INFO  Dealership.POM - Category is successfully edited
19:40:59.976 [TestNG-test=Test-1] INFO  Dealership.POM - Deleteicon is visible
19:41:00.083 [TestNG-test=Test-1] INFO  Dealership.POM - Deleteicon is clicked
19:41:06.698 [TestNG-test=Test-1] INFO  Dealership.POM - DeleteButton is visible
19:41:06.809 [TestNG-test=Test-1] INFO  Dealership.POM - DeleteButton is clicked
19:41:11.835 [TestNG-test=Test-1] INFO  Dealership.POM - Category is successfully deleted
19:41:12.271 [TestNG-test=Test-1] INFO  Dealership.POM - AddCategorybutton is visible
19:41:13.276 [TestNG-test=Test-1] INFO  Dealership.POM - AddCategorybutton is clicked
19:41:20.302 [TestNG-test=Test-1] INFO  Dealership.POM - AddCategoryType is visible
19:41:20.759 [TestNG-test=Test-1] INFO  Dealership.POM - AddCategoryType is clicked
19:41:23.770 [TestNG-test=Test-1] INFO  Dealership.POM - Category Types are opened
19:41:23.909 [TestNG-test=Test-1] INFO  Dealership.POM - Category is visible
19:41:24.506 [TestNG-test=Test-1] INFO  Dealership.POM - Category type 9 is selected
19:41:24.852 [TestNG-test=Test-1] INFO  Dealership.POM - CategoryName is visible
19:41:25.769 [TestNG-test=Test-1] INFO  Dealership.POM - CategoryName is entered
19:41:25.860 [TestNG-test=Test-1] INFO  Dealership.POM - SaveCategory is visible
19:41:26.038 [TestNG-test=Test-1] INFO  Dealership.POM - Category is Saved
19:41:28.169 [TestNG-test=Test-1] INFO  Dealership.POM - NewCategory is visible
19:41:28.435 [TestNG-test=Test-1] INFO  Dealership.POM - Editicon is visible
19:41:29.402 [TestNG-test=Test-1] INFO  Dealership.POM - Editicon is clicked
19:41:36.298 [TestNG-test=Test-1] INFO  Dealership.POM - CategoryName is visible
19:41:37.469 [TestNG-test=Test-1] INFO  Dealership.POM - CategoryName is entered
19:41:37.622 [TestNG-test=Test-1] INFO  Dealership.POM - SaveEdits button is visible
19:41:37.858 [TestNG-test=Test-1] INFO  Dealership.POM - SaveEdits buton is clicked
19:41:39.979 [TestNG-test=Test-1] INFO  Dealership.POM - Category is successfully edited
19:41:40.145 [TestNG-test=Test-1] INFO  Dealership.POM - Deleteicon is visible
19:41:40.250 [TestNG-test=Test-1] INFO  Dealership.POM - Deleteicon is clicked
19:41:46.241 [TestNG-test=Test-1] INFO  Dealership.POM - DeleteButton is visible
19:41:46.333 [TestNG-test=Test-1] INFO  Dealership.POM - DeleteButton is clicked
19:41:51.351 [TestNG-test=Test-1] INFO  Dealership.POM - Category is successfully deleted
19:41:51.468 [TestNG-test=Test-1] INFO  Dealership.POM - NextButton is visible
19:41:51.755 [TestNG-test=Test-1] INFO  Dealership.POM - NextButton is clicked
19:42:02.078 [TestNG-test=Test-1] INFO  Dealership.POM - AccHeader is visible
19:42:02.095 [TestNG-test=Test-1] INFO  Dealership.POM - AccHeader Text is verified
19:42:03.142 [TestNG-test=Test-1] INFO  Dealership.POM - AddSaleTypebutton is visible
19:42:03.391 [TestNG-test=Test-1] INFO  Dealership.POM - AddSaleTypebutton is clicked
19:42:08.692 [TestNG-test=Test-1] INFO  Dealership.POM - Code is visible
19:42:09.356 [TestNG-test=Test-1] INFO  Dealership.POM - Code is entered
19:42:09.695 [TestNG-test=Test-1] INFO  Dealership.POM - AddSaleType is visible
19:42:09.971 [TestNG-test=Test-1] INFO  Dealership.POM - Category type 0 is selected
19:42:10.018 [TestNG-test=Test-1] INFO  Dealership.POM - PartCategories is visible
19:42:10.265 [TestNG-test=Test-1] INFO  Dealership.POM - PartCategory is visible
19:42:10.561 [TestNG-test=Test-1] INFO  Dealership.POM - PartCategory is selected
19:42:10.595 [TestNG-test=Test-1] INFO  Dealership.POM - LaborCategories is visible
19:42:10.754 [TestNG-test=Test-1] INFO  Dealership.POM - LaborCategory is visible
19:42:10.931 [TestNG-test=Test-1] INFO  Dealership.POM - LaborCategory is selected
19:42:11.025 [TestNG-test=Test-1] INFO  Dealership.POM - SaveSaleType button  is visible
19:42:11.144 [TestNG-test=Test-1] INFO  Dealership.POM - SaveSaleType button is clicked
19:42:22.794 [TestNG-test=Test-1] INFO  Dealership.POM - EditLink  is visible
19:42:23.025 [TestNG-test=Test-1] INFO  Dealership.POM - EditLink is clicked
19:42:24.165 [TestNG-test=Test-1] INFO  Dealership.POM - LaborCategories is visible
19:42:24.560 [TestNG-test=Test-1] INFO  Dealership.POM - SaveEdits button  is visible
19:42:24.718 [TestNG-test=Test-1] INFO  Dealership.POM - SaveEdits button is clicked
19:42:30.041 [TestNG-test=Test-1] INFO  Dealership.POM - AddSaleTypebutton is visible
19:42:30.139 [TestNG-test=Test-1] INFO  Dealership.POM - AddSaleTypebutton is clicked
19:42:35.764 [TestNG-test=Test-1] INFO  Dealership.POM - Code is visible
19:42:36.639 [TestNG-test=Test-1] INFO  Dealership.POM - Code is entered
19:42:36.955 [TestNG-test=Test-1] INFO  Dealership.POM - AddSaleType is visible
19:42:37.244 [TestNG-test=Test-1] INFO  Dealership.POM - Category type 1 is selected
19:42:37.270 [TestNG-test=Test-1] INFO  Dealership.POM - PartCategories is visible
19:42:37.584 [TestNG-test=Test-1] INFO  Dealership.POM - PartCategory is visible
19:42:37.814 [TestNG-test=Test-1] INFO  Dealership.POM - PartCategory is selected
19:42:37.846 [TestNG-test=Test-1] INFO  Dealership.POM - LaborCategories is visible
19:42:38.052 [TestNG-test=Test-1] INFO  Dealership.POM - LaborCategory is visible
19:42:38.303 [TestNG-test=Test-1] INFO  Dealership.POM - LaborCategory is selected
19:42:38.343 [TestNG-test=Test-1] INFO  Dealership.POM - Providers is visible
19:42:38.605 [TestNG-test=Test-1] INFO  Dealership.POM - Provider is visible
19:42:38.963 [TestNG-test=Test-1] INFO  Dealership.POM - Provider is selected
19:42:39.085 [TestNG-test=Test-1] INFO  Dealership.POM - SaveSaleType button  is visible
19:42:39.194 [TestNG-test=Test-1] INFO  Dealership.POM - SaveSaleType button is clicked
19:42:53.845 [TestNG-test=Test-1] INFO  Dealership.POM - EditLink  is visible
19:42:54.037 [TestNG-test=Test-1] INFO  Dealership.POM - EditLink is clicked
19:42:55.162 [TestNG-test=Test-1] INFO  Dealership.POM - Providers is visible
19:42:55.597 [TestNG-test=Test-1] INFO  Dealership.POM - SaveEdits button  is visible
19:42:55.708 [TestNG-test=Test-1] INFO  Dealership.POM - SaveEdits button is clicked
19:43:01.734 [TestNG-test=Test-1] INFO  Dealership.POM - AddSaleTypebutton is visible
19:43:01.953 [TestNG-test=Test-1] INFO  Dealership.POM - AddSaleTypebutton is clicked
19:43:07.281 [TestNG-test=Test-1] INFO  Dealership.POM - Code is visible
19:43:07.939 [TestNG-test=Test-1] INFO  Dealership.POM - Code is entered
19:43:08.249 [TestNG-test=Test-1] INFO  Dealership.POM - AddSaleType is visible
19:43:08.588 [TestNG-test=Test-1] INFO  Dealership.POM - Category type 2 is selected
19:43:08.772 [TestNG-test=Test-1] INFO  Dealership.POM - PartCategories is visible
19:43:09.001 [TestNG-test=Test-1] INFO  Dealership.POM - PartCategory is visible
19:43:09.204 [TestNG-test=Test-1] INFO  Dealership.POM - PartCategory is selected
19:43:09.240 [TestNG-test=Test-1] INFO  Dealership.POM - LaborCategories is visible
19:43:09.427 [TestNG-test=Test-1] INFO  Dealership.POM - LaborCategory is visible
19:43:09.573 [TestNG-test=Test-1] INFO  Dealership.POM - LaborCategory is selected
19:43:09.605 [TestNG-test=Test-1] INFO  Dealership.POM - InternalCategories is visible
19:43:09.767 [TestNG-test=Test-1] INFO  Dealership.POM - InternalCategory is visible
19:43:10.071 [TestNG-test=Test-1] INFO  Dealership.POM - InternalCategory is selected
19:43:10.242 [TestNG-test=Test-1] INFO  Dealership.POM - SaveSaleType button  is visible
19:43:10.415 [TestNG-test=Test-1] INFO  Dealership.POM - SaveSaleType button is clicked
19:43:28.357 [TestNG-test=Test-1] INFO  Dealership.POM - EditLink  is visible
19:43:28.590 [TestNG-test=Test-1] INFO  Dealership.POM - EditLink is clicked
19:43:29.750 [TestNG-test=Test-1] INFO  Dealership.POM - InternalCategories is visible
19:43:30.224 [TestNG-test=Test-1] INFO  Dealership.POM - SaveEdits button  is visible
19:43:30.390 [TestNG-test=Test-1] INFO  Dealership.POM - SaveEdits button is clicked
19:43:36.130 [TestNG-test=Test-1] INFO  Dealership.POM - AddSaleTypebutton is visible
19:43:36.669 [TestNG-test=Test-1] INFO  Dealership.POM - AddSaleTypebutton is clicked
19:43:42.849 [TestNG-test=Test-1] INFO  Dealership.POM - Code is visible
19:43:43.525 [TestNG-test=Test-1] INFO  Dealership.POM - Code is entered
19:43:43.770 [TestNG-test=Test-1] INFO  Dealership.POM - AddSaleType is visible
19:43:44.051 [TestNG-test=Test-1] INFO  Dealership.POM - Category type 3 is selected
19:43:44.080 [TestNG-test=Test-1] INFO  Dealership.POM - PartCategories is visible
19:43:44.247 [TestNG-test=Test-1] INFO  Dealership.POM - PartCategory is visible
19:43:44.406 [TestNG-test=Test-1] INFO  Dealership.POM - PartCategory is selected
19:43:44.499 [TestNG-test=Test-1] INFO  Dealership.POM - SaveSaleType button  is visible
19:43:44.601 [TestNG-test=Test-1] INFO  Dealership.POM - SaveSaleType button is clicked
19:44:03.271 [TestNG-test=Test-1] INFO  Dealership.POM - EditLink  is visible
19:44:03.619 [TestNG-test=Test-1] INFO  Dealership.POM - EditLink is clicked
19:44:04.065 [TestNG-test=Test-1] INFO  Dealership.POM - SaveEdits button  is visible
19:44:04.766 [TestNG-test=Test-1] FATAL Dealership.POM - Test Failed - screenshot captured for Method : AccountingIntegration
19:44:10.772 [TestNG-test=Test-1] INFO  Dealership.POM - Running Test : BrandingManagement
19:44:17.376 [TestNG-test=Test-1] INFO  Dealership.POM - Windows maximized
19:44:19.976 [TestNG-test=Test-1] INFO  Dealership.POM - URL entered
19:44:20.012 [TestNG-test=Test-1] INFO  Dealership.POM - Username field is visible
19:44:20.151 [TestNG-test=Test-1] INFO  Dealership.POM - Password field is visible
19:44:56.458 [TestNG-test=Test-1] INFO  Dealership.POM - Account and Settings link is visible
19:44:56.547 [TestNG-test=Test-1] INFO  Dealership.POM - Account and Settings link is clicked
19:44:57.152 [TestNG-test=Test-1] INFO  Dealership.POM - SystemSettings link is visible
19:44:57.220 [TestNG-test=Test-1] INFO  Dealership.POM - SystemSettings link is clicked
19:45:01.108 [TestNG-test=Test-1] INFO  Dealership.POM - Branding management link is clicked
19:45:13.370 [TestNG-test=Test-1] INFO  Dealership.POM - BrandHeader is Branding management
19:45:13.448 [TestNG-test=Test-1] INFO  Dealership.POM - AddNewLocationIcon  is visible
19:45:13.650 [TestNG-test=Test-1] INFO  Dealership.POM - AddNewLocationIcon  is clicked
09:43:19.464 [main] INFO  Dealership.POM - Running Test : Merchandise
09:43:31.549 [main] INFO  Dealership.POM - Running Test : CashSale
09:43:43.593 [main] INFO  Dealership.POM - Windows maximized
09:43:45.411 [main] INFO  Dealership.POM - URL entered
09:43:45.616 [main] INFO  Dealership.POM - Username field is visible
09:43:45.992 [main] INFO  Dealership.POM - Password field is visible
09:44:18.894 [main] INFO  Dealership.POM - Sell link is visible
09:44:18.984 [main] INFO  Dealership.POM - Sell link is clickable
09:44:21.065 [main] INFO  Dealership.POM - Sell Part tile is displayed
09:44:21.234 [main] INFO  Dealership.POM - Sell Part tile is clicked
09:44:22.430 [main] INFO  Dealership.POM - Searchbox is visible
09:44:22.467 [main] INFO  Dealership.POM - Searchbox is visible
10:00:06.947 [main] INFO  Dealership.POM - Running Test : CashSale
10:00:15.329 [main] INFO  Dealership.POM - Windows maximized
10:00:22.023 [main] INFO  Dealership.POM - URL entered
10:00:22.197 [main] INFO  Dealership.POM - Username field is visible
10:00:22.552 [main] INFO  Dealership.POM - Password field is visible
10:01:12.635 [main] INFO  Dealership.POM - Sell link is visible
10:01:14.839 [main] INFO  Dealership.POM - Sell link is clickable
10:01:15.061 [main] INFO  Dealership.POM - Sell Part tile is displayed
10:01:15.209 [main] INFO  Dealership.POM - Sell Part tile is clicked
10:01:16.663 [main] INFO  Dealership.POM - Searchbox is visible
10:01:16.705 [main] INFO  Dealership.POM - Searchbox is visible
10:01:30.734 [main] INFO  Dealership.POM - Merchentity is visible
10:01:40.875 [main] INFO  Dealership.POM - Searchbox is visible
10:01:41.067 [main] INFO  Dealership.POM - Checkout_Button is visible
10:01:51.696 [main] FATAL Dealership.POM - Test Failed - screenshot captured for Method : CashSale
10:18:32.428 [main] INFO  Dealership.POM - Running Test : CashSale
10:18:42.938 [main] INFO  Dealership.POM - Windows maximized
10:18:44.820 [main] INFO  Dealership.POM - URL entered
10:18:44.995 [main] INFO  Dealership.POM - Username field is visible
10:18:45.308 [main] INFO  Dealership.POM - Password field is visible
10:19:14.810 [main] INFO  Dealership.POM - Sell link is visible
10:19:16.840 [main] INFO  Dealership.POM - Sell link is clickable
10:19:17.274 [main] INFO  Dealership.POM - Sell Part tile is displayed
10:19:19.668 [main] FATAL Dealership.POM - Test Failed - screenshot captured for Method : CashSale
10:21:05.917 [main] INFO  Dealership.POM - Running Test : CashSale
10:21:14.439 [main] INFO  Dealership.POM - Windows maximized
10:21:16.206 [main] INFO  Dealership.POM - URL entered
10:21:16.355 [main] INFO  Dealership.POM - Username field is visible
10:21:16.999 [main] INFO  Dealership.POM - Password field is visible
10:21:48.286 [main] INFO  Dealership.POM - Sell link is visible
10:21:48.346 [main] INFO  Dealership.POM - Sell link is clickable
10:21:49.801 [main] INFO  Dealership.POM - Sell Part tile is displayed
10:21:50.183 [main] INFO  Dealership.POM - Sell Part tile is clicked
10:21:50.447 [main] INFO  Dealership.POM - Searchbox is visible
10:21:50.483 [main] INFO  Dealership.POM - Searchbox is visible
10:21:53.421 [main] INFO  Dealership.POM - Merchentity is visible
10:22:03.602 [main] INFO  Dealership.POM - Searchbox is visible
10:22:03.761 [main] INFO  Dealership.POM - Checkout_Button is visible
10:22:14.450 [main] FATAL Dealership.POM - Test Failed - screenshot captured for Method : CashSale
10:24:16.489 [main] INFO  Dealership.POM - Running Test : CashSale
10:24:25.229 [main] INFO  Dealership.POM - Windows maximized
10:24:27.441 [main] INFO  Dealership.POM - URL entered
10:24:27.713 [main] INFO  Dealership.POM - Username field is visible
10:24:29.322 [main] INFO  Dealership.POM - Password field is visible
10:25:01.795 [main] INFO  Dealership.POM - Sell link is visible
10:25:03.419 [main] INFO  Dealership.POM - Sell link is clickable
10:25:03.755 [main] INFO  Dealership.POM - Sell Part tile is displayed
10:25:03.871 [main] INFO  Dealership.POM - Sell Part tile is clicked
10:25:05.101 [main] INFO  Dealership.POM - Searchbox is visible
10:25:05.150 [main] INFO  Dealership.POM - Searchbox is visible
10:25:08.582 [main] INFO  Dealership.POM - Merchentity is visible
10:25:18.698 [main] INFO  Dealership.POM - Searchbox is visible
10:25:18.855 [main] INFO  Dealership.POM - Checkout_Button is visible
10:25:29.541 [main] FATAL Dealership.POM - Test Failed - screenshot captured for Method : CashSale
10:28:15.326 [main] INFO  Dealership.POM - Running Test : CashSale
10:28:23.672 [main] INFO  Dealership.POM - Windows maximized
10:28:26.300 [main] INFO  Dealership.POM - URL entered
10:28:26.511 [main] INFO  Dealership.POM - Username field is visible
10:28:27.042 [main] INFO  Dealership.POM - Password field is visible
10:29:00.460 [main] INFO  Dealership.POM - Sell link is visible
10:29:01.658 [main] INFO  Dealership.POM - Sell link is clickable
10:29:01.959 [main] INFO  Dealership.POM - Sell Part tile is displayed
10:29:02.110 [main] INFO  Dealership.POM - Sell Part tile is clicked
10:29:02.883 [main] INFO  Dealership.POM - Searchbox is visible
10:29:02.918 [main] INFO  Dealership.POM - Searchbox is visible
10:29:05.839 [main] INFO  Dealership.POM - Merchentity is visible
10:29:15.975 [main] INFO  Dealership.POM - Searchbox is visible
10:29:16.137 [main] INFO  Dealership.POM - Checkout_Button is visible
10:29:29.959 [main] FATAL Dealership.POM - Test Failed - screenshot captured for Method : CashSale
10:30:58.060 [main] INFO  Dealership.POM - Running Test : CashSale
10:31:06.585 [main] INFO  Dealership.POM - Windows maximized
10:31:08.771 [main] INFO  Dealership.POM - URL entered
10:31:08.902 [main] INFO  Dealership.POM - Username field is visible
10:31:09.225 [main] INFO  Dealership.POM - Password field is visible
10:31:42.869 [main] INFO  Dealership.POM - Sell link is visible
10:31:42.950 [main] INFO  Dealership.POM - Sell link is clickable
10:31:44.795 [main] INFO  Dealership.POM - Sell Part tile is displayed
10:31:44.954 [main] INFO  Dealership.POM - Sell Part tile is clicked
10:31:45.784 [main] INFO  Dealership.POM - Searchbox is visible
10:31:45.828 [main] INFO  Dealership.POM - Searchbox is visible
10:31:49.298 [main] INFO  Dealership.POM - Merchentity is visible
10:31:59.446 [main] INFO  Dealership.POM - Searchbox is visible
10:31:59.610 [main] INFO  Dealership.POM - Checkout_Button is visible
10:32:13.558 [main] FATAL Dealership.POM - Test Failed - screenshot captured for Method : CashSale
10:33:06.240 [main] INFO  Dealership.POM - Running Test : CashSale
10:33:17.200 [main] INFO  Dealership.POM - Windows maximized
10:33:19.554 [main] INFO  Dealership.POM - URL entered
10:33:20.120 [main] INFO  Dealership.POM - Username field is visible
10:33:21.460 [main] INFO  Dealership.POM - Password field is visible
10:33:56.005 [main] INFO  Dealership.POM - Sell link is visible
10:33:58.432 [main] INFO  Dealership.POM - Sell link is clickable
10:33:59.861 [main] INFO  Dealership.POM - Sell Part tile is displayed
10:34:00.239 [main] INFO  Dealership.POM - Sell Part tile is clicked
10:34:00.962 [main] INFO  Dealership.POM - Searchbox is visible
10:34:01.058 [main] INFO  Dealership.POM - Searchbox is visible
10:34:04.705 [main] INFO  Dealership.POM - Merchentity is visible
10:34:15.012 [main] INFO  Dealership.POM - Searchbox is visible
10:34:15.239 [main] INFO  Dealership.POM - Checkout_Button is visible
10:34:29.239 [main] FATAL Dealership.POM - Test Failed - screenshot captured for Method : CashSale
10:35:41.083 [main] INFO  Dealership.POM - Running Test : CashSale
10:35:49.079 [main] INFO  Dealership.POM - Windows maximized
10:35:51.464 [main] INFO  Dealership.POM - URL entered
10:35:51.585 [main] INFO  Dealership.POM - Username field is visible
10:35:51.959 [main] INFO  Dealership.POM - Password field is visible
10:36:25.288 [main] INFO  Dealership.POM - Sell link is visible
10:36:27.416 [main] INFO  Dealership.POM - Sell link is clickable
10:36:27.727 [main] INFO  Dealership.POM - Sell Part tile is displayed
10:36:27.846 [main] INFO  Dealership.POM - Sell Part tile is clicked
10:36:29.565 [main] INFO  Dealership.POM - Searchbox is visible
10:36:29.604 [main] INFO  Dealership.POM - Searchbox is visible
10:36:33.033 [main] INFO  Dealership.POM - Merchentity is visible
10:36:43.201 [main] INFO  Dealership.POM - Searchbox is visible
10:36:43.370 [main] INFO  Dealership.POM - Checkout_Button is visible
10:37:08.962 [main] INFO  Dealership.POM - Payment option is visible
10:37:09.096 [main] INFO  Dealership.POM - Payment option is selected
10:37:09.558 [main] FATAL Dealership.POM - Test Failed - screenshot captured for Method : CashSale
10:40:20.932 [main] INFO  Dealership.POM - Running Test : CashSale
10:40:29.795 [main] INFO  Dealership.POM - Windows maximized
10:40:31.917 [main] INFO  Dealership.POM - URL entered
10:40:32.071 [main] INFO  Dealership.POM - Username field is visible
10:40:33.198 [main] INFO  Dealership.POM - Password field is visible
10:41:08.046 [main] INFO  Dealership.POM - Sell link is visible
10:41:09.637 [main] INFO  Dealership.POM - Sell link is clickable
10:41:10.288 [main] INFO  Dealership.POM - Sell Part tile is displayed
10:41:10.627 [main] INFO  Dealership.POM - Sell Part tile is clicked
10:41:10.911 [main] INFO  Dealership.POM - Searchbox is visible
10:41:10.969 [main] INFO  Dealership.POM - Searchbox is visible
10:41:14.480 [main] INFO  Dealership.POM - Merchentity is visible
10:41:24.639 [main] INFO  Dealership.POM - Searchbox is visible
10:41:24.772 [main] INFO  Dealership.POM - Checkout_Button is visible
10:41:48.565 [main] INFO  Dealership.POM - Payment option is visible
10:41:48.658 [main] INFO  Dealership.POM - Payment option is selected
10:41:48.712 [main] INFO  Dealership.POM - AddPayment Button is visible
10:41:48.834 [main] INFO  Dealership.POM - AddPayment Button is clicked
10:41:58.924 [main] INFO  Dealership.POM - Finalize Button is visible
10:42:00.392 [main] FATAL Dealership.POM - Test Failed - screenshot captured for Method : CashSale
11:24:10.441 [main] INFO  Dealership.POM - Running Test : CashSale
11:24:26.307 [main] INFO  Dealership.POM - Windows maximized
11:24:28.327 [main] INFO  Dealership.POM - URL entered
11:24:28.465 [main] INFO  Dealership.POM - Username field is visible
11:24:29.187 [main] INFO  Dealership.POM - Password field is visible
11:25:30.828 [main] INFO  Dealership.POM - Sell link is visible
11:25:34.045 [main] INFO  Dealership.POM - Sell link is clickable
11:25:35.061 [main] INFO  Dealership.POM - Sell Part tile is displayed
11:25:35.829 [main] INFO  Dealership.POM - Sell Part tile is clicked
11:25:36.427 [main] INFO  Dealership.POM - Searchbox is visible
11:25:36.484 [main] INFO  Dealership.POM - Searchbox is visible
11:25:41.658 [main] INFO  Dealership.POM - Merchentity is visible
11:25:51.884 [main] INFO  Dealership.POM - Searchbox is visible
11:27:32.547 [main] FATAL Dealership.POM - Test Failed - screenshot captured for Method : CashSale
11:45:49.116 [main] INFO  Dealership.POM - Running Test : TemporaryUnit
11:46:00.202 [main] INFO  Dealership.POM - Windows maximized
11:46:02.445 [main] INFO  Dealership.POM - URL entered
11:46:02.607 [main] INFO  Dealership.POM - Username field is visible
11:46:02.961 [main] INFO  Dealership.POM - Password field is visible
11:46:55.838 [main] INFO  Dealership.POM - Sell link is visible
11:46:57.283 [main] INFO  Dealership.POM - Sell link is clickable
11:46:57.685 [main] INFO  Dealership.POM - Select Customer Dropdown is visible
11:47:00.198 [main] INFO  Dealership.POM - Select Customer Field is visible
11:47:02.392 [main] INFO  Dealership.POM - CustomerInfo is visible
11:47:32.760 [main] INFO  Dealership.POM - Quote Toggle button is visible
11:47:32.932 [main] INFO  Dealership.POM - Quote Toggle button is clicked
11:47:43.002 [main] INFO  Dealership.POM - The status of CO is Quote
11:47:43.057 [main] INFO  Dealership.POM - Sell A Unit button is visible
11:47:43.156 [main] INFO  Dealership.POM - Sell A Unit button is clicked
11:47:57.579 [main] INFO  Dealership.POM - UnitDealStatus is visible
