15:30:15.172 [main] INFO  Dealership.POM - Login Button is clicked
15:30:30.412 [main] INFO  Dealership.POM - Addnew button is displayed
15:30:30.526 [main] INFO  Dealership.POM - Addnew button is clicked
15:30:30.592 [main] INFO  Dealership.POM - Labor button is displayed
15:30:30.705 [main] INFO  Dealership.POM - Labor button is clicked
15:30:35.864 [main] INFO  Dealership.POM - Labor creation window is opened
15:30:35.920 [main] INFO  Dealership.POM - Labor code field is displayed
15:30:36.197 [main] INFO  Dealership.POM - labor code is entered
15:30:36.260 [main] INFO  Dealership.POM - Description field is displayed
15:30:36.459 [main] INFO  Dealership.POM - Description is entered
15:30:36.512 [main] INFO  Dealership.POM - Hours field is displayed
15:30:36.628 [main] INFO  Dealership.POM - Hours entered
15:30:36.689 [main] INFO  Dealership.POM - Rate field is displayed
15:30:36.864 [main] INFO  Dealership.POM - Rate entered
15:30:36.929 [main] INFO  Dealership.POM - Category_Input field is displayed
15:30:52.381 [main] INFO  Dealership.POM - Category_Input entered
15:30:52.443 [main] INFO  Dealership.POM - Applicabletax field is displayed
15:30:52.646 [main] INFO  Dealership.POM - Applicabletax is entered
15:30:52.702 [main] INFO  Dealership.POM - SaveButton is displayed
15:30:52.822 [main] INFO  Dealership.POM - SaveButton is clicked
15:31:03.241 [main] INFO  Dealership.POM - Labor Name is entered in searchbox
15:31:09.811 [main] INFO  Dealership.POM - the text is qalabor-15_02_202203_29_30 - Test Description
15:31:09.825 [main] INFO  Dealership.POM - Labor is successfully created
15:31:09.831 [main] INFO  Dealership.POM - Test case AddLabor passes successfully
15:31:35.799 [main] INFO  Dealership.POM - Running Test : AddFee
15:31:45.439 [main] INFO  Dealership.POM - Windows maximized
15:31:47.687 [main] INFO  Dealership.POM - URL entered
15:31:47.897 [main] INFO  Dealership.POM - Username field is visible
15:31:49.021 [main] INFO  Dealership.POM - Password field is visible
15:31:50.025 [main] INFO  Dealership.POM - Login Button is visible
15:31:50.561 [main] INFO  Dealership.POM - Login Button is clicked
15:33:04.948 [main] INFO  Dealership.POM - Running Test : servicejob
15:33:15.672 [main] INFO  Dealership.POM - Windows maximized
15:33:18.382 [main] INFO  Dealership.POM - URL entered
15:33:18.558 [main] INFO  Dealership.POM - Username field is visible
15:33:22.723 [main] INFO  Dealership.POM - Password field is visible
15:33:24.463 [main] INFO  Dealership.POM - Login Button is visible
15:33:39.869 [main] INFO  Dealership.POM - Login Button is clicked
15:33:55.102 [main] INFO  Dealership.POM - Sell link is visible
15:33:56.270 [main] INFO  Dealership.POM - Sell link is clickable
15:33:56.605 [main] INFO  Dealership.POM - Select Customer Dropdown is visible
15:33:56.992 [main] INFO  Dealership.POM - Select Customer Field is visible
15:33:59.240 [main] INFO  Dealership.POM - CustomerInfo is visible
15:34:19.617 [main] INFO  Dealership.POM - ServiceJob button is visible
15:34:22.719 [main] INFO  Dealership.POM - ServiceJobStatus is visible
15:34:22.769 [main] INFO  Dealership.POM - ServiceJobStatus is Status: New
15:34:23.382 [main] INFO  Dealership.POM - ServiceJobDetails is visible
15:34:23.570 [main] INFO  Dealership.POM - ServiceJobDetails is clicked
15:35:51.026 [main] INFO  Dealership.POM - Temp Unit Mmodal Window  is visible
15:35:51.064 [main] INFO  Dealership.POM - VIN_Unit field is visible
15:35:51.113 [main] INFO  Dealership.POM - Make field is visible
15:35:53.083 [main] INFO  Dealership.POM - Make is filed
15:35:53.129 [main] INFO  Dealership.POM - Model field is visible
15:35:54.504 [main] INFO  Dealership.POM - Model is filed
15:35:54.543 [main] INFO  Dealership.POM - Sub-Model field is visible
15:35:55.000 [main] INFO  Dealership.POM - Sub-Model is filed
15:35:55.035 [main] INFO  Dealership.POM - Year field is visible
15:35:55.305 [main] INFO  Dealership.POM - Year is filed
15:35:55.352 [main] INFO  Dealership.POM - Addbutton is visible
15:35:55.503 [main] INFO  Dealership.POM - Addbutton is clicked
15:36:05.568 [main] INFO  Dealership.POM - Customerownedunit is visible
15:36:05.607 [main] INFO  Dealership.POM - Concern field is visible
15:36:05.831 [main] INFO  Dealership.POM - Concern field is filled
15:36:05.865 [main] INFO  Dealership.POM - Cause field is visible
15:36:06.103 [main] INFO  Dealership.POM - Cause field is filled
15:36:06.137 [main] INFO  Dealership.POM - Correction field is visible
15:36:06.266 [main] INFO  Dealership.POM - Correction field is filled
15:36:06.309 [main] INFO  Dealership.POM - Odometer_on_arrival field is visible
15:36:06.563 [main] INFO  Dealership.POM - Odometer_on_arrival field is filled
15:36:06.602 [main] INFO  Dealership.POM - Odometer_on_departure field is visible
15:36:06.849 [main] INFO  Dealership.POM - Odometer_on_departure field is filled
15:36:07.831 [main] INFO  Dealership.POM - Searchbox is visible
15:36:18.595 [main] INFO  Dealership.POM - Merchentity is visible
15:36:49.304 [main] INFO  Dealership.POM - Feeentity is visible
15:37:30.035 [main] INFO  Dealership.POM - Kitentity is visible
15:38:10.998 [main] INFO  Dealership.POM - Laborentity is visible
15:38:42.252 [main] INFO  Dealership.POM - Notes field is visible
15:38:43.512 [main] INFO  Dealership.POM - Assign_Tech button is visible
15:38:43.698 [main] INFO  Dealership.POM - ClockingStaffPopupforCO is visible
15:38:53.863 [main] INFO  Dealership.POM - Technician is successfully assigned
15:38:59.025 [main] INFO  Dealership.POM - Customer Approval button is visible
15:38:59.173 [main] INFO  Dealership.POM - Customer Approval button is clicked
15:39:29.589 [main] INFO  Dealership.POM - Save Customer Approval button is visible
15:39:29.653 [main] INFO  Dealership.POM - Save Customer Approval button is clicked
15:39:40.219 [main] FATAL Dealership.POM - Test Failed - screenshot captured for Method : servicejob
15:42:17.574 [main] INFO  Dealership.POM - Running Test : servicejob
15:42:29.192 [main] INFO  Dealership.POM - Windows maximized
15:42:31.346 [main] INFO  Dealership.POM - URL entered
15:42:31.545 [main] INFO  Dealership.POM - Username field is visible
15:42:32.247 [main] INFO  Dealership.POM - Password field is visible
15:42:33.173 [main] INFO  Dealership.POM - Login Button is visible
15:43:04.800 [main] INFO  Dealership.POM - Login Button is clicked
15:43:19.934 [main] INFO  Dealership.POM - Sell link is visible
15:43:21.591 [main] INFO  Dealership.POM - Sell link is clickable
15:43:21.812 [main] INFO  Dealership.POM - Select Customer Dropdown is visible
15:43:24.537 [main] INFO  Dealership.POM - Select Customer Field is visible
15:43:26.583 [main] INFO  Dealership.POM - CustomerInfo is visible
15:43:46.973 [main] INFO  Dealership.POM - ServiceJob button is visible
15:43:49.508 [main] INFO  Dealership.POM - ServiceJobStatus is visible
15:43:49.551 [main] INFO  Dealership.POM - ServiceJobStatus is Status: New
15:43:49.696 [main] INFO  Dealership.POM - ServiceJobDetails is visible
15:43:49.801 [main] INFO  Dealership.POM - ServiceJobDetails is clicked
15:44:05.069 [main] INFO  Dealership.POM - Temp Unit Mmodal Window  is visible
15:44:05.114 [main] INFO  Dealership.POM - VIN_Unit field is visible
15:44:05.161 [main] INFO  Dealership.POM - Make field is visible
15:44:06.813 [main] INFO  Dealership.POM - Make is filed
15:44:06.861 [main] INFO  Dealership.POM - Model field is visible
15:44:08.011 [main] INFO  Dealership.POM - Model is filed
15:44:08.058 [main] INFO  Dealership.POM - Sub-Model field is visible
15:44:08.512 [main] INFO  Dealership.POM - Sub-Model is filed
15:44:08.554 [main] INFO  Dealership.POM - Year field is visible
15:44:08.820 [main] INFO  Dealership.POM - Year is filed
15:44:08.885 [main] INFO  Dealership.POM - Addbutton is visible
15:44:09.022 [main] INFO  Dealership.POM - Addbutton is clicked
15:44:19.085 [main] INFO  Dealership.POM - Customerownedunit is visible
15:44:19.122 [main] INFO  Dealership.POM - Concern field is visible
15:44:19.352 [main] INFO  Dealership.POM - Concern field is filled
15:44:19.408 [main] INFO  Dealership.POM - Cause field is visible
15:44:19.685 [main] INFO  Dealership.POM - Cause field is filled
15:44:19.732 [main] INFO  Dealership.POM - Correction field is visible
15:44:19.874 [main] INFO  Dealership.POM - Correction field is filled
15:44:19.920 [main] INFO  Dealership.POM - Odometer_on_arrival field is visible
15:44:20.174 [main] INFO  Dealership.POM - Odometer_on_arrival field is filled
15:44:20.228 [main] INFO  Dealership.POM - Odometer_on_departure field is visible
15:44:20.502 [main] INFO  Dealership.POM - Odometer_on_departure field is filled
15:44:21.340 [main] INFO  Dealership.POM - Searchbox is visible
15:44:32.052 [main] INFO  Dealership.POM - Merchentity is visible
15:45:03.041 [main] INFO  Dealership.POM - Feeentity is visible
15:45:43.952 [main] INFO  Dealership.POM - Kitentity is visible
15:46:25.074 [main] INFO  Dealership.POM - Laborentity is visible
15:46:56.420 [main] INFO  Dealership.POM - Notes field is visible
15:46:57.635 [main] INFO  Dealership.POM - Assign_Tech button is visible
15:46:58.014 [main] INFO  Dealership.POM - ClockingStaffPopupforCO is visible
15:47:08.260 [main] INFO  Dealership.POM - Technician is successfully assigned
15:47:13.464 [main] INFO  Dealership.POM - Customer Approval button is visible
15:47:13.596 [main] INFO  Dealership.POM - Customer Approval button is clicked
15:47:44.049 [main] INFO  Dealership.POM - Save Customer Approval button is visible
15:47:44.125 [main] INFO  Dealership.POM - Save Customer Approval button is clicked
15:58:36.433 [main] INFO  Dealership.POM - Running Test : servicejob
15:58:51.626 [main] INFO  Dealership.POM - Windows maximized
15:58:53.911 [main] INFO  Dealership.POM - URL entered
15:58:54.232 [main] INFO  Dealership.POM - Username field is visible
15:58:54.754 [main] INFO  Dealership.POM - Password field is visible
15:58:55.011 [main] INFO  Dealership.POM - Login Button is visible
15:59:11.309 [main] INFO  Dealership.POM - Login Button is clicked
15:59:26.611 [main] INFO  Dealership.POM - Sell link is visible
15:59:28.354 [main] INFO  Dealership.POM - Sell link is clickable
15:59:29.673 [main] INFO  Dealership.POM - Select Customer Dropdown is visible
15:59:29.997 [main] INFO  Dealership.POM - Select Customer Field is visible
15:59:32.237 [main] INFO  Dealership.POM - CustomerInfo is visible
15:59:52.590 [main] INFO  Dealership.POM - ServiceJob button is visible
15:59:56.296 [main] INFO  Dealership.POM - ServiceJobStatus is visible
15:59:56.348 [main] INFO  Dealership.POM - ServiceJobStatus is Status: New
15:59:56.495 [main] INFO  Dealership.POM - ServiceJobDetails is visible
15:59:56.596 [main] INFO  Dealership.POM - ServiceJobDetails is clicked
16:00:11.866 [main] INFO  Dealership.POM - Temp Unit Mmodal Window  is visible
16:00:11.904 [main] INFO  Dealership.POM - VIN_Unit field is visible
16:00:11.937 [main] INFO  Dealership.POM - Make field is visible
16:00:14.782 [main] INFO  Dealership.POM - Make is filed
16:00:14.818 [main] INFO  Dealership.POM - Model field is visible
16:00:16.142 [main] INFO  Dealership.POM - Model is filed
16:00:16.204 [main] INFO  Dealership.POM - Sub-Model field is visible
16:00:16.889 [main] INFO  Dealership.POM - Sub-Model is filed
16:00:16.966 [main] INFO  Dealership.POM - Year field is visible
16:00:17.510 [main] INFO  Dealership.POM - Year is filed
16:00:17.598 [main] INFO  Dealership.POM - Addbutton is visible
16:00:17.796 [main] INFO  Dealership.POM - Addbutton is clicked
16:00:27.871 [main] INFO  Dealership.POM - Customerownedunit is visible
16:00:27.917 [main] INFO  Dealership.POM - Concern field is visible
16:00:28.241 [main] INFO  Dealership.POM - Concern field is filled
16:00:28.319 [main] INFO  Dealership.POM - Cause field is visible
16:00:28.690 [main] INFO  Dealership.POM - Cause field is filled
16:00:28.727 [main] INFO  Dealership.POM - Correction field is visible
16:00:28.899 [main] INFO  Dealership.POM - Correction field is filled
16:00:28.943 [main] INFO  Dealership.POM - Odometer_on_arrival field is visible
16:00:29.195 [main] INFO  Dealership.POM - Odometer_on_arrival field is filled
16:00:29.249 [main] INFO  Dealership.POM - Odometer_on_departure field is visible
16:00:29.530 [main] INFO  Dealership.POM - Odometer_on_departure field is filled
16:00:30.479 [main] INFO  Dealership.POM - Searchbox is visible
16:00:41.316 [main] INFO  Dealership.POM - Merchentity is visible
16:01:12.009 [main] INFO  Dealership.POM - Feeentity is visible
16:01:52.713 [main] INFO  Dealership.POM - Kitentity is visible
16:02:33.759 [main] INFO  Dealership.POM - Laborentity is visible
16:03:04.947 [main] INFO  Dealership.POM - Notes field is visible
16:03:06.279 [main] INFO  Dealership.POM - Assign_Tech button is visible
16:03:06.438 [main] INFO  Dealership.POM - ClockingStaffPopupforCO is visible
16:03:16.635 [main] INFO  Dealership.POM - Technician is successfully assigned
16:03:21.855 [main] INFO  Dealership.POM - Customer Approval button is visible
16:03:21.962 [main] INFO  Dealership.POM - Customer Approval button is clicked
16:03:52.473 [main] INFO  Dealership.POM - Save Customer Approval button is visible
16:03:52.548 [main] INFO  Dealership.POM - Save Customer Approval button is clicked
16:04:02.694 [main] INFO  Dealership.POM - Approval ID is CA-00099
16:04:08.011 [main] INFO  Dealership.POM - Status is Status: New
16:04:08.313 [main] INFO  Dealership.POM - Complete Status is displayed
16:04:08.380 [main] INFO  Dealership.POM - Complete Status is checked
16:04:08.445 [main] INFO  Dealership.POM - Save button is displayed
16:04:08.659 [main] INFO  Dealership.POM - Save buttton is clicked
16:04:18.711 [main] INFO  Dealership.POM - Checkout_Button is visible
16:04:49.549 [main] INFO  Dealership.POM - Payment option is visible
16:04:49.698 [main] INFO  Dealership.POM - Payment option is selected
16:04:49.869 [main] INFO  Dealership.POM - AddPayment Button is visible
16:04:50.066 [main] INFO  Dealership.POM - AddPayment Button is clicked
16:05:00.114 [main] INFO  Dealership.POM - Finalize Button is visible
16:05:00.250 [main] INFO  Dealership.POM - Finalize Button is clicked
16:05:10.316 [main] INFO  Dealership.POM - Invoice Window is visible
16:05:10.667 [main] INFO  Dealership.POM - Invoice Close Button is visible
16:05:10.729 [main] INFO  Dealership.POM - Invoice Close Button is clicked
16:05:20.773 [main] INFO  Dealership.POM - CO Status is visible
16:05:20.804 [main] INFO  Dealership.POM - CO Status is Closed
16:05:21.842 [main] INFO  Dealership.POM - Customer name is entered in seachbox
16:05:31.902 [main] INFO  Dealership.POM - SearcResults are displayed
16:05:32.075 [main] INFO  Dealership.POM - SearcResult0 is clicked
16:05:42.160 [main] INFO  Dealership.POM - CM_Owned_Units are displayed
16:05:42.270 [main] INFO  Dealership.POM - CM_Owned_Units is clicked
16:05:42.537 [main] FATAL Dealership.POM - Test Failed - screenshot captured for Method : servicejob
16:19:32.244 [main] INFO  Dealership.POM - Running Test : UnitDeal
16:19:41.142 [main] INFO  Dealership.POM - Windows maximized
16:19:43.252 [main] INFO  Dealership.POM - URL entered
16:19:43.417 [main] INFO  Dealership.POM - Username field is visible
16:19:43.887 [main] INFO  Dealership.POM - Password field is visible
16:19:44.418 [main] INFO  Dealership.POM - Login Button is visible
16:19:44.535 [main] INFO  Dealership.POM - Login Button is clicked
16:20:17.575 [main] INFO  Dealership.POM - Sell link is visible
16:20:20.494 [main] INFO  Dealership.POM - Sell link is clickable
16:20:22.092 [main] INFO  Dealership.POM - Select Customer Dropdown is visible
16:20:22.740 [main] INFO  Dealership.POM - Select Customer Field is visible
16:20:25.030 [main] INFO  Dealership.POM - CustomerInfo is visible
16:20:46.120 [main] INFO  Dealership.POM - Sell A Unit button is visible
16:20:46.274 [main] INFO  Dealership.POM - Sell A Unit button is clicked
16:20:48.939 [main] INFO  Dealership.POM - UnitDealStatus is visible
16:20:48.980 [main] INFO  Dealership.POM - UnitDealStatus is Status: Quotation
16:20:49.107 [main] INFO  Dealership.POM - UnitOptionsStatus is visible
16:20:49.158 [main] INFO  Dealership.POM - UnitOptionsStatus is Option:
16:20:49.269 [main] INFO  Dealership.POM - Unit1 is visible
16:20:49.806 [main] INFO  Dealership.POM - Unit1 is opened
16:20:51.207 [main] INFO  Dealership.POM - Search Stockunit field is visible
16:20:53.440 [main] INFO  Dealership.POM - Unit1 is selected
16:20:56.307 [main] FATAL Dealership.POM - Test Failed - screenshot captured for Method : UnitDeal
17:10:22.434 [main] INFO  Dealership.POM - Running Test : AccountingIntegration
17:10:35.167 [main] INFO  Dealership.POM - Windows maximized
17:10:37.964 [main] INFO  Dealership.POM - URL entered
17:10:38.080 [main] INFO  Dealership.POM - Username field is visible
17:10:38.584 [main] INFO  Dealership.POM - Password field is visible
17:10:39.211 [main] INFO  Dealership.POM - Login Button is visible
17:10:40.042 [main] INFO  Dealership.POM - Login Button is clicked
17:11:11.249 [main] INFO  Dealership.POM - Account and Settings link is visible
17:11:11.344 [main] INFO  Dealership.POM - Account and Settings link is clicked
17:11:11.465 [main] INFO  Dealership.POM - SystemSettings link is visible
17:11:11.565 [main] INFO  Dealership.POM - SystemSettings link is clicked
17:11:17.171 [main] INFO  Dealership.POM - Accounting integration link is clicked
17:11:17.179 [main] INFO  Dealership.POM - Test case AccountingIntegration passes successfully
17:12:03.817 [main] INFO  Dealership.POM - Running Test : AccountingIntegration
17:12:11.895 [main] INFO  Dealership.POM - Windows maximized
17:12:13.733 [main] INFO  Dealership.POM - URL entered
17:12:13.970 [main] INFO  Dealership.POM - Username field is visible
17:12:14.414 [main] INFO  Dealership.POM - Password field is visible
17:12:15.265 [main] INFO  Dealership.POM - Login Button is visible
17:12:30.312 [main] INFO  Dealership.POM - Login Button is clicked
17:12:45.600 [main] INFO  Dealership.POM - Account and Settings link is visible
17:12:45.681 [main] INFO  Dealership.POM - Account and Settings link is clicked
17:12:45.790 [main] INFO  Dealership.POM - SystemSettings link is visible
17:12:45.896 [main] INFO  Dealership.POM - SystemSettings link is clicked
17:12:49.251 [main] INFO  Dealership.POM - Accounting integration link is clicked
17:12:49.277 [main] INFO  Dealership.POM - Test case AccountingIntegration passes successfully
17:39:08.658 [main] INFO  Dealership.POM - Running Test : AccountingIntegration
17:39:17.871 [main] INFO  Dealership.POM - Windows maximized
17:39:20.233 [main] INFO  Dealership.POM - URL entered
17:39:20.380 [main] INFO  Dealership.POM - Username field is visible
17:39:20.606 [main] INFO  Dealership.POM - Password field is visible
17:39:20.761 [main] INFO  Dealership.POM - Login Button is visible
17:39:20.845 [main] INFO  Dealership.POM - Login Button is clicked
17:39:50.533 [main] INFO  Dealership.POM - Account and Settings link is visible
17:39:50.657 [main] INFO  Dealership.POM - Account and Settings link is clicked
17:39:50.876 [main] INFO  Dealership.POM - SystemSettings link is visible
17:39:50.972 [main] INFO  Dealership.POM - SystemSettings link is clicked
17:39:54.564 [main] INFO  Dealership.POM - Accounting integration link is clicked
17:41:05.770 [main] INFO  Dealership.POM - Running Test : AccountingIntegration
17:41:13.732 [main] INFO  Dealership.POM - Windows maximized
17:41:16.062 [main] INFO  Dealership.POM - URL entered
17:41:16.433 [main] INFO  Dealership.POM - Username field is visible
17:41:16.914 [main] INFO  Dealership.POM - Password field is visible
17:41:17.098 [main] INFO  Dealership.POM - Login Button is visible
17:41:17.832 [main] INFO  Dealership.POM - Login Button is clicked
17:41:38.901 [main] INFO  Dealership.POM - Account and Settings link is visible
17:41:39.061 [main] INFO  Dealership.POM - Account and Settings link is clicked
17:41:39.445 [main] INFO  Dealership.POM - SystemSettings link is visible
17:41:39.616 [main] INFO  Dealership.POM - SystemSettings link is clicked
17:41:46.109 [main] INFO  Dealership.POM - Accounting integration link is clicked
17:43:26.676 [main] FATAL Dealership.POM - Test Failed - screenshot captured for Method : AccountingIntegration
17:44:27.249 [main] INFO  Dealership.POM - Running Test : AccountingIntegration
17:44:35.209 [main] INFO  Dealership.POM - Windows maximized
17:44:37.364 [main] INFO  Dealership.POM - URL entered
17:44:37.544 [main] INFO  Dealership.POM - Username field is visible
17:44:37.946 [main] INFO  Dealership.POM - Password field is visible
17:44:38.453 [main] INFO  Dealership.POM - Login Button is visible
17:44:53.138 [main] INFO  Dealership.POM - Login Button is clicked
17:45:08.427 [main] INFO  Dealership.POM - Account and Settings link is visible
17:45:08.550 [main] INFO  Dealership.POM - Account and Settings link is clicked
17:45:09.266 [main] INFO  Dealership.POM - SystemSettings link is visible
17:45:09.366 [main] INFO  Dealership.POM - SystemSettings link is clicked
17:45:13.319 [main] INFO  Dealership.POM - Accounting integration link is clicked
17:45:15.044 [main] INFO  Dealership.POM - AccHeader is visible
17:45:15.081 [main] INFO  Dealership.POM - AccHeader Text is verified
17:45:15.157 [main] INFO  Dealership.POM - AccountingDropDown is visible
17:45:15.234 [main] INFO  Dealership.POM - AccountingDropDown is clicked
17:45:15.369 [main] INFO  Dealership.POM - The First option is Xero
17:45:21.635 [main] INFO  Dealership.POM - The Second option is QuickBooks Online
17:45:21.684 [main] INFO  Dealership.POM - The Third option is MYOB Account Right
17:45:31.791 [main] INFO  Dealership.POM - Test case AccountingIntegration passes successfully
19:18:08.228 [main] INFO  Dealership.POM - Running Test : AccountingIntegration
19:18:19.493 [main] INFO  Dealership.POM - Windows maximized
19:18:21.650 [main] INFO  Dealership.POM - URL entered
19:18:21.845 [main] INFO  Dealership.POM - Username field is visible
19:18:22.343 [main] INFO  Dealership.POM - Password field is visible
19:18:22.662 [main] INFO  Dealership.POM - Login Button is visible
19:18:22.773 [main] INFO  Dealership.POM - Login Button is clicked
19:18:43.479 [main] INFO  Dealership.POM - Account and Settings link is visible
19:18:43.573 [main] INFO  Dealership.POM - Account and Settings link is clicked
19:18:44.250 [main] INFO  Dealership.POM - SystemSettings link is visible
19:18:44.351 [main] INFO  Dealership.POM - SystemSettings link is clicked
19:18:50.734 [main] INFO  Dealership.POM - Accounting integration link is clicked
19:18:52.554 [main] INFO  Dealership.POM - AccHeader is visible
19:18:52.593 [main] INFO  Dealership.POM - AccHeader Text is verified
19:18:52.716 [main] INFO  Dealership.POM - AccountingDropDown is visible
19:18:52.830 [main] INFO  Dealership.POM - AccountingDropDown is clicked
19:18:53.159 [main] INFO  Dealership.POM - The First option is Xero
19:18:53.387 [main] INFO  Dealership.POM - The Second option is QuickBooks Online
19:18:53.462 [main] INFO  Dealership.POM - The Third option is MYOB Account Right
19:19:00.524 [main] INFO  Dealership.POM - The Forth option is No Integration
19:19:00.789 [main] INFO  Dealership.POM - TestButton is visible
19:19:00.977 [main] INFO  Dealership.POM - TestButton is clicked
19:19:04.025 [main] INFO  Dealership.POM - Notification is visible
19:19:04.043 [main] INFO  Dealership.POM - Connection is tested
19:19:04.218 [main] INFO  Dealership.POM - NextButton is visible
19:19:04.369 [main] INFO  Dealership.POM - NextButton is clicked
19:19:04.660 [main] INFO  Dealership.POM - AccHeader is visible
19:19:04.902 [main] FATAL Dealership.POM - Test Failed - screenshot captured for Method : AccountingIntegration
19:20:13.573 [main] INFO  Dealership.POM - Running Test : AccountingIntegration
19:20:21.245 [main] INFO  Dealership.POM - Windows maximized
19:20:23.532 [main] INFO  Dealership.POM - URL entered
19:20:23.670 [main] INFO  Dealership.POM - Username field is visible
19:20:24.330 [main] INFO  Dealership.POM - Password field is visible
19:20:24.876 [main] INFO  Dealership.POM - Login Button is visible
19:20:24.972 [main] INFO  Dealership.POM - Login Button is clicked
19:20:46.393 [main] INFO  Dealership.POM - Account and Settings link is visible
19:20:46.496 [main] INFO  Dealership.POM - Account and Settings link is clicked
19:20:46.620 [main] INFO  Dealership.POM - SystemSettings link is visible
19:20:46.764 [main] INFO  Dealership.POM - SystemSettings link is clicked
19:20:52.926 [main] INFO  Dealership.POM - Accounting integration link is clicked
19:20:54.537 [main] INFO  Dealership.POM - AccHeader is visible
19:20:54.554 [main] INFO  Dealership.POM - AccHeader Text is verified
19:20:54.626 [main] INFO  Dealership.POM - AccountingDropDown is visible
19:20:54.684 [main] INFO  Dealership.POM - AccountingDropDown is clicked
19:20:54.746 [main] INFO  Dealership.POM - The First option is Xero
19:20:54.853 [main] INFO  Dealership.POM - The Second option is QuickBooks Online
19:20:54.923 [main] INFO  Dealership.POM - The Third option is MYOB Account Right
19:21:01.378 [main] INFO  Dealership.POM - The Forth option is No Integration
19:21:01.659 [main] INFO  Dealership.POM - TestButton is visible
19:21:01.791 [main] INFO  Dealership.POM - TestButton is clicked
19:21:04.855 [main] INFO  Dealership.POM - Notification is visible
19:21:04.875 [main] INFO  Dealership.POM - Connection is tested
19:21:05.035 [main] INFO  Dealership.POM - NextButton is visible
19:21:05.152 [main] INFO  Dealership.POM - NextButton is clicked
19:21:15.461 [main] INFO  Dealership.POM - AccHeader is visible
19:21:15.481 [main] INFO  Dealership.POM - AccHeader Text is verified
19:21:15.719 [main] INFO  Dealership.POM - LastSyncTime is visible
19:21:15.740 [main] INFO  Dealership.POM - LastSyncTime is February 16, 2022 02:28 AM NZST
19:21:15.883 [main] INFO  Dealership.POM - SyncNowButton is visible
19:21:16.006 [main] INFO  Dealership.POM - SyncNowButton is clicked
19:21:20.716 [main] INFO  Dealership.POM - Notification is visible
19:21:20.829 [main] INFO  Dealership.POM - LastSyncTime is visible
19:21:20.840 [main] INFO  Dealership.POM - LastSyncTime is February 16, 2022 02:51 AM NZST
19:21:20.841 [main] INFO  Dealership.POM - Account is Synced successfully
19:21:20.973 [main] INFO  Dealership.POM - ViewButton is visible
19:21:21.047 [main] INFO  Dealership.POM - ViewButton is clicked
19:21:21.859 [main] INFO  Dealership.POM - AccountsListPopUp is visible
19:21:21.885 [main] INFO  Dealership.POM - AccountsListPopUp is verified
19:21:22.037 [main] INFO  Dealership.POM - OKButton is visible
19:21:22.136 [main] INFO  Dealership.POM - OKButton is clicked
19:21:27.370 [main] FATAL Dealership.POM - Test Failed - screenshot captured for Method : AccountingIntegration
19:22:38.945 [main] INFO  Dealership.POM - Running Test : AccountingIntegration
19:22:47.245 [main] INFO  Dealership.POM - Windows maximized
19:22:49.603 [main] INFO  Dealership.POM - URL entered
19:22:49.753 [main] INFO  Dealership.POM - Username field is visible
19:22:50.303 [main] INFO  Dealership.POM - Password field is visible
19:22:50.545 [main] INFO  Dealership.POM - Login Button is visible
19:22:51.096 [main] INFO  Dealership.POM - Login Button is clicked
19:23:12.967 [main] INFO  Dealership.POM - Account and Settings link is visible
19:23:14.481 [main] FATAL Dealership.POM - Test Failed - screenshot captured for Method : AccountingIntegration
19:25:02.929 [main] INFO  Dealership.POM - Running Test : AccountingIntegration
19:25:10.578 [main] INFO  Dealership.POM - Windows maximized
19:25:12.703 [main] INFO  Dealership.POM - URL entered
19:25:12.834 [main] INFO  Dealership.POM - Username field is visible
19:25:13.246 [main] INFO  Dealership.POM - Password field is visible
19:25:13.435 [main] INFO  Dealership.POM - Login Button is visible
19:25:44.534 [main] INFO  Dealership.POM - Login Button is clicked
19:25:59.659 [main] INFO  Dealership.POM - Account and Settings link is visible
19:25:59.722 [main] INFO  Dealership.POM - Account and Settings link is clicked
19:25:59.829 [main] INFO  Dealership.POM - SystemSettings link is visible
19:25:59.920 [main] INFO  Dealership.POM - SystemSettings link is clicked
19:26:02.859 [main] INFO  Dealership.POM - Accounting integration link is clicked
19:26:04.419 [main] INFO  Dealership.POM - AccHeader is visible
19:26:04.440 [main] INFO  Dealership.POM - AccHeader Text is verified
19:26:04.512 [main] INFO  Dealership.POM - AccountingDropDown is visible
19:26:04.571 [main] INFO  Dealership.POM - AccountingDropDown is clicked
19:26:04.629 [main] INFO  Dealership.POM - The First option is Xero
19:26:04.674 [main] INFO  Dealership.POM - The Second option is QuickBooks Online
19:26:04.760 [main] INFO  Dealership.POM - The Third option is MYOB Account Right
19:26:09.822 [main] INFO  Dealership.POM - The Forth option is No Integration
19:26:10.143 [main] INFO  Dealership.POM - TestButton is visible
19:26:10.230 [main] INFO  Dealership.POM - TestButton is clicked
19:26:13.301 [main] INFO  Dealership.POM - Notification is visible
19:26:13.331 [main] INFO  Dealership.POM - Connection is tested
19:26:13.540 [main] INFO  Dealership.POM - NextButton is visible
19:26:13.708 [main] INFO  Dealership.POM - NextButton is clicked
19:26:23.898 [main] INFO  Dealership.POM - AccHeader is visible
19:26:23.916 [main] INFO  Dealership.POM - AccHeader Text is verified
19:26:24.089 [main] INFO  Dealership.POM - LastSyncTime is visible
19:26:24.105 [main] INFO  Dealership.POM - LastSyncTime is February 16, 2022 02:51 AM NZST
19:26:24.235 [main] INFO  Dealership.POM - SyncNowButton is visible
19:26:24.355 [main] INFO  Dealership.POM - SyncNowButton is clicked
19:26:29.079 [main] INFO  Dealership.POM - Notification is visible
19:26:29.182 [main] INFO  Dealership.POM - LastSyncTime is visible
19:26:29.193 [main] INFO  Dealership.POM - LastSyncTime is February 16, 2022 02:56 AM NZST
19:26:29.194 [main] INFO  Dealership.POM - Account is Synced successfully
19:26:29.350 [main] INFO  Dealership.POM - ViewButton is visible
19:26:29.447 [main] INFO  Dealership.POM - ViewButton is clicked
19:26:30.246 [main] INFO  Dealership.POM - AccountsListPopUp is visible
19:26:30.275 [main] INFO  Dealership.POM - AccountsListPopUp is verified
19:26:30.424 [main] INFO  Dealership.POM - OKButton is visible
19:26:30.526 [main] INFO  Dealership.POM - OKButton is clicked
19:26:35.607 [main] INFO  Dealership.POM - NextButton is visible
19:26:35.691 [main] INFO  Dealership.POM - NextButton is clicked
19:26:45.712 [main] INFO  Dealership.POM - Test case AccountingIntegration passes successfully
15:06:30.954 [main] INFO  Dealership.POM - Running Test : AccountingIntegration
15:06:47.455 [main] INFO  Dealership.POM - Windows maximized
15:06:49.566 [main] INFO  Dealership.POM - URL entered
15:06:49.718 [main] INFO  Dealership.POM - Username field is visible
15:06:50.031 [main] INFO  Dealership.POM - Password field is visible
15:06:50.345 [main] INFO  Dealership.POM - Login Button is visible
15:07:12.841 [main] INFO  Dealership.POM - Login Button is clicked
15:07:37.101 [main] INFO  Dealership.POM - Account and Settings link is visible
15:07:37.194 [main] INFO  Dealership.POM - Account and Settings link is clicked
15:07:37.316 [main] INFO  Dealership.POM - SystemSettings link is visible
15:07:37.497 [main] INFO  Dealership.POM - SystemSettings link is clicked
15:07:50.320 [main] INFO  Dealership.POM - Accounting integration link is clicked
15:07:57.712 [main] INFO  Dealership.POM - AccHeader is visible
15:07:57.764 [main] INFO  Dealership.POM - AccHeader Text is verified
15:07:57.877 [main] INFO  Dealership.POM - AccountingDropDown is visible
15:07:58.028 [main] INFO  Dealership.POM - AccountingDropDown is clicked
15:07:58.124 [main] INFO  Dealership.POM - The First option is Xero
15:07:58.220 [main] INFO  Dealership.POM - The Second option is QuickBooks Online
15:07:58.318 [main] INFO  Dealership.POM - The Third option is MYOB Account Right
15:07:58.950 [main] INFO  Dealership.POM - The Forth option is No Integration
15:08:05.525 [main] INFO  Dealership.POM - TestButton is visible
15:08:05.621 [main] INFO  Dealership.POM - TestButton is clicked
15:08:08.205 [main] INFO  Dealership.POM - Notification is visible
15:08:08.231 [main] INFO  Dealership.POM - Connection is tested
15:08:08.387 [main] INFO  Dealership.POM - NextButton is visible
15:08:08.512 [main] INFO  Dealership.POM - NextButton is clicked
15:08:18.708 [main] INFO  Dealership.POM - AccHeader is visible
15:08:18.730 [main] INFO  Dealership.POM - AccHeader Text is verified
15:08:18.935 [main] INFO  Dealership.POM - LastSyncTime is visible
15:08:18.952 [main] INFO  Dealership.POM - LastSyncTime is February 16, 2022 06:59 PM NZST
15:08:19.071 [main] INFO  Dealership.POM - SyncNowButton is visible
15:08:19.202 [main] INFO  Dealership.POM - SyncNowButton is clicked
15:08:25.648 [main] INFO  Dealership.POM - Notification is visible
15:08:25.750 [main] INFO  Dealership.POM - LastSyncTime is visible
15:08:25.766 [main] INFO  Dealership.POM - LastSyncTime is February 16, 2022 10:38 PM NZST
15:08:25.767 [main] INFO  Dealership.POM - Account is Synced successfully
15:08:25.905 [main] INFO  Dealership.POM - ViewButton is visible
15:08:25.981 [main] INFO  Dealership.POM - ViewButton is clicked
15:08:26.749 [main] INFO  Dealership.POM - AccountsListPopUp is visible
15:08:26.774 [main] INFO  Dealership.POM - AccountsListPopUp is verified
15:08:26.909 [main] INFO  Dealership.POM - OKButton is visible
15:08:27.027 [main] INFO  Dealership.POM - OKButton is clicked
15:08:32.099 [main] INFO  Dealership.POM - NextButton is visible
15:08:32.184 [main] INFO  Dealership.POM - NextButton is clicked
15:10:22.747 [main] FATAL Dealership.POM - Test Failed - screenshot captured for Method : AccountingIntegration
15:15:34.294 [main] INFO  Dealership.POM - Running Test : AccountingIntegration
15:15:42.441 [main] INFO  Dealership.POM - Windows maximized
15:15:44.831 [main] INFO  Dealership.POM - URL entered
15:15:44.973 [main] INFO  Dealership.POM - Username field is visible
15:15:45.240 [main] INFO  Dealership.POM - Password field is visible
15:15:45.408 [main] INFO  Dealership.POM - Login Button is visible
15:15:45.554 [main] INFO  Dealership.POM - Login Button is clicked
15:16:30.169 [main] INFO  Dealership.POM - Account and Settings link is visible
15:16:30.240 [main] INFO  Dealership.POM - Account and Settings link is clicked
15:16:30.352 [main] INFO  Dealership.POM - SystemSettings link is visible
15:16:30.444 [main] INFO  Dealership.POM - SystemSettings link is clicked
15:16:34.440 [main] INFO  Dealership.POM - Accounting integration link is clicked
15:16:38.517 [main] INFO  Dealership.POM - AccHeader is visible
15:16:38.559 [main] INFO  Dealership.POM - AccHeader Text is verified
15:16:38.659 [main] INFO  Dealership.POM - AccountingDropDown is visible
15:16:38.743 [main] INFO  Dealership.POM - AccountingDropDown is clicked
15:16:44.249 [main] INFO  Dealership.POM - The First option is Xero
15:16:44.472 [main] INFO  Dealership.POM - The Second option is QuickBooks Online
15:16:44.530 [main] INFO  Dealership.POM - The Third option is MYOB Account Right
15:16:44.615 [main] INFO  Dealership.POM - The Forth option is No Integration
15:16:44.836 [main] INFO  Dealership.POM - TestButton is visible
15:16:44.974 [main] INFO  Dealership.POM - TestButton is clicked
15:16:48.423 [main] INFO  Dealership.POM - Notification is visible
15:16:48.472 [main] INFO  Dealership.POM - Connection is tested
15:16:48.712 [main] INFO  Dealership.POM - NextButton is visible
15:16:48.893 [main] INFO  Dealership.POM - NextButton is clicked
15:16:59.101 [main] INFO  Dealership.POM - AccHeader is visible
15:16:59.119 [main] INFO  Dealership.POM - AccHeader Text is verified
15:16:59.323 [main] INFO  Dealership.POM - LastSyncTime is visible
15:16:59.341 [main] INFO  Dealership.POM - LastSyncTime is February 16, 2022 10:38 PM NZST
15:16:59.528 [main] INFO  Dealership.POM - SyncNowButton is visible
15:16:59.663 [main] INFO  Dealership.POM - SyncNowButton is clicked
15:17:04.972 [main] INFO  Dealership.POM - Notification is visible
15:17:05.114 [main] INFO  Dealership.POM - LastSyncTime is visible
15:17:05.126 [main] INFO  Dealership.POM - LastSyncTime is February 16, 2022 10:47 PM NZST
15:17:05.126 [main] INFO  Dealership.POM - Account is Synced successfully
15:17:05.302 [main] INFO  Dealership.POM - ViewButton is visible
15:17:05.389 [main] INFO  Dealership.POM - ViewButton is clicked
15:17:06.156 [main] INFO  Dealership.POM - AccountsListPopUp is visible
15:17:06.176 [main] INFO  Dealership.POM - AccountsListPopUp is verified
15:17:06.295 [main] INFO  Dealership.POM - OKButton is visible
15:17:06.435 [main] INFO  Dealership.POM - OKButton is clicked
15:17:11.530 [main] INFO  Dealership.POM - NextButton is visible
15:17:11.622 [main] INFO  Dealership.POM - NextButton is clicked
15:17:21.854 [main] INFO  Dealership.POM - AccHeader is visible
15:17:21.873 [main] INFO  Dealership.POM - AccHeader Text is verified
15:17:22.239 [main] FATAL Dealership.POM - Test Failed - screenshot captured for Method : AccountingIntegration
15:32:41.568 [main] INFO  Dealership.POM - Running Test : AccountingIntegration
15:32:49.415 [main] INFO  Dealership.POM - Windows maximized
15:33:39.962 [main] INFO  Dealership.POM - URL entered
15:33:40.118 [main] INFO  Dealership.POM - Username field is visible
15:33:40.551 [main] INFO  Dealership.POM - Password field is visible
15:33:40.756 [main] INFO  Dealership.POM - Login Button is visible
15:33:40.903 [main] INFO  Dealership.POM - Login Button is clicked
15:35:36.498 [main] FATAL Dealership.POM - Test Failed - screenshot captured for Method : AccountingIntegration
15:36:12.130 [main] INFO  Dealership.POM - Running Test : AccountingIntegration
15:36:19.822 [main] INFO  Dealership.POM - Windows maximized
15:36:32.545 [main] INFO  Dealership.POM - URL entered
15:36:32.653 [main] INFO  Dealership.POM - Username field is visible
15:36:32.868 [main] INFO  Dealership.POM - Password field is visible
15:36:33.067 [main] INFO  Dealership.POM - Login Button is visible
15:37:50.546 [main] INFO  Dealership.POM - Login Button is clicked
15:38:05.795 [main] INFO  Dealership.POM - Account and Settings link is visible
15:38:05.916 [main] INFO  Dealership.POM - Account and Settings link is clicked
15:38:06.049 [main] INFO  Dealership.POM - SystemSettings link is visible
15:38:06.159 [main] INFO  Dealership.POM - SystemSettings link is clicked
15:38:10.624 [main] INFO  Dealership.POM - Accounting integration link is clicked
15:38:13.407 [main] INFO  Dealership.POM - AccHeader is visible
15:38:13.445 [main] INFO  Dealership.POM - AccHeader Text is verified
15:38:13.560 [main] INFO  Dealership.POM - AccountingDropDown is visible
15:38:13.667 [main] INFO  Dealership.POM - AccountingDropDown is clicked
15:38:17.658 [main] INFO  Dealership.POM - The First option is Xero
15:38:20.292 [main] INFO  Dealership.POM - The Second option is QuickBooks Online
15:38:20.359 [main] INFO  Dealership.POM - The Third option is MYOB Account Right
15:38:20.432 [main] INFO  Dealership.POM - The Forth option is No Integration
15:38:20.661 [main] INFO  Dealership.POM - TestButton is visible
15:38:20.753 [main] INFO  Dealership.POM - TestButton is clicked
15:38:24.469 [main] INFO  Dealership.POM - Notification is visible
15:38:24.491 [main] INFO  Dealership.POM - Connection is tested
15:38:24.655 [main] INFO  Dealership.POM - NextButton is visible
15:38:24.781 [main] INFO  Dealership.POM - NextButton is clicked
15:38:35.024 [main] INFO  Dealership.POM - AccHeader is visible
15:38:35.047 [main] INFO  Dealership.POM - AccHeader Text is verified
15:38:35.266 [main] INFO  Dealership.POM - LastSyncTime is visible
15:38:35.287 [main] INFO  Dealership.POM - LastSyncTime is February 16, 2022 10:47 PM NZST
15:38:35.442 [main] INFO  Dealership.POM - SyncNowButton is visible
15:38:35.558 [main] INFO  Dealership.POM - SyncNowButton is clicked
15:38:40.266 [main] INFO  Dealership.POM - Notification is visible
15:38:40.465 [main] INFO  Dealership.POM - LastSyncTime is visible
15:38:40.483 [main] INFO  Dealership.POM - LastSyncTime is February 16, 2022 11:08 PM NZST
15:38:40.484 [main] INFO  Dealership.POM - Account is Synced successfully
15:38:40.680 [main] INFO  Dealership.POM - ViewButton is visible
15:38:40.782 [main] INFO  Dealership.POM - ViewButton is clicked
15:38:41.641 [main] INFO  Dealership.POM - AccountsListPopUp is visible
15:38:41.666 [main] INFO  Dealership.POM - AccountsListPopUp is verified
15:38:41.838 [main] INFO  Dealership.POM - OKButton is visible
15:38:41.969 [main] INFO  Dealership.POM - OKButton is clicked
15:38:47.068 [main] INFO  Dealership.POM - NextButton is visible
15:38:47.160 [main] INFO  Dealership.POM - NextButton is clicked
15:38:57.465 [main] INFO  Dealership.POM - AccHeader is visible
15:38:57.485 [main] INFO  Dealership.POM - AccHeader Text is verified
15:38:57.923 [main] INFO  Dealership.POM - ControlAccFields are visible
15:38:58.009 [main] INFO  Dealership.POM - NextButton is visible
15:38:59.351 [main] FATAL Dealership.POM - Test Failed - screenshot captured for Method : AccountingIntegration
15:41:42.277 [main] INFO  Dealership.POM - Running Test : AccountingIntegration
15:41:51.608 [main] INFO  Dealership.POM - Windows maximized
15:41:54.249 [main] INFO  Dealership.POM - URL entered
15:41:54.393 [main] INFO  Dealership.POM - Username field is visible
15:41:54.695 [main] INFO  Dealership.POM - Password field is visible
15:41:55.080 [main] INFO  Dealership.POM - Login Button is visible
15:41:55.185 [main] INFO  Dealership.POM - Login Button is clicked
15:42:29.455 [main] INFO  Dealership.POM - Account and Settings link is visible
15:42:29.574 [main] INFO  Dealership.POM - Account and Settings link is clicked
15:42:29.802 [main] INFO  Dealership.POM - SystemSettings link is visible
15:42:29.908 [main] INFO  Dealership.POM - SystemSettings link is clicked
15:42:33.972 [main] INFO  Dealership.POM - Accounting integration link is clicked
15:42:36.278 [main] INFO  Dealership.POM - AccHeader is visible
15:42:36.314 [main] INFO  Dealership.POM - AccHeader Text is verified
15:42:36.411 [main] INFO  Dealership.POM - AccountingDropDown is visible
15:42:36.499 [main] INFO  Dealership.POM - AccountingDropDown is clicked
15:42:43.871 [main] INFO  Dealership.POM - The First option is Xero
15:42:43.913 [main] INFO  Dealership.POM - The Second option is QuickBooks Online
15:42:43.966 [main] INFO  Dealership.POM - The Third option is MYOB Account Right
15:42:44.030 [main] INFO  Dealership.POM - The Forth option is No Integration
15:42:44.282 [main] INFO  Dealership.POM - TestButton is visible
15:42:44.409 [main] INFO  Dealership.POM - TestButton is clicked
15:42:48.191 [main] INFO  Dealership.POM - Notification is visible
15:42:48.211 [main] INFO  Dealership.POM - Connection is tested
15:42:48.380 [main] INFO  Dealership.POM - NextButton is visible
15:42:48.476 [main] INFO  Dealership.POM - NextButton is clicked
15:42:58.781 [main] INFO  Dealership.POM - AccHeader is visible
15:42:58.801 [main] INFO  Dealership.POM - AccHeader Text is verified
15:42:59.052 [main] INFO  Dealership.POM - LastSyncTime is visible
15:42:59.081 [main] INFO  Dealership.POM - LastSyncTime is February 16, 2022 11:08 PM NZST
15:42:59.275 [main] INFO  Dealership.POM - SyncNowButton is visible
15:42:59.419 [main] INFO  Dealership.POM - SyncNowButton is clicked
15:43:04.864 [main] INFO  Dealership.POM - Notification is visible
15:43:04.993 [main] INFO  Dealership.POM - LastSyncTime is visible
15:43:05.010 [main] INFO  Dealership.POM - LastSyncTime is February 16, 2022 11:13 PM NZST
15:43:05.010 [main] INFO  Dealership.POM - Account is Synced successfully
15:43:05.171 [main] INFO  Dealership.POM - ViewButton is visible
15:43:05.259 [main] INFO  Dealership.POM - ViewButton is clicked
15:43:06.152 [main] INFO  Dealership.POM - AccountsListPopUp is visible
15:43:06.182 [main] INFO  Dealership.POM - AccountsListPopUp is verified
15:43:06.324 [main] INFO  Dealership.POM - OKButton is visible
15:43:06.415 [main] INFO  Dealership.POM - OKButton is clicked
15:43:11.523 [main] INFO  Dealership.POM - NextButton is visible
15:43:11.634 [main] INFO  Dealership.POM - NextButton is clicked
15:43:21.905 [main] INFO  Dealership.POM - AccHeader is visible
15:43:21.932 [main] INFO  Dealership.POM - AccHeader Text is verified
15:43:22.365 [main] INFO  Dealership.POM - ControlAccFields are visible
15:43:22.471 [main] INFO  Dealership.POM - NextButton is visible
15:43:23.929 [main] FATAL Dealership.POM - Test Failed - screenshot captured for Method : AccountingIntegration
15:46:31.923 [main] INFO  Dealership.POM - Running Test : AccountingIntegration
15:46:40.976 [main] INFO  Dealership.POM - Windows maximized
15:46:43.604 [main] INFO  Dealership.POM - URL entered
15:46:43.801 [main] INFO  Dealership.POM - Username field is visible
15:46:44.214 [main] INFO  Dealership.POM - Password field is visible
15:46:44.480 [main] INFO  Dealership.POM - Login Button is visible
15:47:00.747 [main] INFO  Dealership.POM - Login Button is clicked
15:47:16.065 [main] INFO  Dealership.POM - Account and Settings link is visible
15:47:16.185 [main] INFO  Dealership.POM - Account and Settings link is clicked
15:47:16.376 [main] INFO  Dealership.POM - SystemSettings link is visible
15:47:16.471 [main] INFO  Dealership.POM - SystemSettings link is clicked
15:47:20.352 [main] INFO  Dealership.POM - Accounting integration link is clicked
15:47:22.166 [main] INFO  Dealership.POM - AccHeader is visible
15:47:22.187 [main] INFO  Dealership.POM - AccHeader Text is verified
15:47:22.302 [main] INFO  Dealership.POM - AccountingDropDown is visible
15:47:22.369 [main] INFO  Dealership.POM - AccountingDropDown is clicked
15:47:22.448 [main] INFO  Dealership.POM - The First option is Xero
15:47:22.514 [main] INFO  Dealership.POM - The Second option is QuickBooks Online
15:47:27.476 [main] INFO  Dealership.POM - The Third option is MYOB Account Right
15:47:27.550 [main] INFO  Dealership.POM - The Forth option is No Integration
15:47:27.762 [main] INFO  Dealership.POM - TestButton is visible
15:47:27.874 [main] INFO  Dealership.POM - TestButton is clicked
15:47:31.126 [main] INFO  Dealership.POM - Notification is visible
15:47:31.148 [main] INFO  Dealership.POM - Connection is tested
15:47:31.308 [main] INFO  Dealership.POM - NextButton is visible
15:47:31.442 [main] INFO  Dealership.POM - NextButton is clicked
15:47:41.741 [main] INFO  Dealership.POM - AccHeader is visible
15:47:41.772 [main] INFO  Dealership.POM - AccHeader Text is verified
15:47:42.009 [main] INFO  Dealership.POM - LastSyncTime is visible
15:47:42.030 [main] INFO  Dealership.POM - LastSyncTime is February 16, 2022 11:13 PM NZST
15:47:42.188 [main] INFO  Dealership.POM - SyncNowButton is visible
15:47:42.319 [main] INFO  Dealership.POM - SyncNowButton is clicked
15:47:47.819 [main] INFO  Dealership.POM - Notification is visible
15:47:47.962 [main] INFO  Dealership.POM - LastSyncTime is visible
15:47:47.977 [main] INFO  Dealership.POM - LastSyncTime is February 16, 2022 11:17 PM NZST
15:47:47.977 [main] INFO  Dealership.POM - Account is Synced successfully
15:47:48.140 [main] INFO  Dealership.POM - ViewButton is visible
15:47:48.234 [main] INFO  Dealership.POM - ViewButton is clicked
15:47:49.138 [main] INFO  Dealership.POM - AccountsListPopUp is visible
15:47:49.169 [main] INFO  Dealership.POM - AccountsListPopUp is verified
15:47:49.342 [main] INFO  Dealership.POM - OKButton is visible
15:47:49.459 [main] INFO  Dealership.POM - OKButton is clicked
15:47:54.592 [main] INFO  Dealership.POM - NextButton is visible
15:47:54.735 [main] INFO  Dealership.POM - NextButton is clicked
15:48:05.010 [main] INFO  Dealership.POM - AccHeader is visible
15:48:05.035 [main] INFO  Dealership.POM - AccHeader Text is verified
15:48:05.478 [main] INFO  Dealership.POM - ControlAccFields are visible
15:48:05.664 [main] INFO  Dealership.POM - NextButton is visible
15:48:07.006 [main] FATAL Dealership.POM - Test Failed - screenshot captured for Method : AccountingIntegration
15:52:50.234 [main] INFO  Dealership.POM - Running Test : AccountingIntegration
15:52:58.411 [main] INFO  Dealership.POM - Windows maximized
15:53:01.034 [main] INFO  Dealership.POM - URL entered
15:53:01.195 [main] INFO  Dealership.POM - Username field is visible
15:53:01.651 [main] INFO  Dealership.POM - Password field is visible
15:53:01.834 [main] INFO  Dealership.POM - Login Button is visible
15:53:01.920 [main] INFO  Dealership.POM - Login Button is clicked
15:53:24.645 [main] INFO  Dealership.POM - Account and Settings link is visible
15:53:24.793 [main] INFO  Dealership.POM - Account and Settings link is clicked
15:53:24.939 [main] INFO  Dealership.POM - SystemSettings link is visible
15:53:25.072 [main] INFO  Dealership.POM - SystemSettings link is clicked
15:53:32.494 [main] INFO  Dealership.POM - Accounting integration link is clicked
15:53:34.415 [main] INFO  Dealership.POM - AccHeader is visible
15:53:34.443 [main] INFO  Dealership.POM - AccHeader Text is verified
