14:28:41.662 [main] INFO  Dealership.POM - Exterior Color field is filled
14:28:41.726 [main] INFO  Dealership.POM - Next Button is visible
14:28:41.824 [main] INFO  Dealership.POM - Next Button is clicked
14:28:45.526 [main] INFO  Dealership.POM - Totalprice field is visible
14:28:45.696 [main] INFO  Dealership.POM - Totalprice field is filled
14:28:45.731 [main] INFO  Dealership.POM - Totalcost field is visible
14:28:45.894 [main] INFO  Dealership.POM - Totalcost field is filled
14:28:45.928 [main] INFO  Dealership.POM - Save Button is visible
14:28:46.000 [main] INFO  Dealership.POM - Save Button is clicked
14:28:51.034 [main] INFO  Dealership.POM - SaveTempUnit Button is visible
14:28:51.133 [main] INFO  Dealership.POM - SaveTempUnit Button is clicked
14:28:52.781 [main] INFO  Dealership.POM - TempUnitName is visible
14:28:53.026 [main] FATAL Dealership.POM - Test Failed - screenshot captured for Method : TemporaryUnit
14:35:52.614 [main] INFO  Dealership.POM - Running Test : TemporaryUnit
14:35:58.376 [main] INFO  Dealership.POM - Windows maximized
14:36:12.028 [main] INFO  Dealership.POM - URL entered
14:36:12.182 [main] INFO  Dealership.POM - Username field is visible
14:36:12.415 [main] INFO  Dealership.POM - Password field is visible
14:36:12.816 [main] INFO  Dealership.POM - Login Button is visible
14:36:45.320 [main] INFO  Dealership.POM - Login Button is clicked
14:37:10.429 [main] INFO  Dealership.POM - Sell link is visible
14:37:11.449 [main] INFO  Dealership.POM - Sell link is clickable
14:37:11.601 [main] INFO  Dealership.POM - Select Customer Dropdown is visible
14:37:14.384 [main] INFO  Dealership.POM - Select Customer Field is visible
14:37:24.719 [main] INFO  Dealership.POM - CustomerInfo is visible
14:37:24.805 [main] INFO  Dealership.POM - CustomerInfo is selected
14:37:55.001 [main] INFO  Dealership.POM - Quote Toggle button is visible
14:37:55.095 [main] INFO  Dealership.POM - Quote Toggle button is clicked
14:38:05.141 [main] INFO  Dealership.POM - The status of CO is Quote
14:38:05.188 [main] INFO  Dealership.POM - Sell A Unit button is visible
14:38:05.270 [main] INFO  Dealership.POM - Sell A Unit button is clicked
14:38:08.134 [main] INFO  Dealership.POM - UnitDealStatus is visible
14:38:08.158 [main] INFO  Dealership.POM - UnitDealStatus is Status: Quotation
14:38:08.228 [main] INFO  Dealership.POM - UnitOptionsStatus is visible
14:38:08.256 [main] INFO  Dealership.POM - UnitOptionsStatus is Option:
14:38:08.312 [main] INFO  Dealership.POM - Unit1 is visible
14:38:08.384 [main] INFO  Dealership.POM - Unit1 is opened
14:38:09.586 [main] INFO  Dealership.POM - Set Temp Unit button is visible
14:38:09.683 [main] INFO  Dealership.POM - Set Temp Unit button is clicked
14:38:16.599 [main] INFO  Dealership.POM - Make field is visible
14:38:18.273 [main] INFO  Dealership.POM - Make field is filled
14:38:18.369 [main] INFO  Dealership.POM - Model field is visible
14:38:19.270 [main] INFO  Dealership.POM - Model field is filled
14:38:19.306 [main] INFO  Dealership.POM - Sub Model field is visible
14:38:19.741 [main] INFO  Dealership.POM - Sub Model field is filled
14:38:19.773 [main] INFO  Dealership.POM - Year field is visible
14:38:19.983 [main] INFO  Dealership.POM - Year field is filled
14:38:20.024 [main] INFO  Dealership.POM - Exterior Color field is visible
14:38:20.171 [main] INFO  Dealership.POM - Exterior Color field is filled
14:38:20.209 [main] INFO  Dealership.POM - Next Button is visible
14:38:20.293 [main] INFO  Dealership.POM - Next Button is clicked
14:38:23.991 [main] INFO  Dealership.POM - Totalprice field is visible
14:38:24.133 [main] INFO  Dealership.POM - Totalprice field is filled
14:38:24.163 [main] INFO  Dealership.POM - Totalcost field is visible
14:38:24.326 [main] INFO  Dealership.POM - Totalcost field is filled
14:38:24.366 [main] INFO  Dealership.POM - Save Button is visible
14:38:24.434 [main] INFO  Dealership.POM - Save Button is clicked
14:38:29.468 [main] INFO  Dealership.POM - SaveTempUnit Button is visible
14:38:29.549 [main] INFO  Dealership.POM - SaveTempUnit Button is clicked
14:38:31.191 [main] INFO  Dealership.POM - TempUnitName is visible
14:38:31.448 [main] FATAL Dealership.POM - Test Failed - screenshot captured for Method : TemporaryUnit
16:28:13.826 [main] INFO  Dealership.POM - Running Test : TemporaryUnit
16:28:22.057 [main] INFO  Dealership.POM - Windows maximized
16:28:24.954 [main] INFO  Dealership.POM - URL entered
16:28:25.109 [main] INFO  Dealership.POM - Username field is visible
16:28:25.341 [main] INFO  Dealership.POM - Password field is visible
16:28:25.583 [main] INFO  Dealership.POM - Login Button is visible
16:28:25.653 [main] INFO  Dealership.POM - Login Button is clicked
16:29:01.805 [main] INFO  Dealership.POM - Sell link is visible
16:29:02.856 [main] INFO  Dealership.POM - Sell link is clickable
16:29:03.601 [main] INFO  Dealership.POM - Select Customer Dropdown is visible
16:29:03.897 [main] INFO  Dealership.POM - Select Customer Field is visible
16:29:14.405 [main] INFO  Dealership.POM - CustomerInfo is visible
16:29:14.516 [main] INFO  Dealership.POM - CustomerInfo is selected
16:29:44.733 [main] INFO  Dealership.POM - Quote Toggle button is visible
16:29:44.813 [main] INFO  Dealership.POM - Quote Toggle button is clicked
16:29:54.859 [main] INFO  Dealership.POM - The status of CO is Quote
16:29:54.903 [main] INFO  Dealership.POM - Sell A Unit button is visible
16:29:54.989 [main] INFO  Dealership.POM - Sell A Unit button is clicked
16:29:58.044 [main] INFO  Dealership.POM - UnitDealStatus is visible
16:29:58.067 [main] INFO  Dealership.POM - UnitDealStatus is Status: Quotation
16:29:58.142 [main] INFO  Dealership.POM - UnitOptionsStatus is visible
16:29:58.165 [main] INFO  Dealership.POM - UnitOptionsStatus is Option:
16:29:58.229 [main] INFO  Dealership.POM - Unit1 is visible
16:29:58.335 [main] INFO  Dealership.POM - Unit1 is opened
16:29:59.648 [main] INFO  Dealership.POM - Set Temp Unit button is visible
16:29:59.764 [main] INFO  Dealership.POM - Set Temp Unit button is clicked
16:30:07.073 [main] INFO  Dealership.POM - Make field is visible
16:30:08.806 [main] INFO  Dealership.POM - Make field is filled
16:30:08.838 [main] INFO  Dealership.POM - Model field is visible
16:30:09.751 [main] INFO  Dealership.POM - Model field is filled
16:30:09.789 [main] INFO  Dealership.POM - Sub Model field is visible
16:30:10.231 [main] INFO  Dealership.POM - Sub Model field is filled
16:30:10.266 [main] INFO  Dealership.POM - Year field is visible
16:30:10.480 [main] INFO  Dealership.POM - Year field is filled
16:30:10.523 [main] INFO  Dealership.POM - Exterior Color field is visible
16:30:10.666 [main] INFO  Dealership.POM - Exterior Color field is filled
16:30:10.701 [main] INFO  Dealership.POM - Next Button is visible
16:30:10.791 [main] INFO  Dealership.POM - Next Button is clicked
16:30:15.010 [main] INFO  Dealership.POM - Totalprice field is visible
16:30:15.154 [main] INFO  Dealership.POM - Totalprice field is filled
16:30:15.185 [main] INFO  Dealership.POM - Totalcost field is visible
16:30:15.339 [main] INFO  Dealership.POM - Totalcost field is filled
16:30:15.389 [main] INFO  Dealership.POM - Save Button is visible
16:30:15.457 [main] INFO  Dealership.POM - Save Button is clicked
16:30:20.494 [main] INFO  Dealership.POM - SaveTempUnit Button is visible
16:30:20.632 [main] INFO  Dealership.POM - SaveTempUnit Button is clicked
16:30:22.279 [main] INFO  Dealership.POM - TempUnitName is visible
16:30:22.528 [main] FATAL Dealership.POM - Test Failed - screenshot captured for Method : TemporaryUnit
16:31:53.726 [main] INFO  Dealership.POM - Running Test : TemporaryUnit
16:31:59.903 [main] INFO  Dealership.POM - Windows maximized
16:32:01.838 [main] INFO  Dealership.POM - URL entered
16:32:01.976 [main] INFO  Dealership.POM - Username field is visible
16:32:02.221 [main] INFO  Dealership.POM - Password field is visible
16:32:02.496 [main] INFO  Dealership.POM - Login Button is visible
16:32:42.373 [main] INFO  Dealership.POM - Login Button is clicked
16:33:07.469 [main] INFO  Dealership.POM - Sell link is visible
16:33:08.692 [main] INFO  Dealership.POM - Sell link is clickable
16:33:08.923 [main] INFO  Dealership.POM - Select Customer Dropdown is visible
16:33:13.299 [main] INFO  Dealership.POM - Select Customer Field is visible
16:33:23.694 [main] INFO  Dealership.POM - CustomerInfo is visible
16:33:23.786 [main] INFO  Dealership.POM - CustomerInfo is selected
16:33:54.007 [main] INFO  Dealership.POM - Quote Toggle button is visible
16:33:54.112 [main] INFO  Dealership.POM - Quote Toggle button is clicked
16:34:04.165 [main] INFO  Dealership.POM - The status of CO is Quote
16:34:04.228 [main] INFO  Dealership.POM - Sell A Unit button is visible
16:34:04.322 [main] INFO  Dealership.POM - Sell A Unit button is clicked
16:34:07.077 [main] INFO  Dealership.POM - UnitDealStatus is visible
16:34:07.106 [main] INFO  Dealership.POM - UnitDealStatus is Status: Quotation
16:34:07.188 [main] INFO  Dealership.POM - UnitOptionsStatus is visible
16:34:07.215 [main] INFO  Dealership.POM - UnitOptionsStatus is Option:
16:34:07.373 [main] INFO  Dealership.POM - Unit1 is visible
16:34:07.486 [main] INFO  Dealership.POM - Unit1 is opened
16:34:08.738 [main] INFO  Dealership.POM - Set Temp Unit button is visible
16:34:08.868 [main] INFO  Dealership.POM - Set Temp Unit button is clicked
16:34:15.600 [main] INFO  Dealership.POM - Make field is visible
16:34:17.293 [main] INFO  Dealership.POM - Make field is filled
16:34:17.329 [main] INFO  Dealership.POM - Model field is visible
16:34:18.504 [main] INFO  Dealership.POM - Model field is filled
16:34:18.537 [main] INFO  Dealership.POM - Sub Model field is visible
16:34:18.986 [main] INFO  Dealership.POM - Sub Model field is filled
16:34:19.019 [main] INFO  Dealership.POM - Year field is visible
16:34:19.219 [main] INFO  Dealership.POM - Year field is filled
16:34:19.261 [main] INFO  Dealership.POM - Exterior Color field is visible
16:34:19.413 [main] INFO  Dealership.POM - Exterior Color field is filled
16:34:19.462 [main] INFO  Dealership.POM - Next Button is visible
16:34:19.551 [main] INFO  Dealership.POM - Next Button is clicked
16:34:23.747 [main] INFO  Dealership.POM - Totalprice field is visible
16:34:23.899 [main] INFO  Dealership.POM - Totalprice field is filled
16:34:23.931 [main] INFO  Dealership.POM - Totalcost field is visible
16:34:24.115 [main] INFO  Dealership.POM - Totalcost field is filled
16:34:24.151 [main] INFO  Dealership.POM - Save Button is visible
16:34:24.229 [main] INFO  Dealership.POM - Save Button is clicked
16:34:29.261 [main] INFO  Dealership.POM - SaveTempUnit Button is visible
16:34:29.343 [main] INFO  Dealership.POM - SaveTempUnit Button is clicked
16:34:30.473 [main] INFO  Dealership.POM - TempUnitName is visible
16:34:30.506 [main] INFO  Dealership.POM - Unit name is displayed correctly
16:34:30.547 [main] INFO  Dealership.POM - Edit Pricing Button is visible
16:34:30.640 [main] INFO  Dealership.POM - Edit Pricing Button is clicked
16:34:32.856 [main] INFO  Dealership.POM - Rideaway Toggle Button is visible
16:34:34.141 [main] FATAL Dealership.POM - Test Failed - screenshot captured for Method : TemporaryUnit
16:36:01.085 [main] INFO  Dealership.POM - Running Test : TemporaryUnit
16:36:09.032 [main] INFO  Dealership.POM - Windows maximized
16:36:11.596 [main] INFO  Dealership.POM - URL entered
16:36:11.932 [main] INFO  Dealership.POM - Username field is visible
16:36:12.417 [main] INFO  Dealership.POM - Password field is visible
16:36:12.624 [main] INFO  Dealership.POM - Login Button is visible
16:36:13.315 [main] INFO  Dealership.POM - Login Button is clicked
16:36:49.079 [main] INFO  Dealership.POM - Sell link is visible
16:36:50.808 [main] INFO  Dealership.POM - Sell link is clickable
16:36:51.043 [main] INFO  Dealership.POM - Select Customer Dropdown is visible
16:36:53.514 [main] INFO  Dealership.POM - Select Customer Field is visible
16:37:04.031 [main] INFO  Dealership.POM - CustomerInfo is visible
16:37:04.121 [main] INFO  Dealership.POM - CustomerInfo is selected
16:37:34.308 [main] INFO  Dealership.POM - Quote Toggle button is visible
16:37:34.399 [main] INFO  Dealership.POM - Quote Toggle button is clicked
16:37:44.444 [main] INFO  Dealership.POM - The status of CO is Quote
16:37:44.514 [main] INFO  Dealership.POM - Sell A Unit button is visible
16:37:44.597 [main] INFO  Dealership.POM - Sell A Unit button is clicked
16:37:47.343 [main] INFO  Dealership.POM - UnitDealStatus is visible
16:37:47.373 [main] INFO  Dealership.POM - UnitDealStatus is Status: Quotation
16:37:47.459 [main] INFO  Dealership.POM - UnitOptionsStatus is visible
16:37:47.491 [main] INFO  Dealership.POM - UnitOptionsStatus is Option:
16:37:47.564 [main] INFO  Dealership.POM - Unit1 is visible
16:37:47.690 [main] INFO  Dealership.POM - Unit1 is opened
16:37:49.128 [main] INFO  Dealership.POM - Set Temp Unit button is visible
16:37:49.258 [main] INFO  Dealership.POM - Set Temp Unit button is clicked
16:37:56.382 [main] INFO  Dealership.POM - Make field is visible
16:37:58.326 [main] INFO  Dealership.POM - Make field is filled
16:37:58.365 [main] INFO  Dealership.POM - Model field is visible
16:37:59.375 [main] INFO  Dealership.POM - Model field is filled
16:37:59.418 [main] INFO  Dealership.POM - Sub Model field is visible
16:37:59.894 [main] INFO  Dealership.POM - Sub Model field is filled
16:37:59.931 [main] INFO  Dealership.POM - Year field is visible
16:38:00.161 [main] INFO  Dealership.POM - Year field is filled
16:38:00.202 [main] INFO  Dealership.POM - Exterior Color field is visible
16:38:00.351 [main] INFO  Dealership.POM - Exterior Color field is filled
16:38:00.388 [main] INFO  Dealership.POM - Next Button is visible
16:38:00.478 [main] INFO  Dealership.POM - Next Button is clicked
16:38:05.735 [main] INFO  Dealership.POM - Totalprice field is visible
16:38:05.925 [main] INFO  Dealership.POM - Totalprice field is filled
16:38:05.962 [main] INFO  Dealership.POM - Totalcost field is visible
16:38:06.124 [main] INFO  Dealership.POM - Totalcost field is filled
16:38:06.159 [main] INFO  Dealership.POM - Save Button is visible
16:38:06.237 [main] INFO  Dealership.POM - Save Button is clicked
16:38:11.284 [main] INFO  Dealership.POM - SaveTempUnit Button is visible
16:38:11.375 [main] INFO  Dealership.POM - SaveTempUnit Button is clicked
16:38:13.537 [main] INFO  Dealership.POM - TempUnitName is visible
16:38:13.566 [main] INFO  Dealership.POM - Unit name is displayed correctly
16:38:13.603 [main] INFO  Dealership.POM - Edit Pricing Button is visible
16:38:13.688 [main] INFO  Dealership.POM - Edit Pricing Button is clicked
16:38:21.414 [main] INFO  Dealership.POM - Rideaway Toggle Button is visible
16:38:21.529 [main] INFO  Dealership.POM - Rideaway Toggle Button is Toggled
16:38:26.582 [main] INFO  Dealership.POM - InputForRideawayPrice is visible
16:38:26.707 [main] INFO  Dealership.POM - InputForRideawayPrice is filled
16:38:26.737 [main] INFO  Dealership.POM - SaveBtnRideawayPrice is visible
16:38:26.826 [main] INFO  Dealership.POM - SaveBtnRideawayPrice is clicked
16:38:36.869 [main] INFO  Dealership.POM - InputForStampDuty is visible
16:38:36.980 [main] INFO  Dealership.POM - InputForStampDuty is filled
16:38:37.259 [main] FATAL Dealership.POM - Test Failed - screenshot captured for Method : TemporaryUnit
16:39:42.776 [main] INFO  Dealership.POM - Running Test : TemporaryUnit
16:39:48.741 [main] INFO  Dealership.POM - Windows maximized
16:39:50.685 [main] INFO  Dealership.POM - URL entered
16:39:50.818 [main] INFO  Dealership.POM - Username field is visible
16:39:51.069 [main] INFO  Dealership.POM - Password field is visible
16:39:51.227 [main] INFO  Dealership.POM - Login Button is visible
16:40:07.015 [main] INFO  Dealership.POM - Login Button is clicked
16:40:32.117 [main] INFO  Dealership.POM - Sell link is visible
16:40:33.219 [main] INFO  Dealership.POM - Sell link is clickable
16:40:33.429 [main] INFO  Dealership.POM - Select Customer Dropdown is visible
16:40:35.706 [main] INFO  Dealership.POM - Select Customer Field is visible
16:40:46.043 [main] INFO  Dealership.POM - CustomerInfo is visible
16:40:46.134 [main] INFO  Dealership.POM - CustomerInfo is selected
16:41:16.346 [main] INFO  Dealership.POM - Quote Toggle button is visible
16:41:16.450 [main] INFO  Dealership.POM - Quote Toggle button is clicked
16:41:26.500 [main] INFO  Dealership.POM - The status of CO is Quote
16:41:26.543 [main] INFO  Dealership.POM - Sell A Unit button is visible
16:41:26.633 [main] INFO  Dealership.POM - Sell A Unit button is clicked
16:41:29.490 [main] INFO  Dealership.POM - UnitDealStatus is visible
16:41:29.520 [main] INFO  Dealership.POM - UnitDealStatus is Status: Quotation
16:41:29.586 [main] INFO  Dealership.POM - UnitOptionsStatus is visible
16:41:29.617 [main] INFO  Dealership.POM - UnitOptionsStatus is Option:
16:41:29.681 [main] INFO  Dealership.POM - Unit1 is visible
16:41:29.777 [main] INFO  Dealership.POM - Unit1 is opened
16:41:30.983 [main] INFO  Dealership.POM - Set Temp Unit button is visible
16:41:31.090 [main] INFO  Dealership.POM - Set Temp Unit button is clicked
16:41:38.647 [main] INFO  Dealership.POM - Make field is visible
16:41:40.335 [main] INFO  Dealership.POM - Make field is filled
16:41:40.367 [main] INFO  Dealership.POM - Model field is visible
16:41:41.293 [main] INFO  Dealership.POM - Model field is filled
16:41:41.328 [main] INFO  Dealership.POM - Sub Model field is visible
16:41:41.778 [main] INFO  Dealership.POM - Sub Model field is filled
16:41:41.810 [main] INFO  Dealership.POM - Year field is visible
16:41:42.019 [main] INFO  Dealership.POM - Year field is filled
16:41:42.061 [main] INFO  Dealership.POM - Exterior Color field is visible
16:41:42.219 [main] INFO  Dealership.POM - Exterior Color field is filled
16:41:42.259 [main] INFO  Dealership.POM - Next Button is visible
16:41:42.347 [main] INFO  Dealership.POM - Next Button is clicked
16:41:46.570 [main] INFO  Dealership.POM - Totalprice field is visible
16:41:46.750 [main] INFO  Dealership.POM - Totalprice field is filled
16:41:46.789 [main] INFO  Dealership.POM - Totalcost field is visible
16:41:46.971 [main] INFO  Dealership.POM - Totalcost field is filled
16:41:47.014 [main] INFO  Dealership.POM - Save Button is visible
16:41:47.108 [main] INFO  Dealership.POM - Save Button is clicked
16:41:52.150 [main] INFO  Dealership.POM - SaveTempUnit Button is visible
16:41:52.237 [main] INFO  Dealership.POM - SaveTempUnit Button is clicked
16:41:54.397 [main] INFO  Dealership.POM - TempUnitName is visible
16:41:54.425 [main] INFO  Dealership.POM - Unit name is displayed correctly
16:41:54.471 [main] INFO  Dealership.POM - Edit Pricing Button is visible
16:41:54.555 [main] INFO  Dealership.POM - Edit Pricing Button is clicked
16:42:02.218 [main] INFO  Dealership.POM - Rideaway Toggle Button is visible
16:42:02.320 [main] INFO  Dealership.POM - Rideaway Toggle Button is Toggled
16:42:07.357 [main] INFO  Dealership.POM - InputForRideawayPrice is visible
16:42:07.537 [main] INFO  Dealership.POM - InputForRideawayPrice is filled
16:42:07.570 [main] INFO  Dealership.POM - SaveBtnRideawayPrice is visible
16:42:07.656 [main] INFO  Dealership.POM - SaveBtnRideawayPrice is clicked
16:42:17.704 [main] INFO  Dealership.POM - InputForStampDuty is visible
16:42:17.866 [main] INFO  Dealership.POM - InputForStampDuty is filled
16:42:18.121 [main] FATAL Dealership.POM - Test Failed - screenshot captured for Method : TemporaryUnit
16:50:32.018 [main] INFO  Dealership.POM - Running Test : TemporaryUnit
16:50:38.088 [main] INFO  Dealership.POM - Windows maximized
16:50:40.879 [main] INFO  Dealership.POM - URL entered
16:50:41.009 [main] INFO  Dealership.POM - Username field is visible
16:50:41.289 [main] INFO  Dealership.POM - Password field is visible
16:50:42.035 [main] INFO  Dealership.POM - Login Button is visible
16:50:42.243 [main] INFO  Dealership.POM - Login Button is clicked
16:51:25.048 [main] INFO  Dealership.POM - Sell link is visible
16:51:25.119 [main] INFO  Dealership.POM - Sell link is clickable
16:51:26.487 [main] INFO  Dealership.POM - Select Customer Dropdown is visible
16:51:27.257 [main] INFO  Dealership.POM - Select Customer Field is visible
16:51:37.860 [main] INFO  Dealership.POM - CustomerInfo is visible
16:51:37.951 [main] INFO  Dealership.POM - CustomerInfo is selected
16:52:08.141 [main] INFO  Dealership.POM - Quote Toggle button is visible
16:52:08.224 [main] INFO  Dealership.POM - Quote Toggle button is clicked
16:52:18.275 [main] INFO  Dealership.POM - The status of CO is Quote
16:52:18.312 [main] INFO  Dealership.POM - Sell A Unit button is visible
16:52:18.385 [main] INFO  Dealership.POM - Sell A Unit button is clicked
16:52:20.148 [main] INFO  Dealership.POM - UnitDealStatus is visible
16:52:20.179 [main] INFO  Dealership.POM - UnitDealStatus is Status: Quotation
16:52:20.249 [main] INFO  Dealership.POM - UnitOptionsStatus is visible
16:52:20.272 [main] INFO  Dealership.POM - UnitOptionsStatus is Option:
16:52:20.443 [main] INFO  Dealership.POM - Unit1 is visible
16:52:20.556 [main] INFO  Dealership.POM - Unit1 is opened
16:52:21.769 [main] INFO  Dealership.POM - Set Temp Unit button is visible
16:52:21.870 [main] INFO  Dealership.POM - Set Temp Unit button is clicked
16:52:29.752 [main] INFO  Dealership.POM - Make field is visible
16:52:31.538 [main] INFO  Dealership.POM - Make field is filled
16:52:31.569 [main] INFO  Dealership.POM - Model field is visible
16:52:32.492 [main] INFO  Dealership.POM - Model field is filled
16:52:32.526 [main] INFO  Dealership.POM - Sub Model field is visible
16:52:33.063 [main] INFO  Dealership.POM - Sub Model field is filled
16:52:33.094 [main] INFO  Dealership.POM - Year field is visible
16:52:33.302 [main] INFO  Dealership.POM - Year field is filled
16:52:33.342 [main] INFO  Dealership.POM - Exterior Color field is visible
16:52:33.505 [main] INFO  Dealership.POM - Exterior Color field is filled
16:52:33.540 [main] INFO  Dealership.POM - Next Button is visible
16:52:33.632 [main] INFO  Dealership.POM - Next Button is clicked
16:52:38.917 [main] INFO  Dealership.POM - Totalprice field is visible
16:52:39.025 [main] INFO  Dealership.POM - Totalprice field is filled
16:52:39.062 [main] INFO  Dealership.POM - Totalcost field is visible
16:52:39.275 [main] INFO  Dealership.POM - Totalcost field is filled
16:52:39.321 [main] INFO  Dealership.POM - Save Button is visible
16:52:39.457 [main] INFO  Dealership.POM - Save Button is clicked
16:52:44.502 [main] INFO  Dealership.POM - SaveTempUnit Button is visible
16:52:44.583 [main] INFO  Dealership.POM - SaveTempUnit Button is clicked
16:52:45.776 [main] INFO  Dealership.POM - TempUnitName is visible
16:52:45.803 [main] INFO  Dealership.POM - Unit name is displayed correctly
16:52:45.840 [main] INFO  Dealership.POM - Edit Pricing Button is visible
16:52:45.924 [main] INFO  Dealership.POM - Edit Pricing Button is clicked
16:52:53.804 [main] INFO  Dealership.POM - Rideaway Toggle Button is visible
16:52:53.938 [main] INFO  Dealership.POM - Rideaway Toggle Button is Toggled
16:52:58.985 [main] INFO  Dealership.POM - InputForRideawayPrice is visible
16:52:59.137 [main] INFO  Dealership.POM - InputForRideawayPrice is filled
16:52:59.172 [main] INFO  Dealership.POM - SaveBtnRideawayPrice is visible
16:52:59.254 [main] INFO  Dealership.POM - SaveBtnRideawayPrice is clicked
16:53:09.305 [main] INFO  Dealership.POM - InputForStampDuty is visible
16:53:09.492 [main] INFO  Dealership.POM - InputForStampDuty is filled
16:53:09.531 [main] INFO  Dealership.POM - SaveBtnStampDuty is visible
16:53:09.633 [main] INFO  Dealership.POM - SaveBtnStampDuty is clicked
16:53:19.669 [main] INFO  Dealership.POM - SavePriceBtn is visible
16:53:19.786 [main] INFO  Dealership.POM - SavePriceBtn is clicked
16:53:22.834 [main] INFO  Dealership.POM - Option_Fee field is visible
16:53:22.883 [main] INFO  Dealership.POM - Options And Fee field is visible
16:53:23.616 [main] INFO  Dealership.POM - SearchOptions field is visible
16:53:34.373 [main] INFO  Dealership.POM - Option 1 is selected
16:54:04.540 [main] INFO  Dealership.POM - Notes For Customer field is visible
16:54:04.634 [main] INFO  Dealership.POM - Notes For Customer is clicked
16:54:05.285 [main] INFO  Dealership.POM - Notes field is visible
16:54:05.671 [main] INFO  Dealership.POM - Note is filled
16:54:05.708 [main] INFO  Dealership.POM - AddTradeIn button is visible
16:54:05.845 [main] INFO  Dealership.POM - AddTradeIn button is clicked
16:54:06.185 [main] FATAL Dealership.POM - Test Failed - screenshot captured for Method : TemporaryUnit
16:56:18.109 [main] INFO  Dealership.POM - Running Test : TemporaryUnit
16:56:23.972 [main] INFO  Dealership.POM - Windows maximized
16:56:25.744 [main] INFO  Dealership.POM - URL entered
16:56:25.862 [main] INFO  Dealership.POM - Username field is visible
16:56:26.075 [main] INFO  Dealership.POM - Password field is visible
16:56:26.431 [main] INFO  Dealership.POM - Login Button is visible
16:57:07.074 [main] INFO  Dealership.POM - Login Button is clicked
16:57:32.208 [main] INFO  Dealership.POM - Sell link is visible
16:57:33.320 [main] INFO  Dealership.POM - Sell link is clickable
16:57:33.468 [main] INFO  Dealership.POM - Select Customer Dropdown is visible
16:57:35.736 [main] INFO  Dealership.POM - Select Customer Field is visible
16:57:46.064 [main] INFO  Dealership.POM - CustomerInfo is visible
16:57:46.150 [main] INFO  Dealership.POM - CustomerInfo is selected
16:58:16.393 [main] INFO  Dealership.POM - Quote Toggle button is visible
16:58:16.569 [main] INFO  Dealership.POM - Quote Toggle button is clicked
16:58:26.643 [main] INFO  Dealership.POM - The status of CO is Quote
16:58:26.697 [main] INFO  Dealership.POM - Sell A Unit button is visible
16:58:26.791 [main] INFO  Dealership.POM - Sell A Unit button is clicked
16:58:28.634 [main] INFO  Dealership.POM - UnitDealStatus is visible
16:58:28.667 [main] INFO  Dealership.POM - UnitDealStatus is Status: Quotation
16:58:28.753 [main] INFO  Dealership.POM - UnitOptionsStatus is visible
16:58:28.786 [main] INFO  Dealership.POM - UnitOptionsStatus is Option:
16:58:28.872 [main] INFO  Dealership.POM - Unit1 is visible
16:58:29.113 [main] INFO  Dealership.POM - Unit1 is opened
16:58:30.429 [main] INFO  Dealership.POM - Set Temp Unit button is visible
16:58:30.640 [main] INFO  Dealership.POM - Set Temp Unit button is clicked
16:58:38.044 [main] INFO  Dealership.POM - Make field is visible
16:58:39.752 [main] INFO  Dealership.POM - Make field is filled
16:58:39.787 [main] INFO  Dealership.POM - Model field is visible
16:58:40.737 [main] INFO  Dealership.POM - Model field is filled
16:58:40.771 [main] INFO  Dealership.POM - Sub Model field is visible
16:58:41.214 [main] INFO  Dealership.POM - Sub Model field is filled
16:58:41.248 [main] INFO  Dealership.POM - Year field is visible
16:58:41.456 [main] INFO  Dealership.POM - Year field is filled
16:58:41.498 [main] INFO  Dealership.POM - Exterior Color field is visible
16:58:41.651 [main] INFO  Dealership.POM - Exterior Color field is filled
16:58:41.687 [main] INFO  Dealership.POM - Next Button is visible
16:58:41.787 [main] INFO  Dealership.POM - Next Button is clicked
16:58:46.010 [main] INFO  Dealership.POM - Totalprice field is visible
16:58:46.162 [main] INFO  Dealership.POM - Totalprice field is filled
16:58:46.196 [main] INFO  Dealership.POM - Totalcost field is visible
16:58:46.352 [main] INFO  Dealership.POM - Totalcost field is filled
16:58:46.391 [main] INFO  Dealership.POM - Save Button is visible
16:58:46.468 [main] INFO  Dealership.POM - Save Button is clicked
16:58:51.507 [main] INFO  Dealership.POM - SaveTempUnit Button is visible
16:58:51.588 [main] INFO  Dealership.POM - SaveTempUnit Button is clicked
16:58:52.712 [main] INFO  Dealership.POM - TempUnitName is visible
16:58:52.742 [main] INFO  Dealership.POM - Unit name is displayed correctly
16:58:52.779 [main] INFO  Dealership.POM - Edit Pricing Button is visible
16:58:52.869 [main] INFO  Dealership.POM - Edit Pricing Button is clicked
16:59:00.985 [main] INFO  Dealership.POM - Rideaway Toggle Button is visible
16:59:01.106 [main] INFO  Dealership.POM - Rideaway Toggle Button is Toggled
16:59:06.157 [main] INFO  Dealership.POM - InputForRideawayPrice is visible
16:59:06.292 [main] INFO  Dealership.POM - InputForRideawayPrice is filled
16:59:06.324 [main] INFO  Dealership.POM - SaveBtnRideawayPrice is visible
16:59:06.430 [main] INFO  Dealership.POM - SaveBtnRideawayPrice is clicked
16:59:16.481 [main] INFO  Dealership.POM - InputForStampDuty is visible
16:59:16.656 [main] INFO  Dealership.POM - InputForStampDuty is filled
16:59:16.696 [main] INFO  Dealership.POM - SaveBtnStampDuty is visible
16:59:16.777 [main] INFO  Dealership.POM - SaveBtnStampDuty is clicked
16:59:26.829 [main] INFO  Dealership.POM - SavePriceBtn is visible
16:59:26.939 [main] INFO  Dealership.POM - SavePriceBtn is clicked
16:59:29.980 [main] INFO  Dealership.POM - Option_Fee field is visible
16:59:30.029 [main] INFO  Dealership.POM - Options And Fee field is visible
16:59:30.884 [main] INFO  Dealership.POM - SearchOptions field is visible
16:59:41.533 [main] INFO  Dealership.POM - Option 1 is selected
17:00:11.714 [main] INFO  Dealership.POM - Notes For Customer field is visible
17:00:11.809 [main] INFO  Dealership.POM - Notes For Customer is clicked
17:00:12.449 [main] INFO  Dealership.POM - Notes field is visible
17:00:12.756 [main] INFO  Dealership.POM - Note is filled
17:00:12.789 [main] INFO  Dealership.POM - AddTradeIn button is visible
17:00:12.933 [main] INFO  Dealership.POM - AddTradeIn button is clicked
17:00:33.437 [main] FATAL Dealership.POM - Test Failed - screenshot captured for Method : TemporaryUnit
18:48:06.140 [main] INFO  Dealership.POM - Running Test : TemporaryUnit
18:48:14.118 [main] INFO  Dealership.POM - Windows maximized
18:48:16.228 [main] INFO  Dealership.POM - URL entered
18:48:16.357 [main] INFO  Dealership.POM - Username field is visible
18:48:16.568 [main] INFO  Dealership.POM - Password field is visible
18:48:16.888 [main] INFO  Dealership.POM - Login Button is visible
18:48:16.982 [main] INFO  Dealership.POM - Login Button is clicked
18:48:52.449 [main] INFO  Dealership.POM - Sell link is visible
18:48:53.570 [main] INFO  Dealership.POM - Sell link is clickable
18:48:54.096 [main] INFO  Dealership.POM - Select Customer Dropdown is visible
18:48:54.508 [main] INFO  Dealership.POM - Select Customer Field is visible
18:49:05.241 [main] INFO  Dealership.POM - CustomerInfo is visible
18:49:05.335 [main] INFO  Dealership.POM - CustomerInfo is selected
18:49:35.558 [main] INFO  Dealership.POM - Quote Toggle button is visible
18:49:35.636 [main] INFO  Dealership.POM - Quote Toggle button is clicked
18:49:45.687 [main] INFO  Dealership.POM - The status of CO is Quote
18:49:45.720 [main] INFO  Dealership.POM - Sell A Unit button is visible
18:49:45.790 [main] INFO  Dealership.POM - Sell A Unit button is clicked
18:49:48.123 [main] INFO  Dealership.POM - UnitDealStatus is visible
18:49:48.147 [main] INFO  Dealership.POM - UnitDealStatus is Status: Quotation
18:49:48.208 [main] INFO  Dealership.POM - UnitOptionsStatus is visible
18:49:48.225 [main] INFO  Dealership.POM - UnitOptionsStatus is Option:
18:49:48.267 [main] INFO  Dealership.POM - Unit1 is visible
18:49:48.344 [main] INFO  Dealership.POM - Unit1 is opened
18:49:49.568 [main] INFO  Dealership.POM - Set Temp Unit button is visible
18:49:49.679 [main] INFO  Dealership.POM - Set Temp Unit button is clicked
18:49:56.769 [main] INFO  Dealership.POM - Make field is visible
18:49:58.485 [main] INFO  Dealership.POM - Make field is filled
18:49:58.518 [main] INFO  Dealership.POM - Model field is visible
18:49:59.450 [main] INFO  Dealership.POM - Model field is filled
18:49:59.482 [main] INFO  Dealership.POM - Sub Model field is visible
18:49:59.934 [main] INFO  Dealership.POM - Sub Model field is filled
18:49:59.969 [main] INFO  Dealership.POM - Year field is visible
18:50:00.197 [main] INFO  Dealership.POM - Year field is filled
18:50:00.236 [main] INFO  Dealership.POM - Exterior Color field is visible
18:50:00.388 [main] INFO  Dealership.POM - Exterior Color field is filled
18:50:00.425 [main] INFO  Dealership.POM - Next Button is visible
18:50:00.515 [main] INFO  Dealership.POM - Next Button is clicked
18:50:05.279 [main] INFO  Dealership.POM - Totalprice field is visible
18:50:05.457 [main] INFO  Dealership.POM - Totalprice field is filled
18:50:05.492 [main] INFO  Dealership.POM - Totalcost field is visible
18:50:05.646 [main] INFO  Dealership.POM - Totalcost field is filled
18:50:05.679 [main] INFO  Dealership.POM - Save Button is visible
18:50:05.756 [main] INFO  Dealership.POM - Save Button is clicked
18:50:10.795 [main] INFO  Dealership.POM - SaveTempUnit Button is visible
18:50:10.892 [main] INFO  Dealership.POM - SaveTempUnit Button is clicked
18:50:12.034 [main] INFO  Dealership.POM - TempUnitName is visible
18:50:12.063 [main] INFO  Dealership.POM - Unit name is displayed correctly
18:50:12.111 [main] INFO  Dealership.POM - Edit Pricing Button is visible
18:50:12.256 [main] INFO  Dealership.POM - Edit Pricing Button is clicked
18:50:20.413 [main] INFO  Dealership.POM - Rideaway Toggle Button is visible
18:50:20.539 [main] INFO  Dealership.POM - Rideaway Toggle Button is Toggled
18:50:25.579 [main] INFO  Dealership.POM - InputForRideawayPrice is visible
18:50:25.714 [main] INFO  Dealership.POM - InputForRideawayPrice is filled
18:50:25.744 [main] INFO  Dealership.POM - SaveBtnRideawayPrice is visible
18:50:25.829 [main] INFO  Dealership.POM - SaveBtnRideawayPrice is clicked
18:50:35.866 [main] INFO  Dealership.POM - InputForStampDuty is visible
18:50:36.045 [main] INFO  Dealership.POM - InputForStampDuty is filled
18:50:36.085 [main] INFO  Dealership.POM - SaveBtnStampDuty is visible
18:50:36.183 [main] INFO  Dealership.POM - SaveBtnStampDuty is clicked
18:50:46.234 [main] INFO  Dealership.POM - SavePriceBtn is visible
18:50:46.340 [main] INFO  Dealership.POM - SavePriceBtn is clicked
18:50:49.385 [main] INFO  Dealership.POM - Option_Fee field is visible
18:50:49.432 [main] INFO  Dealership.POM - Options And Fee field is visible
18:50:50.210 [main] INFO  Dealership.POM - SearchOptions field is visible
18:51:00.856 [main] INFO  Dealership.POM - Option 1 is selected
18:51:31.021 [main] INFO  Dealership.POM - Notes For Customer field is visible
18:51:31.119 [main] INFO  Dealership.POM - Notes For Customer is clicked
18:51:31.752 [main] INFO  Dealership.POM - Notes field is visible
18:51:32.093 [main] INFO  Dealership.POM - Note is filled
18:51:32.148 [main] INFO  Dealership.POM - PrintCO is visible
18:51:32.260 [main] INFO  Dealership.POM - PrintCO is clicked
18:51:32.537 [main] FATAL Dealership.POM - Test Failed - screenshot captured for Method : TemporaryUnit
18:56:04.727 [main] INFO  Dealership.POM - Running Test : TemporaryUnit
18:56:11.399 [main] INFO  Dealership.POM - Windows maximized
18:56:13.209 [main] INFO  Dealership.POM - URL entered
18:56:13.332 [main] INFO  Dealership.POM - Username field is visible
18:56:13.536 [main] INFO  Dealership.POM - Password field is visible
18:56:13.809 [main] INFO  Dealership.POM - Login Button is visible
18:56:13.918 [main] INFO  Dealership.POM - Login Button is clicked
18:56:48.364 [main] INFO  Dealership.POM - Sell link is visible
18:56:49.435 [main] INFO  Dealership.POM - Sell link is clickable
18:56:49.898 [main] INFO  Dealership.POM - Select Customer Dropdown is visible
18:56:50.400 [main] INFO  Dealership.POM - Select Customer Field is visible
18:57:01.092 [main] INFO  Dealership.POM - CustomerInfo is visible
18:57:01.191 [main] INFO  Dealership.POM - CustomerInfo is selected
18:57:31.418 [main] INFO  Dealership.POM - Quote Toggle button is visible
18:57:31.494 [main] INFO  Dealership.POM - Quote Toggle button is clicked
18:57:41.540 [main] INFO  Dealership.POM - The status of CO is Quote
18:57:41.585 [main] INFO  Dealership.POM - Sell A Unit button is visible
18:57:41.692 [main] INFO  Dealership.POM - Sell A Unit button is clicked
18:57:44.014 [main] INFO  Dealership.POM - UnitDealStatus is visible
18:57:44.050 [main] INFO  Dealership.POM - UnitDealStatus is Status: Quotation
18:57:44.145 [main] INFO  Dealership.POM - UnitOptionsStatus is visible
18:57:44.176 [main] INFO  Dealership.POM - UnitOptionsStatus is Option:
18:57:44.231 [main] INFO  Dealership.POM - Unit1 is visible
18:57:44.318 [main] INFO  Dealership.POM - Unit1 is opened
18:57:45.660 [main] INFO  Dealership.POM - Set Temp Unit button is visible
18:57:45.758 [main] INFO  Dealership.POM - Set Temp Unit button is clicked
18:57:53.131 [main] INFO  Dealership.POM - Make field is visible
18:57:54.956 [main] INFO  Dealership.POM - Make field is filled
18:57:54.990 [main] INFO  Dealership.POM - Model field is visible
18:57:55.906 [main] INFO  Dealership.POM - Model field is filled
18:57:55.939 [main] INFO  Dealership.POM - Sub Model field is visible
18:57:56.396 [main] INFO  Dealership.POM - Sub Model field is filled
18:57:56.430 [main] INFO  Dealership.POM - Year field is visible
18:57:56.640 [main] INFO  Dealership.POM - Year field is filled
18:57:56.681 [main] INFO  Dealership.POM - Exterior Color field is visible
18:57:56.834 [main] INFO  Dealership.POM - Exterior Color field is filled
18:57:56.871 [main] INFO  Dealership.POM - Next Button is visible
18:57:56.956 [main] INFO  Dealership.POM - Next Button is clicked
18:58:00.118 [main] INFO  Dealership.POM - Totalprice field is visible
18:58:00.271 [main] INFO  Dealership.POM - Totalprice field is filled
18:58:00.303 [main] INFO  Dealership.POM - Totalcost field is visible
18:58:00.466 [main] INFO  Dealership.POM - Totalcost field is filled
18:58:00.499 [main] INFO  Dealership.POM - Save Button is visible
18:58:00.573 [main] INFO  Dealership.POM - Save Button is clicked
18:58:05.619 [main] INFO  Dealership.POM - SaveTempUnit Button is visible
18:58:05.701 [main] INFO  Dealership.POM - SaveTempUnit Button is clicked
18:58:07.860 [main] INFO  Dealership.POM - TempUnitName is visible
18:58:07.889 [main] INFO  Dealership.POM - Unit name is displayed correctly
18:58:07.920 [main] INFO  Dealership.POM - Edit Pricing Button is visible
18:58:08.006 [main] INFO  Dealership.POM - Edit Pricing Button is clicked
18:58:15.089 [main] INFO  Dealership.POM - Rideaway Toggle Button is visible
18:58:15.226 [main] INFO  Dealership.POM - Rideaway Toggle Button is Toggled
18:58:20.264 [main] INFO  Dealership.POM - InputForRideawayPrice is visible
18:58:20.395 [main] INFO  Dealership.POM - InputForRideawayPrice is filled
18:58:20.431 [main] INFO  Dealership.POM - SaveBtnRideawayPrice is visible
18:58:20.521 [main] INFO  Dealership.POM - SaveBtnRideawayPrice is clicked
18:58:30.558 [main] INFO  Dealership.POM - InputForStampDuty is visible
18:58:30.737 [main] INFO  Dealership.POM - InputForStampDuty is filled
18:58:30.781 [main] INFO  Dealership.POM - SaveBtnStampDuty is visible
18:58:30.871 [main] INFO  Dealership.POM - SaveBtnStampDuty is clicked
18:58:40.912 [main] INFO  Dealership.POM - SavePriceBtn is visible
18:58:41.026 [main] INFO  Dealership.POM - SavePriceBtn is clicked
18:58:44.073 [main] INFO  Dealership.POM - Option_Fee field is visible
18:58:44.121 [main] INFO  Dealership.POM - Options And Fee field is visible
18:58:44.841 [main] INFO  Dealership.POM - SearchOptions field is visible
18:58:55.461 [main] INFO  Dealership.POM - Option 1 is selected
18:59:25.623 [main] INFO  Dealership.POM - Notes For Customer field is visible
18:59:25.718 [main] INFO  Dealership.POM - Notes For Customer is clicked
18:59:26.372 [main] INFO  Dealership.POM - Notes field is visible
18:59:26.658 [main] INFO  Dealership.POM - Note is filled
18:59:26.691 [main] INFO  Dealership.POM - PrintCO is visible
18:59:26.815 [main] INFO  Dealership.POM - PrintCO is clicked
18:59:27.186 [main] FATAL Dealership.POM - Test Failed - screenshot captured for Method : TemporaryUnit
19:01:45.723 [main] INFO  Dealership.POM - Running Test : TemporaryUnit
19:01:51.498 [main] INFO  Dealership.POM - Windows maximized
19:01:53.453 [main] INFO  Dealership.POM - URL entered
19:01:53.588 [main] INFO  Dealership.POM - Username field is visible
19:01:53.821 [main] INFO  Dealership.POM - Password field is visible
19:01:54.125 [main] INFO  Dealership.POM - Login Button is visible
19:02:28.051 [main] INFO  Dealership.POM - Login Button is clicked
19:02:53.129 [main] INFO  Dealership.POM - Sell link is visible
19:02:54.259 [main] INFO  Dealership.POM - Sell link is clickable
19:02:54.429 [main] INFO  Dealership.POM - Select Customer Dropdown is visible
19:02:55.538 [main] INFO  Dealership.POM - Select Customer Field is visible
19:03:05.896 [main] INFO  Dealership.POM - CustomerInfo is visible
19:03:05.976 [main] INFO  Dealership.POM - CustomerInfo is selected
19:03:36.170 [main] INFO  Dealership.POM - Quote Toggle button is visible
19:03:36.252 [main] INFO  Dealership.POM - Quote Toggle button is clicked
19:03:46.301 [main] INFO  Dealership.POM - The status of CO is Quote
19:03:46.370 [main] INFO  Dealership.POM - Sell A Unit button is visible
19:03:46.444 [main] INFO  Dealership.POM - Sell A Unit button is clicked
19:03:48.339 [main] INFO  Dealership.POM - UnitDealStatus is visible
19:03:48.381 [main] INFO  Dealership.POM - UnitDealStatus is Status: Quotation
19:03:48.458 [main] INFO  Dealership.POM - UnitOptionsStatus is visible
19:03:48.492 [main] INFO  Dealership.POM - UnitOptionsStatus is Option:
19:03:48.629 [main] INFO  Dealership.POM - Unit1 is visible
19:03:48.762 [main] INFO  Dealership.POM - Unit1 is opened
19:03:50.049 [main] INFO  Dealership.POM - Set Temp Unit button is visible
19:03:50.366 [main] INFO  Dealership.POM - Set Temp Unit button is clicked
19:03:57.694 [main] INFO  Dealership.POM - Make field is visible
19:03:59.396 [main] INFO  Dealership.POM - Make field is filled
19:03:59.429 [main] INFO  Dealership.POM - Model field is visible
19:04:00.340 [main] INFO  Dealership.POM - Model field is filled
19:04:00.373 [main] INFO  Dealership.POM - Sub Model field is visible
19:04:00.815 [main] INFO  Dealership.POM - Sub Model field is filled
19:04:00.849 [main] INFO  Dealership.POM - Year field is visible
19:04:01.061 [main] INFO  Dealership.POM - Year field is filled
19:04:01.102 [main] INFO  Dealership.POM - Exterior Color field is visible
19:04:01.249 [main] INFO  Dealership.POM - Exterior Color field is filled
19:04:01.288 [main] INFO  Dealership.POM - Next Button is visible
19:04:01.375 [main] INFO  Dealership.POM - Next Button is clicked
19:04:05.056 [main] INFO  Dealership.POM - Totalprice field is visible
19:04:05.203 [main] INFO  Dealership.POM - Totalprice field is filled
19:04:05.236 [main] INFO  Dealership.POM - Totalcost field is visible
19:04:05.391 [main] INFO  Dealership.POM - Totalcost field is filled
19:04:05.424 [main] INFO  Dealership.POM - Save Button is visible
19:04:05.500 [main] INFO  Dealership.POM - Save Button is clicked
19:04:10.547 [main] INFO  Dealership.POM - SaveTempUnit Button is visible
19:04:10.632 [main] INFO  Dealership.POM - SaveTempUnit Button is clicked
19:04:12.261 [main] INFO  Dealership.POM - TempUnitName is visible
19:04:12.290 [main] INFO  Dealership.POM - Unit name is displayed correctly
19:04:12.325 [main] INFO  Dealership.POM - Edit Pricing Button is visible
19:04:12.406 [main] INFO  Dealership.POM - Edit Pricing Button is clicked
19:04:19.492 [main] INFO  Dealership.POM - Rideaway Toggle Button is visible
19:04:19.591 [main] INFO  Dealership.POM - Rideaway Toggle Button is Toggled
19:04:24.636 [main] INFO  Dealership.POM - InputForRideawayPrice is visible
19:04:24.763 [main] INFO  Dealership.POM - InputForRideawayPrice is filled
19:04:24.796 [main] INFO  Dealership.POM - SaveBtnRideawayPrice is visible
19:04:24.887 [main] INFO  Dealership.POM - SaveBtnRideawayPrice is clicked
19:04:34.933 [main] INFO  Dealership.POM - InputForStampDuty is visible
19:04:35.106 [main] INFO  Dealership.POM - InputForStampDuty is filled
19:04:35.143 [main] INFO  Dealership.POM - SaveBtnStampDuty is visible
19:04:35.263 [main] INFO  Dealership.POM - SaveBtnStampDuty is clicked
19:04:45.304 [main] INFO  Dealership.POM - SavePriceBtn is visible
19:04:45.409 [main] INFO  Dealership.POM - SavePriceBtn is clicked
19:04:48.457 [main] INFO  Dealership.POM - Option_Fee field is visible
19:04:48.507 [main] INFO  Dealership.POM - Options And Fee field is visible
19:04:49.257 [main] INFO  Dealership.POM - SearchOptions field is visible
19:04:59.896 [main] INFO  Dealership.POM - Option 1 is selected
19:05:30.044 [main] INFO  Dealership.POM - Notes For Customer field is visible
19:05:30.168 [main] INFO  Dealership.POM - Notes For Customer is clicked
19:05:30.860 [main] INFO  Dealership.POM - Notes field is visible
19:05:31.183 [main] INFO  Dealership.POM - Note is filled
19:05:31.247 [main] INFO  Dealership.POM - PrintCO is visible
19:05:31.342 [main] INFO  Dealership.POM - PrintCO is clicked
19:05:32.718 [main] FATAL Dealership.POM - Test Failed - screenshot captured for Method : TemporaryUnit
19:07:30.448 [main] INFO  Dealership.POM - Running Test : TemporaryUnit
19:07:36.651 [main] INFO  Dealership.POM - Windows maximized
19:07:38.729 [main] INFO  Dealership.POM - URL entered
19:07:38.866 [main] INFO  Dealership.POM - Username field is visible
19:07:39.171 [main] INFO  Dealership.POM - Password field is visible
19:07:39.774 [main] INFO  Dealership.POM - Login Button is visible
19:07:47.582 [main] INFO  Dealership.POM - Login Button is clicked
19:08:12.667 [main] INFO  Dealership.POM - Sell link is visible
19:08:12.726 [main] INFO  Dealership.POM - Sell link is clickable
19:08:33.463 [main] FATAL Dealership.POM - Test Failed - screenshot captured for Method : TemporaryUnit
19:12:08.729 [main] INFO  Dealership.POM - Running Test : TemporaryUnit
19:12:17.864 [main] INFO  Dealership.POM - Windows maximized
19:12:20.143 [main] INFO  Dealership.POM - URL entered
19:12:20.290 [main] INFO  Dealership.POM - Username field is visible
19:12:20.550 [main] INFO  Dealership.POM - Password field is visible
19:12:20.768 [main] INFO  Dealership.POM - Login Button is visible
19:12:54.057 [main] INFO  Dealership.POM - Login Button is clicked
19:13:19.170 [main] INFO  Dealership.POM - Sell link is visible
19:13:20.403 [main] INFO  Dealership.POM - Sell link is clickable
19:13:20.560 [main] INFO  Dealership.POM - Select Customer Dropdown is visible
19:13:22.848 [main] INFO  Dealership.POM - Select Customer Field is visible
19:13:33.194 [main] INFO  Dealership.POM - CustomerInfo is visible
19:13:33.277 [main] INFO  Dealership.POM - CustomerInfo is selected
19:14:03.476 [main] INFO  Dealership.POM - Quote Toggle button is visible
19:14:03.569 [main] INFO  Dealership.POM - Quote Toggle button is clicked
19:14:13.606 [main] INFO  Dealership.POM - The status of CO is Quote
19:14:13.644 [main] INFO  Dealership.POM - Sell A Unit button is visible
19:14:13.742 [main] INFO  Dealership.POM - Sell A Unit button is clicked
19:14:16.603 [main] INFO  Dealership.POM - UnitDealStatus is visible
19:14:16.629 [main] INFO  Dealership.POM - UnitDealStatus is Status: Quotation
19:14:16.702 [main] INFO  Dealership.POM - UnitOptionsStatus is visible
19:14:16.734 [main] INFO  Dealership.POM - UnitOptionsStatus is Option:
19:14:16.819 [main] INFO  Dealership.POM - Unit1 is visible
19:14:16.974 [main] INFO  Dealership.POM - Unit1 is opened
19:14:18.269 [main] INFO  Dealership.POM - Set Temp Unit button is visible
19:14:18.393 [main] INFO  Dealership.POM - Set Temp Unit button is clicked
19:14:25.979 [main] INFO  Dealership.POM - Make field is visible
19:14:27.577 [main] INFO  Dealership.POM - Make field is filled
19:14:27.608 [main] INFO  Dealership.POM - Model field is visible
19:14:28.528 [main] INFO  Dealership.POM - Model field is filled
19:14:28.560 [main] INFO  Dealership.POM - Sub Model field is visible
19:14:29.011 [main] INFO  Dealership.POM - Sub Model field is filled
19:14:29.044 [main] INFO  Dealership.POM - Year field is visible
19:14:29.285 [main] INFO  Dealership.POM - Year field is filled
19:14:29.328 [main] INFO  Dealership.POM - Exterior Color field is visible
19:14:29.466 [main] INFO  Dealership.POM - Exterior Color field is filled
19:14:29.504 [main] INFO  Dealership.POM - Next Button is visible
19:14:29.601 [main] INFO  Dealership.POM - Next Button is clicked
19:14:33.828 [main] INFO  Dealership.POM - Totalprice field is visible
19:14:33.973 [main] INFO  Dealership.POM - Totalprice field is filled
19:14:34.004 [main] INFO  Dealership.POM - Totalcost field is visible
19:14:34.159 [main] INFO  Dealership.POM - Totalcost field is filled
19:14:34.198 [main] INFO  Dealership.POM - Save Button is visible
19:14:34.268 [main] INFO  Dealership.POM - Save Button is clicked
19:14:39.308 [main] INFO  Dealership.POM - SaveTempUnit Button is visible
19:14:39.388 [main] INFO  Dealership.POM - SaveTempUnit Button is clicked
19:14:42.061 [main] INFO  Dealership.POM - TempUnitName is visible
19:14:42.090 [main] INFO  Dealership.POM - Unit name is displayed correctly
19:14:42.128 [main] INFO  Dealership.POM - PrintCO is visible
