17:38:48.605 [TestNG-test=Test-1] INFO  Dealership.POM - Login Button is visible
17:39:06.605 [TestNG-test=Test-1] INFO  Dealership.POM - Login Button is clicked
17:39:26.873 [TestNG-test=Test-1] INFO  Dealership.POM - Schedule link is visible
17:39:26.959 [TestNG-test=Test-1] INFO  Dealership.POM - Schedule link is clicked
17:39:39.462 [TestNG-test=Test-1] INFO  Dealership.POM - New Appointment Button is visible
17:39:39.536 [TestNG-test=Test-1] INFO  Dealership.POM - New Appointment Button is clicked
17:39:57.519 [TestNG-test=Test-1] INFO  Dealership.POM - Appointment_schedule_content is visible
17:39:57.737 [TestNG-test=Test-1] INFO  Dealership.POM - Appointment_schedule_content is clicked
17:40:03.074 [TestNG-test=Test-1] FATAL Dealership.POM - Test Failed - screenshot captured for Method : CreateandView
17:40:08.992 [TestNG-test=Test-1] INFO  Dealership.POM - Running Test : MoveAppointment
17:40:12.574 [TestNG-test=Test-1] INFO  Dealership.POM - Windows maximized
17:40:14.422 [TestNG-test=Test-1] INFO  Dealership.POM - URL entered
17:40:14.502 [TestNG-test=Test-1] INFO  Dealership.POM - Username field is visible
17:40:14.904 [TestNG-test=Test-1] INFO  Dealership.POM - Password field is visible
17:40:15.234 [TestNG-test=Test-1] INFO  Dealership.POM - Login Button is visible
17:40:35.015 [TestNG-test=Test-1] INFO  Dealership.POM - Login Button is clicked
17:40:55.240 [TestNG-test=Test-1] INFO  Dealership.POM - Schedule link is visible
17:40:55.320 [TestNG-test=Test-1] INFO  Dealership.POM - Schedule link is clicked
17:42:35.613 [TestNG-test=Test-1] FATAL Dealership.POM - Test Failed - screenshot captured for Method : MoveAppointment
17:42:41.660 [TestNG-test=Test-1] INFO  Dealership.POM - Running Test : UnassignedAppointment
17:42:46.107 [TestNG-test=Test-1] INFO  Dealership.POM - Windows maximized
17:42:48.073 [TestNG-test=Test-1] INFO  Dealership.POM - URL entered
17:42:48.213 [TestNG-test=Test-1] INFO  Dealership.POM - Username field is visible
17:42:48.653 [TestNG-test=Test-1] INFO  Dealership.POM - Password field is visible
17:42:49.505 [TestNG-test=Test-1] INFO  Dealership.POM - Login Button is visible
17:43:03.864 [TestNG-test=Test-1] INFO  Dealership.POM - Login Button is clicked
17:43:24.234 [TestNG-test=Test-1] INFO  Dealership.POM - Schedule link is visible
17:43:24.334 [TestNG-test=Test-1] INFO  Dealership.POM - Schedule link is clicked
17:43:35.835 [TestNG-test=Test-1] INFO  Dealership.POM - DayViewLink is visible
17:43:35.908 [TestNG-test=Test-1] INFO  Dealership.POM - DayViewLink is opened
17:44:01.582 [TestNG-test=Test-1] INFO  Dealership.POM - Un-assigned Appointments link is visible
17:44:01.694 [TestNG-test=Test-1] INFO  Dealership.POM - Un-assigned Appointments are opened
17:44:06.820 [TestNG-test=Test-1] INFO  Dealership.POM - APSearchfield is visible
17:44:06.955 [TestNG-test=Test-1] INFO  Dealership.POM - APSearchfield is filled
17:44:07.011 [TestNG-test=Test-1] INFO  Dealership.POM - TestAppointment is visible
17:44:07.610 [TestNG-test=Test-1] INFO  Dealership.POM - TestAppointment is assigned to a Technician
17:44:33.107 [TestNG-test=Test-1] INFO  Dealership.POM - DayViewLink is visible
17:44:33.264 [TestNG-test=Test-1] INFO  Dealership.POM - DayViewLink is opened
17:46:13.566 [TestNG-test=Test-1] FATAL Dealership.POM - Test Failed - screenshot captured for Method : UnassignedAppointment
17:46:19.552 [TestNG-test=Test-1] INFO  Dealership.POM - Running Test : ServiceJobAppointment
17:46:23.124 [TestNG-test=Test-1] INFO  Dealership.POM - Windows maximized
17:46:25.146 [TestNG-test=Test-1] INFO  Dealership.POM - URL entered
17:46:25.208 [TestNG-test=Test-1] INFO  Dealership.POM - Username field is visible
17:46:25.535 [TestNG-test=Test-1] INFO  Dealership.POM - Password field is visible
17:46:25.744 [TestNG-test=Test-1] INFO  Dealership.POM - Login Button is visible
17:46:40.686 [TestNG-test=Test-1] INFO  Dealership.POM - Login Button is clicked
17:47:01.260 [TestNG-test=Test-1] INFO  Dealership.POM - Sell link is visible
17:47:02.718 [TestNG-test=Test-1] INFO  Dealership.POM - Sell link is clicked
17:47:03.397 [TestNG-test=Test-1] INFO  Dealership.POM - Select Customer Dropdown is visible
17:47:03.695 [TestNG-test=Test-1] INFO  Dealership.POM - Select Customer Field is visible
17:47:05.795 [TestNG-test=Test-1] INFO  Dealership.POM - CustomerInfo is visible
17:47:32.715 [TestNG-test=Test-1] INFO  Dealership.POM - ServiceJob button is visible
17:47:36.133 [TestNG-test=Test-1] INFO  Dealership.POM - ServiceJobStatus is visible
17:47:36.181 [TestNG-test=Test-1] INFO  Dealership.POM - ServiceJobStatus is Status: New
17:47:36.340 [TestNG-test=Test-1] INFO  Dealership.POM - CONumber is visible
17:47:36.367 [TestNG-test=Test-1] INFO  Dealership.POM - CONumber is CO-0004724
17:47:36.422 [TestNG-test=Test-1] INFO  Dealership.POM - ServiceJobDetails is visible
17:47:36.521 [TestNG-test=Test-1] INFO  Dealership.POM - ServiceJobDetails is clicked
17:47:41.593 [TestNG-test=Test-1] INFO  Dealership.POM - UnitDropDown is visible
17:47:41.816 [TestNG-test=Test-1] INFO  Dealership.POM - DropDownresult is visible
17:47:41.909 [TestNG-test=Test-1] INFO  Dealership.POM - Unit is Selected
17:47:41.985 [TestNG-test=Test-1] INFO  Dealership.POM - CreateApt link is visible
17:47:42.088 [TestNG-test=Test-1] INFO  Dealership.POM - CreateApt link is clicked
17:47:50.124 [TestNG-test=Test-1] INFO  Dealership.POM - AppointmentTitleId is visible
17:47:50.595 [TestNG-test=Test-1] INFO  Dealership.POM - EstimatedHours is filled
17:47:50.700 [TestNG-test=Test-1] INFO  Dealership.POM - EstimatedHours is visible
17:47:50.885 [TestNG-test=Test-1] INFO  Dealership.POM - EstimatedHours is filled
17:47:51.008 [TestNG-test=Test-1] INFO  Dealership.POM - AssignTechTab is visible
17:47:52.230 [TestNG-test=Test-1] FATAL Dealership.POM - Test Failed - screenshot captured for Method : ServiceJobAppointment
17:47:58.184 [TestNG-test=Test-1] INFO  Dealership.POM - Running Test : DealserviceAppointment
17:48:02.288 [TestNG-test=Test-1] INFO  Dealership.POM - Windows maximized
17:48:05.431 [TestNG-test=Test-1] INFO  Dealership.POM - URL entered
17:48:05.487 [TestNG-test=Test-1] INFO  Dealership.POM - Username field is visible
17:48:05.712 [TestNG-test=Test-1] INFO  Dealership.POM - Password field is visible
17:48:05.951 [TestNG-test=Test-1] INFO  Dealership.POM - Login Button is visible
17:48:20.979 [TestNG-test=Test-1] INFO  Dealership.POM - Login Button is clicked
17:48:41.204 [TestNG-test=Test-1] INFO  Dealership.POM - GlobalSearch is visible
17:48:45.714 [TestNG-test=Test-1] INFO  Dealership.POM - SearchResult is visible
17:48:47.438 [TestNG-test=Test-1] INFO  Dealership.POM - CO is selected
17:49:07.546 [TestNG-test=Test-1] INFO  Dealership.POM - DealService is visible
17:49:07.701 [TestNG-test=Test-1] INFO  Dealership.POM - DealService is opened
17:49:12.809 [TestNG-test=Test-1] INFO  Dealership.POM - JobDetails is visible
17:49:12.928 [TestNG-test=Test-1] INFO  Dealership.POM - JobDetails is opened
17:49:18.140 [TestNG-test=Test-1] INFO  Dealership.POM - CreateApt is visible
17:49:18.236 [TestNG-test=Test-1] INFO  Dealership.POM - CreateApt is opened
17:49:27.997 [TestNG-test=Test-1] INFO  Dealership.POM - AppointmentTitleId is visible
17:49:28.532 [TestNG-test=Test-1] INFO  Dealership.POM - EstimatedHours is filled
17:49:28.661 [TestNG-test=Test-1] INFO  Dealership.POM - EstimatedHours is visible
17:49:28.807 [TestNG-test=Test-1] INFO  Dealership.POM - EstimatedHours is filled
17:49:28.940 [TestNG-test=Test-1] INFO  Dealership.POM - AssignTechTab is visible
17:49:29.116 [TestNG-test=Test-1] INFO  Dealership.POM - AssignTechTab is Clicked
17:49:29.187 [TestNG-test=Test-1] INFO  Dealership.POM - Assign_tech_input_Field is visible
17:49:34.664 [TestNG-test=Test-1] INFO  Dealership.POM - [[ChromeDriver: chrome on WINDOWS (8dfb5533fa4f98d26feb626d31f63a0a)] -> xpath: //td[1]/div[1]/div[1]/ul[1]/li/div[1]] Tech is selected
17:49:44.744 [TestNG-test=Test-1] INFO  Dealership.POM - ConfirmButton is visible
17:49:44.907 [TestNG-test=Test-1] INFO  Dealership.POM - ConfirmButton is clicked
17:49:49.986 [TestNG-test=Test-1] INFO  Dealership.POM - TimeSlotInput is visible
17:49:51.332 [TestNG-test=Test-1] FATAL Dealership.POM - Test Failed - screenshot captured for Method : DealserviceAppointment
17:49:57.407 [TestNG-test=Test-1] INFO  Dealership.POM - Running Test : AccountingIntegration
17:50:02.042 [TestNG-test=Test-1] INFO  Dealership.POM - Windows maximized
17:50:03.918 [TestNG-test=Test-1] INFO  Dealership.POM - URL entered
17:50:04.005 [TestNG-test=Test-1] INFO  Dealership.POM - Username field is visible
17:50:04.429 [TestNG-test=Test-1] INFO  Dealership.POM - Password field is visible
17:50:04.635 [TestNG-test=Test-1] INFO  Dealership.POM - Login Button is visible
17:50:21.112 [TestNG-test=Test-1] INFO  Dealership.POM - Login Button is clicked
17:50:41.519 [TestNG-test=Test-1] INFO  Dealership.POM - Account and Settings link is visible
17:50:41.594 [TestNG-test=Test-1] INFO  Dealership.POM - Account and Settings link is clicked
17:50:41.673 [TestNG-test=Test-1] INFO  Dealership.POM - SystemSettings link is visible
17:50:41.767 [TestNG-test=Test-1] INFO  Dealership.POM - SystemSettings link is clicked
17:50:45.991 [TestNG-test=Test-1] INFO  Dealership.POM - Accounting integration link is clicked
17:50:50.150 [TestNG-test=Test-1] INFO  Dealership.POM - AccHeader is visible
17:50:50.174 [TestNG-test=Test-1] INFO  Dealership.POM - AccHeader Text is verified
17:50:50.260 [TestNG-test=Test-1] INFO  Dealership.POM - AccountingDropDown is visible
17:50:50.351 [TestNG-test=Test-1] INFO  Dealership.POM - AccountingDropDown is clicked
17:50:58.389 [TestNG-test=Test-1] INFO  Dealership.POM - The First option is Xero
17:50:58.485 [TestNG-test=Test-1] INFO  Dealership.POM - The Second option is QuickBooks Online
17:50:58.535 [TestNG-test=Test-1] INFO  Dealership.POM - The Third option is MYOB Account Right
17:50:58.607 [TestNG-test=Test-1] INFO  Dealership.POM - The Forth option is No Integration
17:50:58.941 [TestNG-test=Test-1] INFO  Dealership.POM - TestButton is visible
17:50:59.055 [TestNG-test=Test-1] INFO  Dealership.POM - TestButton is clicked
17:51:05.015 [TestNG-test=Test-1] INFO  Dealership.POM - Notification is visible
17:51:05.034 [TestNG-test=Test-1] INFO  Dealership.POM - Connection is tested
17:51:05.228 [TestNG-test=Test-1] INFO  Dealership.POM - NextButton is visible
17:51:05.392 [TestNG-test=Test-1] INFO  Dealership.POM - NextButton is clicked
17:51:15.652 [TestNG-test=Test-1] INFO  Dealership.POM - AccHeader is visible
17:51:15.673 [TestNG-test=Test-1] INFO  Dealership.POM - AccHeader Text is verified
17:51:15.944 [TestNG-test=Test-1] INFO  Dealership.POM - LastSyncTime is visible
17:51:15.962 [TestNG-test=Test-1] INFO  Dealership.POM - LastSyncTime is February 25, 2022 03:34 AM NZST
17:51:16.138 [TestNG-test=Test-1] INFO  Dealership.POM - SyncNowButton is visible
17:51:16.337 [TestNG-test=Test-1] INFO  Dealership.POM - SyncNowButton is clicked
17:51:22.373 [TestNG-test=Test-1] INFO  Dealership.POM - Notification is visible
17:51:22.568 [TestNG-test=Test-1] INFO  Dealership.POM - LastSyncTime is visible
17:51:22.587 [TestNG-test=Test-1] INFO  Dealership.POM - LastSyncTime is March 10, 2022 01:21 AM NZST
17:51:22.587 [TestNG-test=Test-1] INFO  Dealership.POM - Account is Synced successfully
17:51:22.872 [TestNG-test=Test-1] INFO  Dealership.POM - ViewButton is visible
17:51:23.012 [TestNG-test=Test-1] INFO  Dealership.POM - ViewButton is clicked
17:51:24.194 [TestNG-test=Test-1] INFO  Dealership.POM - AccountsListPopUp is visible
17:51:24.284 [TestNG-test=Test-1] INFO  Dealership.POM - AccountsListPopUp is verified
17:51:24.630 [TestNG-test=Test-1] INFO  Dealership.POM - OKButton is visible
17:51:24.786 [TestNG-test=Test-1] INFO  Dealership.POM - OKButton is clicked
17:51:29.883 [TestNG-test=Test-1] INFO  Dealership.POM - NextButton is visible
17:51:29.991 [TestNG-test=Test-1] INFO  Dealership.POM - NextButton is clicked
17:51:40.287 [TestNG-test=Test-1] INFO  Dealership.POM - AccHeader is visible
17:51:40.309 [TestNG-test=Test-1] INFO  Dealership.POM - AccHeader Text is verified
17:51:40.728 [TestNG-test=Test-1] INFO  Dealership.POM - ControlAccFields are visible
17:51:40.919 [TestNG-test=Test-1] INFO  Dealership.POM - NextButton is visible
17:51:41.077 [TestNG-test=Test-1] INFO  Dealership.POM - NextButton is clicked
17:51:51.391 [TestNG-test=Test-1] INFO  Dealership.POM - AccHeader is visible
17:51:51.551 [TestNG-test=Test-1] FATAL Dealership.POM - Test Failed - screenshot captured for Method : AccountingIntegration
17:51:57.779 [TestNG-test=Test-1] INFO  Dealership.POM - Running Test : BrandingManagement
17:52:02.020 [TestNG-test=Test-1] INFO  Dealership.POM - Windows maximized
17:52:06.125 [TestNG-test=Test-1] INFO  Dealership.POM - URL entered
17:52:06.174 [TestNG-test=Test-1] INFO  Dealership.POM - Username field is visible
17:52:06.400 [TestNG-test=Test-1] INFO  Dealership.POM - Password field is visible
17:52:06.718 [TestNG-test=Test-1] INFO  Dealership.POM - Login Button is visible
17:52:36.731 [TestNG-test=Test-1] INFO  Dealership.POM - Login Button is clicked
17:52:56.929 [TestNG-test=Test-1] INFO  Dealership.POM - Account and Settings link is visible
17:52:57.035 [TestNG-test=Test-1] INFO  Dealership.POM - Account and Settings link is clicked
17:52:57.135 [TestNG-test=Test-1] INFO  Dealership.POM - SystemSettings link is visible
17:52:57.263 [TestNG-test=Test-1] INFO  Dealership.POM - SystemSettings link is clicked
17:53:01.492 [TestNG-test=Test-1] INFO  Dealership.POM - Branding management link is clicked
17:53:11.624 [TestNG-test=Test-1] INFO  Dealership.POM - BrandHeader is Branding management
17:53:11.671 [TestNG-test=Test-1] INFO  Dealership.POM - AddNewLocationIcon  is visible
17:53:11.734 [TestNG-test=Test-1] INFO  Dealership.POM - AddNewLocationIcon  is clicked
17:53:14.046 [TestNG-test=Test-1] INFO  Dealership.POM - BrandHeader is New branding location
17:53:14.102 [TestNG-test=Test-1] INFO  Dealership.POM - BusinessName  is visible
17:53:14.375 [TestNG-test=Test-1] INFO  Dealership.POM - BusinessName  is filled
17:53:14.418 [TestNG-test=Test-1] INFO  Dealership.POM - BusinessPhone  is visible
17:53:14.570 [TestNG-test=Test-1] INFO  Dealership.POM - BusinessPhone  is filled
17:53:14.610 [TestNG-test=Test-1] INFO  Dealership.POM - BusinessEmail  is visible
17:53:14.778 [TestNG-test=Test-1] INFO  Dealership.POM - BusinessEmail  is filled
17:53:14.816 [TestNG-test=Test-1] INFO  Dealership.POM - TaxID  is visible
17:53:14.937 [TestNG-test=Test-1] INFO  Dealership.POM - TaxID  is filled
17:53:14.973 [TestNG-test=Test-1] INFO  Dealership.POM - Streetaddress1  is visible
17:53:15.088 [TestNG-test=Test-1] INFO  Dealership.POM - Streetaddress1  is filled
17:53:15.134 [TestNG-test=Test-1] INFO  Dealership.POM - Streetaddress2  is visible
17:53:15.283 [TestNG-test=Test-1] INFO  Dealership.POM - Streetaddress2  is filled
17:53:15.325 [TestNG-test=Test-1] INFO  Dealership.POM - City  is visible
17:53:15.446 [TestNG-test=Test-1] INFO  Dealership.POM - City  is filled
17:53:15.491 [TestNG-test=Test-1] INFO  Dealership.POM - Pincode  is visible
17:53:15.661 [TestNG-test=Test-1] INFO  Dealership.POM - Pincode  is filled
17:53:18.977 [TestNG-test=Test-1] INFO  Dealership.POM - FileLabel is Blackpurl.png
17:53:19.055 [TestNG-test=Test-1] INFO  Dealership.POM - FileSize is 4 KB
17:53:19.110 [TestNG-test=Test-1] INFO  Dealership.POM - Customer Invoice Text Field  is visible
17:53:19.299 [TestNG-test=Test-1] INFO  Dealership.POM - Customer Invoice Text Field  is filled
17:53:19.342 [TestNG-test=Test-1] INFO  Dealership.POM - Service Job Disclaimer Slider is visible
17:53:19.422 [TestNG-test=Test-1] INFO  Dealership.POM - Service Job Disclaimer Slider is clicked
17:53:19.499 [TestNG-test=Test-1] INFO  Dealership.POM - Service JobText Field  is visible
17:53:19.743 [TestNG-test=Test-1] INFO  Dealership.POM - Service Job Text Field  is filled
17:53:19.784 [TestNG-test=Test-1] INFO  Dealership.POM - Order Deposit Disclaimer Slider is visible
17:53:19.850 [TestNG-test=Test-1] INFO  Dealership.POM - Order Deposit Disclaimer Slider is clicked
17:53:19.922 [TestNG-test=Test-1] INFO  Dealership.POM - Order Deposit Text Field is visible
17:53:20.153 [TestNG-test=Test-1] INFO  Dealership.POM - Order Deposit Text Field is filled
17:53:20.197 [TestNG-test=Test-1] INFO  Dealership.POM - Deal Document Text Field is visible
17:53:20.422 [TestNG-test=Test-1] INFO  Dealership.POM - Deal Document Text Field is filled
17:53:20.456 [TestNG-test=Test-1] INFO  Dealership.POM - Receipt Add Signature Slider is visible
17:53:20.508 [TestNG-test=Test-1] INFO  Dealership.POM - Receipt Add Signature Slider is clicked
17:53:20.590 [TestNG-test=Test-1] INFO  Dealership.POM - Receipt Disclaimer Slider is visible
17:53:20.652 [TestNG-test=Test-1] INFO  Dealership.POM - Receipt Disclaimer Slider is clicked
17:53:20.698 [TestNG-test=Test-1] INFO  Dealership.POM - Receipt Text Field is visible
17:53:20.900 [TestNG-test=Test-1] INFO  Dealership.POM - Receipt Text Field is filled
17:53:20.952 [TestNG-test=Test-1] INFO  Dealership.POM - CreateButton is visible
17:53:21.030 [TestNG-test=Test-1] INFO  Dealership.POM - CreateButton is clicked
17:55:11.445 [TestNG-test=Test-1] FATAL Dealership.POM - Test Failed - screenshot captured for Method : BrandingManagement
17:55:17.528 [TestNG-test=Test-1] INFO  Dealership.POM - Running Test : Businessprofile
17:55:21.825 [TestNG-test=Test-1] INFO  Dealership.POM - Windows maximized
17:55:23.941 [TestNG-test=Test-1] INFO  Dealership.POM - URL entered
17:55:24.029 [TestNG-test=Test-1] INFO  Dealership.POM - Username field is visible
17:55:24.434 [TestNG-test=Test-1] INFO  Dealership.POM - Password field is visible
17:55:25.093 [TestNG-test=Test-1] INFO  Dealership.POM - Login Button is visible
17:55:25.308 [TestNG-test=Test-1] INFO  Dealership.POM - Login Button is clicked
17:56:02.880 [TestNG-test=Test-1] INFO  Dealership.POM - Account and Settings link is visible
17:56:02.957 [TestNG-test=Test-1] INFO  Dealership.POM - Account and Settings link is clicked
17:56:03.045 [TestNG-test=Test-1] INFO  Dealership.POM - SystemSettings link is visible
17:56:03.148 [TestNG-test=Test-1] INFO  Dealership.POM - SystemSettings link is clicked
17:56:08.432 [TestNG-test=Test-1] INFO  Dealership.POM - Business profile link is clicked
17:56:09.172 [TestNG-test=Test-1] INFO  Dealership.POM - ProfileHeader is Business Profile
17:56:09.301 [TestNG-test=Test-1] INFO  Dealership.POM - BusinessName is visible
17:56:09.657 [TestNG-test=Test-1] INFO  Dealership.POM - BusinessName is filled
17:56:09.708 [TestNG-test=Test-1] INFO  Dealership.POM - Abbreviated business name is visible
17:56:09.916 [TestNG-test=Test-1] INFO  Dealership.POM - Abbreviated business name is filled
17:56:09.957 [TestNG-test=Test-1] INFO  Dealership.POM - ShippingAddress is visible
17:56:10.048 [TestNG-test=Test-1] INFO  Dealership.POM - ShippingAddress is clicked
17:56:15.320 [TestNG-test=Test-1] INFO  Dealership.POM - Business profile is updated successfully
17:56:21.522 [TestNG-test=Test-1] INFO  Dealership.POM - Test case Businessprofile passes successfully
17:56:27.606 [TestNG-test=Test-1] INFO  Dealership.POM - Running Test : Cashdrawers
17:56:32.475 [TestNG-test=Test-1] INFO  Dealership.POM - Windows maximized
17:56:45.434 [TestNG-test=Test-1] INFO  Dealership.POM - URL entered
17:56:45.493 [TestNG-test=Test-1] INFO  Dealership.POM - Username field is visible
17:56:45.727 [TestNG-test=Test-1] INFO  Dealership.POM - Password field is visible
17:56:45.958 [TestNG-test=Test-1] INFO  Dealership.POM - Login Button is visible
17:57:00.657 [TestNG-test=Test-1] INFO  Dealership.POM - Login Button is clicked
17:57:20.871 [TestNG-test=Test-1] INFO  Dealership.POM - Account and Settings link is visible
17:57:20.936 [TestNG-test=Test-1] INFO  Dealership.POM - Account and Settings link is clicked
17:57:21.015 [TestNG-test=Test-1] INFO  Dealership.POM - SystemSettings link is visible
17:57:21.110 [TestNG-test=Test-1] INFO  Dealership.POM - SystemSettings link is clicked
17:57:25.744 [TestNG-test=Test-1] INFO  Dealership.POM - Cash drawers link is clicked
17:57:27.305 [TestNG-test=Test-1] INFO  Dealership.POM - DrawerHeader is Cash drawers
17:57:27.366 [TestNG-test=Test-1] INFO  Dealership.POM - Create New Button is visible
17:57:27.479 [TestNG-test=Test-1] INFO  Dealership.POM - Create New Button is clicked
17:57:27.988 [TestNG-test=Test-1] INFO  Dealership.POM - AddnewDrawerheader is Add a new drawer
17:57:28.111 [TestNG-test=Test-1] INFO  Dealership.POM - DrawerNameField is visible
17:57:28.265 [TestNG-test=Test-1] INFO  Dealership.POM - DrawerNameField is filled
17:57:28.306 [TestNG-test=Test-1] INFO  Dealership.POM - Createdrawerbutton is visible
17:57:28.366 [TestNG-test=Test-1] INFO  Dealership.POM - Createdrawerbutton is clicked
17:57:38.437 [TestNG-test=Test-1] INFO  Dealership.POM - Cash Drawer Automation Drawer is created successfully
17:57:38.537 [TestNG-test=Test-1] INFO  Dealership.POM - Sell link is visible
17:57:38.596 [TestNG-test=Test-1] INFO  Dealership.POM - Sell link is clickable
17:57:45.037 [TestNG-test=Test-1] INFO  Dealership.POM - Sell Part tile is displayed
17:57:45.141 [TestNG-test=Test-1] INFO  Dealership.POM - Sell Part tile is clicked
17:57:45.766 [TestNG-test=Test-1] INFO  Dealership.POM - Searchbox is visible
17:57:45.799 [TestNG-test=Test-1] INFO  Dealership.POM - Searchbox is visible
17:57:49.844 [TestNG-test=Test-1] INFO  Dealership.POM - Merchentity is visible
17:57:58.640 [TestNG-test=Test-1] INFO  Dealership.POM - Checkout_Button is visible
17:58:20.285 [TestNG-test=Test-1] INFO  Dealership.POM - The Cash drawer is successfully verified on CO
17:58:20.366 [TestNG-test=Test-1] INFO  Dealership.POM - Account and Settings link is visible
17:58:20.502 [TestNG-test=Test-1] INFO  Dealership.POM - Account and Settings link is clicked
17:58:20.644 [TestNG-test=Test-1] INFO  Dealership.POM - SystemSettings link is visible
17:58:22.786 [TestNG-test=Test-1] INFO  Dealership.POM - SystemSettings link is clicked
17:58:24.614 [TestNG-test=Test-1] INFO  Dealership.POM - Cash drawers link is clicked
17:58:42.007 [TestNG-test=Test-1] INFO  Dealership.POM - Cash drawers is deleted successfully
17:58:42.009 [TestNG-test=Test-1] INFO  Dealership.POM - Test case Cashdrawers passes successfully
17:58:48.049 [TestNG-test=Test-1] INFO  Dealership.POM - Running Test : LinkedfeeforDeal
17:58:52.641 [TestNG-test=Test-1] INFO  Dealership.POM - Windows maximized
17:58:54.896 [TestNG-test=Test-1] INFO  Dealership.POM - URL entered
17:58:54.966 [TestNG-test=Test-1] INFO  Dealership.POM - Username field is visible
17:58:55.422 [TestNG-test=Test-1] INFO  Dealership.POM - Password field is visible
17:58:55.941 [TestNG-test=Test-1] INFO  Dealership.POM - Login Button is visible
17:59:16.049 [TestNG-test=Test-1] INFO  Dealership.POM - Login Button is clicked
18:01:51.183 [TestNG-test=Test-1] INFO  Dealership.POM - Account and Settings link is visible
18:01:51.280 [TestNG-test=Test-1] INFO  Dealership.POM - Account and Settings link is clicked
18:01:51.482 [TestNG-test=Test-1] INFO  Dealership.POM - SystemSettings link is visible
18:01:51.692 [TestNG-test=Test-1] INFO  Dealership.POM - SystemSettings link is clicked
18:01:59.926 [TestNG-test=Test-1] FATAL Dealership.POM - Test Failed - screenshot captured for Method : LinkedfeeforDeal
18:02:05.947 [TestNG-test=Test-1] INFO  Dealership.POM - Running Test : LinkedfeeforServiceJobs
18:02:10.041 [TestNG-test=Test-1] INFO  Dealership.POM - Windows maximized
18:02:13.561 [TestNG-test=Test-1] INFO  Dealership.POM - URL entered
18:02:13.639 [TestNG-test=Test-1] INFO  Dealership.POM - Username field is visible
18:02:13.994 [TestNG-test=Test-1] INFO  Dealership.POM - Password field is visible
18:02:14.532 [TestNG-test=Test-1] INFO  Dealership.POM - Login Button is visible
18:02:29.054 [TestNG-test=Test-1] INFO  Dealership.POM - Login Button is clicked
18:02:49.295 [TestNG-test=Test-1] INFO  Dealership.POM - Account and Settings link is visible
18:02:49.362 [TestNG-test=Test-1] INFO  Dealership.POM - Account and Settings link is clicked
18:02:49.438 [TestNG-test=Test-1] INFO  Dealership.POM - SystemSettings link is visible
18:02:49.510 [TestNG-test=Test-1] INFO  Dealership.POM - SystemSettings link is clicked
18:02:53.247 [TestNG-test=Test-1] INFO  Dealership.POM - Linked fee management link is clicked
18:36:56.593 [TestNG-test=Test-1] INFO  Dealership.POM - LFeeHeade is System Settings
Linked fee management
18:36:58.282 [TestNG-test=Test-1] FATAL Dealership.POM - Test Failed - screenshot captured for Method : LinkedfeeforServiceJobs
18:37:09.079 [TestNG-test=Test-1] INFO  Dealership.POM - Running Test : LinkedfeeforMarchendise
18:37:18.374 [TestNG-test=Test-1] INFO  Dealership.POM - Windows maximized
18:37:25.855 [TestNG-test=Test-1] INFO  Dealership.POM - URL entered
18:37:25.911 [TestNG-test=Test-1] INFO  Dealership.POM - Username field is visible
18:37:26.111 [TestNG-test=Test-1] INFO  Dealership.POM - Password field is visible
18:37:26.383 [TestNG-test=Test-1] INFO  Dealership.POM - Login Button is visible
18:37:59.133 [TestNG-test=Test-1] INFO  Dealership.POM - Login Button is clicked
18:38:19.357 [TestNG-test=Test-1] INFO  Dealership.POM - Account and Settings link is visible
18:38:19.470 [TestNG-test=Test-1] INFO  Dealership.POM - Account and Settings link is clicked
18:38:19.555 [TestNG-test=Test-1] INFO  Dealership.POM - SystemSettings link is visible
18:38:19.654 [TestNG-test=Test-1] INFO  Dealership.POM - SystemSettings link is clicked
18:38:23.918 [TestNG-test=Test-1] INFO  Dealership.POM - Linked fee management link is clicked
18:38:34.014 [TestNG-test=Test-1] INFO  Dealership.POM - LFeeHeade is System Settings
Linked fee management
18:38:34.062 [TestNG-test=Test-1] INFO  Dealership.POM - MerchandiseFeesection is visible
18:38:34.228 [TestNG-test=Test-1] INFO  Dealership.POM - MerchandiseFeesection is clicked
18:38:34.333 [TestNG-test=Test-1] INFO  Dealership.POM - LinkAFeeBtn is visible
18:38:34.423 [TestNG-test=Test-1] INFO  Dealership.POM - LinkAFeeBtn is clicked
18:38:40.141 [TestNG-test=Test-1] INFO  Dealership.POM - FeeCodeInput is visible
18:38:40.457 [TestNG-test=Test-1] INFO  Dealership.POM - FeeCodeInput is clicked
18:38:40.549 [TestNG-test=Test-1] INFO  Dealership.POM - Fee Code results is visible
18:38:40.626 [TestNG-test=Test-1] INFO  Dealership.POM - FeeCode is selected
18:38:45.841 [TestNG-test=Test-1] INFO  Dealership.POM - The Merchandise fee is successfully created
18:38:45.939 [TestNG-test=Test-1] INFO  Dealership.POM - Sell link is visible
18:38:46.046 [TestNG-test=Test-1] INFO  Dealership.POM - Sell link is clickable
18:38:53.168 [TestNG-test=Test-1] INFO  Dealership.POM - Sell Part tile is displayed
18:38:53.290 [TestNG-test=Test-1] INFO  Dealership.POM - Sell Part tile is clicked
18:38:53.945 [TestNG-test=Test-1] INFO  Dealership.POM - Searchbox is visible
18:38:53.988 [TestNG-test=Test-1] INFO  Dealership.POM - Searchbox is visible
18:38:57.702 [TestNG-test=Test-1] INFO  Dealership.POM - Merchentity is visible
18:39:07.965 [TestNG-test=Test-1] INFO  Dealership.POM - The Merchandise fee is successfully Verified
18:39:08.047 [TestNG-test=Test-1] INFO  Dealership.POM - Account and Settings link is visible
18:39:08.159 [TestNG-test=Test-1] INFO  Dealership.POM - Account and Settings link is clicked
18:39:08.241 [TestNG-test=Test-1] INFO  Dealership.POM - SystemSettings link is visible
18:39:09.368 [TestNG-test=Test-1] INFO  Dealership.POM - SystemSettings link is clicked
18:39:11.924 [TestNG-test=Test-1] INFO  Dealership.POM - Linked fee management link is clicked
18:39:22.024 [TestNG-test=Test-1] INFO  Dealership.POM - LFeeHeade is System Settings
Linked fee management
18:39:22.079 [TestNG-test=Test-1] INFO  Dealership.POM - MerchandiseFeesection is visible
18:39:22.195 [TestNG-test=Test-1] INFO  Dealership.POM - MerchandiseFeesection is clicked
18:39:48.936 [TestNG-test=Test-1] INFO  Dealership.POM - Merchandise Fee is deleted successfully
18:39:48.938 [TestNG-test=Test-1] INFO  Dealership.POM - Test case LinkedfeeforMarchendise passes successfully
18:39:54.966 [TestNG-test=Test-1] INFO  Dealership.POM - Running Test : LinkedformforDeal
18:39:59.286 [TestNG-test=Test-1] INFO  Dealership.POM - Windows maximized
18:40:02.243 [TestNG-test=Test-1] INFO  Dealership.POM - URL entered
18:40:02.307 [TestNG-test=Test-1] INFO  Dealership.POM - Username field is visible
18:40:02.508 [TestNG-test=Test-1] INFO  Dealership.POM - Password field is visible
18:40:02.640 [TestNG-test=Test-1] INFO  Dealership.POM - Login Button is visible
18:40:17.752 [TestNG-test=Test-1] INFO  Dealership.POM - Login Button is clicked
18:40:38.225 [TestNG-test=Test-1] INFO  Dealership.POM - Account and Settings link is visible
18:40:38.356 [TestNG-test=Test-1] INFO  Dealership.POM - Account and Settings link is clicked
18:40:38.485 [TestNG-test=Test-1] INFO  Dealership.POM - SystemSettings link is visible
18:40:38.624 [TestNG-test=Test-1] INFO  Dealership.POM - SystemSettings link is clicked
18:40:42.312 [TestNG-test=Test-1] INFO  Dealership.POM - Linked form management link is clicked
18:40:52.439 [TestNG-test=Test-1] INFO  Dealership.POM - LFeeHeade is Linked form management
18:40:52.759 [TestNG-test=Test-1] FATAL Dealership.POM - Test Failed - screenshot captured for Method : LinkedformforDeal
18:40:58.704 [TestNG-test=Test-1] INFO  Dealership.POM - Running Test : LinkedformforFinancing
18:41:03.356 [TestNG-test=Test-1] INFO  Dealership.POM - Windows maximized
18:41:05.920 [TestNG-test=Test-1] INFO  Dealership.POM - URL entered
18:41:06.019 [TestNG-test=Test-1] INFO  Dealership.POM - Username field is visible
18:41:06.282 [TestNG-test=Test-1] INFO  Dealership.POM - Password field is visible
18:41:06.493 [TestNG-test=Test-1] INFO  Dealership.POM - Login Button is visible
18:41:39.003 [TestNG-test=Test-1] INFO  Dealership.POM - Login Button is clicked
18:42:29.958 [TestNG-test=Test-1] INFO  Dealership.POM - Running Test : LinkedformforService
18:42:34.477 [TestNG-test=Test-1] INFO  Dealership.POM - Windows maximized
18:42:36.846 [TestNG-test=Test-1] INFO  Dealership.POM - URL entered
18:42:36.969 [TestNG-test=Test-1] INFO  Dealership.POM - Username field is visible
18:42:37.607 [TestNG-test=Test-1] INFO  Dealership.POM - Password field is visible
18:42:38.159 [TestNG-test=Test-1] INFO  Dealership.POM - Login Button is visible
18:42:54.645 [TestNG-test=Test-1] INFO  Dealership.POM - Login Button is clicked
18:43:14.894 [TestNG-test=Test-1] INFO  Dealership.POM - Account and Settings link is visible
18:43:14.956 [TestNG-test=Test-1] INFO  Dealership.POM - Account and Settings link is clicked
18:43:15.051 [TestNG-test=Test-1] INFO  Dealership.POM - SystemSettings link is visible
18:43:15.132 [TestNG-test=Test-1] INFO  Dealership.POM - SystemSettings link is clicked
18:43:18.509 [TestNG-test=Test-1] INFO  Dealership.POM - Linked form management link is clicked
18:43:28.601 [TestNG-test=Test-1] INFO  Dealership.POM - LFeeHeade is Linked form management
18:43:28.641 [TestNG-test=Test-1] INFO  Dealership.POM - ServiceFormsection is visible
18:43:28.725 [TestNG-test=Test-1] INFO  Dealership.POM - ServiceFormsection is clicked
18:43:33.845 [TestNG-test=Test-1] INFO  Dealership.POM - LinkAFormBtn is visible
18:43:33.957 [TestNG-test=Test-1] INFO  Dealership.POM - LinkAFormBtn is clicked
18:43:40.157 [TestNG-test=Test-1] INFO  Dealership.POM - FormInput is visible
18:43:40.341 [TestNG-test=Test-1] INFO  Dealership.POM - FormInput is clicked
18:43:45.442 [TestNG-test=Test-1] INFO  Dealership.POM - Formdropdown is visible
18:43:48.518 [TestNG-test=Test-1] INFO  Dealership.POM - Formdropdown is clicked
18:43:48.561 [TestNG-test=Test-1] INFO  Dealership.POM - LinktoServiceBtn is visible
18:43:48.624 [TestNG-test=Test-1] INFO  Dealership.POM - LinktoServiceBtn is clicked
18:43:53.659 [TestNG-test=Test-1] INFO  Dealership.POM - Service form is successfully created
18:43:53.694 [TestNG-test=Test-1] INFO  Dealership.POM - Sell link is visible
18:43:53.746 [TestNG-test=Test-1] INFO  Dealership.POM - Sell link is clickable
18:43:55.402 [TestNG-test=Test-1] INFO  Dealership.POM - Select Customer Dropdown is visible
18:43:56.305 [TestNG-test=Test-1] INFO  Dealership.POM - Select Customer Field is visible
18:43:58.490 [TestNG-test=Test-1] INFO  Dealership.POM - CustomerInfo is visible
18:44:29.592 [TestNG-test=Test-1] INFO  Dealership.POM - ServiceJob button is visible
18:44:34.364 [TestNG-test=Test-1] INFO  Dealership.POM - ServiceJobStatus is visible
18:44:34.428 [TestNG-test=Test-1] INFO  Dealership.POM - ServiceJobStatus is Status: New
18:44:54.956 [TestNG-test=Test-1] INFO  Dealership.POM - Documents tab is visible
18:44:55.542 [TestNG-test=Test-1] INFO  Dealership.POM - Documents tab is clicked
18:45:00.720 [TestNG-test=Test-1] INFO  Dealership.POM - Service Form is successfully verified on CO
18:45:00.898 [TestNG-test=Test-1] INFO  Dealership.POM - Account and Settings link is visible
18:45:01.309 [TestNG-test=Test-1] INFO  Dealership.POM - Account and Settings link is clicked
18:45:01.489 [TestNG-test=Test-1] INFO  Dealership.POM - SystemSettings link is visible
18:45:01.601 [TestNG-test=Test-1] INFO  Dealership.POM - SystemSettings link is clicked
18:45:27.396 [TestNG-test=Test-1] INFO  Dealership.POM - Linked form management link is clicked
18:45:37.485 [TestNG-test=Test-1] INFO  Dealership.POM - LFeeHeade is Linked form management
18:45:37.555 [TestNG-test=Test-1] INFO  Dealership.POM - Service Formsection is visible
18:45:37.741 [TestNG-test=Test-1] INFO  Dealership.POM - Service Formsection is clicked
18:45:47.892 [TestNG-test=Test-1] INFO  Dealership.POM - Unlink is visible
18:45:47.949 [TestNG-test=Test-1] INFO  Dealership.POM - Unlink is clicked
18:45:58.039 [TestNG-test=Test-1] INFO  Dealership.POM - Service Form is deleted successfully
18:45:58.041 [TestNG-test=Test-1] INFO  Dealership.POM - Test case LinkedformforService passes successfully
18:46:04.190 [TestNG-test=Test-1] INFO  Dealership.POM - Running Test : LinkedformforVP
18:46:10.920 [TestNG-test=Test-1] INFO  Dealership.POM - Windows maximized
18:46:14.399 [TestNG-test=Test-1] INFO  Dealership.POM - URL entered
18:46:14.467 [TestNG-test=Test-1] INFO  Dealership.POM - Username field is visible
18:46:15.114 [TestNG-test=Test-1] INFO  Dealership.POM - Password field is visible
18:46:15.541 [TestNG-test=Test-1] INFO  Dealership.POM - Login Button is visible
18:46:31.825 [TestNG-test=Test-1] INFO  Dealership.POM - Login Button is clicked
18:48:27.284 [TestNG-test=Test-1] INFO  Dealership.POM - Account and Settings link is visible
18:48:27.378 [TestNG-test=Test-1] INFO  Dealership.POM - Account and Settings link is clicked
18:48:27.464 [TestNG-test=Test-1] INFO  Dealership.POM - SystemSettings link is visible
18:48:27.561 [TestNG-test=Test-1] INFO  Dealership.POM - SystemSettings link is clicked
18:48:32.054 [TestNG-test=Test-1] INFO  Dealership.POM - Linked form management link is clicked
18:48:42.116 [TestNG-test=Test-1] INFO  Dealership.POM - FormHeader is Linked form management
18:48:42.150 [TestNG-test=Test-1] INFO  Dealership.POM - VPFormsection is visible
18:48:42.225 [TestNG-test=Test-1] INFO  Dealership.POM - VPFormsection is clicked
18:48:47.321 [TestNG-test=Test-1] INFO  Dealership.POM - LinkAFormBtn is visible
18:48:47.388 [TestNG-test=Test-1] INFO  Dealership.POM - LinkAFormBtn is clicked
18:48:54.670 [TestNG-test=Test-1] INFO  Dealership.POM - FormInput is visible
18:48:54.815 [TestNG-test=Test-1] INFO  Dealership.POM - FormInput is clicked
18:48:59.887 [TestNG-test=Test-1] INFO  Dealership.POM - Formdropdown is visible
18:49:02.943 [TestNG-test=Test-1] INFO  Dealership.POM - Formdropdown is clicked
18:49:02.982 [TestNG-test=Test-1] INFO  Dealership.POM - VendorProduct is visible
18:49:06.274 [TestNG-test=Test-1] INFO  Dealership.POM - Formdropdown is clicked
18:49:06.303 [TestNG-test=Test-1] INFO  Dealership.POM - ProductDropdown is visible
18:49:09.366 [TestNG-test=Test-1] INFO  Dealership.POM - ProductDropdown is clicked
18:49:09.408 [TestNG-test=Test-1] INFO  Dealership.POM - LinktoVPBtn is visible
18:49:09.489 [TestNG-test=Test-1] INFO  Dealership.POM - LinktoVPBtn is clicked
18:49:14.560 [TestNG-test=Test-1] INFO  Dealership.POM - Vendor Product form is successfully created
18:49:14.600 [TestNG-test=Test-1] INFO  Dealership.POM - Sell link is visible
18:49:14.673 [TestNG-test=Test-1] INFO  Dealership.POM - Sell link is clickable
18:49:16.520 [TestNG-test=Test-1] INFO  Dealership.POM - Select Customer Dropdown is visible
18:49:18.371 [TestNG-test=Test-1] INFO  Dealership.POM - Select Customer Field is visible
18:49:20.451 [TestNG-test=Test-1] INFO  Dealership.POM - CustomerInfo is visible
18:49:50.775 [TestNG-test=Test-1] INFO  Dealership.POM - ServiceJob button is visible
18:49:53.201 [TestNG-test=Test-1] INFO  Dealership.POM - ServiceJobStatus is visible
18:49:53.239 [TestNG-test=Test-1] INFO  Dealership.POM - ServiceJobStatus is Status: New
18:50:07.464 [TestNG-test=Test-1] INFO  Dealership.POM - Documents tab is visible
18:50:07.613 [TestNG-test=Test-1] INFO  Dealership.POM - Documents tab is clicked
18:50:13.400 [TestNG-test=Test-1] INFO  Dealership.POM - Searchbox is visible
18:50:23.881 [TestNG-test=Test-1] INFO  Dealership.POM - Merchentity is visible
18:50:49.333 [TestNG-test=Test-1] INFO  Dealership.POM - Documents tab is visible
18:50:49.487 [TestNG-test=Test-1] INFO  Dealership.POM - Documents tab is clicked
18:50:54.685 [TestNG-test=Test-1] INFO  Dealership.POM - Vendor product form is successfully verified on CO
18:50:54.776 [TestNG-test=Test-1] INFO  Dealership.POM - Account and Settings link is visible
18:50:54.924 [TestNG-test=Test-1] INFO  Dealership.POM - Account and Settings link is clicked
18:50:55.104 [TestNG-test=Test-1] INFO  Dealership.POM - SystemSettings link is visible
18:50:55.241 [TestNG-test=Test-1] INFO  Dealership.POM - SystemSettings link is clicked
18:51:19.748 [TestNG-test=Test-1] INFO  Dealership.POM - Linked form management link is clicked
18:51:29.867 [TestNG-test=Test-1] INFO  Dealership.POM - LFeeHeade is Linked form management
18:51:29.910 [TestNG-test=Test-1] INFO  Dealership.POM - VP Formsection is visible
18:51:30.011 [TestNG-test=Test-1] INFO  Dealership.POM - VP Formsection is clicked
18:51:40.135 [TestNG-test=Test-1] INFO  Dealership.POM - Unlink is visible
18:51:40.153 [TestNG-test=Test-1] INFO  Dealership.POM - Unlink is clicked
18:51:50.200 [TestNG-test=Test-1] INFO  Dealership.POM - Vendor product is deleted successfully
18:51:50.201 [TestNG-test=Test-1] INFO  Dealership.POM - Test case LinkedformforVP passes successfully
18:51:56.326 [TestNG-test=Test-1] INFO  Dealership.POM - Running Test : MakeAndModel
18:52:00.843 [TestNG-test=Test-1] INFO  Dealership.POM - Windows maximized
18:52:04.933 [TestNG-test=Test-1] INFO  Dealership.POM - URL entered
18:52:04.980 [TestNG-test=Test-1] INFO  Dealership.POM - Username field is visible
18:52:05.151 [TestNG-test=Test-1] INFO  Dealership.POM - Password field is visible
18:52:05.371 [TestNG-test=Test-1] INFO  Dealership.POM - Login Button is visible
18:52:45.934 [TestNG-test=Test-1] INFO  Dealership.POM - Login Button is clicked
18:53:06.130 [TestNG-test=Test-1] INFO  Dealership.POM - Account and Settings link is visible
18:53:06.197 [TestNG-test=Test-1] INFO  Dealership.POM - Account and Settings link is clicked
18:53:06.283 [TestNG-test=Test-1] INFO  Dealership.POM - SystemSettings link is visible
18:53:06.358 [TestNG-test=Test-1] INFO  Dealership.POM - SystemSettings link is clicked
18:53:09.614 [TestNG-test=Test-1] INFO  Dealership.POM - Make & model link is clicked
18:53:16.540 [TestNG-test=Test-1] INFO  Dealership.POM - AddNewMakebtn is visible
18:53:16.634 [TestNG-test=Test-1] INFO  Dealership.POM - AddNewMakebtn is clicked
18:53:20.304 [TestNG-test=Test-1] INFO  Dealership.POM - AddNewMakeField is visible
18:53:20.470 [TestNG-test=Test-1] INFO  Dealership.POM - AddNewMakeField is filled
18:53:20.523 [TestNG-test=Test-1] INFO  Dealership.POM - SaveNewMakebtn is visible
18:53:20.598 [TestNG-test=Test-1] INFO  Dealership.POM - SaveNewMakebtn is clicked
18:53:25.896 [TestNG-test=Test-1] FATAL Dealership.POM - Test Failed - screenshot captured for Method : MakeAndModel
18:53:31.979 [TestNG-test=Test-1] INFO  Dealership.POM - Running Test : ProductLocations
18:53:36.337 [TestNG-test=Test-1] INFO  Dealership.POM - Windows maximized
18:53:38.484 [TestNG-test=Test-1] INFO  Dealership.POM - URL entered
18:53:38.587 [TestNG-test=Test-1] INFO  Dealership.POM - Username field is visible
18:53:38.869 [TestNG-test=Test-1] INFO  Dealership.POM - Password field is visible
18:53:39.113 [TestNG-test=Test-1] INFO  Dealership.POM - Login Button is visible
18:54:10.935 [TestNG-test=Test-1] INFO  Dealership.POM - Login Button is clicked
18:54:31.127 [TestNG-test=Test-1] INFO  Dealership.POM - Account and Settings link is visible
18:54:31.207 [TestNG-test=Test-1] INFO  Dealership.POM - Account and Settings link is clicked
18:54:31.288 [TestNG-test=Test-1] INFO  Dealership.POM - SystemSettings link is visible
18:54:31.380 [TestNG-test=Test-1] INFO  Dealership.POM - SystemSettings link is clicked
18:54:35.141 [TestNG-test=Test-1] INFO  Dealership.POM - Product locations link is clicked
18:54:37.802 [TestNG-test=Test-1] INFO  Dealership.POM - Product locations Header is visible
18:54:37.924 [TestNG-test=Test-1] INFO  Dealership.POM - Add Location Field is visible
18:54:38.505 [TestNG-test=Test-1] INFO  Dealership.POM - Add Location Field is filled
18:54:39.266 [TestNG-test=Test-1] INFO  Dealership.POM - AutoLocation is visible
18:54:39.384 [TestNG-test=Test-1] INFO  Dealership.POM - EditLocationfield is visible
18:54:39.636 [TestNG-test=Test-1] INFO  Dealership.POM - Location is edited
18:54:39.742 [TestNG-test=Test-1] INFO  Dealership.POM - Addnew button is displayed
18:54:39.833 [TestNG-test=Test-1] INFO  Dealership.POM - Addnew button is clicked
18:54:39.933 [TestNG-test=Test-1] INFO  Dealership.POM - Part button is displayed
18:54:40.037 [TestNG-test=Test-1] INFO  Dealership.POM - Part button is clicked
18:54:49.167 [TestNG-test=Test-1] INFO  Dealership.POM - Part creation window is opened
18:54:49.257 [TestNG-test=Test-1] INFO  Dealership.POM - Part number field is displayed
18:54:49.484 [TestNG-test=Test-1] INFO  Dealership.POM - Part number is entered
18:54:49.530 [TestNG-test=Test-1] INFO  Dealership.POM - Part Description field is displayed
18:54:49.763 [TestNG-test=Test-1] INFO  Dealership.POM - Part Description is entered
18:54:49.810 [TestNG-test=Test-1] INFO  Dealership.POM - Vendor_Input field is displayed
18:55:00.106 [TestNG-test=Test-1] INFO  Dealership.POM - Vendor_Input is entered
18:55:00.146 [TestNG-test=Test-1] INFO  Dealership.POM - Mfg Part field is displayed
18:55:00.311 [TestNG-test=Test-1] INFO  Dealership.POM - Mfg Part is entered
18:55:00.352 [TestNG-test=Test-1] INFO  Dealership.POM - SKU Number field is displayed
18:55:00.537 [TestNG-test=Test-1] INFO  Dealership.POM - SKU Number is entered
18:55:00.590 [TestNG-test=Test-1] INFO  Dealership.POM - Category_Input field is displayed
18:55:01.020 [TestNG-test=Test-1] INFO  Dealership.POM - Category_Input is entered
18:55:01.066 [TestNG-test=Test-1] INFO  Dealership.POM - Tagsfield is displayed
18:55:03.383 [TestNG-test=Test-1] INFO  Dealership.POM - Tag is selected
18:55:03.552 [TestNG-test=Test-1] INFO  Dealership.POM - ApplicableTax is selected
18:55:03.600 [TestNG-test=Test-1] INFO  Dealership.POM - Location field is displayed
18:55:08.956 [TestNG-test=Test-1] INFO  Dealership.POM - Location_input is entered
18:55:09.003 [TestNG-test=Test-1] INFO  Dealership.POM - Qty field is displayed
18:55:09.113 [TestNG-test=Test-1] INFO  Dealership.POM - Qty is entered
18:55:09.152 [TestNG-test=Test-1] INFO  Dealership.POM - MSRP field is displayed
18:55:09.328 [TestNG-test=Test-1] INFO  Dealership.POM - MSRP is entered
18:55:09.384 [TestNG-test=Test-1] INFO  Dealership.POM - Retail field is displayed
18:55:09.522 [TestNG-test=Test-1] INFO  Dealership.POM - Retail is entered
18:55:09.562 [TestNG-test=Test-1] INFO  Dealership.POM - SalePrice field is displayed
18:55:09.691 [TestNG-test=Test-1] INFO  Dealership.POM - SalePrice is entered
18:55:09.733 [TestNG-test=Test-1] INFO  Dealership.POM - Environmental Fee field is displayed
18:55:09.892 [TestNG-test=Test-1] INFO  Dealership.POM - Environmental Fee is entered
18:55:09.934 [TestNG-test=Test-1] INFO  Dealership.POM - Part Save Button  is displayed
18:55:10.029 [TestNG-test=Test-1] INFO  Dealership.POM - save button is clicked
18:55:35.138 [TestNG-test=Test-1] INFO  Dealership.POM - Locationinfo is successfully verified
18:55:51.525 [TestNG-test=Test-1] INFO  Dealership.POM - Location is successfully removed
18:55:51.527 [TestNG-test=Test-1] INFO  Dealership.POM - Test case ProductLocations passes successfully
18:55:57.570 [TestNG-test=Test-1] INFO  Dealership.POM - Running Test : Tagmanagement
18:56:01.876 [TestNG-test=Test-1] INFO  Dealership.POM - Windows maximized
18:56:09.178 [TestNG-test=Test-1] INFO  Dealership.POM - URL entered
18:56:09.232 [TestNG-test=Test-1] INFO  Dealership.POM - Username field is visible
18:56:09.408 [TestNG-test=Test-1] INFO  Dealership.POM - Password field is visible
18:56:09.564 [TestNG-test=Test-1] INFO  Dealership.POM - Login Button is visible
18:56:42.593 [TestNG-test=Test-1] INFO  Dealership.POM - Login Button is clicked
18:58:37.759 [TestNG-test=Test-1] INFO  Dealership.POM - Account and Settings link is visible
18:58:37.836 [TestNG-test=Test-1] INFO  Dealership.POM - Account and Settings link is clicked
18:58:37.965 [TestNG-test=Test-1] INFO  Dealership.POM - SystemSettings link is visible
18:58:38.048 [TestNG-test=Test-1] INFO  Dealership.POM - SystemSettings link is clicked
18:58:41.993 [TestNG-test=Test-1] INFO  Dealership.POM - Tag management link is clicked
18:58:43.740 [TestNG-test=Test-1] INFO  Dealership.POM - TagHeader is visible
18:58:44.271 [TestNG-test=Test-1] INFO  Dealership.POM - AddTagField is visible
18:58:44.558 [TestNG-test=Test-1] INFO  Dealership.POM - AddTagField is filled
18:58:45.476 [TestNG-test=Test-1] INFO  Dealership.POM - AutoTag is visible
18:58:45.622 [TestNG-test=Test-1] INFO  Dealership.POM - EditTagfield is visible
18:58:45.901 [TestNG-test=Test-1] INFO  Dealership.POM - Tag is edited
18:58:45.987 [TestNG-test=Test-1] INFO  Dealership.POM - Addnew button is displayed
18:58:46.094 [TestNG-test=Test-1] INFO  Dealership.POM - Addnew button is clicked
18:58:46.209 [TestNG-test=Test-1] INFO  Dealership.POM - Part button is displayed
18:58:46.317 [TestNG-test=Test-1] INFO  Dealership.POM - Part button is clicked
18:58:54.859 [TestNG-test=Test-1] INFO  Dealership.POM - Part creation window is opened
18:58:54.934 [TestNG-test=Test-1] INFO  Dealership.POM - Part number field is displayed
18:58:55.147 [TestNG-test=Test-1] INFO  Dealership.POM - Part number is entered
18:58:55.186 [TestNG-test=Test-1] INFO  Dealership.POM - Part Description field is displayed
18:58:55.480 [TestNG-test=Test-1] INFO  Dealership.POM - Part Description is entered
18:58:55.529 [TestNG-test=Test-1] INFO  Dealership.POM - Vendor_Input field is displayed
18:59:05.894 [TestNG-test=Test-1] INFO  Dealership.POM - Vendor_Input is entered
18:59:05.933 [TestNG-test=Test-1] INFO  Dealership.POM - Mfg Part field is displayed
18:59:06.103 [TestNG-test=Test-1] INFO  Dealership.POM - Mfg Part is entered
18:59:06.141 [TestNG-test=Test-1] INFO  Dealership.POM - SKU Number field is displayed
18:59:06.323 [TestNG-test=Test-1] INFO  Dealership.POM - SKU Number is entered
18:59:06.367 [TestNG-test=Test-1] INFO  Dealership.POM - Category_Input field is displayed
18:59:08.791 [TestNG-test=Test-1] INFO  Dealership.POM - Category_Input is entered
18:59:08.849 [TestNG-test=Test-1] INFO  Dealership.POM - Tagsfield is displayed
18:59:11.351 [TestNG-test=Test-1] INFO  Dealership.POM - Tag is selected
18:59:11.550 [TestNG-test=Test-1] INFO  Dealership.POM - ApplicableTax is selected
18:59:11.606 [TestNG-test=Test-1] INFO  Dealership.POM - Qty field is displayed
18:59:11.751 [TestNG-test=Test-1] INFO  Dealership.POM - Qty is entered
18:59:11.794 [TestNG-test=Test-1] INFO  Dealership.POM - MSRP field is displayed
18:59:11.979 [TestNG-test=Test-1] INFO  Dealership.POM - MSRP is entered
18:59:12.037 [TestNG-test=Test-1] INFO  Dealership.POM - Retail field is displayed
18:59:12.201 [TestNG-test=Test-1] INFO  Dealership.POM - Retail is entered
18:59:12.268 [TestNG-test=Test-1] INFO  Dealership.POM - SalePrice field is displayed
18:59:12.439 [TestNG-test=Test-1] INFO  Dealership.POM - SalePrice is entered
18:59:12.491 [TestNG-test=Test-1] INFO  Dealership.POM - Environmental Fee field is displayed
18:59:12.721 [TestNG-test=Test-1] INFO  Dealership.POM - Environmental Fee is entered
18:59:12.778 [TestNG-test=Test-1] INFO  Dealership.POM - Part Save Button  is displayed
18:59:12.957 [TestNG-test=Test-1] INFO  Dealership.POM - save button is clicked
18:59:38.060 [TestNG-test=Test-1] INFO  Dealership.POM - Taginfo is successfully verified
18:59:54.620 [TestNG-test=Test-1] INFO  Dealership.POM - Tag is successfully removed
18:59:54.622 [TestNG-test=Test-1] INFO  Dealership.POM - Test case Tagmanagement passes successfully
