14:09:49.884 [main] INFO  Dealership.POM - AddPayment Button is visible
14:09:50.020 [main] INFO  Dealership.POM - AddPayment Button is clicked
14:10:00.070 [main] INFO  Dealership.POM - Finalize Button is visible
14:10:00.159 [main] INFO  Dealership.POM - Finalize Button is clicked
14:10:10.199 [main] INFO  Dealership.POM - Invoice Window is visible
14:10:10.424 [main] INFO  Dealership.POM - Invoice Close Button is visible
14:10:10.468 [main] INFO  Dealership.POM - Invoice Close Button is clicked
14:10:20.522 [main] INFO  Dealership.POM - CO Status is visible
14:10:20.547 [main] INFO  Dealership.POM - CO Status is Closed
14:10:20.550 [main] INFO  Dealership.POM - Test case CashSale passes successfully
17:32:44.695 [main] INFO  Dealership.POM - Running Test : PDFread
17:32:53.086 [main] INFO  Dealership.POM - Windows maximized
17:32:55.100 [main] INFO  Dealership.POM - URL entered
17:32:55.259 [main] INFO  Dealership.POM - Username field is visible
17:32:55.520 [main] INFO  Dealership.POM - Password field is visible
17:32:55.808 [main] INFO  Dealership.POM - Login Button is visible
17:33:31.479 [main] INFO  Dealership.POM - Login Button is clicked
17:34:07.901 [main] FATAL Dealership.POM - Test Failed - screenshot captured for Method : PDFread
17:39:42.247 [main] INFO  Dealership.POM - Running Test : PDFread
17:39:48.688 [main] INFO  Dealership.POM - Windows maximized
17:39:52.497 [main] INFO  Dealership.POM - URL entered
17:39:52.626 [main] INFO  Dealership.POM - Username field is visible
17:39:52.985 [main] INFO  Dealership.POM - Password field is visible
17:39:53.479 [main] INFO  Dealership.POM - Login Button is visible
17:40:01.628 [main] INFO  Dealership.POM - Login Button is clicked
17:40:30.371 [main] FATAL Dealership.POM - Test Failed - screenshot captured for Method : PDFread
17:41:44.602 [main] INFO  Dealership.POM - Running Test : PDFread
17:41:50.653 [main] INFO  Dealership.POM - Windows maximized
17:41:53.096 [main] INFO  Dealership.POM - URL entered
17:41:53.210 [main] INFO  Dealership.POM - Username field is visible
17:41:53.456 [main] INFO  Dealership.POM - Password field is visible
17:41:53.713 [main] INFO  Dealership.POM - Login Button is visible
17:42:10.539 [main] INFO  Dealership.POM - Login Button is clicked
17:42:43.162 [main] FATAL Dealership.POM - Test Failed - screenshot captured for Method : PDFread
17:49:22.872 [main] INFO  Dealership.POM - Running Test : PDFread
17:49:34.334 [main] INFO  Dealership.POM - Windows maximized
17:49:37.011 [main] INFO  Dealership.POM - URL entered
17:49:37.266 [main] INFO  Dealership.POM - Username field is visible
17:49:37.949 [main] INFO  Dealership.POM - Password field is visible
17:49:38.169 [main] INFO  Dealership.POM - Login Button is visible
17:49:55.548 [main] INFO  Dealership.POM - Login Button is clicked
17:50:20.902 [main] FATAL Dealership.POM - Test Failed - screenshot captured for Method : PDFread
18:59:12.992 [main] INFO  Dealership.POM - Running Test : PDFread
18:59:23.393 [main] INFO  Dealership.POM - Windows maximized
18:59:25.275 [main] INFO  Dealership.POM - URL entered
18:59:25.430 [main] INFO  Dealership.POM - Username field is visible
18:59:25.682 [main] INFO  Dealership.POM - Password field is visible
18:59:25.954 [main] INFO  Dealership.POM - Login Button is visible
18:59:41.571 [main] INFO  Dealership.POM - Login Button is clicked
19:00:22.303 [main] FATAL Dealership.POM - Test Failed - screenshot captured for Method : PDFread
19:08:12.133 [main] INFO  Dealership.POM - Running Test : PDFread
19:08:18.263 [main] INFO  Dealership.POM - Windows maximized
19:08:20.448 [main] INFO  Dealership.POM - URL entered
19:08:20.577 [main] INFO  Dealership.POM - Username field is visible
19:08:20.914 [main] INFO  Dealership.POM - Password field is visible
19:08:21.046 [main] INFO  Dealership.POM - Login Button is visible
19:08:35.272 [main] INFO  Dealership.POM - Login Button is clicked
19:09:08.959 [main] INFO  Dealership.POM - Test case PDFread passes successfully
19:19:33.360 [main] INFO  Dealership.POM - Running Test : CashSale
19:19:39.736 [main] INFO  Dealership.POM - Windows maximized
19:19:42.025 [main] INFO  Dealership.POM - URL entered
19:19:42.191 [main] INFO  Dealership.POM - Username field is visible
19:19:42.390 [main] INFO  Dealership.POM - Password field is visible
19:19:42.588 [main] INFO  Dealership.POM - Login Button is visible
19:20:14.933 [main] INFO  Dealership.POM - Login Button is clicked
19:20:40.079 [main] INFO  Dealership.POM - Sell link is visible
19:20:41.086 [main] INFO  Dealership.POM - Sell link is clickable
19:20:41.230 [main] INFO  Dealership.POM - Sell Part tile is displayed
19:20:41.349 [main] INFO  Dealership.POM - Sell Part tile is clicked
19:20:43.674 [main] INFO  Dealership.POM - Searchbox is visible
19:20:43.718 [main] INFO  Dealership.POM - Searchbox is visible
19:20:54.114 [main] INFO  Dealership.POM - Merchentity is visible
19:21:04.289 [main] INFO  Dealership.POM - Searchbox is visible
19:21:14.549 [main] INFO  Dealership.POM - Feeentity is visible
19:21:24.801 [main] INFO  Dealership.POM - Searchbox is visible
19:21:35.215 [main] INFO  Dealership.POM - Kitentity is visible
19:21:45.419 [main] INFO  Dealership.POM - Checkout_Button is visible
19:22:16.096 [main] INFO  Dealership.POM - Payment option is visible
19:22:16.200 [main] INFO  Dealership.POM - Payment option is selected
19:22:16.253 [main] INFO  Dealership.POM - AddPayment Button is visible
19:22:16.398 [main] INFO  Dealership.POM - AddPayment Button is clicked
19:22:26.452 [main] INFO  Dealership.POM - Finalize Button is visible
19:22:26.562 [main] INFO  Dealership.POM - Finalize Button is clicked
19:22:36.630 [main] INFO  Dealership.POM - Invoice Window is visible
19:22:36.931 [main] FATAL Dealership.POM - Test Failed - screenshot captured for Method : CashSale
20:02:58.377 [main] INFO  Dealership.POM - Running Test : CashSale
20:03:21.874 [main] INFO  Dealership.POM - Windows maximized
20:03:24.916 [main] INFO  Dealership.POM - URL entered
20:03:25.065 [main] INFO  Dealership.POM - Username field is visible
20:03:25.363 [main] INFO  Dealership.POM - Password field is visible
20:03:25.609 [main] INFO  Dealership.POM - Login Button is visible
20:03:34.370 [main] INFO  Dealership.POM - Login Button is clicked
20:04:01.114 [main] INFO  Dealership.POM - Sell link is visible
20:04:03.254 [main] INFO  Dealership.POM - Sell link is clickable
20:04:03.986 [main] INFO  Dealership.POM - Sell Part tile is displayed
20:04:04.196 [main] INFO  Dealership.POM - Sell Part tile is clicked
20:04:04.470 [main] INFO  Dealership.POM - Searchbox is visible
20:04:04.566 [main] INFO  Dealership.POM - Searchbox is visible
20:04:15.130 [main] INFO  Dealership.POM - Merchentity is visible
20:04:25.335 [main] INFO  Dealership.POM - Searchbox is visible
20:04:35.605 [main] INFO  Dealership.POM - Feeentity is visible
20:04:45.925 [main] INFO  Dealership.POM - Searchbox is visible
20:04:56.498 [main] INFO  Dealership.POM - Kitentity is visible
20:05:06.777 [main] INFO  Dealership.POM - Checkout_Button is visible
20:05:37.848 [main] INFO  Dealership.POM - Payment option is visible
20:05:38.005 [main] INFO  Dealership.POM - Payment option is selected
20:05:38.098 [main] INFO  Dealership.POM - AddPayment Button is visible
20:05:38.460 [main] INFO  Dealership.POM - AddPayment Button is clicked
20:05:48.522 [main] INFO  Dealership.POM - Finalize Button is visible
20:05:48.766 [main] INFO  Dealership.POM - Finalize Button is clicked
20:05:58.875 [main] INFO  Dealership.POM - Invoice Window is visible
20:05:58.943 [main] INFO  Dealership.POM - Branding option is displayed
20:05:59.053 [main] INFO  Dealership.POM - Branding option is clicked
20:05:59.169 [main] INFO  Dealership.POM - Branding Dropdown is visible
20:05:59.274 [main] INFO  Dealership.POM - Branding is selected
20:05:59.338 [main] INFO  Dealership.POM - Branding Confirm Button is visible
20:05:59.445 [main] INFO  Dealership.POM - Branding Confirm Button is clicked
20:05:59.643 [main] INFO  Dealership.POM - Print Selected Button is visible
20:05:59.858 [main] INFO  Dealership.POM - Print Selected Button is clicked
20:06:07.508 [main] FATAL Dealership.POM - Test Failed - screenshot captured for Method : CashSale
20:21:15.935 [main] INFO  Dealership.POM - Running Test : CashSale
20:21:25.569 [main] INFO  Dealership.POM - Windows maximized
20:21:28.578 [main] INFO  Dealership.POM - URL entered
20:21:28.698 [main] INFO  Dealership.POM - Username field is visible
20:21:28.957 [main] INFO  Dealership.POM - Password field is visible
20:21:29.323 [main] INFO  Dealership.POM - Login Button is visible
20:21:47.886 [main] INFO  Dealership.POM - Login Button is clicked
20:22:13.033 [main] INFO  Dealership.POM - Sell link is visible
20:22:14.375 [main] INFO  Dealership.POM - Sell link is clickable
20:22:14.765 [main] INFO  Dealership.POM - Sell Part tile is displayed
20:22:14.987 [main] INFO  Dealership.POM - Sell Part tile is clicked
20:22:15.717 [main] INFO  Dealership.POM - Searchbox is visible
20:22:15.754 [main] INFO  Dealership.POM - Searchbox is visible
20:22:26.183 [main] INFO  Dealership.POM - Merchentity is visible
20:22:36.404 [main] INFO  Dealership.POM - Searchbox is visible
20:22:46.719 [main] INFO  Dealership.POM - Feeentity is visible
20:22:56.970 [main] INFO  Dealership.POM - Searchbox is visible
20:23:07.430 [main] INFO  Dealership.POM - Kitentity is visible
20:23:17.751 [main] INFO  Dealership.POM - Checkout_Button is visible
20:23:48.711 [main] INFO  Dealership.POM - Payment option is visible
20:23:48.855 [main] INFO  Dealership.POM - Payment option is selected
20:23:48.941 [main] INFO  Dealership.POM - AddPayment Button is visible
20:23:49.112 [main] INFO  Dealership.POM - AddPayment Button is clicked
20:23:59.192 [main] INFO  Dealership.POM - Finalize Button is visible
20:23:59.427 [main] INFO  Dealership.POM - Finalize Button is clicked
20:24:09.521 [main] INFO  Dealership.POM - Invoice Window is visible
20:24:09.574 [main] INFO  Dealership.POM - Branding option is displayed
20:24:09.677 [main] INFO  Dealership.POM - Branding option is clicked
20:24:09.783 [main] INFO  Dealership.POM - Branding Dropdown is visible
20:24:09.891 [main] INFO  Dealership.POM - Branding is selected
20:24:09.961 [main] INFO  Dealership.POM - Branding Confirm Button is visible
20:24:10.085 [main] INFO  Dealership.POM - Branding Confirm Button is clicked
20:24:10.244 [main] INFO  Dealership.POM - Print Selected Button is visible
20:24:10.427 [main] INFO  Dealership.POM - Print Selected Button is clicked
20:24:17.099 [main] FATAL Dealership.POM - Test Failed - screenshot captured for Method : CashSale
20:48:42.615 [main] INFO  Dealership.POM - Running Test : CashSale
20:48:50.016 [main] INFO  Dealership.POM - Windows maximized
20:48:53.369 [main] INFO  Dealership.POM - URL entered
20:48:53.509 [main] INFO  Dealership.POM - Username field is visible
20:48:53.864 [main] INFO  Dealership.POM - Password field is visible
20:48:54.015 [main] INFO  Dealership.POM - Login Button is visible
20:49:09.398 [main] INFO  Dealership.POM - Login Button is clicked
20:49:34.630 [main] INFO  Dealership.POM - Sell link is visible
20:49:36.667 [main] INFO  Dealership.POM - Sell link is clickable
20:49:37.063 [main] INFO  Dealership.POM - Sell Part tile is displayed
20:49:37.254 [main] INFO  Dealership.POM - Sell Part tile is clicked
20:49:39.135 [main] INFO  Dealership.POM - Searchbox is visible
20:49:39.182 [main] INFO  Dealership.POM - Searchbox is visible
20:49:49.728 [main] INFO  Dealership.POM - Merchentity is visible
20:49:59.954 [main] INFO  Dealership.POM - Searchbox is visible
20:50:10.228 [main] INFO  Dealership.POM - Feeentity is visible
20:50:20.562 [main] INFO  Dealership.POM - Searchbox is visible
20:50:31.074 [main] INFO  Dealership.POM - Kitentity is visible
20:50:41.335 [main] INFO  Dealership.POM - Checkout_Button is visible
20:51:12.392 [main] INFO  Dealership.POM - Payment option is visible
20:51:12.554 [main] INFO  Dealership.POM - Payment option is selected
20:51:12.632 [main] INFO  Dealership.POM - AddPayment Button is visible
20:51:12.815 [main] INFO  Dealership.POM - AddPayment Button is clicked
20:51:23.007 [main] INFO  Dealership.POM - Finalize Button is visible
20:51:23.141 [main] INFO  Dealership.POM - Finalize Button is clicked
20:51:33.205 [main] INFO  Dealership.POM - Invoice Window is visible
20:51:33.257 [main] INFO  Dealership.POM - Branding option is displayed
20:51:33.380 [main] INFO  Dealership.POM - Branding option is clicked
20:51:33.477 [main] INFO  Dealership.POM - Branding Dropdown is visible
20:51:33.580 [main] INFO  Dealership.POM - Branding is selected
20:51:33.645 [main] INFO  Dealership.POM - Branding Confirm Button is visible
20:51:33.758 [main] INFO  Dealership.POM - Branding Confirm Button is clicked
20:51:33.895 [main] INFO  Dealership.POM - Print Selected Button is visible
20:51:34.169 [main] INFO  Dealership.POM - Print Selected Button is clicked
20:51:41.090 [main] FATAL Dealership.POM - Test Failed - screenshot captured for Method : CashSale
20:58:41.612 [main] INFO  Dealership.POM - Running Test : CashSale
20:58:48.077 [main] INFO  Dealership.POM - Windows maximized
20:58:49.842 [main] INFO  Dealership.POM - URL entered
20:58:49.999 [main] INFO  Dealership.POM - Username field is visible
20:58:50.209 [main] INFO  Dealership.POM - Password field is visible
20:58:50.487 [main] INFO  Dealership.POM - Login Button is visible
20:59:22.038 [main] INFO  Dealership.POM - Login Button is clicked
20:59:47.151 [main] INFO  Dealership.POM - Sell link is visible
20:59:48.347 [main] INFO  Dealership.POM - Sell link is clickable
20:59:48.613 [main] INFO  Dealership.POM - Sell Part tile is displayed
20:59:48.731 [main] INFO  Dealership.POM - Sell Part tile is clicked
20:59:51.036 [main] INFO  Dealership.POM - Searchbox is visible
20:59:51.074 [main] INFO  Dealership.POM - Searchbox is visible
21:00:01.495 [main] INFO  Dealership.POM - Merchentity is visible
21:00:11.667 [main] INFO  Dealership.POM - Searchbox is visible
21:00:21.874 [main] INFO  Dealership.POM - Feeentity is visible
21:00:32.102 [main] INFO  Dealership.POM - Searchbox is visible
21:00:42.484 [main] INFO  Dealership.POM - Kitentity is visible
21:00:52.661 [main] INFO  Dealership.POM - Checkout_Button is visible
21:01:23.424 [main] INFO  Dealership.POM - Payment option is visible
21:01:23.508 [main] INFO  Dealership.POM - Payment option is selected
21:01:23.559 [main] INFO  Dealership.POM - AddPayment Button is visible
21:01:23.709 [main] INFO  Dealership.POM - AddPayment Button is clicked
21:01:33.769 [main] INFO  Dealership.POM - Finalize Button is visible
21:01:33.873 [main] INFO  Dealership.POM - Finalize Button is clicked
21:01:43.945 [main] INFO  Dealership.POM - Invoice Window is visible
21:01:43.990 [main] INFO  Dealership.POM - Branding option is displayed
21:01:44.069 [main] INFO  Dealership.POM - Branding option is clicked
21:01:44.143 [main] INFO  Dealership.POM - Branding Dropdown is visible
21:01:44.211 [main] INFO  Dealership.POM - Branding is selected
21:01:44.260 [main] INFO  Dealership.POM - Branding Confirm Button is visible
21:01:44.350 [main] INFO  Dealership.POM - Branding Confirm Button is clicked
21:01:44.452 [main] INFO  Dealership.POM - Print Selected Button is visible
21:01:44.636 [main] INFO  Dealership.POM - Print Selected Button is clicked
21:01:51.692 [main] FATAL Dealership.POM - Test Failed - screenshot captured for Method : CashSale
21:26:28.746 [main] INFO  Dealership.POM - Running Test : PDFread1
21:26:36.798 [main] INFO  Dealership.POM - Windows maximized
21:26:43.786 [main] INFO  Dealership.POM - URL entered
21:26:43.925 [main] INFO  Dealership.POM - Username field is visible
21:26:44.158 [main] INFO  Dealership.POM - Password field is visible
21:26:44.504 [main] INFO  Dealership.POM - Login Button is visible
21:26:58.329 [main] INFO  Dealership.POM - Login Button is clicked
21:27:35.326 [main] INFO  Dealership.POM - Test case PDFread1 passes successfully
21:28:28.236 [main] INFO  Dealership.POM - Running Test : CashSale
21:28:34.241 [main] INFO  Dealership.POM - Windows maximized
21:28:36.627 [main] INFO  Dealership.POM - URL entered
21:28:36.802 [main] INFO  Dealership.POM - Username field is visible
21:28:37.254 [main] INFO  Dealership.POM - Password field is visible
21:28:37.573 [main] INFO  Dealership.POM - Login Button is visible
21:28:53.855 [main] INFO  Dealership.POM - Login Button is clicked
21:29:19.040 [main] INFO  Dealership.POM - Sell link is visible
21:29:20.138 [main] INFO  Dealership.POM - Sell link is clickable
21:29:20.319 [main] INFO  Dealership.POM - Sell Part tile is displayed
21:29:20.477 [main] INFO  Dealership.POM - Sell Part tile is clicked
21:29:22.765 [main] INFO  Dealership.POM - Searchbox is visible
21:29:22.807 [main] INFO  Dealership.POM - Searchbox is visible
21:29:33.184 [main] INFO  Dealership.POM - Merchentity is visible
21:29:43.350 [main] INFO  Dealership.POM - Searchbox is visible
21:29:53.557 [main] INFO  Dealership.POM - Feeentity is visible
21:30:03.807 [main] INFO  Dealership.POM - Searchbox is visible
21:30:14.163 [main] INFO  Dealership.POM - Kitentity is visible
21:30:24.356 [main] INFO  Dealership.POM - Checkout_Button is visible
21:30:55.060 [main] INFO  Dealership.POM - Payment option is visible
21:30:55.148 [main] INFO  Dealership.POM - Payment option is selected
21:30:55.195 [main] INFO  Dealership.POM - AddPayment Button is visible
21:30:55.321 [main] INFO  Dealership.POM - AddPayment Button is clicked
21:31:05.389 [main] INFO  Dealership.POM - Finalize Button is visible
21:31:05.491 [main] INFO  Dealership.POM - Finalize Button is clicked
21:31:15.558 [main] INFO  Dealership.POM - Invoice Window is visible
21:31:15.604 [main] INFO  Dealership.POM - Branding option is displayed
21:31:15.672 [main] INFO  Dealership.POM - Branding option is clicked
21:31:15.757 [main] INFO  Dealership.POM - Branding Dropdown is visible
21:31:15.821 [main] INFO  Dealership.POM - Branding is selected
21:31:15.867 [main] INFO  Dealership.POM - Branding Confirm Button is visible
21:31:15.967 [main] INFO  Dealership.POM - Branding Confirm Button is clicked
21:31:16.050 [main] INFO  Dealership.POM - Print Selected Button is visible
21:31:16.199 [main] INFO  Dealership.POM - Print Selected Button is clicked
21:31:23.252 [main] FATAL Dealership.POM - Test Failed - screenshot captured for Method : CashSale
21:33:05.350 [main] INFO  Dealership.POM - Running Test : CashSale
21:33:11.779 [main] INFO  Dealership.POM - Windows maximized
21:33:13.555 [main] INFO  Dealership.POM - URL entered
21:33:13.722 [main] INFO  Dealership.POM - Username field is visible
21:33:13.954 [main] INFO  Dealership.POM - Password field is visible
21:33:14.105 [main] INFO  Dealership.POM - Login Button is visible
21:33:29.899 [main] INFO  Dealership.POM - Login Button is clicked
21:33:55.036 [main] INFO  Dealership.POM - Sell link is visible
21:33:56.080 [main] INFO  Dealership.POM - Sell link is clickable
21:33:56.327 [main] INFO  Dealership.POM - Sell Part tile is displayed
21:33:56.427 [main] INFO  Dealership.POM - Sell Part tile is clicked
21:33:59.217 [main] INFO  Dealership.POM - Searchbox is visible
21:33:59.259 [main] INFO  Dealership.POM - Searchbox is visible
21:34:09.672 [main] INFO  Dealership.POM - Merchentity is visible
21:34:19.861 [main] INFO  Dealership.POM - Searchbox is visible
21:34:30.061 [main] INFO  Dealership.POM - Feeentity is visible
21:34:40.259 [main] INFO  Dealership.POM - Searchbox is visible
21:34:50.573 [main] INFO  Dealership.POM - Kitentity is visible
21:35:00.774 [main] INFO  Dealership.POM - Checkout_Button is visible
21:35:31.482 [main] INFO  Dealership.POM - Payment option is visible
21:35:31.571 [main] INFO  Dealership.POM - Payment option is selected
21:35:31.627 [main] INFO  Dealership.POM - AddPayment Button is visible
21:35:31.769 [main] INFO  Dealership.POM - AddPayment Button is clicked
21:35:41.863 [main] INFO  Dealership.POM - Finalize Button is visible
21:35:42.014 [main] INFO  Dealership.POM - Finalize Button is clicked
21:35:52.072 [main] INFO  Dealership.POM - Invoice Window is visible
21:35:52.117 [main] INFO  Dealership.POM - Branding option is displayed
21:35:52.196 [main] INFO  Dealership.POM - Branding option is clicked
21:35:52.284 [main] INFO  Dealership.POM - Branding Dropdown is visible
21:35:52.355 [main] INFO  Dealership.POM - Branding is selected
21:35:52.402 [main] INFO  Dealership.POM - Branding Confirm Button is visible
21:35:52.505 [main] INFO  Dealership.POM - Branding Confirm Button is clicked
21:35:52.615 [main] INFO  Dealership.POM - Print Selected Button is visible
21:35:52.750 [main] INFO  Dealership.POM - Print Selected Button is clicked
21:36:07.240 [main] FATAL Dealership.POM - Test Failed - screenshot captured for Method : CashSale
21:44:48.995 [main] INFO  Dealership.POM - Running Test : CashSale
21:44:56.322 [main] INFO  Dealership.POM - Windows maximized
21:44:58.451 [main] INFO  Dealership.POM - URL entered
21:44:58.627 [main] INFO  Dealership.POM - Username field is visible
21:44:59.064 [main] INFO  Dealership.POM - Password field is visible
21:44:59.706 [main] INFO  Dealership.POM - Login Button is visible
21:45:13.808 [main] INFO  Dealership.POM - Login Button is clicked
21:45:38.948 [main] INFO  Dealership.POM - Sell link is visible
21:45:39.993 [main] INFO  Dealership.POM - Sell link is clickable
21:45:40.226 [main] INFO  Dealership.POM - Sell Part tile is displayed
21:45:40.385 [main] INFO  Dealership.POM - Sell Part tile is clicked
21:45:42.251 [main] INFO  Dealership.POM - Searchbox is visible
21:45:42.295 [main] INFO  Dealership.POM - Searchbox is visible
21:45:52.675 [main] INFO  Dealership.POM - Merchentity is visible
21:46:02.853 [main] INFO  Dealership.POM - Searchbox is visible
21:46:13.082 [main] INFO  Dealership.POM - Feeentity is visible
21:46:23.264 [main] INFO  Dealership.POM - Searchbox is visible
21:46:33.694 [main] INFO  Dealership.POM - Kitentity is visible
21:46:43.922 [main] INFO  Dealership.POM - Checkout_Button is visible
21:47:14.647 [main] INFO  Dealership.POM - Payment option is visible
21:47:14.737 [main] INFO  Dealership.POM - Payment option is selected
21:47:14.790 [main] INFO  Dealership.POM - AddPayment Button is visible
21:47:14.948 [main] INFO  Dealership.POM - AddPayment Button is clicked
21:47:25.083 [main] INFO  Dealership.POM - Finalize Button is visible
21:47:25.202 [main] INFO  Dealership.POM - Finalize Button is clicked
21:47:35.272 [main] INFO  Dealership.POM - Invoice Window is visible
21:47:35.320 [main] INFO  Dealership.POM - Branding option is displayed
21:47:35.402 [main] INFO  Dealership.POM - Branding option is clicked
21:47:35.482 [main] INFO  Dealership.POM - Branding Dropdown is visible
21:47:35.553 [main] INFO  Dealership.POM - Branding is selected
21:47:35.602 [main] INFO  Dealership.POM - Branding Confirm Button is visible
21:47:35.683 [main] INFO  Dealership.POM - Branding Confirm Button is clicked
21:47:35.816 [main] INFO  Dealership.POM - Print Selected Button is visible
21:47:35.970 [main] INFO  Dealership.POM - Print Selected Button is clicked
21:47:37.531 [main] FATAL Dealership.POM - Test Failed - screenshot captured for Method : CashSale
21:50:27.559 [main] INFO  Dealership.POM - Running Test : CashSale
21:50:34.025 [main] INFO  Dealership.POM - Windows maximized
21:50:36.318 [main] INFO  Dealership.POM - URL entered
21:50:36.486 [main] INFO  Dealership.POM - Username field is visible
21:50:36.689 [main] INFO  Dealership.POM - Password field is visible
21:50:36.870 [main] INFO  Dealership.POM - Login Button is visible
21:50:52.525 [main] INFO  Dealership.POM - Login Button is clicked
21:51:17.665 [main] INFO  Dealership.POM - Sell link is visible
21:51:18.682 [main] INFO  Dealership.POM - Sell link is clickable
21:51:19.129 [main] INFO  Dealership.POM - Sell Part tile is displayed
21:51:19.282 [main] INFO  Dealership.POM - Sell Part tile is clicked
21:51:19.440 [main] INFO  Dealership.POM - Searchbox is visible
21:51:19.493 [main] INFO  Dealership.POM - Searchbox is visible
21:51:29.864 [main] INFO  Dealership.POM - Merchentity is visible
21:51:40.035 [main] INFO  Dealership.POM - Checkout_Button is visible
21:52:10.763 [main] INFO  Dealership.POM - Payment option is visible
21:52:10.871 [main] INFO  Dealership.POM - Payment option is selected
21:52:10.958 [main] INFO  Dealership.POM - AddPayment Button is visible
21:52:11.107 [main] INFO  Dealership.POM - AddPayment Button is clicked
21:52:21.242 [main] INFO  Dealership.POM - Finalize Button is visible
21:52:21.347 [main] INFO  Dealership.POM - Finalize Button is clicked
21:52:31.425 [main] INFO  Dealership.POM - Invoice Window is visible
21:52:31.471 [main] INFO  Dealership.POM - Branding option is displayed
21:52:31.542 [main] INFO  Dealership.POM - Branding option is clicked
21:52:31.622 [main] INFO  Dealership.POM - Branding Dropdown is visible
21:52:31.685 [main] INFO  Dealership.POM - Branding is selected
21:52:31.736 [main] INFO  Dealership.POM - Branding Confirm Button is visible
21:52:31.826 [main] INFO  Dealership.POM - Branding Confirm Button is clicked
21:52:31.935 [main] INFO  Dealership.POM - Print Selected Button is visible
21:52:32.101 [main] INFO  Dealership.POM - Print Selected Button is clicked
21:52:33.872 [main] FATAL Dealership.POM - Test Failed - screenshot captured for Method : CashSale
10:23:09.796 [main] INFO  Dealership.POM - Running Test : PDFread1
10:23:19.784 [main] INFO  Dealership.POM - Windows maximized
10:23:21.722 [main] INFO  Dealership.POM - URL entered
10:23:21.871 [main] INFO  Dealership.POM - Username field is visible
10:23:22.214 [main] INFO  Dealership.POM - Password field is visible
10:23:22.807 [main] INFO  Dealership.POM - Login Button is visible
10:23:57.185 [main] INFO  Dealership.POM - Login Button is clicked
10:24:32.088 [main] INFO  Dealership.POM - Test case PDFread1 passes successfully
16:13:26.817 [main] INFO  Dealership.POM - Running Test : PDFread1
16:13:39.199 [main] INFO  Dealership.POM - Windows maximized
16:13:41.428 [main] INFO  Dealership.POM - URL entered
16:13:41.703 [main] INFO  Dealership.POM - Username field is visible
16:13:42.465 [main] INFO  Dealership.POM - Password field is visible
16:13:43.754 [main] INFO  Dealership.POM - Login Button is visible
16:14:00.360 [main] INFO  Dealership.POM - Login Button is clicked
16:14:37.257 [main] INFO  Dealership.POM - Test case PDFread1 passes successfully
16:16:38.276 [main] INFO  Dealership.POM - Running Test : CashSale
16:16:45.925 [main] INFO  Dealership.POM - Windows maximized
16:16:48.601 [main] INFO  Dealership.POM - URL entered
16:16:48.759 [main] INFO  Dealership.POM - Username field is visible
16:16:50.130 [main] INFO  Dealership.POM - Password field is visible
16:16:52.705 [main] INFO  Dealership.POM - Login Button is visible
16:17:06.180 [main] INFO  Dealership.POM - Login Button is clicked
16:17:31.484 [main] FATAL Dealership.POM - Test Failed - screenshot captured for Method : CashSale
16:17:56.003 [main] INFO  Dealership.POM - Running Test : CashSale
16:18:03.251 [main] INFO  Dealership.POM - Windows maximized
16:18:05.166 [main] INFO  Dealership.POM - URL entered
16:18:05.325 [main] INFO  Dealership.POM - Username field is visible
16:18:06.487 [main] INFO  Dealership.POM - Password field is visible
16:18:07.338 [main] INFO  Dealership.POM - Login Button is visible
16:18:23.188 [main] INFO  Dealership.POM - Login Button is clicked
16:18:48.314 [main] INFO  Dealership.POM - Sell link is visible
16:18:49.895 [main] INFO  Dealership.POM - Sell link is clickable
16:18:50.238 [main] INFO  Dealership.POM - Sell Part tile is displayed
16:18:50.383 [main] INFO  Dealership.POM - Sell Part tile is clicked
16:18:53.647 [main] INFO  Dealership.POM - Searchbox is visible
16:18:53.678 [main] INFO  Dealership.POM - Searchbox is visible
16:19:04.044 [main] INFO  Dealership.POM - Merchentity is visible
16:19:14.197 [main] INFO  Dealership.POM - Searchbox is visible
16:19:24.405 [main] INFO  Dealership.POM - Feeentity is visible
16:19:34.574 [main] INFO  Dealership.POM - Searchbox is visible
16:19:44.850 [main] INFO  Dealership.POM - Kitentity is visible
16:19:55.012 [main] INFO  Dealership.POM - Checkout_Button is visible
16:20:25.653 [main] INFO  Dealership.POM - Payment option is visible
16:20:25.747 [main] INFO  Dealership.POM - Payment option is selected
16:20:25.803 [main] INFO  Dealership.POM - AddPayment Button is visible
16:20:25.942 [main] INFO  Dealership.POM - AddPayment Button is clicked
16:20:35.984 [main] INFO  Dealership.POM - Finalize Button is visible
16:20:36.098 [main] INFO  Dealership.POM - Finalize Button is clicked
16:20:46.148 [main] INFO  Dealership.POM - Invoice Window is visible
16:20:46.182 [main] INFO  Dealership.POM - Branding option is displayed
16:20:46.263 [main] INFO  Dealership.POM - Branding option is clicked
16:20:46.339 [main] INFO  Dealership.POM - Branding Dropdown is visible
16:20:46.408 [main] INFO  Dealership.POM - Branding is selected
16:20:46.456 [main] INFO  Dealership.POM - Branding Confirm Button is visible
16:20:46.571 [main] INFO  Dealership.POM - Branding Confirm Button is clicked
16:20:46.670 [main] INFO  Dealership.POM - Print Selected Button is visible
16:20:46.932 [main] INFO  Dealership.POM - Print Selected Button is clicked
16:20:54.957 [main] FATAL Dealership.POM - Test Failed - screenshot captured for Method : CashSale
16:40:17.490 [main] INFO  Dealership.POM - Running Test : CashSale
16:40:26.454 [main] INFO  Dealership.POM - Windows maximized
16:40:29.134 [main] INFO  Dealership.POM - URL entered
16:40:29.223 [main] INFO  Dealership.POM - Username field is visible
16:40:29.407 [main] INFO  Dealership.POM - Password field is visible
16:40:29.582 [main] INFO  Dealership.POM - Login Button is visible
16:41:07.532 [main] INFO  Dealership.POM - Login Button is clicked
16:41:32.629 [main] INFO  Dealership.POM - Sell link is visible
16:41:33.671 [main] INFO  Dealership.POM - Sell link is clickable
16:41:33.951 [main] INFO  Dealership.POM - Sell Part tile is displayed
16:41:34.101 [main] INFO  Dealership.POM - Sell Part tile is clicked
16:41:36.935 [main] INFO  Dealership.POM - Searchbox is visible
16:41:36.967 [main] INFO  Dealership.POM - Searchbox is visible
16:41:47.460 [main] INFO  Dealership.POM - Merchentity is visible
16:41:57.600 [main] INFO  Dealership.POM - Searchbox is visible
16:42:07.761 [main] INFO  Dealership.POM - Feeentity is visible
16:42:17.907 [main] INFO  Dealership.POM - Searchbox is visible
16:42:28.256 [main] INFO  Dealership.POM - Kitentity is visible
16:42:38.431 [main] INFO  Dealership.POM - Checkout_Button is visible
16:43:09.069 [main] INFO  Dealership.POM - Payment option is visible
16:43:09.195 [main] INFO  Dealership.POM - Payment option is selected
16:43:09.269 [main] INFO  Dealership.POM - AddPayment Button is visible
16:43:09.405 [main] INFO  Dealership.POM - AddPayment Button is clicked
16:43:19.452 [main] INFO  Dealership.POM - Finalize Button is visible
16:43:19.549 [main] INFO  Dealership.POM - Finalize Button is clicked
16:43:29.590 [main] INFO  Dealership.POM - Invoice Window is visible
16:43:29.746 [main] INFO  Dealership.POM - Invoice Close Button is visible
16:43:29.783 [main] INFO  Dealership.POM - Invoice Close Button is clicked
16:43:39.886 [main] INFO  Dealership.POM - CO Status is visible
16:43:39.915 [main] INFO  Dealership.POM - CO Status is Closed
16:43:39.918 [main] INFO  Dealership.POM - Test case CashSale passes successfully
21:36:15.766 [TestNG-test=Test-1] INFO  Dealership.POM - Running Test : AddCustomer
21:36:26.140 [TestNG-test=Test-1] INFO  Dealership.POM - Windows maximized
21:36:28.365 [TestNG-test=Test-1] INFO  Dealership.POM - URL entered
21:36:28.514 [TestNG-test=Test-1] INFO  Dealership.POM - Username field is visible
21:36:29.102 [TestNG-test=Test-1] INFO  Dealership.POM - Password field is visible
21:36:29.393 [TestNG-test=Test-1] INFO  Dealership.POM - Login Button is visible
21:37:04.754 [TestNG-test=Test-1] INFO  Dealership.POM - Login Button is clicked
21:37:29.885 [TestNG-test=Test-1] INFO  Dealership.POM - Addnew button is displayed
21:37:29.991 [TestNG-test=Test-1] INFO  Dealership.POM - Addnew button is clicked
21:37:30.076 [TestNG-test=Test-1] INFO  Dealership.POM - Customer button is displayed
21:37:30.217 [TestNG-test=Test-1] INFO  Dealership.POM - Customer button is clicked
21:37:40.313 [TestNG-test=Test-1] INFO  Dealership.POM - Customer creation window is opened
21:37:40.373 [TestNG-test=Test-1] INFO  Dealership.POM - Firstname field is visible
21:37:40.626 [TestNG-test=Test-1] INFO  Dealership.POM - Firstname  is filled
21:37:40.680 [TestNG-test=Test-1] INFO  Dealership.POM - Lastname field is visible
21:37:40.826 [TestNG-test=Test-1] INFO  Dealership.POM - Lastname  is filled
21:37:40.866 [TestNG-test=Test-1] INFO  Dealership.POM - Account type field is visible
21:37:40.982 [TestNG-test=Test-1] INFO  Dealership.POM - Account type  is clicked
21:37:44.140 [TestNG-test=Test-1] INFO  Dealership.POM - Account type  is selected
21:37:44.238 [TestNG-test=Test-1] INFO  Dealership.POM - Email field is visible
21:37:44.449 [TestNG-test=Test-1] INFO  Dealership.POM - Email  is filled
21:37:44.501 [TestNG-test=Test-1] INFO  Dealership.POM - Mobilenumber field is visible
21:37:44.649 [TestNG-test=Test-1] INFO  Dealership.POM - Mobilenumber  is filled
21:37:44.747 [TestNG-test=Test-1] INFO  Dealership.POM - Address field is visible
21:37:45.082 [TestNG-test=Test-1] INFO  Dealership.POM - Address  is filled
21:37:45.132 [TestNG-test=Test-1] INFO  Dealership.POM - Country field is visible
21:37:45.249 [TestNG-test=Test-1] INFO  Dealership.POM - Country is clicked
21:37:45.386 [TestNG-test=Test-1] INFO  Dealership.POM - Country Name is selected
21:37:45.600 [TestNG-test=Test-1] INFO  Dealership.POM - City Name is selected
21:37:45.795 [TestNG-test=Test-1] INFO  Dealership.POM - Postcode is selected
21:37:45.937 [TestNG-test=Test-1] INFO  Dealership.POM - Create button is clicked
21:37:56.403 [TestNG-test=Test-1] INFO  Dealership.POM - email is entered in seachbox
21:38:06.540 [TestNG-test=Test-1] INFO  Dealership.POM - the text is sparsh-05_01_202209_36_15@test.com
21:38:06.551 [TestNG-test=Test-1] INFO  Dealership.POM - User is successfully created
21:38:06.556 [TestNG-test=Test-1] INFO  Dealership.POM - Test case AddCustomer passes successfully
21:38:12.606 [TestNG-test=Test-1] INFO  Dealership.POM - Running Test : AddVendor
21:38:16.068 [TestNG-test=Test-1] INFO  Dealership.POM - Windows maximized
21:38:17.917 [TestNG-test=Test-1] INFO  Dealership.POM - URL entered
21:38:17.999 [TestNG-test=Test-1] INFO  Dealership.POM - Username field is visible
21:38:18.272 [TestNG-test=Test-1] INFO  Dealership.POM - Password field is visible
21:38:19.077 [TestNG-test=Test-1] INFO  Dealership.POM - Login Button is visible
21:38:57.116 [TestNG-test=Test-1] INFO  Dealership.POM - Login Button is clicked
21:39:22.198 [TestNG-test=Test-1] INFO  Dealership.POM - Addnew button is displayed
21:39:22.283 [TestNG-test=Test-1] INFO  Dealership.POM - Addnew button is clicked
21:39:22.346 [TestNG-test=Test-1] INFO  Dealership.POM - Vendor button is displayed
21:39:22.446 [TestNG-test=Test-1] INFO  Dealership.POM - Vendor button is clicked
21:39:32.535 [TestNG-test=Test-1] INFO  Dealership.POM - Vendor creation window is opened
21:39:32.877 [TestNG-test=Test-1] INFO  Dealership.POM - Company name is entered
21:39:34.070 [TestNG-test=Test-1] INFO  Dealership.POM - Vendor Account Number is entered
21:39:34.391 [TestNG-test=Test-1] INFO  Dealership.POM - Work Email is entered
21:39:34.443 [TestNG-test=Test-1] INFO  Dealership.POM - Phone number field is visible
21:39:34.617 [TestNG-test=Test-1] INFO  Dealership.POM - Phone number  is filled
21:39:34.710 [TestNG-test=Test-1] INFO  Dealership.POM - Billingaddress field is visible
21:39:35.080 [TestNG-test=Test-1] INFO  Dealership.POM - Billingaddress  is filled
21:39:35.310 [TestNG-test=Test-1] INFO  Dealership.POM - City Name is selected
21:39:35.580 [TestNG-test=Test-1] INFO  Dealership.POM - Billing State is selected
21:39:35.774 [TestNG-test=Test-1] INFO  Dealership.POM - Billing Country is selected
21:39:35.941 [TestNG-test=Test-1] INFO  Dealership.POM - Postcode is selected
21:39:36.192 [TestNG-test=Test-1] INFO  Dealership.POM - PurchaseTaxLevel is selected
21:39:36.375 [TestNG-test=Test-1] INFO  Dealership.POM - VendorAccountTypeIcon is selected
21:39:36.416 [TestNG-test=Test-1] INFO  Dealership.POM - Save button is displayed
21:39:36.490 [TestNG-test=Test-1] INFO  Dealership.POM - Save button is clicked
21:39:47.097 [TestNG-test=Test-1] INFO  Dealership.POM - email is entered in searchbox
21:39:57.458 [TestNG-test=Test-1] INFO  Dealership.POM - the text is qavendor-05_01_202209_36_15@gmail.com
21:39:57.473 [TestNG-test=Test-1] INFO  Dealership.POM - User is successfully created
21:39:57.474 [TestNG-test=Test-1] INFO  Dealership.POM - Test case AddVendor passes successfully
21:40:03.627 [TestNG-test=Test-1] INFO  Dealership.POM - Running Test : AddPart
21:40:07.216 [TestNG-test=Test-1] INFO  Dealership.POM - Windows maximized
21:40:09.433 [TestNG-test=Test-1] INFO  Dealership.POM - URL entered
21:40:09.520 [TestNG-test=Test-1] INFO  Dealership.POM - Username field is visible
21:40:09.840 [TestNG-test=Test-1] INFO  Dealership.POM - Password field is visible
21:40:10.173 [TestNG-test=Test-1] INFO  Dealership.POM - Login Button is visible
21:40:27.798 [TestNG-test=Test-1] INFO  Dealership.POM - Login Button is clicked
21:40:52.929 [TestNG-test=Test-1] INFO  Dealership.POM - Addnew button is displayed
21:40:53.019 [TestNG-test=Test-1] INFO  Dealership.POM - Addnew button is clicked
21:40:53.079 [TestNG-test=Test-1] INFO  Dealership.POM - Part button is displayed
21:40:53.178 [TestNG-test=Test-1] INFO  Dealership.POM - Part button is clicked
21:40:58.438 [TestNG-test=Test-1] INFO  Dealership.POM - Part creation window is opened
21:40:58.860 [TestNG-test=Test-1] FATAL Dealership.POM - Test Failed - screenshot captured for Method : AddPart
21:41:04.807 [TestNG-test=Test-1] INFO  Dealership.POM - Running Test : AddLabor
21:41:08.378 [TestNG-test=Test-1] INFO  Dealership.POM - Windows maximized
21:41:10.249 [TestNG-test=Test-1] INFO  Dealership.POM - URL entered
21:41:10.364 [TestNG-test=Test-1] INFO  Dealership.POM - Username field is visible
21:41:10.539 [TestNG-test=Test-1] INFO  Dealership.POM - Password field is visible
21:41:10.668 [TestNG-test=Test-1] INFO  Dealership.POM - Login Button is visible
21:41:26.859 [TestNG-test=Test-1] INFO  Dealership.POM - Login Button is clicked
21:41:51.968 [TestNG-test=Test-1] INFO  Dealership.POM - Addnew button is displayed
21:41:52.076 [TestNG-test=Test-1] INFO  Dealership.POM - Addnew button is clicked
21:41:52.125 [TestNG-test=Test-1] INFO  Dealership.POM - Labor button is displayed
21:41:52.271 [TestNG-test=Test-1] INFO  Dealership.POM - Labor button is clicked
21:41:57.373 [TestNG-test=Test-1] INFO  Dealership.POM - Labor creation window is opened
21:41:57.415 [TestNG-test=Test-1] INFO  Dealership.POM - Labor code field is displayed
21:41:57.671 [TestNG-test=Test-1] INFO  Dealership.POM - labor code is entered
21:41:57.721 [TestNG-test=Test-1] INFO  Dealership.POM - Description field is displayed
21:41:57.907 [TestNG-test=Test-1] INFO  Dealership.POM - Description is entered
21:41:57.948 [TestNG-test=Test-1] INFO  Dealership.POM - Hours field is displayed
21:41:58.070 [TestNG-test=Test-1] INFO  Dealership.POM - Hours entered
21:41:58.109 [TestNG-test=Test-1] INFO  Dealership.POM - Rate field is displayed
21:41:58.244 [TestNG-test=Test-1] INFO  Dealership.POM - Rate entered
21:41:58.307 [TestNG-test=Test-1] INFO  Dealership.POM - Category_Input field is displayed
21:42:08.607 [TestNG-test=Test-1] INFO  Dealership.POM - Category_Input entered
21:42:13.878 [TestNG-test=Test-1] FATAL Dealership.POM - Test Failed - screenshot captured for Method : AddLabor
21:42:19.874 [TestNG-test=Test-1] INFO  Dealership.POM - Running Test : AddKit
21:42:23.145 [TestNG-test=Test-1] INFO  Dealership.POM - Windows maximized
21:42:25.422 [TestNG-test=Test-1] INFO  Dealership.POM - URL entered
21:42:25.533 [TestNG-test=Test-1] INFO  Dealership.POM - Username field is visible
21:42:25.799 [TestNG-test=Test-1] INFO  Dealership.POM - Password field is visible
21:42:25.943 [TestNG-test=Test-1] INFO  Dealership.POM - Login Button is visible
21:42:34.808 [TestNG-test=Test-1] INFO  Dealership.POM - Login Button is clicked
21:42:59.958 [TestNG-test=Test-1] INFO  Dealership.POM - Addnew button is displayed
21:43:00.121 [TestNG-test=Test-1] INFO  Dealership.POM - Addnew button is clicked
21:43:00.171 [TestNG-test=Test-1] INFO  Dealership.POM - Kit button is displayed
21:43:00.305 [TestNG-test=Test-1] INFO  Dealership.POM - Kit button is clicked
21:43:05.359 [TestNG-test=Test-1] INFO  Dealership.POM - Kit header is displayed
21:43:05.391 [TestNG-test=Test-1] INFO  Dealership.POM - Kit creation window is opened
21:43:05.433 [TestNG-test=Test-1] INFO  Dealership.POM - KitCode is displayed
21:43:05.666 [TestNG-test=Test-1] INFO  Dealership.POM - Kit code is entered
21:43:05.699 [TestNG-test=Test-1] INFO  Dealership.POM - Description field is displayed
21:43:05.858 [TestNG-test=Test-1] INFO  Dealership.POM - Kit Description is entered
21:43:05.901 [TestNG-test=Test-1] INFO  Dealership.POM - Service kit chechbox is displayed
21:43:05.980 [TestNG-test=Test-1] INFO  Dealership.POM - Service kit chechbox is clicked
21:43:07.019 [TestNG-test=Test-1] INFO  Dealership.POM - Concern field is displayed
21:43:07.170 [TestNG-test=Test-1] INFO  Dealership.POM - Concern is filled
21:43:07.201 [TestNG-test=Test-1] INFO  Dealership.POM - Cause field is displayed
21:43:07.341 [TestNG-test=Test-1] INFO  Dealership.POM - Cause is filled
21:43:07.373 [TestNG-test=Test-1] INFO  Dealership.POM - Correction field is displayed
21:43:07.532 [TestNG-test=Test-1] INFO  Dealership.POM - Correction is filled
21:43:07.569 [TestNG-test=Test-1] INFO  Dealership.POM - Make field is displayed
21:43:12.758 [TestNG-test=Test-1] INFO  Dealership.POM - Make is filled
21:43:12.820 [TestNG-test=Test-1] INFO  Dealership.POM - Model field is displayed
21:43:17.997 [TestNG-test=Test-1] INFO  Dealership.POM - Model is filled
21:43:18.047 [TestNG-test=Test-1] INFO  Dealership.POM - SubModel field is displayed
21:43:23.239 [TestNG-test=Test-1] INFO  Dealership.POM - SubModel is filled
21:43:28.291 [TestNG-test=Test-1] INFO  Dealership.POM - Save button is displayed
21:43:28.364 [TestNG-test=Test-1] INFO  Dealership.POM - Save button is clicked
21:43:38.810 [TestNG-test=Test-1] INFO  Dealership.POM - Kit Name is entered in searchbox
21:43:43.903 [TestNG-test=Test-1] INFO  Dealership.POM - the text is qakit-05_01_202209_36_15 - Test Description
21:43:43.917 [TestNG-test=Test-1] INFO  Dealership.POM - Kit is successfully created
21:43:43.917 [TestNG-test=Test-1] INFO  Dealership.POM - Test case AddKit passes successfully
21:43:49.977 [TestNG-test=Test-1] INFO  Dealership.POM - Running Test : AddFee
21:43:53.651 [TestNG-test=Test-1] INFO  Dealership.POM - Windows maximized
21:43:56.379 [TestNG-test=Test-1] INFO  Dealership.POM - URL entered
21:43:56.435 [TestNG-test=Test-1] INFO  Dealership.POM - Username field is visible
21:43:56.603 [TestNG-test=Test-1] INFO  Dealership.POM - Password field is visible
21:43:56.732 [TestNG-test=Test-1] INFO  Dealership.POM - Login Button is visible
21:44:13.756 [TestNG-test=Test-1] INFO  Dealership.POM - Login Button is clicked
21:44:38.841 [TestNG-test=Test-1] INFO  Dealership.POM - Addnew button is displayed
21:44:38.923 [TestNG-test=Test-1] INFO  Dealership.POM - Addnew button is clicked
21:44:38.975 [TestNG-test=Test-1] INFO  Dealership.POM - Fee button is displayed
21:44:39.079 [TestNG-test=Test-1] INFO  Dealership.POM - Fee button is clicked
21:44:44.146 [TestNG-test=Test-1] INFO  Dealership.POM - Fee header is displayed
21:44:44.177 [TestNG-test=Test-1] INFO  Dealership.POM - Fee creation window is opened
21:44:44.654 [TestNG-test=Test-1] FATAL Dealership.POM - Test Failed - screenshot captured for Method : AddFee
21:44:51.015 [TestNG-test=Test-1] INFO  Dealership.POM - Running Test : AddUnit
21:44:57.174 [TestNG-test=Test-1] INFO  Dealership.POM - Windows maximized
21:44:59.331 [TestNG-test=Test-1] INFO  Dealership.POM - URL entered
21:44:59.380 [TestNG-test=Test-1] INFO  Dealership.POM - Username field is visible
21:44:59.583 [TestNG-test=Test-1] INFO  Dealership.POM - Password field is visible
21:44:59.758 [TestNG-test=Test-1] INFO  Dealership.POM - Login Button is visible
21:45:15.515 [TestNG-test=Test-1] INFO  Dealership.POM - Login Button is clicked
21:45:40.591 [TestNG-test=Test-1] INFO  Dealership.POM - Addnew button is displayed
21:45:40.680 [TestNG-test=Test-1] INFO  Dealership.POM - Addnew button is clicked
21:45:40.735 [TestNG-test=Test-1] INFO  Dealership.POM - Stock Unit button is displayed
21:45:40.848 [TestNG-test=Test-1] INFO  Dealership.POM - Stock Unit button is clicked
21:45:46.241 [TestNG-test=Test-1] INFO  Dealership.POM - Stock Unit header is displayed
21:45:46.261 [TestNG-test=Test-1] INFO  Dealership.POM - Stock Unit creation window is opened
21:45:46.307 [TestNG-test=Test-1] INFO  Dealership.POM - VIN Field Id is displayed
21:45:47.181 [TestNG-test=Test-1] INFO  Dealership.POM - VIN Field Id is filled
21:45:52.252 [TestNG-test=Test-1] INFO  Dealership.POM - Make field is displayed
21:45:57.710 [TestNG-test=Test-1] INFO  Dealership.POM - Make is filled
21:45:57.775 [TestNG-test=Test-1] INFO  Dealership.POM - Model field is displayed
21:46:02.989 [TestNG-test=Test-1] INFO  Dealership.POM - Model is filled
21:46:03.032 [TestNG-test=Test-1] INFO  Dealership.POM - SubModel field is displayed
21:46:08.240 [TestNG-test=Test-1] INFO  Dealership.POM - SubModel is filled
21:46:13.491 [TestNG-test=Test-1] INFO  Dealership.POM - Year is selected
21:46:13.529 [TestNG-test=Test-1] INFO  Dealership.POM - New_unit flag is displayed
21:46:13.591 [TestNG-test=Test-1] INFO  Dealership.POM - New_unit flag is on
21:46:13.639 [TestNG-test=Test-1] INFO  Dealership.POM - Exterior_colour field is displayed
21:46:13.779 [TestNG-test=Test-1] INFO  Dealership.POM - Exterior_colour is selected
21:46:13.822 [TestNG-test=Test-1] INFO  Dealership.POM - Stock ID field is displayed
21:46:14.079 [TestNG-test=Test-1] INFO  Dealership.POM - Stock ID is selected
21:46:14.124 [TestNG-test=Test-1] INFO  Dealership.POM - Cost field is displayed
21:46:14.263 [TestNG-test=Test-1] INFO  Dealership.POM - Cost is selected
21:46:14.305 [TestNG-test=Test-1] INFO  Dealership.POM - Price field is displayed
21:46:14.504 [TestNG-test=Test-1] INFO  Dealership.POM - Price is selected
21:46:14.701 [TestNG-test=Test-1] INFO  Dealership.POM - UnitApplicable_tax is selected
21:46:14.740 [TestNG-test=Test-1] INFO  Dealership.POM - TagInputBox is displayed
21:46:16.911 [TestNG-test=Test-1] INFO  Dealership.POM - Taginputlist is displayed
21:46:16.993 [TestNG-test=Test-1] INFO  Dealership.POM - Taginputlist is selected
21:46:17.033 [TestNG-test=Test-1] INFO  Dealership.POM - Save Button is displayed
21:46:17.100 [TestNG-test=Test-1] INFO  Dealership.POM - Save Button is selected
21:46:27.588 [TestNG-test=Test-1] INFO  Dealership.POM - Unit Name is entered in searchbox
21:46:37.684 [TestNG-test=Test-1] INFO  Dealership.POM - the text is qaunit-05_01_202209_36_15
21:46:37.699 [TestNG-test=Test-1] INFO  Dealership.POM - Unit is successfully created
21:46:37.700 [TestNG-test=Test-1] INFO  Dealership.POM - Test case AddUnit passes successfully
21:46:43.766 [TestNG-test=Test-1] INFO  Dealership.POM - Running Test : StoreSummary
21:46:47.192 [TestNG-test=Test-1] INFO  Dealership.POM - Windows maximized
21:46:49.444 [TestNG-test=Test-1] INFO  Dealership.POM - URL entered
21:46:49.548 [TestNG-test=Test-1] INFO  Dealership.POM - Username field is visible
21:46:49.715 [TestNG-test=Test-1] INFO  Dealership.POM - Password field is visible
21:46:49.836 [TestNG-test=Test-1] INFO  Dealership.POM - Login Button is visible
21:47:05.408 [TestNG-test=Test-1] INFO  Dealership.POM - Login Button is clicked
21:47:30.554 [TestNG-test=Test-1] INFO  Dealership.POM - Store Summary tab is visible
21:47:30.602 [TestNG-test=Test-1] INFO  Dealership.POM - Today link is visible
21:47:30.697 [TestNG-test=Test-1] INFO  Dealership.POM - Today link is clickable
21:47:30.754 [TestNG-test=Test-1] INFO  Dealership.POM - Last_7_Days link is visible
21:47:30.828 [TestNG-test=Test-1] INFO  Dealership.POM - Last_7_Days link is clickable
21:47:30.873 [TestNG-test=Test-1] INFO  Dealership.POM - Last_30_Days link is visible
21:47:30.944 [TestNG-test=Test-1] INFO  Dealership.POM - Last_30_Days link is clickable
21:47:30.991 [TestNG-test=Test-1] INFO  Dealership.POM - Invoices link is visible
21:47:41.108 [TestNG-test=Test-1] INFO  Dealership.POM - The page title is - Advanced Search
21:47:51.180 [TestNG-test=Test-1] INFO  Dealership.POM - Search tag is visible
21:47:51.205 [TestNG-test=Test-1] INFO  Dealership.POM - The Invoice link has redirected to correct page
21:48:03.330 [TestNG-test=Test-1] INFO  Dealership.POM - Payments link is visible
