15:31:01.713 [TestNG-test=Test-1] INFO  Dealership.POM - Taginputlist is selected
15:31:01.784 [TestNG-test=Test-1] INFO  Dealership.POM - Save Button is displayed
15:31:01.873 [TestNG-test=Test-1] INFO  Dealership.POM - Save Button is selected
15:31:12.355 [TestNG-test=Test-1] INFO  Dealership.POM - Unit Name is entered in searchbox
15:31:22.697 [TestNG-test=Test-1] FATAL Dealership.POM - Test Failed - screenshot captured for Method : AddUnit
15:31:22.707 [TestNG-test=Test-1] INFO  Dealership.POM - Running Test : StoreSummary
15:31:26.248 [TestNG-test=Test-1] INFO  Dealership.POM - Windows maximized
15:31:29.568 [TestNG-test=Test-1] INFO  Dealership.POM - URL entered
15:31:29.628 [TestNG-test=Test-1] INFO  Dealership.POM - Username field is visible
15:31:30.085 [TestNG-test=Test-1] INFO  Dealership.POM - Password field is visible
15:31:30.215 [TestNG-test=Test-1] INFO  Dealership.POM - Login Button is visible
15:31:30.296 [TestNG-test=Test-1] INFO  Dealership.POM - Login Button is clicked
15:31:55.550 [TestNG-test=Test-1] FATAL Dealership.POM - Test Failed - screenshot captured for Method : StoreSummary
15:31:55.553 [TestNG-test=Test-1] INFO  Dealership.POM - Running Test : ServiceJobs
15:31:59.635 [TestNG-test=Test-1] INFO  Dealership.POM - Windows maximized
15:32:02.609 [TestNG-test=Test-1] INFO  Dealership.POM - URL entered
15:32:02.687 [TestNG-test=Test-1] INFO  Dealership.POM - Username field is visible
15:32:03.042 [TestNG-test=Test-1] INFO  Dealership.POM - Password field is visible
15:32:03.999 [TestNG-test=Test-1] INFO  Dealership.POM - Login Button is visible
15:32:04.104 [TestNG-test=Test-1] INFO  Dealership.POM - Login Button is clicked
15:32:29.338 [TestNG-test=Test-1] FATAL Dealership.POM - Test Failed - screenshot captured for Method : ServiceJobs
15:32:29.349 [TestNG-test=Test-1] INFO  Dealership.POM - Running Test : Vendor_Orders
15:32:33.450 [TestNG-test=Test-1] INFO  Dealership.POM - Windows maximized
15:32:37.159 [TestNG-test=Test-1] INFO  Dealership.POM - URL entered
15:32:37.234 [TestNG-test=Test-1] INFO  Dealership.POM - Username field is visible
15:32:37.520 [TestNG-test=Test-1] INFO  Dealership.POM - Password field is visible
15:32:37.811 [TestNG-test=Test-1] INFO  Dealership.POM - Login Button is visible
15:33:08.545 [TestNG-test=Test-1] INFO  Dealership.POM - Login Button is clicked
15:33:33.625 [TestNG-test=Test-1] INFO  Dealership.POM - Vendor_Orders tab is visible
15:33:33.668 [TestNG-test=Test-1] INFO  Dealership.POM - Active_Orders link is visible
15:33:43.775 [TestNG-test=Test-1] INFO  Dealership.POM - The page title is - Advanced Search
15:33:54.369 [TestNG-test=Test-1] FATAL Dealership.POM - Test Failed - screenshot captured for Method : Vendor_Orders
15:33:54.373 [TestNG-test=Test-1] INFO  Dealership.POM - Running Test : Customer_Orders
15:33:59.169 [TestNG-test=Test-1] INFO  Dealership.POM - Windows maximized
15:34:02.629 [TestNG-test=Test-1] INFO  Dealership.POM - URL entered
15:34:02.690 [TestNG-test=Test-1] INFO  Dealership.POM - Username field is visible
15:34:03.108 [TestNG-test=Test-1] INFO  Dealership.POM - Password field is visible
15:34:03.755 [TestNG-test=Test-1] INFO  Dealership.POM - Login Button is visible
15:34:17.722 [TestNG-test=Test-1] INFO  Dealership.POM - Login Button is clicked
15:34:42.838 [TestNG-test=Test-1] INFO  Dealership.POM - Customer_Orders tab is visible
15:34:42.892 [TestNG-test=Test-1] INFO  Dealership.POM - Active_Orders link is visible
15:34:52.991 [TestNG-test=Test-1] INFO  Dealership.POM - The page title is - Advanced Search
15:35:03.092 [TestNG-test=Test-1] INFO  Dealership.POM - Search tag is visible
15:35:03.121 [TestNG-test=Test-1] INFO  Dealership.POM - The Invoice link has redirected to correct page
15:35:14.998 [TestNG-test=Test-1] INFO  Dealership.POM - Deposits link is visible
15:35:25.091 [TestNG-test=Test-1] INFO  Dealership.POM - The page title is - Advanced Search
15:35:35.183 [TestNG-test=Test-1] INFO  Dealership.POM - Search tag is visible
15:35:35.204 [TestNG-test=Test-1] INFO  Dealership.POM - The Payments link has redirected to correct page
15:35:58.159 [TestNG-test=Test-1] INFO  Dealership.POM - Balance_Due link is visible
15:36:08.440 [TestNG-test=Test-1] INFO  Dealership.POM - The page title is - Advanced Search
15:36:18.503 [TestNG-test=Test-1] INFO  Dealership.POM - Search tag is visible
15:36:18.521 [TestNG-test=Test-1] INFO  Dealership.POM - The New Customers link has redirected to correct page
15:36:18.521 [TestNG-test=Test-1] INFO  Dealership.POM - Test case Customer_Orders passes successfully
15:36:18.523 [TestNG-test=Test-1] INFO  Dealership.POM - Running Test : Activity_Feed
15:36:24.775 [TestNG-test=Test-1] INFO  Dealership.POM - Windows maximized
15:36:28.316 [TestNG-test=Test-1] INFO  Dealership.POM - URL entered
15:36:28.360 [TestNG-test=Test-1] INFO  Dealership.POM - Username field is visible
15:36:28.513 [TestNG-test=Test-1] INFO  Dealership.POM - Password field is visible
15:36:28.672 [TestNG-test=Test-1] INFO  Dealership.POM - Login Button is visible
15:36:43.571 [TestNG-test=Test-1] INFO  Dealership.POM - Login Button is clicked
15:37:08.641 [TestNG-test=Test-1] INFO  Dealership.POM - Activity_Feed tab is visible
15:37:08.705 [TestNG-test=Test-1] INFO  Dealership.POM - MyActivity link is visible
15:37:08.803 [TestNG-test=Test-1] INFO  Dealership.POM - MyActivity link is clickable
15:37:08.868 [TestNG-test=Test-1] INFO  Dealership.POM - StoreActivity link is visible
15:37:08.965 [TestNG-test=Test-1] INFO  Dealership.POM - StoreActivity link is clickable
15:37:08.965 [TestNG-test=Test-1] INFO  Dealership.POM - Test case Activity_Feed passes successfully
15:50:02.238 [TestNG-test=Test-1] INFO  Dealership.POM - Running Test : AddCustomer
15:50:10.571 [TestNG-test=Test-1] INFO  Dealership.POM - Windows maximized
15:50:13.596 [TestNG-test=Test-1] INFO  Dealership.POM - URL entered
15:50:13.784 [TestNG-test=Test-1] INFO  Dealership.POM - Username field is visible
15:50:14.276 [TestNG-test=Test-1] INFO  Dealership.POM - Password field is visible
15:50:15.003 [TestNG-test=Test-1] INFO  Dealership.POM - Login Button is visible
15:50:45.806 [TestNG-test=Test-1] INFO  Dealership.POM - Login Button is clicked
15:51:10.944 [TestNG-test=Test-1] INFO  Dealership.POM - Addnew button is displayed
15:51:11.082 [TestNG-test=Test-1] INFO  Dealership.POM - Addnew button is clicked
15:51:11.188 [TestNG-test=Test-1] INFO  Dealership.POM - Customer button is displayed
15:51:11.293 [TestNG-test=Test-1] INFO  Dealership.POM - Customer button is clicked
15:51:21.389 [TestNG-test=Test-1] INFO  Dealership.POM - Customer creation window is opened
15:51:21.442 [TestNG-test=Test-1] INFO  Dealership.POM - Firstname field is visible
15:51:21.687 [TestNG-test=Test-1] INFO  Dealership.POM - Firstname  is filled
15:51:21.738 [TestNG-test=Test-1] INFO  Dealership.POM - Lastname field is visible
15:51:21.914 [TestNG-test=Test-1] INFO  Dealership.POM - Lastname  is filled
15:51:21.971 [TestNG-test=Test-1] INFO  Dealership.POM - Account type field is visible
15:51:22.039 [TestNG-test=Test-1] INFO  Dealership.POM - Account type  is clicked
15:51:25.205 [TestNG-test=Test-1] INFO  Dealership.POM - Account type  is selected
15:51:25.266 [TestNG-test=Test-1] INFO  Dealership.POM - Email field is visible
15:51:25.541 [TestNG-test=Test-1] INFO  Dealership.POM - Email  is filled
15:51:25.588 [TestNG-test=Test-1] INFO  Dealership.POM - Mobilenumber field is visible
15:51:25.752 [TestNG-test=Test-1] INFO  Dealership.POM - Mobilenumber  is filled
15:51:25.885 [TestNG-test=Test-1] INFO  Dealership.POM - Address field is visible
15:51:26.162 [TestNG-test=Test-1] INFO  Dealership.POM - Address  is filled
15:51:26.226 [TestNG-test=Test-1] INFO  Dealership.POM - Country field is visible
15:51:26.300 [TestNG-test=Test-1] INFO  Dealership.POM - Country is clicked
15:51:26.406 [TestNG-test=Test-1] INFO  Dealership.POM - Country Name is selected
15:51:26.560 [TestNG-test=Test-1] INFO  Dealership.POM - City Name is selected
15:51:26.746 [TestNG-test=Test-1] INFO  Dealership.POM - Postcode is selected
15:51:26.879 [TestNG-test=Test-1] INFO  Dealership.POM - Create button is clicked
15:51:37.451 [TestNG-test=Test-1] INFO  Dealership.POM - email is entered in seachbox
15:51:47.552 [TestNG-test=Test-1] INFO  Dealership.POM - the text is sparsh-21_12_202103_50_01@test.com
15:51:47.563 [TestNG-test=Test-1] INFO  Dealership.POM - User is successfully created
15:51:47.566 [TestNG-test=Test-1] INFO  Dealership.POM - Test case AddCustomer passes successfully
15:51:47.570 [TestNG-test=Test-1] INFO  Dealership.POM - Running Test : AddVendor
15:51:52.849 [TestNG-test=Test-1] INFO  Dealership.POM - Windows maximized
15:51:55.942 [TestNG-test=Test-1] INFO  Dealership.POM - URL entered
15:51:56.032 [TestNG-test=Test-1] INFO  Dealership.POM - Username field is visible
15:51:56.289 [TestNG-test=Test-1] INFO  Dealership.POM - Password field is visible
15:51:56.583 [TestNG-test=Test-1] INFO  Dealership.POM - Login Button is visible
15:52:11.352 [TestNG-test=Test-1] INFO  Dealership.POM - Login Button is clicked
15:52:36.445 [TestNG-test=Test-1] INFO  Dealership.POM - Addnew button is displayed
15:52:36.530 [TestNG-test=Test-1] INFO  Dealership.POM - Addnew button is clicked
15:52:36.617 [TestNG-test=Test-1] INFO  Dealership.POM - Vendor button is displayed
15:52:36.740 [TestNG-test=Test-1] INFO  Dealership.POM - Vendor button is clicked
15:52:46.814 [TestNG-test=Test-1] INFO  Dealership.POM - Vendor creation window is opened
15:52:47.214 [TestNG-test=Test-1] INFO  Dealership.POM - Company name is entered
15:52:48.447 [TestNG-test=Test-1] INFO  Dealership.POM - Vendor Account Number is entered
15:52:48.812 [TestNG-test=Test-1] INFO  Dealership.POM - Work Email is entered
15:52:48.853 [TestNG-test=Test-1] INFO  Dealership.POM - Phone number field is visible
15:52:49.024 [TestNG-test=Test-1] INFO  Dealership.POM - Phone number  is filled
15:52:49.109 [TestNG-test=Test-1] INFO  Dealership.POM - Billingaddress field is visible
15:52:49.540 [TestNG-test=Test-1] INFO  Dealership.POM - Billingaddress  is filled
15:52:49.809 [TestNG-test=Test-1] INFO  Dealership.POM - City Name is selected
15:52:50.073 [TestNG-test=Test-1] INFO  Dealership.POM - Billing State is selected
15:52:50.284 [TestNG-test=Test-1] INFO  Dealership.POM - Billing Country is selected
15:52:50.464 [TestNG-test=Test-1] INFO  Dealership.POM - Postcode is selected
15:52:50.693 [TestNG-test=Test-1] INFO  Dealership.POM - PurchaseTaxLevel is selected
15:52:50.938 [TestNG-test=Test-1] INFO  Dealership.POM - VendorAccountTypeIcon is selected
15:52:50.973 [TestNG-test=Test-1] INFO  Dealership.POM - Save button is displayed
15:52:51.047 [TestNG-test=Test-1] INFO  Dealership.POM - Save button is clicked
15:53:01.524 [TestNG-test=Test-1] INFO  Dealership.POM - email is entered in searchbox
15:53:11.616 [TestNG-test=Test-1] INFO  Dealership.POM - the text is qavendor-21_12_202103_50_01@gmail.com
15:53:11.628 [TestNG-test=Test-1] INFO  Dealership.POM - User is successfully created
15:53:11.628 [TestNG-test=Test-1] INFO  Dealership.POM - Test case AddVendor passes successfully
15:53:11.632 [TestNG-test=Test-1] INFO  Dealership.POM - Running Test : AddPart
15:53:16.931 [TestNG-test=Test-1] INFO  Dealership.POM - Windows maximized
15:53:20.021 [TestNG-test=Test-1] INFO  Dealership.POM - URL entered
15:53:20.117 [TestNG-test=Test-1] INFO  Dealership.POM - Username field is visible
15:53:20.670 [TestNG-test=Test-1] INFO  Dealership.POM - Password field is visible
15:53:20.905 [TestNG-test=Test-1] INFO  Dealership.POM - Login Button is visible
15:53:52.888 [TestNG-test=Test-1] INFO  Dealership.POM - Login Button is clicked
15:54:17.957 [TestNG-test=Test-1] INFO  Dealership.POM - Addnew button is displayed
15:54:18.048 [TestNG-test=Test-1] INFO  Dealership.POM - Addnew button is clicked
15:54:18.114 [TestNG-test=Test-1] INFO  Dealership.POM - Part button is displayed
15:54:18.204 [TestNG-test=Test-1] INFO  Dealership.POM - Part button is clicked
15:54:23.315 [TestNG-test=Test-1] INFO  Dealership.POM - Part creation window is opened
15:54:23.367 [TestNG-test=Test-1] INFO  Dealership.POM - Part number field is displayed
15:54:23.718 [TestNG-test=Test-1] INFO  Dealership.POM - Part number is entered
15:54:23.763 [TestNG-test=Test-1] INFO  Dealership.POM - Part Description field is displayed
15:54:24.120 [TestNG-test=Test-1] INFO  Dealership.POM - Part Description is entered
15:54:24.182 [TestNG-test=Test-1] INFO  Dealership.POM - Vendor_Input field is displayed
15:54:34.770 [TestNG-test=Test-1] INFO  Dealership.POM - Vendor_Input is entered
15:54:34.825 [TestNG-test=Test-1] INFO  Dealership.POM - Mfg Part field is displayed
15:54:35.063 [TestNG-test=Test-1] INFO  Dealership.POM - Mfg Part is entered
15:54:35.154 [TestNG-test=Test-1] INFO  Dealership.POM - SKU Number field is displayed
15:54:35.346 [TestNG-test=Test-1] INFO  Dealership.POM - SKU Number is entered
15:54:35.388 [TestNG-test=Test-1] INFO  Dealership.POM - Category_Input field is displayed
15:54:42.714 [TestNG-test=Test-1] INFO  Dealership.POM - Category_Input is entered
15:54:42.764 [TestNG-test=Test-1] INFO  Dealership.POM - Tagsfield is displayed
15:54:42.963 [TestNG-test=Test-1] INFO  Dealership.POM - Tag is selected
15:54:43.034 [TestNG-test=Test-1] INFO  Dealership.POM - Qty field is displayed
15:54:43.149 [TestNG-test=Test-1] INFO  Dealership.POM - Qty is entered
15:54:43.201 [TestNG-test=Test-1] INFO  Dealership.POM - MSRP field is displayed
15:54:43.332 [TestNG-test=Test-1] INFO  Dealership.POM - MSRP is entered
15:54:43.371 [TestNG-test=Test-1] INFO  Dealership.POM - Retail field is displayed
15:54:43.512 [TestNG-test=Test-1] INFO  Dealership.POM - Retail is entered
15:54:43.552 [TestNG-test=Test-1] INFO  Dealership.POM - SalePrice field is displayed
15:54:43.696 [TestNG-test=Test-1] INFO  Dealership.POM - SalePrice is entered
15:54:43.738 [TestNG-test=Test-1] INFO  Dealership.POM - Environmental Fee field is displayed
15:54:43.879 [TestNG-test=Test-1] INFO  Dealership.POM - Environmental Fee is entered
15:54:43.921 [TestNG-test=Test-1] INFO  Dealership.POM - Part Save Button  is displayed
15:54:44.011 [TestNG-test=Test-1] INFO  Dealership.POM - save button is clicked
15:55:04.586 [TestNG-test=Test-1] INFO  Dealership.POM - New Part Name is entered in searchbox
15:55:09.670 [TestNG-test=Test-1] INFO  Dealership.POM - the text is Part-21_12_202103_50_01 - Test Description
15:55:09.681 [TestNG-test=Test-1] INFO  Dealership.POM - part is successfully created
15:55:09.681 [TestNG-test=Test-1] INFO  Dealership.POM - Test case AddPart passes successfully
15:55:09.684 [TestNG-test=Test-1] INFO  Dealership.POM - Running Test : AddLabor
15:55:20.492 [TestNG-test=Test-1] INFO  Dealership.POM - Windows maximized
15:55:24.067 [TestNG-test=Test-1] INFO  Dealership.POM - URL entered
15:55:24.207 [TestNG-test=Test-1] INFO  Dealership.POM - Username field is visible
15:55:24.628 [TestNG-test=Test-1] INFO  Dealership.POM - Password field is visible
15:55:24.860 [TestNG-test=Test-1] INFO  Dealership.POM - Login Button is visible
15:55:39.660 [TestNG-test=Test-1] INFO  Dealership.POM - Login Button is clicked
15:56:04.752 [TestNG-test=Test-1] INFO  Dealership.POM - Addnew button is displayed
15:56:04.834 [TestNG-test=Test-1] INFO  Dealership.POM - Addnew button is clicked
15:56:04.910 [TestNG-test=Test-1] INFO  Dealership.POM - Labor button is displayed
15:56:05.026 [TestNG-test=Test-1] INFO  Dealership.POM - Labor button is clicked
15:56:10.121 [TestNG-test=Test-1] INFO  Dealership.POM - Labor creation window is opened
15:56:10.161 [TestNG-test=Test-1] INFO  Dealership.POM - Labor code field is displayed
15:56:10.415 [TestNG-test=Test-1] INFO  Dealership.POM - labor code is entered
15:56:10.461 [TestNG-test=Test-1] INFO  Dealership.POM - Description field is displayed
15:56:10.671 [TestNG-test=Test-1] INFO  Dealership.POM - Description is entered
15:56:10.705 [TestNG-test=Test-1] INFO  Dealership.POM - Hours field is displayed
15:56:10.796 [TestNG-test=Test-1] INFO  Dealership.POM - Hours entered
15:56:10.832 [TestNG-test=Test-1] INFO  Dealership.POM - Rate field is displayed
15:56:10.926 [TestNG-test=Test-1] INFO  Dealership.POM - Rate entered
15:56:10.968 [TestNG-test=Test-1] INFO  Dealership.POM - Category_Input field is displayed
15:56:21.314 [TestNG-test=Test-1] INFO  Dealership.POM - Category_Input entered
15:56:26.386 [TestNG-test=Test-1] INFO  Dealership.POM - FormsTag field is displayed
15:56:26.498 [TestNG-test=Test-1] INFO  Dealership.POM - FormsTag is entered
15:56:26.539 [TestNG-test=Test-1] INFO  Dealership.POM - selectTag field is displayed
15:56:26.601 [TestNG-test=Test-1] INFO  Dealership.POM - selectTag is entered
15:56:26.658 [TestNG-test=Test-1] INFO  Dealership.POM - Applicabletax field is displayed
15:56:26.828 [TestNG-test=Test-1] INFO  Dealership.POM - Applicabletax is entered
15:56:26.878 [TestNG-test=Test-1] INFO  Dealership.POM - SaveButton is displayed
15:56:26.952 [TestNG-test=Test-1] INFO  Dealership.POM - SaveButton is clicked
15:56:27.383 [TestNG-test=Test-1] INFO  Dealership.POM - Labor Name is entered in searchbox
15:56:32.516 [TestNG-test=Test-1] INFO  Dealership.POM - the text is qalabor-21_12_202103_50_01 - Test Description
15:56:32.527 [TestNG-test=Test-1] INFO  Dealership.POM - Labor is successfully created
15:56:32.527 [TestNG-test=Test-1] INFO  Dealership.POM - Test case AddLabor passes successfully
15:56:32.532 [TestNG-test=Test-1] INFO  Dealership.POM - Running Test : AddKit
15:56:38.075 [TestNG-test=Test-1] INFO  Dealership.POM - Windows maximized
15:56:41.909 [TestNG-test=Test-1] INFO  Dealership.POM - URL entered
15:56:41.993 [TestNG-test=Test-1] INFO  Dealership.POM - Username field is visible
15:56:42.409 [TestNG-test=Test-1] INFO  Dealership.POM - Password field is visible
15:56:43.157 [TestNG-test=Test-1] INFO  Dealership.POM - Login Button is visible
15:56:58.424 [TestNG-test=Test-1] INFO  Dealership.POM - Login Button is clicked
15:57:23.530 [TestNG-test=Test-1] INFO  Dealership.POM - Addnew button is displayed
15:57:23.639 [TestNG-test=Test-1] INFO  Dealership.POM - Addnew button is clicked
15:57:23.694 [TestNG-test=Test-1] INFO  Dealership.POM - Kit button is displayed
15:57:23.778 [TestNG-test=Test-1] INFO  Dealership.POM - Kit button is clicked
15:57:28.855 [TestNG-test=Test-1] INFO  Dealership.POM - Kit header is displayed
15:57:28.887 [TestNG-test=Test-1] INFO  Dealership.POM - Kit creation window is opened
15:57:28.933 [TestNG-test=Test-1] INFO  Dealership.POM - KitCode is displayed
15:57:29.228 [TestNG-test=Test-1] INFO  Dealership.POM - Kit code is entered
15:57:29.277 [TestNG-test=Test-1] INFO  Dealership.POM - Description field is displayed
15:57:29.442 [TestNG-test=Test-1] INFO  Dealership.POM - Kit Description is entered
15:57:29.480 [TestNG-test=Test-1] INFO  Dealership.POM - Service kit chechbox is displayed
15:57:29.563 [TestNG-test=Test-1] INFO  Dealership.POM - Service kit chechbox is clicked
15:57:30.625 [TestNG-test=Test-1] INFO  Dealership.POM - Concern field is displayed
15:57:30.787 [TestNG-test=Test-1] INFO  Dealership.POM - Concern is filled
15:57:30.827 [TestNG-test=Test-1] INFO  Dealership.POM - Cause field is displayed
15:57:31.013 [TestNG-test=Test-1] INFO  Dealership.POM - Cause is filled
15:57:31.061 [TestNG-test=Test-1] INFO  Dealership.POM - Correction field is displayed
15:57:31.247 [TestNG-test=Test-1] INFO  Dealership.POM - Correction is filled
15:57:31.293 [TestNG-test=Test-1] INFO  Dealership.POM - Make field is displayed
15:57:36.541 [TestNG-test=Test-1] INFO  Dealership.POM - Make is filled
15:57:36.624 [TestNG-test=Test-1] INFO  Dealership.POM - Model field is displayed
15:57:41.807 [TestNG-test=Test-1] INFO  Dealership.POM - Model is filled
15:57:41.852 [TestNG-test=Test-1] INFO  Dealership.POM - SubModel field is displayed
15:57:47.061 [TestNG-test=Test-1] INFO  Dealership.POM - SubModel is filled
15:57:52.117 [TestNG-test=Test-1] INFO  Dealership.POM - Save button is displayed
15:57:52.186 [TestNG-test=Test-1] INFO  Dealership.POM - Save button is clicked
15:58:02.640 [TestNG-test=Test-1] INFO  Dealership.POM - Kit Name is entered in searchbox
15:58:07.738 [TestNG-test=Test-1] INFO  Dealership.POM - the text is qakit-21_12_202103_50_01 - Test Description
15:58:07.756 [TestNG-test=Test-1] INFO  Dealership.POM - Kit is successfully created
15:58:07.756 [TestNG-test=Test-1] INFO  Dealership.POM - Test case AddKit passes successfully
15:58:07.759 [TestNG-test=Test-1] INFO  Dealership.POM - Running Test : AddFee
15:58:13.302 [TestNG-test=Test-1] INFO  Dealership.POM - Windows maximized
15:58:16.539 [TestNG-test=Test-1] INFO  Dealership.POM - URL entered
15:58:16.656 [TestNG-test=Test-1] INFO  Dealership.POM - Username field is visible
15:58:17.122 [TestNG-test=Test-1] INFO  Dealership.POM - Password field is visible
15:58:17.290 [TestNG-test=Test-1] INFO  Dealership.POM - Login Button is visible
15:58:17.716 [TestNG-test=Test-1] INFO  Dealership.POM - Login Button is clicked
15:58:42.829 [TestNG-test=Test-1] INFO  Dealership.POM - Addnew button is displayed
15:58:42.936 [TestNG-test=Test-1] INFO  Dealership.POM - Addnew button is clicked
15:58:43.001 [TestNG-test=Test-1] INFO  Dealership.POM - Fee button is displayed
15:58:43.103 [TestNG-test=Test-1] INFO  Dealership.POM - Fee button is clicked
15:58:49.130 [TestNG-test=Test-1] FATAL Dealership.POM - Test Failed - screenshot captured for Method : AddFee
15:58:49.139 [TestNG-test=Test-1] INFO  Dealership.POM - Running Test : AddUnit
15:58:54.750 [TestNG-test=Test-1] INFO  Dealership.POM - Windows maximized
15:58:58.568 [TestNG-test=Test-1] INFO  Dealership.POM - URL entered
15:58:58.646 [TestNG-test=Test-1] INFO  Dealership.POM - Username field is visible
15:58:58.872 [TestNG-test=Test-1] INFO  Dealership.POM - Password field is visible
15:58:59.519 [TestNG-test=Test-1] INFO  Dealership.POM - Login Button is visible
15:58:59.870 [TestNG-test=Test-1] INFO  Dealership.POM - Login Button is clicked
15:59:24.961 [TestNG-test=Test-1] INFO  Dealership.POM - Addnew button is displayed
15:59:25.067 [TestNG-test=Test-1] INFO  Dealership.POM - Addnew button is clicked
15:59:25.136 [TestNG-test=Test-1] INFO  Dealership.POM - Stock Unit button is displayed
15:59:25.252 [TestNG-test=Test-1] INFO  Dealership.POM - Stock Unit button is clicked
15:59:30.551 [TestNG-test=Test-1] FATAL Dealership.POM - Test Failed - screenshot captured for Method : AddUnit
15:59:30.556 [TestNG-test=Test-1] INFO  Dealership.POM - Running Test : StoreSummary
15:59:36.102 [TestNG-test=Test-1] INFO  Dealership.POM - Windows maximized
15:59:39.196 [TestNG-test=Test-1] INFO  Dealership.POM - URL entered
15:59:39.326 [TestNG-test=Test-1] INFO  Dealership.POM - Username field is visible
15:59:39.617 [TestNG-test=Test-1] INFO  Dealership.POM - Password field is visible
15:59:39.837 [TestNG-test=Test-1] INFO  Dealership.POM - Login Button is visible
15:59:54.555 [TestNG-test=Test-1] INFO  Dealership.POM - Login Button is clicked
16:00:19.655 [TestNG-test=Test-1] INFO  Dealership.POM - Store Summary tab is visible
16:00:19.956 [TestNG-test=Test-1] INFO  Dealership.POM - Today link is visible
16:00:20.036 [TestNG-test=Test-1] INFO  Dealership.POM - Today link is clickable
16:00:20.086 [TestNG-test=Test-1] INFO  Dealership.POM - Last_7_Days link is visible
16:00:20.180 [TestNG-test=Test-1] INFO  Dealership.POM - Last_7_Days link is clickable
16:00:20.249 [TestNG-test=Test-1] INFO  Dealership.POM - Last_30_Days link is visible
16:00:20.320 [TestNG-test=Test-1] INFO  Dealership.POM - Last_30_Days link is clickable
16:00:20.369 [TestNG-test=Test-1] INFO  Dealership.POM - Invoices link is visible
16:00:30.507 [TestNG-test=Test-1] INFO  Dealership.POM - The page title is - Advanced Search
16:00:40.609 [TestNG-test=Test-1] INFO  Dealership.POM - Search tag is visible
16:00:40.639 [TestNG-test=Test-1] INFO  Dealership.POM - The Invoice link has redirected to correct page
16:00:52.510 [TestNG-test=Test-1] INFO  Dealership.POM - Payments link is visible
16:01:02.584 [TestNG-test=Test-1] INFO  Dealership.POM - The page title is - Advanced Search
16:01:12.658 [TestNG-test=Test-1] INFO  Dealership.POM - Search tag is visible
16:01:12.691 [TestNG-test=Test-1] INFO  Dealership.POM - The Payments link has redirected to correct page
16:01:24.485 [TestNG-test=Test-1] INFO  Dealership.POM - New Customers link is visible
16:01:34.575 [TestNG-test=Test-1] INFO  Dealership.POM - The page title is - Advanced Search
16:01:44.727 [TestNG-test=Test-1] INFO  Dealership.POM - Search tag is visible
16:01:44.753 [TestNG-test=Test-1] INFO  Dealership.POM - The New Customers link has redirected to correct page
16:01:44.754 [TestNG-test=Test-1] INFO  Dealership.POM - Test case StoreSummary passes successfully
16:01:44.756 [TestNG-test=Test-1] INFO  Dealership.POM - Running Test : ServiceJobs
16:01:50.235 [TestNG-test=Test-1] INFO  Dealership.POM - Windows maximized
16:01:53.973 [TestNG-test=Test-1] INFO  Dealership.POM - URL entered
16:01:54.076 [TestNG-test=Test-1] INFO  Dealership.POM - Username field is visible
16:01:54.333 [TestNG-test=Test-1] INFO  Dealership.POM - Password field is visible
16:01:54.873 [TestNG-test=Test-1] INFO  Dealership.POM - Login Button is visible
16:01:55.107 [TestNG-test=Test-1] INFO  Dealership.POM - Login Button is clicked
16:02:20.373 [TestNG-test=Test-1] FATAL Dealership.POM - Test Failed - screenshot captured for Method : ServiceJobs
16:02:20.389 [TestNG-test=Test-1] INFO  Dealership.POM - Running Test : Vendor_Orders
16:02:26.916 [TestNG-test=Test-1] INFO  Dealership.POM - Windows maximized
16:02:30.144 [TestNG-test=Test-1] INFO  Dealership.POM - URL entered
16:02:30.200 [TestNG-test=Test-1] INFO  Dealership.POM - Username field is visible
16:02:30.502 [TestNG-test=Test-1] INFO  Dealership.POM - Password field is visible
16:02:30.775 [TestNG-test=Test-1] INFO  Dealership.POM - Login Button is visible
16:02:44.674 [TestNG-test=Test-1] INFO  Dealership.POM - Login Button is clicked
16:03:09.748 [TestNG-test=Test-1] INFO  Dealership.POM - Vendor_Orders tab is visible
16:03:09.795 [TestNG-test=Test-1] INFO  Dealership.POM - Active_Orders link is visible
16:03:19.910 [TestNG-test=Test-1] INFO  Dealership.POM - The page title is - Advanced Search
16:03:29.991 [TestNG-test=Test-1] INFO  Dealership.POM - Search tag is visible
16:03:30.014 [TestNG-test=Test-1] INFO  Dealership.POM - The Invoice link has redirected to correct page
16:03:42.210 [TestNG-test=Test-1] INFO  Dealership.POM - Active_Receiving link is visible
16:03:52.328 [TestNG-test=Test-1] INFO  Dealership.POM - The page title is - Advanced Search
16:04:02.406 [TestNG-test=Test-1] INFO  Dealership.POM - Search tag is visible
16:04:02.425 [TestNG-test=Test-1] INFO  Dealership.POM - The Payments link has redirected to correct page
16:04:13.709 [TestNG-test=Test-1] INFO  Dealership.POM - Parts_needed link is visible
16:04:23.819 [TestNG-test=Test-1] INFO  Dealership.POM - The page title is - Advanced Search
16:04:34.041 [TestNG-test=Test-1] INFO  Dealership.POM - Search tag is visible
16:04:34.103 [TestNG-test=Test-1] INFO  Dealership.POM - The New Customers link has redirected to correct page
16:04:34.104 [TestNG-test=Test-1] INFO  Dealership.POM - Test case Vendor_Orders passes successfully
16:04:34.106 [TestNG-test=Test-1] INFO  Dealership.POM - Running Test : Customer_Orders
16:04:39.757 [TestNG-test=Test-1] INFO  Dealership.POM - Windows maximized
16:04:43.145 [TestNG-test=Test-1] INFO  Dealership.POM - URL entered
16:04:43.204 [TestNG-test=Test-1] INFO  Dealership.POM - Username field is visible
16:04:43.527 [TestNG-test=Test-1] INFO  Dealership.POM - Password field is visible
16:04:43.790 [TestNG-test=Test-1] INFO  Dealership.POM - Login Button is visible
16:04:58.866 [TestNG-test=Test-1] INFO  Dealership.POM - Login Button is clicked
16:05:24.037 [TestNG-test=Test-1] INFO  Dealership.POM - Customer_Orders tab is visible
16:05:24.187 [TestNG-test=Test-1] INFO  Dealership.POM - Active_Orders link is visible
16:11:15.913 [TestNG-test=Test-1] INFO  Dealership.POM - The page title is - Blackpurl
16:11:17.222 [TestNG-test=Test-1] FATAL Dealership.POM - Test Failed - screenshot captured for Method : Customer_Orders
16:11:17.232 [TestNG-test=Test-1] INFO  Dealership.POM - Running Test : Activity_Feed
16:11:24.930 [TestNG-test=Test-1] INFO  Dealership.POM - Windows maximized
16:11:28.744 [TestNG-test=Test-1] INFO  Dealership.POM - URL entered
16:11:28.843 [TestNG-test=Test-1] INFO  Dealership.POM - Username field is visible
16:11:29.588 [TestNG-test=Test-1] INFO  Dealership.POM - Password field is visible
16:11:30.470 [TestNG-test=Test-1] INFO  Dealership.POM - Login Button is visible
16:12:03.346 [TestNG-test=Test-1] INFO  Dealership.POM - Login Button is clicked
16:12:28.408 [TestNG-test=Test-1] INFO  Dealership.POM - Activity_Feed tab is visible
16:12:28.448 [TestNG-test=Test-1] INFO  Dealership.POM - MyActivity link is visible
16:12:28.534 [TestNG-test=Test-1] INFO  Dealership.POM - MyActivity link is clickable
16:12:28.582 [TestNG-test=Test-1] INFO  Dealership.POM - StoreActivity link is visible
16:12:28.669 [TestNG-test=Test-1] INFO  Dealership.POM - StoreActivity link is clickable
16:12:28.670 [TestNG-test=Test-1] INFO  Dealership.POM - Test case Activity_Feed passes successfully
16:14:55.323 [TestNG-test=Test-1] INFO  Dealership.POM - Running Test : AddCustomer
16:15:01.427 [TestNG-test=Test-1] INFO  Dealership.POM - Windows maximized
16:15:04.744 [TestNG-test=Test-1] INFO  Dealership.POM - URL entered
16:15:04.928 [TestNG-test=Test-1] INFO  Dealership.POM - Username field is visible
16:15:05.273 [TestNG-test=Test-1] INFO  Dealership.POM - Password field is visible
16:15:05.457 [TestNG-test=Test-1] INFO  Dealership.POM - Login Button is visible
16:15:05.555 [TestNG-test=Test-1] INFO  Dealership.POM - Login Button is clicked
16:15:30.653 [TestNG-test=Test-1] INFO  Dealership.POM - Addnew button is displayed
16:15:30.737 [TestNG-test=Test-1] INFO  Dealership.POM - Addnew button is clicked
16:15:30.831 [TestNG-test=Test-1] INFO  Dealership.POM - Customer button is displayed
16:15:30.973 [TestNG-test=Test-1] INFO  Dealership.POM - Customer button is clicked
16:15:41.291 [TestNG-test=Test-1] FATAL Dealership.POM - Test Failed - screenshot captured for Method : AddCustomer
16:15:41.300 [TestNG-test=Test-1] INFO  Dealership.POM - Running Test : AddVendor
16:15:44.626 [TestNG-test=Test-1] INFO  Dealership.POM - Windows maximized
16:15:47.855 [TestNG-test=Test-1] INFO  Dealership.POM - URL entered
16:15:47.930 [TestNG-test=Test-1] INFO  Dealership.POM - Username field is visible
16:15:48.095 [TestNG-test=Test-1] INFO  Dealership.POM - Password field is visible
16:15:48.221 [TestNG-test=Test-1] INFO  Dealership.POM - Login Button is visible
16:16:02.135 [TestNG-test=Test-1] INFO  Dealership.POM - Login Button is clicked
16:16:27.236 [TestNG-test=Test-1] INFO  Dealership.POM - Addnew button is displayed
16:16:27.320 [TestNG-test=Test-1] INFO  Dealership.POM - Addnew button is clicked
16:16:27.388 [TestNG-test=Test-1] INFO  Dealership.POM - Vendor button is displayed
16:16:27.504 [TestNG-test=Test-1] INFO  Dealership.POM - Vendor button is clicked
16:16:37.593 [TestNG-test=Test-1] INFO  Dealership.POM - Vendor creation window is opened
16:16:37.973 [TestNG-test=Test-1] INFO  Dealership.POM - Company name is entered
16:16:39.179 [TestNG-test=Test-1] INFO  Dealership.POM - Vendor Account Number is entered
16:16:39.483 [TestNG-test=Test-1] INFO  Dealership.POM - Work Email is entered
16:16:39.530 [TestNG-test=Test-1] INFO  Dealership.POM - Phone number field is visible
16:16:39.703 [TestNG-test=Test-1] INFO  Dealership.POM - Phone number  is filled
16:16:39.822 [TestNG-test=Test-1] INFO  Dealership.POM - Billingaddress field is visible
16:16:40.230 [TestNG-test=Test-1] INFO  Dealership.POM - Billingaddress  is filled
16:16:40.405 [TestNG-test=Test-1] INFO  Dealership.POM - City Name is selected
16:16:40.681 [TestNG-test=Test-1] INFO  Dealership.POM - Billing State is selected
16:16:40.889 [TestNG-test=Test-1] INFO  Dealership.POM - Billing Country is selected
16:16:41.093 [TestNG-test=Test-1] INFO  Dealership.POM - Postcode is selected
16:16:41.371 [TestNG-test=Test-1] INFO  Dealership.POM - PurchaseTaxLevel is selected
16:16:41.606 [TestNG-test=Test-1] INFO  Dealership.POM - VendorAccountTypeIcon is selected
16:16:41.652 [TestNG-test=Test-1] INFO  Dealership.POM - Save button is displayed
16:16:41.748 [TestNG-test=Test-1] INFO  Dealership.POM - Save button is clicked
16:16:52.302 [TestNG-test=Test-1] INFO  Dealership.POM - email is entered in searchbox
16:17:02.405 [TestNG-test=Test-1] INFO  Dealership.POM - the text is qavendor-21_12_202104_14_55@gmail.com
16:17:02.416 [TestNG-test=Test-1] INFO  Dealership.POM - User is successfully created
16:17:02.417 [TestNG-test=Test-1] INFO  Dealership.POM - Test case AddVendor passes successfully
16:17:02.420 [TestNG-test=Test-1] INFO  Dealership.POM - Running Test : AddPart
16:17:08.153 [TestNG-test=Test-1] INFO  Dealership.POM - Windows maximized
16:17:11.092 [TestNG-test=Test-1] INFO  Dealership.POM - URL entered
16:17:11.156 [TestNG-test=Test-1] INFO  Dealership.POM - Username field is visible
16:17:11.375 [TestNG-test=Test-1] INFO  Dealership.POM - Password field is visible
16:17:11.614 [TestNG-test=Test-1] INFO  Dealership.POM - Login Button is visible
16:17:12.071 [TestNG-test=Test-1] INFO  Dealership.POM - Login Button is clicked
16:17:41.887 [TestNG-test=Test-1] INFO  Dealership.POM - Addnew button is displayed
16:17:41.980 [TestNG-test=Test-1] INFO  Dealership.POM - Addnew button is clicked
16:17:42.052 [TestNG-test=Test-1] INFO  Dealership.POM - Part button is displayed
16:17:42.165 [TestNG-test=Test-1] INFO  Dealership.POM - Part button is clicked
16:17:47.251 [TestNG-test=Test-1] INFO  Dealership.POM - Part creation window is opened
16:17:47.289 [TestNG-test=Test-1] INFO  Dealership.POM - Part number field is displayed
16:17:47.686 [TestNG-test=Test-1] INFO  Dealership.POM - Part number is entered
16:17:47.735 [TestNG-test=Test-1] INFO  Dealership.POM - Part Description field is displayed
16:17:48.037 [TestNG-test=Test-1] INFO  Dealership.POM - Part Description is entered
16:17:48.161 [TestNG-test=Test-1] INFO  Dealership.POM - Vendor_Input field is displayed
16:17:58.714 [TestNG-test=Test-1] INFO  Dealership.POM - Vendor_Input is entered
16:17:58.756 [TestNG-test=Test-1] INFO  Dealership.POM - Mfg Part field is displayed
16:17:58.925 [TestNG-test=Test-1] INFO  Dealership.POM - Mfg Part is entered
16:17:58.978 [TestNG-test=Test-1] INFO  Dealership.POM - SKU Number field is displayed
16:17:59.165 [TestNG-test=Test-1] INFO  Dealership.POM - SKU Number is entered
16:17:59.211 [TestNG-test=Test-1] INFO  Dealership.POM - Category_Input field is displayed
16:18:06.505 [TestNG-test=Test-1] INFO  Dealership.POM - Category_Input is entered
16:18:06.549 [TestNG-test=Test-1] INFO  Dealership.POM - Tagsfield is displayed
16:18:06.781 [TestNG-test=Test-1] INFO  Dealership.POM - Tag is selected
16:18:06.851 [TestNG-test=Test-1] INFO  Dealership.POM - Qty field is displayed
16:18:07.011 [TestNG-test=Test-1] INFO  Dealership.POM - Qty is entered
16:18:07.056 [TestNG-test=Test-1] INFO  Dealership.POM - MSRP field is displayed
16:18:07.189 [TestNG-test=Test-1] INFO  Dealership.POM - MSRP is entered
16:18:07.240 [TestNG-test=Test-1] INFO  Dealership.POM - Retail field is displayed
16:18:07.403 [TestNG-test=Test-1] INFO  Dealership.POM - Retail is entered
16:18:07.450 [TestNG-test=Test-1] INFO  Dealership.POM - SalePrice field is displayed
16:18:07.620 [TestNG-test=Test-1] INFO  Dealership.POM - SalePrice is entered
16:18:07.678 [TestNG-test=Test-1] INFO  Dealership.POM - Environmental Fee field is displayed
16:18:07.837 [TestNG-test=Test-1] INFO  Dealership.POM - Environmental Fee is entered
16:18:07.900 [TestNG-test=Test-1] INFO  Dealership.POM - Part Save Button  is displayed
16:18:08.010 [TestNG-test=Test-1] INFO  Dealership.POM - save button is clicked
16:18:28.443 [TestNG-test=Test-1] INFO  Dealership.POM - New Part Name is entered in searchbox
16:18:33.535 [TestNG-test=Test-1] INFO  Dealership.POM - the text is Part-21_12_202104_14_55 - Test Description
16:18:33.545 [TestNG-test=Test-1] INFO  Dealership.POM - part is successfully created
16:18:33.545 [TestNG-test=Test-1] INFO  Dealership.POM - Test case AddPart passes successfully
16:18:33.549 [TestNG-test=Test-1] INFO  Dealership.POM - Running Test : AddLabor
16:18:36.986 [TestNG-test=Test-1] INFO  Dealership.POM - Windows maximized
16:18:40.287 [TestNG-test=Test-1] INFO  Dealership.POM - URL entered
16:18:40.345 [TestNG-test=Test-1] INFO  Dealership.POM - Username field is visible
16:18:40.543 [TestNG-test=Test-1] INFO  Dealership.POM - Password field is visible
16:18:41.150 [TestNG-test=Test-1] INFO  Dealership.POM - Login Button is visible
16:19:12.117 [TestNG-test=Test-1] INFO  Dealership.POM - Login Button is clicked
16:19:37.185 [TestNG-test=Test-1] INFO  Dealership.POM - Addnew button is displayed
16:19:37.273 [TestNG-test=Test-1] INFO  Dealership.POM - Addnew button is clicked
16:19:37.335 [TestNG-test=Test-1] INFO  Dealership.POM - Labor button is displayed
16:19:37.453 [TestNG-test=Test-1] INFO  Dealership.POM - Labor button is clicked
16:19:42.538 [TestNG-test=Test-1] INFO  Dealership.POM - Labor creation window is opened
16:19:42.579 [TestNG-test=Test-1] INFO  Dealership.POM - Labor code field is displayed
16:19:42.828 [TestNG-test=Test-1] INFO  Dealership.POM - labor code is entered
16:19:42.874 [TestNG-test=Test-1] INFO  Dealership.POM - Description field is displayed
16:19:43.090 [TestNG-test=Test-1] INFO  Dealership.POM - Description is entered
16:19:43.133 [TestNG-test=Test-1] INFO  Dealership.POM - Hours field is displayed
16:19:43.246 [TestNG-test=Test-1] INFO  Dealership.POM - Hours entered
16:19:43.295 [TestNG-test=Test-1] INFO  Dealership.POM - Rate field is displayed
16:19:43.414 [TestNG-test=Test-1] INFO  Dealership.POM - Rate entered
16:19:43.461 [TestNG-test=Test-1] INFO  Dealership.POM - Category_Input field is displayed
16:19:53.761 [TestNG-test=Test-1] INFO  Dealership.POM - Category_Input entered
16:19:58.826 [TestNG-test=Test-1] INFO  Dealership.POM - FormsTag field is displayed
16:19:58.923 [TestNG-test=Test-1] INFO  Dealership.POM - FormsTag is entered
16:19:58.994 [TestNG-test=Test-1] INFO  Dealership.POM - selectTag field is displayed
16:19:59.070 [TestNG-test=Test-1] INFO  Dealership.POM - selectTag is entered
16:19:59.133 [TestNG-test=Test-1] INFO  Dealership.POM - Applicabletax field is displayed
16:19:59.296 [TestNG-test=Test-1] INFO  Dealership.POM - Applicabletax is entered
16:19:59.343 [TestNG-test=Test-1] INFO  Dealership.POM - SaveButton is displayed
16:19:59.448 [TestNG-test=Test-1] INFO  Dealership.POM - SaveButton is clicked
16:19:59.896 [TestNG-test=Test-1] INFO  Dealership.POM - Labor Name is entered in searchbox
16:20:05.003 [TestNG-test=Test-1] INFO  Dealership.POM - the text is qalabor-21_12_202104_14_55 - Test Description
16:20:05.015 [TestNG-test=Test-1] INFO  Dealership.POM - Labor is successfully created
16:20:05.015 [TestNG-test=Test-1] INFO  Dealership.POM - Test case AddLabor passes successfully
16:20:05.019 [TestNG-test=Test-1] INFO  Dealership.POM - Running Test : AddKit
16:20:08.325 [TestNG-test=Test-1] INFO  Dealership.POM - Windows maximized
16:20:11.304 [TestNG-test=Test-1] INFO  Dealership.POM - URL entered
16:20:11.405 [TestNG-test=Test-1] INFO  Dealership.POM - Username field is visible
16:20:11.847 [TestNG-test=Test-1] INFO  Dealership.POM - Password field is visible
16:20:11.973 [TestNG-test=Test-1] INFO  Dealership.POM - Login Button is visible
16:20:26.232 [TestNG-test=Test-1] INFO  Dealership.POM - Login Button is clicked
16:20:51.327 [TestNG-test=Test-1] INFO  Dealership.POM - Addnew button is displayed
16:20:51.409 [TestNG-test=Test-1] INFO  Dealership.POM - Addnew button is clicked
16:20:51.466 [TestNG-test=Test-1] INFO  Dealership.POM - Kit button is displayed
16:20:51.572 [TestNG-test=Test-1] INFO  Dealership.POM - Kit button is clicked
16:20:56.644 [TestNG-test=Test-1] INFO  Dealership.POM - Kit header is displayed
16:20:56.673 [TestNG-test=Test-1] INFO  Dealership.POM - Kit creation window is opened
16:20:56.719 [TestNG-test=Test-1] INFO  Dealership.POM - KitCode is displayed
16:20:56.976 [TestNG-test=Test-1] INFO  Dealership.POM - Kit code is entered
16:20:57.021 [TestNG-test=Test-1] INFO  Dealership.POM - Description field is displayed
16:20:57.173 [TestNG-test=Test-1] INFO  Dealership.POM - Kit Description is entered
16:20:57.211 [TestNG-test=Test-1] INFO  Dealership.POM - Service kit chechbox is displayed
16:20:57.299 [TestNG-test=Test-1] INFO  Dealership.POM - Service kit chechbox is clicked
16:20:58.354 [TestNG-test=Test-1] INFO  Dealership.POM - Concern field is displayed
16:20:58.534 [TestNG-test=Test-1] INFO  Dealership.POM - Concern is filled
16:20:58.583 [TestNG-test=Test-1] INFO  Dealership.POM - Cause field is displayed
16:20:58.765 [TestNG-test=Test-1] INFO  Dealership.POM - Cause is filled
16:20:58.806 [TestNG-test=Test-1] INFO  Dealership.POM - Correction field is displayed
16:20:59.017 [TestNG-test=Test-1] INFO  Dealership.POM - Correction is filled
16:20:59.062 [TestNG-test=Test-1] INFO  Dealership.POM - Make field is displayed
16:21:04.263 [TestNG-test=Test-1] INFO  Dealership.POM - Make is filled
16:21:04.321 [TestNG-test=Test-1] INFO  Dealership.POM - Model field is displayed
16:21:09.488 [TestNG-test=Test-1] INFO  Dealership.POM - Model is filled
16:21:09.540 [TestNG-test=Test-1] INFO  Dealership.POM - SubModel field is displayed
16:21:14.741 [TestNG-test=Test-1] INFO  Dealership.POM - SubModel is filled
16:21:19.802 [TestNG-test=Test-1] INFO  Dealership.POM - Save button is displayed
16:21:19.868 [TestNG-test=Test-1] INFO  Dealership.POM - Save button is clicked
16:21:30.299 [TestNG-test=Test-1] INFO  Dealership.POM - Kit Name is entered in searchbox
16:21:35.390 [TestNG-test=Test-1] INFO  Dealership.POM - the text is qakit-21_12_202104_14_55 - Test Description
16:21:35.404 [TestNG-test=Test-1] INFO  Dealership.POM - Kit is successfully created
16:21:35.404 [TestNG-test=Test-1] INFO  Dealership.POM - Test case AddKit passes successfully
16:21:35.408 [TestNG-test=Test-1] INFO  Dealership.POM - Running Test : AddFee
16:21:38.665 [TestNG-test=Test-1] INFO  Dealership.POM - Windows maximized
16:21:42.020 [TestNG-test=Test-1] INFO  Dealership.POM - URL entered
16:21:42.087 [TestNG-test=Test-1] INFO  Dealership.POM - Username field is visible
16:21:42.344 [TestNG-test=Test-1] INFO  Dealership.POM - Password field is visible
16:21:42.660 [TestNG-test=Test-1] INFO  Dealership.POM - Login Button is visible
16:21:58.341 [TestNG-test=Test-1] INFO  Dealership.POM - Login Button is clicked
16:22:23.465 [TestNG-test=Test-1] INFO  Dealership.POM - Addnew button is displayed
16:22:23.579 [TestNG-test=Test-1] INFO  Dealership.POM - Addnew button is clicked
16:22:23.637 [TestNG-test=Test-1] INFO  Dealership.POM - Fee button is displayed
16:22:23.719 [TestNG-test=Test-1] INFO  Dealership.POM - Fee button is clicked
16:22:28.778 [TestNG-test=Test-1] INFO  Dealership.POM - Fee header is displayed
16:22:28.802 [TestNG-test=Test-1] INFO  Dealership.POM - Fee creation window is opened
16:22:28.995 [TestNG-test=Test-1] INFO  Dealership.POM - Fee type is selected
16:22:29.034 [TestNG-test=Test-1] INFO  Dealership.POM - FeetxtCode field is displayed
16:22:29.288 [TestNG-test=Test-1] INFO  Dealership.POM - Fee code is entered
16:22:29.331 [TestNG-test=Test-1] INFO  Dealership.POM - Fee Description field is displayed
16:22:29.557 [TestNG-test=Test-1] INFO  Dealership.POM - Fee Description is entered
16:22:29.602 [TestNG-test=Test-1] INFO  Dealership.POM - Fee Price field is displayed
16:22:29.761 [TestNG-test=Test-1] INFO  Dealership.POM - Fee Price is entered
16:22:29.806 [TestNG-test=Test-1] INFO  Dealership.POM - CategoryName_Input field is displayed
16:22:35.123 [TestNG-test=Test-1] INFO  Dealership.POM - CategoryName_List is entered
16:22:35.165 [TestNG-test=Test-1] INFO  Dealership.POM - Tags field is displayed
16:22:38.442 [TestNG-test=Test-1] INFO  Dealership.POM - Tag is selected
16:22:38.541 [TestNG-test=Test-1] INFO  Dealership.POM - Fee is taxable
16:22:43.804 [TestNG-test=Test-1] INFO  Dealership.POM - Applicable_tax is selected
16:22:43.941 [TestNG-test=Test-1] INFO  Dealership.POM - Save button is clicked
16:22:54.288 [TestNG-test=Test-1] INFO  Dealership.POM - Fee Name is entered in searchbox
16:23:04.370 [TestNG-test=Test-1] INFO  Dealership.POM - the text is qafee-21_12_202104_14_55 - Test Description
16:23:04.381 [TestNG-test=Test-1] INFO  Dealership.POM - Fee is successfully created
16:23:04.381 [TestNG-test=Test-1] INFO  Dealership.POM - Test case AddFee passes successfully
16:23:04.383 [TestNG-test=Test-1] INFO  Dealership.POM - Running Test : AddUnit
16:23:07.927 [TestNG-test=Test-1] INFO  Dealership.POM - Windows maximized
16:23:10.853 [TestNG-test=Test-1] INFO  Dealership.POM - URL entered
16:23:10.964 [TestNG-test=Test-1] INFO  Dealership.POM - Username field is visible
16:23:11.163 [TestNG-test=Test-1] INFO  Dealership.POM - Password field is visible
16:23:11.318 [TestNG-test=Test-1] INFO  Dealership.POM - Login Button is visible
16:23:27.074 [TestNG-test=Test-1] INFO  Dealership.POM - Login Button is clicked
16:23:52.167 [TestNG-test=Test-1] INFO  Dealership.POM - Addnew button is displayed
16:23:52.251 [TestNG-test=Test-1] INFO  Dealership.POM - Addnew button is clicked
16:23:52.303 [TestNG-test=Test-1] INFO  Dealership.POM - Stock Unit button is displayed
16:23:52.394 [TestNG-test=Test-1] INFO  Dealership.POM - Stock Unit button is clicked
16:23:57.461 [TestNG-test=Test-1] INFO  Dealership.POM - Stock Unit header is displayed
16:23:57.487 [TestNG-test=Test-1] INFO  Dealership.POM - Stock Unit creation window is opened
16:23:57.530 [TestNG-test=Test-1] INFO  Dealership.POM - VIN Field Id is displayed
16:23:58.340 [TestNG-test=Test-1] INFO  Dealership.POM - VIN Field Id is filled
16:24:03.394 [TestNG-test=Test-1] INFO  Dealership.POM - Make field is displayed
16:24:08.747 [TestNG-test=Test-1] INFO  Dealership.POM - Make is filled
16:24:08.791 [TestNG-test=Test-1] INFO  Dealership.POM - Model field is displayed
16:24:14.035 [TestNG-test=Test-1] INFO  Dealership.POM - Model is filled
16:24:14.081 [TestNG-test=Test-1] INFO  Dealership.POM - SubModel field is displayed
16:24:19.379 [TestNG-test=Test-1] INFO  Dealership.POM - SubModel is filled
16:24:24.618 [TestNG-test=Test-1] INFO  Dealership.POM - Year is selected
16:24:24.661 [TestNG-test=Test-1] INFO  Dealership.POM - New_unit flag is displayed
16:24:24.726 [TestNG-test=Test-1] INFO  Dealership.POM - New_unit flag is on
16:24:24.772 [TestNG-test=Test-1] INFO  Dealership.POM - Exterior_colour field is displayed
16:24:24.926 [TestNG-test=Test-1] INFO  Dealership.POM - Exterior_colour is selected
16:24:24.970 [TestNG-test=Test-1] INFO  Dealership.POM - Stock ID field is displayed
16:24:25.242 [TestNG-test=Test-1] INFO  Dealership.POM - Stock ID is selected
16:24:25.294 [TestNG-test=Test-1] INFO  Dealership.POM - Cost field is displayed
16:24:25.461 [TestNG-test=Test-1] INFO  Dealership.POM - Cost is selected
16:24:25.528 [TestNG-test=Test-1] INFO  Dealership.POM - Price field is displayed
16:24:25.682 [TestNG-test=Test-1] INFO  Dealership.POM - Price is selected
16:24:25.869 [TestNG-test=Test-1] INFO  Dealership.POM - UnitApplicable_tax is selected
16:24:25.912 [TestNG-test=Test-1] INFO  Dealership.POM - TagInputBox is displayed
16:24:28.070 [TestNG-test=Test-1] INFO  Dealership.POM - Taginputlist is displayed
16:24:28.145 [TestNG-test=Test-1] INFO  Dealership.POM - Taginputlist is selected
16:24:28.191 [TestNG-test=Test-1] INFO  Dealership.POM - Save Button is displayed
16:24:28.268 [TestNG-test=Test-1] INFO  Dealership.POM - Save Button is selected
16:24:38.666 [TestNG-test=Test-1] INFO  Dealership.POM - Unit Name is entered in searchbox
16:24:48.754 [TestNG-test=Test-1] INFO  Dealership.POM - the text is qaunit-21_12_202104_14_55
16:24:48.765 [TestNG-test=Test-1] INFO  Dealership.POM - Unit is successfully created
16:24:48.766 [TestNG-test=Test-1] INFO  Dealership.POM - Test case AddUnit passes successfully
16:24:48.771 [TestNG-test=Test-1] INFO  Dealership.POM - Running Test : StoreSummary
16:24:52.241 [TestNG-test=Test-1] INFO  Dealership.POM - Windows maximized
16:24:55.138 [TestNG-test=Test-1] INFO  Dealership.POM - URL entered
16:24:55.260 [TestNG-test=Test-1] INFO  Dealership.POM - Username field is visible
16:24:55.536 [TestNG-test=Test-1] INFO  Dealership.POM - Password field is visible
16:24:55.872 [TestNG-test=Test-1] INFO  Dealership.POM - Login Button is visible
16:25:10.709 [TestNG-test=Test-1] INFO  Dealership.POM - Login Button is clicked
16:25:35.789 [TestNG-test=Test-1] INFO  Dealership.POM - Store Summary tab is visible
16:25:35.844 [TestNG-test=Test-1] INFO  Dealership.POM - Today link is visible
16:25:35.964 [TestNG-test=Test-1] INFO  Dealership.POM - Today link is clickable
16:25:36.019 [TestNG-test=Test-1] INFO  Dealership.POM - Last_7_Days link is visible
16:25:36.114 [TestNG-test=Test-1] INFO  Dealership.POM - Last_7_Days link is clickable
