17:54:18.052 [main] INFO  Dealership.POM - Running Test : PartOrderReceiveInvoice
17:54:23.723 [main] INFO  Dealership.POM - Windows maximized
17:54:26.415 [main] INFO  Dealership.POM - URL entered
17:54:26.555 [main] INFO  Dealership.POM - Username field is visible
17:54:27.706 [main] INFO  Dealership.POM - Password field is visible
17:54:28.180 [main] INFO  Dealership.POM - Login Button is visible
17:54:43.701 [main] INFO  Dealership.POM - Login Button is clicked
17:54:58.850 [main] INFO  Dealership.POM - GlobalSearch is visible
17:55:15.755 [main] INFO  Dealership.POM - SearchResult is visible
17:55:15.866 [main] INFO  Dealership.POM - Part is selected
17:55:36.018 [main] INFO  Dealership.POM - 0 parts are instock
17:55:36.103 [main] INFO  Dealership.POM - Order link is visible
17:55:36.161 [main] INFO  Dealership.POM - Order link is clicked
17:55:36.330 [main] INFO  Dealership.POM - PartOrder link is visible
17:55:36.410 [main] INFO  Dealership.POM - PartOrder link is clicked
17:55:41.565 [main] INFO  Dealership.POM - Vendor_Input is visible
17:55:41.792 [main] INFO  Dealership.POM - Vendor_Input is filled
17:55:43.445 [main] INFO  Dealership.POM - SearchResult is visible
17:55:43.538 [main] INFO  Dealership.POM - SearchResult is selected
17:55:57.189 [main] INFO  Dealership.POM - AddItems link is visible
17:55:57.275 [main] INFO  Dealership.POM - AddItems link is clicked
17:55:57.323 [main] INFO  Dealership.POM - SearchPart field is visible
17:55:57.525 [main] INFO  Dealership.POM - Part Name is entered
17:56:02.943 [main] INFO  Dealership.POM - PartName is visible
17:56:03.006 [main] INFO  Dealership.POM - PartName is selected
17:56:13.233 [main] FATAL Dealership.POM - Test Failed - screenshot captured for Method : PartOrderReceiveInvoice
17:56:19.421 [main] INFO  Dealership.POM - Running Test : PartOrderfromCO
17:56:23.942 [main] INFO  Dealership.POM - Windows maximized
17:56:26.016 [main] INFO  Dealership.POM - URL entered
17:56:26.133 [main] INFO  Dealership.POM - Username field is visible
17:56:26.322 [main] INFO  Dealership.POM - Password field is visible
17:56:26.457 [main] INFO  Dealership.POM - Login Button is visible
17:56:51.886 [main] INFO  Dealership.POM - Login Button is clicked
17:57:31.137 [main] INFO  Dealership.POM - Running Test : SpecialOrder
17:57:35.628 [main] INFO  Dealership.POM - Windows maximized
18:31:22.825 [main] INFO  Dealership.POM - Running Test : SingleUnitOrder
18:31:30.861 [main] INFO  Dealership.POM - Windows maximized
18:31:34.670 [main] INFO  Dealership.POM - URL entered
18:31:34.749 [main] INFO  Dealership.POM - Username field is visible
18:31:34.909 [main] INFO  Dealership.POM - Password field is visible
18:31:35.037 [main] INFO  Dealership.POM - Login Button is visible
18:32:06.848 [main] INFO  Dealership.POM - Login Button is clicked
18:32:21.967 [main] INFO  Dealership.POM - Order link is visible
18:32:22.045 [main] INFO  Dealership.POM - Order link is clicked
18:32:22.326 [main] INFO  Dealership.POM - UnitOrder link is visible
18:32:22.418 [main] INFO  Dealership.POM - UnitOrder link is clicked
18:32:28.284 [main] INFO  Dealership.POM - FirstVendor link is visible
18:32:33.413 [main] INFO  Dealership.POM - Orderunit Button is visible
18:32:33.529 [main] INFO  Dealership.POM - Orderunit Button is clicked
18:32:39.276 [main] INFO  Dealership.POM - MakeField is visible
18:32:44.069 [main] FATAL Dealership.POM - Test Failed - screenshot captured for Method : SingleUnitOrder
18:32:50.882 [main] INFO  Dealership.POM - Running Test : BulkUnitOrder
18:33:35.197 [main] INFO  Dealership.POM - Running Test : SingleUnitOrder
18:33:45.331 [main] INFO  Dealership.POM - Windows maximized
18:33:47.454 [main] INFO  Dealership.POM - URL entered
18:33:47.661 [main] INFO  Dealership.POM - Username field is visible
18:33:48.044 [main] INFO  Dealership.POM - Password field is visible
18:33:49.002 [main] INFO  Dealership.POM - Login Button is visible
18:33:49.126 [main] INFO  Dealership.POM - Login Button is clicked
18:34:05.268 [main] FATAL Dealership.POM - Test Failed - screenshot captured for Method : SingleUnitOrder
18:34:11.262 [main] INFO  Dealership.POM - Running Test : BulkUnitOrder
18:34:15.899 [main] INFO  Dealership.POM - Windows maximized
18:34:19.335 [main] INFO  Dealership.POM - URL entered
18:34:19.406 [main] INFO  Dealership.POM - Username field is visible
18:34:19.650 [main] INFO  Dealership.POM - Password field is visible
18:34:19.842 [main] INFO  Dealership.POM - Login Button is visible
18:34:34.738 [main] INFO  Dealership.POM - Login Button is clicked
18:34:49.877 [main] INFO  Dealership.POM - Order link is visible
18:34:49.964 [main] INFO  Dealership.POM - Order link is clicked
18:34:50.465 [main] INFO  Dealership.POM - UnitOrder link is visible
18:34:50.571 [main] INFO  Dealership.POM - UnitOrder link is clicked
18:34:56.928 [main] INFO  Dealership.POM - FirstVendor link is visible
18:35:02.072 [main] INFO  Dealership.POM - Orderunit Button is visible
18:35:02.146 [main] INFO  Dealership.POM - Orderunit Button is clicked
18:35:05.490 [main] INFO  Dealership.POM - MakeField is visible
18:35:09.995 [main] INFO  Dealership.POM - MakeFieldDropdown is visible
18:35:10.312 [main] INFO  Dealership.POM - MakeField is filled
18:35:10.369 [main] INFO  Dealership.POM - Model Field is visible
18:35:14.535 [main] INFO  Dealership.POM - ModelFieldDropdown is visible
18:35:14.648 [main] INFO  Dealership.POM - ModelField is filled
18:35:14.705 [main] INFO  Dealership.POM - SubModel Field is visible
18:35:18.885 [main] INFO  Dealership.POM - SubModelFieldDropdown is visible
18:35:18.988 [main] INFO  Dealership.POM - SubModelField is filled
18:35:19.046 [main] INFO  Dealership.POM - YearUnitOrdering Field is visible
18:35:19.184 [main] INFO  Dealership.POM - YearDropdown is visible
18:35:19.272 [main] INFO  Dealership.POM - Year is selected
18:35:19.321 [main] INFO  Dealership.POM - ConditionUnitOrdering Field is visible
18:35:19.451 [main] INFO  Dealership.POM - ConditionDropdown is visible
18:35:19.529 [main] INFO  Dealership.POM - Condition is selected
18:35:19.583 [main] INFO  Dealership.POM - Colorfiled is visible
18:35:19.698 [main] INFO  Dealership.POM - Colorfiled is selected
18:35:19.738 [main] INFO  Dealership.POM - Factoryfiled is visible
18:35:19.885 [main] INFO  Dealership.POM - Factoryfiled is filled
18:35:19.926 [main] INFO  Dealership.POM - CategoryUnitOrdering Field is visible
18:35:20.055 [main] INFO  Dealership.POM - CategoryDropdown is visible
18:35:20.169 [main] INFO  Dealership.POM - CategoryDropdown is selected
18:35:25.252 [main] INFO  Dealership.POM - OrderedDateUnitOrdering Field is visible
18:35:30.464 [main] INFO  Dealership.POM - OrderDate is visible
18:35:30.579 [main] INFO  Dealership.POM - OrderDate is selected
18:35:30.636 [main] INFO  Dealership.POM - ExpectedDateUnitOrdering Field is visible
18:35:35.802 [main] INFO  Dealership.POM - ExpectDate is visible
18:35:35.876 [main] INFO  Dealership.POM - ExpectDate is selected
18:35:35.937 [main] INFO  Dealership.POM - BaseUnitPrice is visible
18:35:36.104 [main] INFO  Dealership.POM - BaseUnitPrice is filled
18:35:36.145 [main] INFO  Dealership.POM - BaseUnitCost is visible
18:35:36.297 [main] INFO  Dealership.POM - BaseUnitCost is filled
18:35:36.361 [main] INFO  Dealership.POM - AddPricing button is visible
18:35:36.451 [main] INFO  Dealership.POM - AddPricing button is clicked
18:35:46.572 [main] INFO  Dealership.POM - BulkOrder button is visible
18:35:48.003 [main] FATAL Dealership.POM - Test Failed - screenshot captured for Method : BulkUnitOrder
18:35:54.133 [main] INFO  Dealership.POM - Running Test : PartOrderReceiveInvoice
18:36:08.888 [main] INFO  Dealership.POM - Running Test : SingleUnitOrder
18:36:18.187 [main] INFO  Dealership.POM - Windows maximized
18:36:20.532 [main] INFO  Dealership.POM - URL entered
18:36:20.714 [main] INFO  Dealership.POM - Username field is visible
18:36:21.073 [main] INFO  Dealership.POM - Password field is visible
18:36:21.321 [main] INFO  Dealership.POM - Login Button is visible
18:36:37.010 [main] INFO  Dealership.POM - Login Button is clicked
18:36:52.175 [main] INFO  Dealership.POM - Order link is visible
18:36:52.274 [main] INFO  Dealership.POM - Order link is clicked
18:36:52.671 [main] INFO  Dealership.POM - UnitOrder link is visible
18:36:52.767 [main] INFO  Dealership.POM - UnitOrder link is clicked
18:37:18.267 [main] FATAL Dealership.POM - Test Failed - screenshot captured for Method : SingleUnitOrder
18:40:24.991 [main] INFO  Dealership.POM - Running Test : SingleUnitOrder
18:40:32.732 [main] INFO  Dealership.POM - Windows maximized
18:40:34.914 [main] INFO  Dealership.POM - URL entered
18:40:35.103 [main] INFO  Dealership.POM - Username field is visible
18:40:35.524 [main] INFO  Dealership.POM - Password field is visible
18:40:35.698 [main] INFO  Dealership.POM - Login Button is visible
18:40:51.318 [main] INFO  Dealership.POM - Login Button is clicked
18:41:06.591 [main] INFO  Dealership.POM - Order link is visible
18:41:06.724 [main] INFO  Dealership.POM - Order link is clicked
18:41:07.135 [main] INFO  Dealership.POM - UnitOrder link is visible
18:41:07.221 [main] INFO  Dealership.POM - UnitOrder link is clicked
18:41:13.387 [main] INFO  Dealership.POM - FirstVendor link is visible
18:41:18.560 [main] INFO  Dealership.POM - Orderunit Button is visible
18:41:18.668 [main] INFO  Dealership.POM - Orderunit Button is clicked
18:41:21.508 [main] INFO  Dealership.POM - MakeField is visible
18:41:26.059 [main] INFO  Dealership.POM - MakeFieldDropdown is visible
18:41:26.351 [main] INFO  Dealership.POM - MakeField is filled
18:41:26.401 [main] INFO  Dealership.POM - Model Field is visible
18:41:30.610 [main] INFO  Dealership.POM - ModelFieldDropdown is visible
18:41:30.702 [main] INFO  Dealership.POM - ModelField is filled
18:41:30.762 [main] INFO  Dealership.POM - SubModel Field is visible
18:41:34.951 [main] INFO  Dealership.POM - SubModelFieldDropdown is visible
18:41:35.091 [main] INFO  Dealership.POM - SubModelField is filled
18:41:35.151 [main] INFO  Dealership.POM - YearUnitOrdering Field is visible
18:41:35.290 [main] INFO  Dealership.POM - YearDropdown is visible
18:41:35.396 [main] INFO  Dealership.POM - Year is selected
18:41:35.451 [main] INFO  Dealership.POM - ConditionUnitOrdering Field is visible
18:41:35.587 [main] INFO  Dealership.POM - ConditionDropdown is visible
18:41:35.653 [main] INFO  Dealership.POM - Condition is selected
18:41:35.698 [main] INFO  Dealership.POM - Colorfiled is visible
18:41:35.815 [main] INFO  Dealership.POM - Colorfiled is selected
18:41:35.861 [main] INFO  Dealership.POM - Factoryfiled is visible
18:41:35.980 [main] INFO  Dealership.POM - Factoryfiled is filled
18:41:36.022 [main] INFO  Dealership.POM - StockNumber is visible
18:41:36.149 [main] INFO  Dealership.POM - StockNumber is filled
18:41:36.193 [main] INFO  Dealership.POM - CategoryUnitOrdering Field is visible
18:41:36.315 [main] INFO  Dealership.POM - CategoryDropdown is visible
18:41:36.396 [main] INFO  Dealership.POM - CategoryDropdown is selected
18:41:41.466 [main] INFO  Dealership.POM - OrderedDateUnitOrdering Field is visible
18:41:43.663 [main] INFO  Dealership.POM - OrderDate is visible
18:41:43.762 [main] INFO  Dealership.POM - OrderDate is selected
18:41:43.802 [main] INFO  Dealership.POM - ExpectedDateUnitOrdering Field is visible
18:41:45.933 [main] INFO  Dealership.POM - ExpectDate is visible
18:41:46.006 [main] INFO  Dealership.POM - ExpectDate is selected
18:41:46.065 [main] INFO  Dealership.POM - BaseUnitPrice is visible
18:41:46.261 [main] INFO  Dealership.POM - BaseUnitPrice is filled
18:41:46.375 [main] INFO  Dealership.POM - BaseUnitCost is visible
18:41:46.528 [main] INFO  Dealership.POM - BaseUnitCost is filled
18:41:46.574 [main] INFO  Dealership.POM - AddPricing button is visible
18:41:46.656 [main] INFO  Dealership.POM - AddPricing button is clicked
18:41:56.778 [main] INFO  Dealership.POM - Create Single Order Button is visible
18:41:56.848 [main] INFO  Dealership.POM - Create Single Order Button is clicked
18:42:12.226 [main] INFO  Dealership.POM - Orderunit is visible
18:42:12.322 [main] INFO  Dealership.POM - Orderunit is clicked
18:42:17.436 [main] INFO  Dealership.POM - Make is verified
18:42:17.471 [main] INFO  Dealership.POM - Model is verified
18:42:17.512 [main] INFO  Dealership.POM - SubModel is verified
18:42:17.561 [main] INFO  Dealership.POM - Print Button is visible
18:42:17.692 [main] INFO  Dealership.POM - Print Button is clicked
18:42:27.827 [main] INFO  Dealership.POM - Edit button is visible
18:42:28.175 [main] INFO  Dealership.POM - Edit button is clicked
18:42:33.224 [main] INFO  Dealership.POM - Save button is visible
18:42:33.303 [main] INFO  Dealership.POM - Save button is clicked
18:42:38.402 [main] INFO  Dealership.POM - Receive button is visible
18:42:38.479 [main] INFO  Dealership.POM - Receive button is clicked
18:42:41.995 [main] INFO  Dealership.POM - Model Name is verified
18:42:42.032 [main] INFO  Dealership.POM - VINField is visible
18:42:42.130 [main] INFO  Dealership.POM - VINField is filled
18:42:42.173 [main] INFO  Dealership.POM - InvoiceNumberField is visible
18:42:42.313 [main] INFO  Dealership.POM - InvoiceNumberField is filled
18:42:42.375 [main] INFO  Dealership.POM - InvoiceDateField is visible
18:42:42.523 [main] INFO  Dealership.POM - InvoiceDateField is filled
18:42:47.569 [main] INFO  Dealership.POM - InvoiceDate is visible
18:42:47.660 [main] INFO  Dealership.POM - InvoiceDate is selected
18:42:49.721 [main] INFO  Dealership.POM - ConfirmButton is visible
18:42:49.817 [main] INFO  Dealership.POM - ConfirmButton is selected
18:43:08.435 [main] INFO  Dealership.POM - ReceivedUnit is visible
18:43:08.482 [main] INFO  Dealership.POM - UNTNumber is [[ChromeDriver: chrome on WINDOWS (724ac97aa3e72dc534e2a9b1610e10df)] -> xpath: //tr/td/span[contains(text(),'UNT')]]
18:43:08.486 [main] INFO  Dealership.POM - Test case SingleUnitOrder passes successfully
18:43:14.608 [main] INFO  Dealership.POM - Running Test : BulkUnitOrder
18:43:19.199 [main] INFO  Dealership.POM - Windows maximized
18:43:22.390 [main] INFO  Dealership.POM - URL entered
18:43:22.478 [main] INFO  Dealership.POM - Username field is visible
18:43:22.713 [main] INFO  Dealership.POM - Password field is visible
18:43:22.947 [main] INFO  Dealership.POM - Login Button is visible
18:43:23.074 [main] INFO  Dealership.POM - Login Button is clicked
18:43:45.741 [main] INFO  Dealership.POM - Order link is visible
18:43:45.928 [main] INFO  Dealership.POM - Order link is clicked
18:43:46.358 [main] INFO  Dealership.POM - UnitOrder link is visible
18:43:46.506 [main] INFO  Dealership.POM - UnitOrder link is clicked
18:43:56.782 [main] INFO  Dealership.POM - FirstVendor link is visible
18:43:59.046 [main] FATAL Dealership.POM - Test Failed - screenshot captured for Method : BulkUnitOrder
18:44:05.562 [main] INFO  Dealership.POM - Running Test : PartOrderReceiveInvoice
18:44:10.892 [main] INFO  Dealership.POM - Windows maximized
18:44:14.066 [main] INFO  Dealership.POM - URL entered
18:44:14.134 [main] INFO  Dealership.POM - Username field is visible
18:44:14.328 [main] INFO  Dealership.POM - Password field is visible
18:44:14.494 [main] INFO  Dealership.POM - Login Button is visible
18:44:29.971 [main] INFO  Dealership.POM - Login Button is clicked
18:44:45.089 [main] INFO  Dealership.POM - GlobalSearch is visible
18:44:48.905 [main] INFO  Dealership.POM - SearchResult is visible
18:44:49.019 [main] INFO  Dealership.POM - Part is selected
18:46:49.399 [main] FATAL Dealership.POM - Test Failed - screenshot captured for Method : PartOrderReceiveInvoice
18:46:55.537 [main] INFO  Dealership.POM - Running Test : PartOrderfromCO
18:47:02.230 [main] INFO  Dealership.POM - Windows maximized
18:47:07.116 [main] INFO  Dealership.POM - URL entered
18:47:07.198 [main] INFO  Dealership.POM - Username field is visible
18:47:07.387 [main] INFO  Dealership.POM - Password field is visible
18:47:07.527 [main] INFO  Dealership.POM - Login Button is visible
18:48:20.284 [main] INFO  Dealership.POM - Login Button is clicked
18:48:35.350 [main] INFO  Dealership.POM - Sell link is visible
18:48:36.596 [main] INFO  Dealership.POM - Sell link is clickable
18:48:36.781 [main] INFO  Dealership.POM - Select Customer Dropdown is visible
18:48:39.216 [main] INFO  Dealership.POM - Select Customer Field is visible
18:48:52.795 [main] INFO  Dealership.POM - CustomerInfo is visible
18:49:13.351 [main] FATAL Dealership.POM - Test Failed - screenshot captured for Method : PartOrderfromCO
18:49:19.468 [main] INFO  Dealership.POM - Running Test : SpecialOrder
18:49:23.820 [main] INFO  Dealership.POM - Windows maximized
18:49:26.011 [main] INFO  Dealership.POM - URL entered
18:49:26.135 [main] INFO  Dealership.POM - Username field is visible
18:49:26.429 [main] INFO  Dealership.POM - Password field is visible
18:49:26.672 [main] INFO  Dealership.POM - Login Button is visible
18:49:43.899 [main] INFO  Dealership.POM - Login Button is clicked
18:49:59.013 [main] INFO  Dealership.POM - Sell link is visible
18:50:00.593 [main] INFO  Dealership.POM - Sell link is clickable
18:50:01.481 [main] INFO  Dealership.POM - Sell Part tile is displayed
18:50:01.601 [main] INFO  Dealership.POM - Sell Part tile is clicked
18:50:02.248 [main] INFO  Dealership.POM - Searchbox is visible
18:50:02.287 [main] INFO  Dealership.POM - Searchbox is visible
18:50:04.703 [main] INFO  Dealership.POM - Merchentity is visible
18:50:04.789 [main] INFO  Dealership.POM - Merchentity is selected
18:50:05.494 [main] INFO  Dealership.POM - OversoldPopUpText is visible
18:50:05.539 [main] INFO  Dealership.POM - OversoldPopUpText is correct
18:50:05.593 [main] INFO  Dealership.POM - Create Special Order Action Btn is visible
18:50:05.750 [main] INFO  Dealership.POM - Create Special Order Action Btn is clicked
18:50:06.435 [main] INFO  Dealership.POM - Select Customer Field is visible
18:50:09.451 [main] INFO  Dealership.POM - CustomerInfo is visible
18:50:40.752 [main] INFO  Dealership.POM - The CONumber is CO-0004388
18:50:40.810 [main] INFO  Dealership.POM - Order link is visible
18:50:40.913 [main] INFO  Dealership.POM - Order link is clicked
18:50:41.133 [main] INFO  Dealership.POM - PartOrder link is visible
18:50:41.232 [main] INFO  Dealership.POM - PartOrder link is clicked
18:50:46.383 [main] INFO  Dealership.POM - Vendor_Input is visible
18:50:46.624 [main] INFO  Dealership.POM - Vendor_Input is filled
18:50:48.881 [main] INFO  Dealership.POM - SearchResult is visible
18:50:49.010 [main] INFO  Dealership.POM - SearchResult is selected
18:50:59.122 [main] INFO  Dealership.POM - PartCheckbox is visible
18:50:59.212 [main] INFO  Dealership.POM - PartCheckbox is selected
18:51:09.314 [main] INFO  Dealership.POM - AddSelectedButton is visible
18:51:09.409 [main] INFO  Dealership.POM - AddSelectedButton is clicked
18:51:14.508 [main] INFO  Dealership.POM - SubmitOrder button is visible
18:51:14.549 [main] INFO  Dealership.POM - SubmitOrder button is clicked
18:51:16.296 [main] INFO  Dealership.POM - The Status is On Order
18:51:16.343 [main] INFO  Dealership.POM - The Status is VO-00002148
18:51:16.442 [main] INFO  Dealership.POM - Order link is clicked
18:51:16.651 [main] INFO  Dealership.POM - PartReceiving link is visible
18:51:16.764 [main] INFO  Dealership.POM - PartReceiving link is clicked
18:51:21.892 [main] INFO  Dealership.POM - Vendor_Input is visible
18:51:22.100 [main] INFO  Dealership.POM - Vendor_Input is filled
18:51:23.461 [main] INFO  Dealership.POM - SearchResult is visible
18:51:23.539 [main] INFO  Dealership.POM - SearchResult is selected
18:51:49.597 [main] INFO  Dealership.POM - The Status is In Progress
18:51:49.634 [main] INFO  Dealership.POM - PackingSlipNumber is visible
18:51:49.716 [main] INFO  Dealership.POM - PackingSlipNumber is filled
18:51:49.752 [main] INFO  Dealership.POM - PartCheckbox is visible
18:51:49.828 [main] INFO  Dealership.POM - PartCheckbox is selected
18:51:59.891 [main] INFO  Dealership.POM - AddSelectedButton is visible
18:51:59.967 [main] INFO  Dealership.POM - AddSelectedButton is clicked
18:52:10.271 [main] FATAL Dealership.POM - Test Failed - screenshot captured for Method : SpecialOrder
18:52:16.339 [main] INFO  Dealership.POM - Running Test : Oversold
18:52:22.830 [main] INFO  Dealership.POM - Windows maximized
18:52:25.264 [main] INFO  Dealership.POM - URL entered
18:52:25.376 [main] INFO  Dealership.POM - Username field is visible
18:52:25.776 [main] INFO  Dealership.POM - Password field is visible
18:52:26.479 [main] INFO  Dealership.POM - Login Button is visible
18:52:43.218 [main] INFO  Dealership.POM - Login Button is clicked
18:52:59.111 [main] INFO  Dealership.POM - Sell link is visible
18:52:59.189 [main] INFO  Dealership.POM - Sell link is clickable
18:53:00.725 [main] INFO  Dealership.POM - Sell Part tile is displayed
18:53:00.815 [main] INFO  Dealership.POM - Sell Part tile is clicked
18:53:06.639 [main] INFO  Dealership.POM - Searchbox is visible
18:53:06.672 [main] INFO  Dealership.POM - Searchbox is visible
18:53:09.122 [main] INFO  Dealership.POM - Merchentity is visible
18:53:09.207 [main] INFO  Dealership.POM - Merchentity is selected
18:53:09.956 [main] INFO  Dealership.POM - OversoldPopUpText is visible
18:53:09.980 [main] INFO  Dealership.POM - OversoldPopUpText is correct
18:53:10.017 [main] INFO  Dealership.POM - Oversold Action Btn is visible
18:53:10.155 [main] INFO  Dealership.POM - Oversold Action Btn is clicked
18:53:16.934 [main] INFO  Dealership.POM - Checkout_Button is visible
18:53:42.815 [main] FATAL Dealership.POM - Test Failed - screenshot captured for Method : Oversold
18:53:48.971 [main] INFO  Dealership.POM - Running Test : PartReturn
18:53:53.434 [main] INFO  Dealership.POM - Windows maximized
18:53:57.632 [main] INFO  Dealership.POM - URL entered
18:53:57.717 [main] INFO  Dealership.POM - Username field is visible
18:53:57.933 [main] INFO  Dealership.POM - Password field is visible
18:53:58.158 [main] INFO  Dealership.POM - Login Button is visible
18:54:40.411 [main] INFO  Dealership.POM - Login Button is clicked
18:54:55.504 [main] INFO  Dealership.POM - GlobalSearch is visible
18:55:00.790 [main] INFO  Dealership.POM - SearchResult is visible
18:55:00.904 [main] INFO  Dealership.POM - Part is selected
18:55:21.118 [main] INFO  Dealership.POM - 0 parts are instock
18:55:21.203 [main] INFO  Dealership.POM - Order link is visible
18:55:21.257 [main] INFO  Dealership.POM - Order link is clicked
18:55:21.445 [main] INFO  Dealership.POM - PartReturn link is visible
18:55:21.544 [main] INFO  Dealership.POM - PartReturn link is clicked
18:55:27.280 [main] INFO  Dealership.POM - Vendor_Input is visible
18:55:27.495 [main] INFO  Dealership.POM - Vendor_Input is filled
18:55:29.166 [main] INFO  Dealership.POM - SearchResult is visible
18:55:29.254 [main] INFO  Dealership.POM - SearchResult is selected
18:55:34.531 [main] FATAL Dealership.POM - Test Failed - screenshot captured for Method : PartReturn
19:13:38.913 [main] INFO  Dealership.POM - Running Test : SingleUnitOrder
19:13:51.756 [main] INFO  Dealership.POM - Windows maximized
19:13:53.877 [main] INFO  Dealership.POM - URL entered
19:13:54.183 [main] INFO  Dealership.POM - Username field is visible
19:13:54.813 [main] INFO  Dealership.POM - Password field is visible
19:13:55.515 [main] INFO  Dealership.POM - Login Button is visible
19:14:22.348 [main] INFO  Dealership.POM - Login Button is clicked
19:14:37.647 [main] INFO  Dealership.POM - Order link is visible
19:14:37.736 [main] INFO  Dealership.POM - Order link is clicked
19:14:38.872 [main] INFO  Dealership.POM - UnitOrder link is visible
19:14:38.944 [main] INFO  Dealership.POM - UnitOrder link is clicked
20:09:02.359 [main] INFO  Dealership.POM - Running Test : ChangeWhenTradeinUnit
20:09:12.782 [main] INFO  Dealership.POM - Windows maximized
20:09:15.128 [main] INFO  Dealership.POM - URL entered
20:09:15.347 [main] INFO  Dealership.POM - Username field is visible
20:09:16.630 [main] INFO  Dealership.POM - Password field is visible
20:09:17.908 [main] INFO  Dealership.POM - Login Button is visible
20:09:50.695 [main] INFO  Dealership.POM - Login Button is clicked
20:10:05.852 [main] INFO  Dealership.POM - Sell link is visible
20:10:07.818 [main] INFO  Dealership.POM - Sell link is clickable
20:10:08.166 [main] INFO  Dealership.POM - Select Customer Dropdown is visible
20:10:10.593 [main] INFO  Dealership.POM - Select Customer Field is visible
20:10:13.049 [main] INFO  Dealership.POM - CustomerInfo is visible
20:10:33.454 [main] INFO  Dealership.POM - Quote Toggle button is visible
20:10:33.553 [main] INFO  Dealership.POM - Quote Toggle button is clicked
20:10:43.670 [main] INFO  Dealership.POM - The status of CO is Quote
20:10:43.742 [main] INFO  Dealership.POM - Sell A Unit button is visible
20:10:43.881 [main] INFO  Dealership.POM - Sell A Unit button is clicked
20:10:47.154 [main] INFO  Dealership.POM - UnitDealStatus is visible
20:10:47.196 [main] INFO  Dealership.POM - UnitDealStatus is Status: Quotation
20:10:52.383 [main] INFO  Dealership.POM - AddTradeIn button is visible
20:10:52.505 [main] INFO  Dealership.POM - AddTradeIn button is clicked
20:10:54.774 [main] INFO  Dealership.POM - AddCOU button is visible
20:10:54.927 [main] INFO  Dealership.POM - AddCOU button is clicked
20:10:58.070 [main] INFO  Dealership.POM - Temp Unit Mmodal Window  is visible
20:11:03.138 [main] INFO  Dealership.POM - Make field is visible
20:11:05.779 [main] INFO  Dealership.POM - Make is filed
20:11:05.857 [main] INFO  Dealership.POM - Model field is visible
20:11:07.323 [main] INFO  Dealership.POM - Model is filed
20:11:07.378 [main] INFO  Dealership.POM - Sub-Model field is visible
20:11:07.970 [main] INFO  Dealership.POM - Sub-Model is filed
20:11:08.011 [main] INFO  Dealership.POM - Year field is visible
20:11:08.428 [main] INFO  Dealership.POM - Year is filed
20:11:08.519 [main] INFO  Dealership.POM - Addbutton is visible
20:11:08.652 [main] INFO  Dealership.POM - Addbutton is clicked
20:11:18.793 [main] INFO  Dealership.POM - Customer Header is visible
20:11:18.971 [main] INFO  Dealership.POM - Customer Header is clicked
20:11:19.879 [main] INFO  Dealership.POM - Change Customer Button is visible
20:11:20.040 [main] INFO  Dealership.POM - Change Customer Button is clicked
20:11:40.951 [main] FATAL Dealership.POM - Test Failed - screenshot captured for Method : ChangeWhenTradeinUnit
20:20:21.191 [main] INFO  Dealership.POM - Running Test : DeleteWhenTradeinUnit
20:20:43.124 [main] INFO  Dealership.POM - Windows maximized
20:20:54.322 [main] INFO  Dealership.POM - URL entered
20:20:54.483 [main] INFO  Dealership.POM - Username field is visible
20:20:54.807 [main] INFO  Dealership.POM - Password field is visible
20:20:55.223 [main] INFO  Dealership.POM - Login Button is visible
20:21:32.607 [main] INFO  Dealership.POM - Login Button is clicked
20:21:47.799 [main] INFO  Dealership.POM - Sell link is visible
20:21:49.177 [main] INFO  Dealership.POM - Sell link is clickable
20:21:49.327 [main] INFO  Dealership.POM - Select Customer Dropdown is visible
20:21:55.800 [main] INFO  Dealership.POM - Select Customer Field is visible
20:21:57.753 [main] INFO  Dealership.POM - CustomerInfo is visible
20:22:18.056 [main] INFO  Dealership.POM - Quote Toggle button is visible
20:22:18.156 [main] INFO  Dealership.POM - Quote Toggle button is clicked
20:22:28.213 [main] INFO  Dealership.POM - The status of CO is Quote
20:22:28.250 [main] INFO  Dealership.POM - Sell A Unit button is visible
20:22:28.324 [main] INFO  Dealership.POM - Sell A Unit button is clicked
20:22:30.856 [main] INFO  Dealership.POM - UnitDealStatus is visible
20:22:30.892 [main] INFO  Dealership.POM - UnitDealStatus is Status: Quotation
20:22:35.997 [main] INFO  Dealership.POM - AddTradeIn button is visible
20:22:36.134 [main] INFO  Dealership.POM - AddTradeIn button is clicked
20:22:38.982 [main] INFO  Dealership.POM - AddCOU button is visible
20:22:39.101 [main] INFO  Dealership.POM - AddCOU button is clicked
20:22:41.681 [main] INFO  Dealership.POM - Temp Unit Mmodal Window  is visible
20:22:46.730 [main] INFO  Dealership.POM - Make field is visible
20:22:48.412 [main] INFO  Dealership.POM - Make is filed
20:22:48.449 [main] INFO  Dealership.POM - Model field is visible
20:22:49.763 [main] INFO  Dealership.POM - Model is filed
20:22:49.795 [main] INFO  Dealership.POM - Sub-Model field is visible
20:22:50.233 [main] INFO  Dealership.POM - Sub-Model is filed
20:22:50.265 [main] INFO  Dealership.POM - Year field is visible
20:22:50.595 [main] INFO  Dealership.POM - Year is filed
20:22:50.652 [main] INFO  Dealership.POM - Addbutton is visible
20:22:50.818 [main] INFO  Dealership.POM - Addbutton is clicked
20:23:00.911 [main] INFO  Dealership.POM - Customer Header is visible
20:23:01.024 [main] INFO  Dealership.POM - Customer Header is clicked
20:23:01.690 [main] INFO  Dealership.POM - Delete Button is visible
20:23:01.838 [main] INFO  Dealership.POM - Delete Button is clicked
20:23:03.507 [main] INFO  Dealership.POM - CO contains Deal.
20:23:03.596 [main] INFO  Dealership.POM - OK Button is clicked
20:23:03.601 [main] INFO  Dealership.POM - Test case DeleteWhenTradeinUnit passes successfully
20:23:38.887 [main] INFO  Dealership.POM - Running Test : TemporaryUnit
20:23:46.952 [main] INFO  Dealership.POM - Windows maximized
20:23:48.844 [main] INFO  Dealership.POM - URL entered
20:23:49.009 [main] INFO  Dealership.POM - Username field is visible
20:23:49.245 [main] INFO  Dealership.POM - Password field is visible
20:23:49.438 [main] INFO  Dealership.POM - Login Button is visible
20:24:30.635 [main] INFO  Dealership.POM - Login Button is clicked
20:24:45.763 [main] INFO  Dealership.POM - Sell link is visible
20:24:47.269 [main] INFO  Dealership.POM - Sell link is clickable
20:24:47.493 [main] INFO  Dealership.POM - Select Customer Dropdown is visible
20:24:49.322 [main] INFO  Dealership.POM - Select Customer Field is visible
20:24:51.371 [main] INFO  Dealership.POM - CustomerInfo is visible
20:25:11.674 [main] INFO  Dealership.POM - Quote Toggle button is visible
20:25:11.780 [main] INFO  Dealership.POM - Quote Toggle button is clicked
20:25:21.842 [main] INFO  Dealership.POM - The status of CO is Quote
20:25:21.889 [main] INFO  Dealership.POM - Sell A Unit button is visible
20:25:21.997 [main] INFO  Dealership.POM - Sell A Unit button is clicked
20:25:24.233 [main] INFO  Dealership.POM - UnitDealStatus is visible
20:25:24.273 [main] INFO  Dealership.POM - UnitDealStatus is Status: Quotation
20:25:24.384 [main] INFO  Dealership.POM - UnitOptionsStatus is visible
20:25:24.418 [main] INFO  Dealership.POM - UnitOptionsStatus is Option:
20:25:24.492 [main] INFO  Dealership.POM - Unit1 is visible
20:25:24.579 [main] INFO  Dealership.POM - Unit1 is opened
20:25:25.815 [main] INFO  Dealership.POM - Set Temp Unit button is visible
20:25:25.952 [main] INFO  Dealership.POM - Set Temp Unit button is clicked
20:25:33.172 [main] INFO  Dealership.POM - Make field is visible
20:25:36.416 [main] INFO  Dealership.POM - Make field is filled
20:25:36.456 [main] INFO  Dealership.POM - Model field is visible
20:25:37.637 [main] INFO  Dealership.POM - Model field is filled
20:25:37.727 [main] INFO  Dealership.POM - Sub Model field is visible
20:25:38.337 [main] INFO  Dealership.POM - Sub Model field is filled
20:25:38.373 [main] INFO  Dealership.POM - Year field is visible
20:25:38.585 [main] INFO  Dealership.POM - Year field is filled
20:25:38.627 [main] INFO  Dealership.POM - Exterior Color field is visible
20:25:38.788 [main] INFO  Dealership.POM - Exterior Color field is filled
20:25:38.844 [main] INFO  Dealership.POM - Next Button is visible
20:25:38.949 [main] INFO  Dealership.POM - Next Button is clicked
20:25:42.136 [main] INFO  Dealership.POM - Totalprice field is visible
20:25:42.298 [main] INFO  Dealership.POM - Totalprice field is filled
20:25:42.329 [main] INFO  Dealership.POM - Totalcost field is visible
20:25:42.478 [main] INFO  Dealership.POM - Totalcost field is filled
20:25:42.513 [main] INFO  Dealership.POM - Save Button is visible
20:25:42.608 [main] INFO  Dealership.POM - Save Button is clicked
20:25:47.654 [main] INFO  Dealership.POM - SaveTempUnit Button is visible
20:25:47.768 [main] INFO  Dealership.POM - SaveTempUnit Button is clicked
20:25:48.929 [main] INFO  Dealership.POM - TempUnitName is visible
20:25:48.976 [main] INFO  Dealership.POM - Unit name is displayed correctly
20:25:49.022 [main] INFO  Dealership.POM - Edit Pricing Button is visible
20:25:49.132 [main] INFO  Dealership.POM - Edit Pricing Button is clicked
20:25:56.140 [main] INFO  Dealership.POM - Rideaway Toggle Button is visible
20:25:56.274 [main] INFO  Dealership.POM - Rideaway Toggle Button is Toggled
20:26:01.323 [main] INFO  Dealership.POM - InputForRideawayPrice is visible
20:26:01.526 [main] INFO  Dealership.POM - InputForRideawayPrice is filled
20:26:01.634 [main] INFO  Dealership.POM - SaveBtnRideawayPrice is visible
20:26:01.756 [main] INFO  Dealership.POM - SaveBtnRideawayPrice is clicked
20:26:11.801 [main] INFO  Dealership.POM - InputForStampDuty is visible
20:26:12.018 [main] INFO  Dealership.POM - InputForStampDuty is filled
20:26:12.060 [main] INFO  Dealership.POM - SaveBtnStampDuty is visible
20:26:12.168 [main] INFO  Dealership.POM - SaveBtnStampDuty is clicked
20:26:22.215 [main] INFO  Dealership.POM - SavePriceBtn is visible
20:26:22.325 [main] INFO  Dealership.POM - SavePriceBtn is clicked
20:26:25.386 [main] INFO  Dealership.POM - Option_Fee field is visible
20:26:25.437 [main] INFO  Dealership.POM - Options And Fee field is visible
20:26:26.297 [main] INFO  Dealership.POM - SearchOptions field is visible
20:26:37.156 [main] INFO  Dealership.POM - Option 1 is selected
20:27:07.359 [main] INFO  Dealership.POM - Notes For Customer field is visible
20:27:07.480 [main] INFO  Dealership.POM - Notes For Customer is clicked
20:27:08.158 [main] INFO  Dealership.POM - Notes field is visible
20:27:08.586 [main] INFO  Dealership.POM - Note is filled
20:27:08.657 [main] INFO  Dealership.POM - AddTradeIn button is visible
20:27:08.793 [main] INFO  Dealership.POM - AddTradeIn button is clicked
20:27:11.159 [main] INFO  Dealership.POM - AddCOU button is visible
20:27:12.189 [main] INFO  Dealership.POM - AddCOU button is clicked
20:27:12.425 [main] INFO  Dealership.POM - Temp Unit Mmodal Window  is visible
20:27:12.863 [main] FATAL Dealership.POM - Test Failed - screenshot captured for Method : TemporaryUnit
20:29:04.260 [main] INFO  Dealership.POM - Running Test : TemporaryUnit
20:29:12.011 [main] INFO  Dealership.POM - Windows maximized
20:29:13.701 [main] INFO  Dealership.POM - URL entered
20:29:13.819 [main] INFO  Dealership.POM - Username field is visible
20:29:14.071 [main] INFO  Dealership.POM - Password field is visible
20:29:14.463 [main] INFO  Dealership.POM - Login Button is visible
20:29:14.753 [main] INFO  Dealership.POM - Login Button is clicked
20:29:38.849 [main] FATAL Dealership.POM - Test Failed - screenshot captured for Method : TemporaryUnit
20:31:00.317 [main] INFO  Dealership.POM - Running Test : TemporaryUnit
20:31:07.826 [main] INFO  Dealership.POM - Windows maximized
20:31:09.787 [main] INFO  Dealership.POM - URL entered
20:31:09.923 [main] INFO  Dealership.POM - Username field is visible
20:31:10.180 [main] INFO  Dealership.POM - Password field is visible
20:31:10.513 [main] INFO  Dealership.POM - Login Button is visible
20:31:19.613 [main] INFO  Dealership.POM - Login Button is clicked
20:31:42.247 [main] INFO  Dealership.POM - Sell link is visible
20:31:43.729 [main] INFO  Dealership.POM - Sell link is clickable
20:31:44.783 [main] INFO  Dealership.POM - Select Customer Dropdown is visible
20:31:45.182 [main] INFO  Dealership.POM - Select Customer Field is visible
20:31:47.660 [main] INFO  Dealership.POM - CustomerInfo is visible
20:32:08.150 [main] INFO  Dealership.POM - Quote Toggle button is visible
20:32:08.230 [main] INFO  Dealership.POM - Quote Toggle button is clicked
20:32:18.273 [main] INFO  Dealership.POM - The status of CO is Quote
20:32:18.312 [main] INFO  Dealership.POM - Sell A Unit button is visible
20:32:18.378 [main] INFO  Dealership.POM - Sell A Unit button is clicked
20:32:20.084 [main] INFO  Dealership.POM - UnitDealStatus is visible
20:32:20.114 [main] INFO  Dealership.POM - UnitDealStatus is Status: Quotation
20:32:20.217 [main] INFO  Dealership.POM - UnitOptionsStatus is visible
20:32:20.242 [main] INFO  Dealership.POM - UnitOptionsStatus is Option:
20:32:20.307 [main] INFO  Dealership.POM - Unit1 is visible
20:32:20.407 [main] INFO  Dealership.POM - Unit1 is opened
20:32:21.724 [main] INFO  Dealership.POM - Set Temp Unit button is visible
20:32:21.867 [main] INFO  Dealership.POM - Set Temp Unit button is clicked
20:32:28.529 [main] INFO  Dealership.POM - Make field is visible
20:32:30.844 [main] INFO  Dealership.POM - Make field is filled
20:32:30.875 [main] INFO  Dealership.POM - Model field is visible
20:32:32.166 [main] INFO  Dealership.POM - Model field is filled
20:32:32.207 [main] INFO  Dealership.POM - Sub Model field is visible
20:32:32.737 [main] INFO  Dealership.POM - Sub Model field is filled
20:32:32.780 [main] INFO  Dealership.POM - Year field is visible
20:32:32.989 [main] INFO  Dealership.POM - Year field is filled
20:32:33.031 [main] INFO  Dealership.POM - Exterior Color field is visible
20:32:33.200 [main] INFO  Dealership.POM - Exterior Color field is filled
20:32:33.253 [main] INFO  Dealership.POM - Next Button is visible
20:32:33.367 [main] INFO  Dealership.POM - Next Button is clicked
20:32:36.089 [main] INFO  Dealership.POM - Totalprice field is visible
20:32:36.317 [main] INFO  Dealership.POM - Totalprice field is filled
20:32:36.356 [main] INFO  Dealership.POM - Totalcost field is visible
20:32:36.553 [main] INFO  Dealership.POM - Totalcost field is filled
20:32:36.593 [main] INFO  Dealership.POM - Save Button is visible
20:32:36.759 [main] INFO  Dealership.POM - Save Button is clicked
20:32:41.798 [main] INFO  Dealership.POM - SaveTempUnit Button is visible
20:32:41.906 [main] INFO  Dealership.POM - SaveTempUnit Button is clicked
20:32:45.132 [main] INFO  Dealership.POM - TempUnitName is visible
20:32:45.166 [main] INFO  Dealership.POM - Unit name is displayed correctly
20:32:45.199 [main] INFO  Dealership.POM - Edit Pricing Button is visible
20:32:45.291 [main] INFO  Dealership.POM - Edit Pricing Button is clicked
20:32:54.534 [main] INFO  Dealership.POM - Rideaway Toggle Button is visible
20:32:54.655 [main] INFO  Dealership.POM - Rideaway Toggle Button is Toggled
20:32:59.713 [main] INFO  Dealership.POM - InputForRideawayPrice is visible
20:32:59.866 [main] INFO  Dealership.POM - InputForRideawayPrice is filled
20:32:59.903 [main] INFO  Dealership.POM - SaveBtnRideawayPrice is visible
20:32:59.998 [main] INFO  Dealership.POM - SaveBtnRideawayPrice is clicked
20:33:10.038 [main] INFO  Dealership.POM - InputForStampDuty is visible
20:33:10.230 [main] INFO  Dealership.POM - InputForStampDuty is filled
20:33:10.274 [main] INFO  Dealership.POM - SaveBtnStampDuty is visible
20:33:10.364 [main] INFO  Dealership.POM - SaveBtnStampDuty is clicked
20:33:20.504 [main] INFO  Dealership.POM - SavePriceBtn is visible
20:33:20.615 [main] INFO  Dealership.POM - SavePriceBtn is clicked
20:33:23.669 [main] INFO  Dealership.POM - Option_Fee field is visible
20:33:23.718 [main] INFO  Dealership.POM - Options And Fee field is visible
20:33:24.537 [main] INFO  Dealership.POM - SearchOptions field is visible
20:33:35.572 [main] INFO  Dealership.POM - Option 1 is selected
20:34:05.763 [main] INFO  Dealership.POM - Notes For Customer field is visible
20:34:05.889 [main] INFO  Dealership.POM - Notes For Customer is clicked
20:34:06.709 [main] INFO  Dealership.POM - Notes field is visible
20:34:07.153 [main] INFO  Dealership.POM - Note is filled
20:34:07.201 [main] INFO  Dealership.POM - AddTradeIn button is visible
20:34:07.339 [main] INFO  Dealership.POM - AddTradeIn button is clicked
20:34:10.200 [main] INFO  Dealership.POM - AddCOU button is visible
20:34:11.155 [main] INFO  Dealership.POM - AddCOU button is clicked
20:34:11.866 [main] INFO  Dealership.POM - Temp Unit Mmodal Window  is visible
20:34:11.897 [main] INFO  Dealership.POM - Make field is visible
20:34:12.253 [main] INFO  Dealership.POM - Make is filed
20:34:12.327 [main] INFO  Dealership.POM - Model field is visible
20:34:12.859 [main] INFO  Dealership.POM - Model is filed
20:34:13.137 [main] INFO  Dealership.POM - Sub-Model field is visible
20:34:13.758 [main] INFO  Dealership.POM - Sub-Model is filed
20:34:13.792 [main] INFO  Dealership.POM - Year field is visible
20:34:14.092 [main] INFO  Dealership.POM - Year is filed
20:34:14.136 [main] INFO  Dealership.POM - Addbutton is visible
20:34:14.307 [main] INFO  Dealership.POM - Addbutton is clicked
20:34:24.399 [main] INFO  Dealership.POM - AgreedValueForCOU is visible
20:34:24.570 [main] INFO  Dealership.POM - AgreedValueForCOU is clicked
20:34:24.602 [main] INFO  Dealership.POM - ActualCashValueForCOU is visible
20:34:24.825 [main] INFO  Dealership.POM - ActualCashValueForCOU is clicked
20:34:24.857 [main] INFO  Dealership.POM - tradeInLienPayout is visible
20:34:25.030 [main] INFO  Dealership.POM - tradeInLienPayout is clicked
20:34:25.071 [main] INFO  Dealership.POM - tradeInFinanceCompany is visible
20:34:25.161 [main] INFO  Dealership.POM - tradeInFinanceCompany is clicked
20:34:30.207 [main] INFO  Dealership.POM - tradeInFinanceCompanyDropdownDiv is visible
20:34:30.287 [main] INFO  Dealership.POM - tradeInFinanceCompanyDropdownDiv is clicked
20:34:30.322 [main] INFO  Dealership.POM - AppraisalMethod is visible
20:34:31.656 [main] FATAL Dealership.POM - Test Failed - screenshot captured for Method : TemporaryUnit
20:47:21.717 [main] INFO  Dealership.POM - Running Test : TemporaryUnit
20:47:33.661 [main] INFO  Dealership.POM - Windows maximized
20:47:36.515 [main] INFO  Dealership.POM - URL entered
20:47:36.745 [main] INFO  Dealership.POM - Username field is visible
20:47:36.957 [main] INFO  Dealership.POM - Password field is visible
20:47:37.139 [main] INFO  Dealership.POM - Login Button is visible
20:47:50.508 [main] INFO  Dealership.POM - Login Button is clicked
20:48:05.877 [main] FATAL Dealership.POM - Test Failed - screenshot captured for Method : TemporaryUnit
20:48:48.662 [main] INFO  Dealership.POM - Running Test : TemporaryUnit
20:48:59.232 [main] INFO  Dealership.POM - Windows maximized
20:49:01.101 [main] INFO  Dealership.POM - URL entered
20:49:01.265 [main] INFO  Dealership.POM - Username field is visible
20:49:01.864 [main] INFO  Dealership.POM - Password field is visible
20:49:02.227 [main] INFO  Dealership.POM - Login Button is visible
20:49:35.593 [main] INFO  Dealership.POM - Login Button is clicked
20:49:50.694 [main] INFO  Dealership.POM - Sell link is visible
20:49:52.572 [main] INFO  Dealership.POM - Sell link is clickable
20:49:52.752 [main] INFO  Dealership.POM - Select Customer Dropdown is visible
20:49:54.693 [main] INFO  Dealership.POM - Select Customer Field is visible
20:49:56.241 [main] INFO  Dealership.POM - CustomerInfo is visible
20:50:16.565 [main] INFO  Dealership.POM - Quote Toggle button is visible
20:50:16.675 [main] INFO  Dealership.POM - Quote Toggle button is clicked
20:50:26.725 [main] INFO  Dealership.POM - The status of CO is Quote
20:50:26.762 [main] INFO  Dealership.POM - Sell A Unit button is visible
20:50:26.857 [main] INFO  Dealership.POM - Sell A Unit button is clicked
20:50:28.304 [main] INFO  Dealership.POM - UnitDealStatus is visible
20:50:28.352 [main] INFO  Dealership.POM - UnitDealStatus is Status: Quotation
20:50:28.480 [main] INFO  Dealership.POM - UnitOptionsStatus is visible
20:50:28.519 [main] INFO  Dealership.POM - UnitOptionsStatus is Option:
20:50:28.624 [main] INFO  Dealership.POM - Unit1 is visible
20:50:28.757 [main] INFO  Dealership.POM - Unit1 is opened
20:50:30.078 [main] INFO  Dealership.POM - Set Temp Unit button is visible
20:50:30.228 [main] INFO  Dealership.POM - Set Temp Unit button is clicked
20:50:37.031 [main] INFO  Dealership.POM - Make field is visible
20:50:39.944 [main] INFO  Dealership.POM - Make field is filled
20:50:39.998 [main] INFO  Dealership.POM - Model field is visible
20:50:41.052 [main] INFO  Dealership.POM - Model field is filled
20:50:41.085 [main] INFO  Dealership.POM - Sub Model field is visible
20:50:41.682 [main] INFO  Dealership.POM - Sub Model field is filled
20:50:41.721 [main] INFO  Dealership.POM - Year field is visible
20:50:41.980 [main] INFO  Dealership.POM - Year field is filled
20:50:42.040 [main] INFO  Dealership.POM - Exterior Color field is visible
20:50:42.201 [main] INFO  Dealership.POM - Exterior Color field is filled
20:50:42.245 [main] INFO  Dealership.POM - Next Button is visible
20:50:42.360 [main] INFO  Dealership.POM - Next Button is clicked
20:50:45.611 [main] INFO  Dealership.POM - Totalprice field is visible
20:50:45.799 [main] INFO  Dealership.POM - Totalprice field is filled
20:50:45.843 [main] INFO  Dealership.POM - Totalcost field is visible
20:50:46.016 [main] INFO  Dealership.POM - Totalcost field is filled
20:50:46.056 [main] INFO  Dealership.POM - Save Button is visible
20:50:46.149 [main] INFO  Dealership.POM - Save Button is clicked
20:50:51.200 [main] INFO  Dealership.POM - SaveTempUnit Button is visible
20:50:51.298 [main] INFO  Dealership.POM - SaveTempUnit Button is clicked
20:50:53.479 [main] INFO  Dealership.POM - TempUnitName is visible
20:50:53.513 [main] INFO  Dealership.POM - Unit name is displayed correctly
20:50:53.566 [main] INFO  Dealership.POM - Edit Pricing Button is visible
20:50:53.701 [main] INFO  Dealership.POM - Edit Pricing Button is clicked
20:51:01.003 [main] INFO  Dealership.POM - Rideaway Toggle Button is visible
20:51:01.125 [main] INFO  Dealership.POM - Rideaway Toggle Button is Toggled
20:51:06.173 [main] INFO  Dealership.POM - InputForRideawayPrice is visible
20:51:06.315 [main] INFO  Dealership.POM - InputForRideawayPrice is filled
20:51:06.344 [main] INFO  Dealership.POM - SaveBtnRideawayPrice is visible
20:51:06.448 [main] INFO  Dealership.POM - SaveBtnRideawayPrice is clicked
20:51:16.495 [main] INFO  Dealership.POM - InputForStampDuty is visible
20:51:16.733 [main] INFO  Dealership.POM - InputForStampDuty is filled
20:51:16.784 [main] INFO  Dealership.POM - SaveBtnStampDuty is visible
20:51:16.910 [main] INFO  Dealership.POM - SaveBtnStampDuty is clicked
20:51:26.968 [main] INFO  Dealership.POM - SavePriceBtn is visible
20:51:27.113 [main] INFO  Dealership.POM - SavePriceBtn is clicked
20:51:30.165 [main] INFO  Dealership.POM - Option_Fee field is visible
20:51:30.230 [main] INFO  Dealership.POM - Options And Fee field is visible
20:51:31.056 [main] INFO  Dealership.POM - SearchOptions field is visible
20:51:42.050 [main] INFO  Dealership.POM - Option 1 is selected
20:52:12.265 [main] INFO  Dealership.POM - Notes For Customer field is visible
20:52:12.396 [main] INFO  Dealership.POM - Notes For Customer is clicked
20:52:13.057 [main] INFO  Dealership.POM - Notes field is visible
20:52:13.458 [main] INFO  Dealership.POM - Note is filled
20:52:13.513 [main] INFO  Dealership.POM - AddTradeIn button is visible
20:52:13.690 [main] INFO  Dealership.POM - AddTradeIn button is clicked
20:52:16.572 [main] INFO  Dealership.POM - AddCOU button is visible
20:52:17.464 [main] INFO  Dealership.POM - AddCOU button is clicked
20:52:19.631 [main] INFO  Dealership.POM - Temp Unit Mmodal Window  is visible
20:52:19.659 [main] INFO  Dealership.POM - Make field is visible
20:52:21.383 [main] INFO  Dealership.POM - Make is filed
20:52:21.421 [main] INFO  Dealership.POM - Model field is visible
20:52:22.417 [main] INFO  Dealership.POM - Model is filed
20:52:22.448 [main] INFO  Dealership.POM - Sub-Model field is visible
20:52:22.960 [main] INFO  Dealership.POM - Sub-Model is filed
20:52:22.996 [main] INFO  Dealership.POM - Year field is visible
20:52:23.283 [main] INFO  Dealership.POM - Year is filed
20:52:23.325 [main] INFO  Dealership.POM - Addbutton is visible
20:52:23.502 [main] INFO  Dealership.POM - Addbutton is clicked
20:52:33.595 [main] INFO  Dealership.POM - AgreedValueForCOU is visible
20:52:33.784 [main] INFO  Dealership.POM - AgreedValueForCOU is clicked
20:52:33.815 [main] INFO  Dealership.POM - ActualCashValueForCOU is visible
20:52:33.987 [main] INFO  Dealership.POM - ActualCashValueForCOU is clicked
20:52:34.024 [main] INFO  Dealership.POM - tradeInLienPayout is visible
20:52:34.217 [main] INFO  Dealership.POM - tradeInLienPayout is clicked
20:52:34.254 [main] INFO  Dealership.POM - tradeInFinanceCompany is visible
20:52:34.364 [main] INFO  Dealership.POM - tradeInFinanceCompany is clicked
20:52:39.397 [main] INFO  Dealership.POM - tradeInFinanceCompanyDropdownDiv is visible
20:52:39.484 [main] INFO  Dealership.POM - tradeInFinanceCompanyDropdownDiv is clicked
20:52:39.556 [main] INFO  Dealership.POM - AppraisalMethod is visible
20:52:40.884 [main] FATAL Dealership.POM - Test Failed - screenshot captured for Method : TemporaryUnit
