16:11:43.418 [TestNG-test=Test-1] INFO  Dealership.POM - AddCOU button is clicked
16:11:46.079 [TestNG-test=Test-1] INFO  Dealership.POM - Temp Unit Mmodal Window  is visible
16:11:51.118 [TestNG-test=Test-1] INFO  Dealership.POM - Make field is visible
16:11:52.982 [TestNG-test=Test-1] INFO  Dealership.POM - Make is filed
16:11:53.010 [TestNG-test=Test-1] INFO  Dealership.POM - Model field is visible
16:11:54.263 [TestNG-test=Test-1] INFO  Dealership.POM - Model is filed
16:11:54.307 [TestNG-test=Test-1] INFO  Dealership.POM - Sub-Model field is visible
16:11:54.798 [TestNG-test=Test-1] INFO  Dealership.POM - Sub-Model is filed
16:11:54.824 [TestNG-test=Test-1] INFO  Dealership.POM - Year field is visible
16:11:55.077 [TestNG-test=Test-1] INFO  Dealership.POM - Year is filed
16:11:55.122 [TestNG-test=Test-1] INFO  Dealership.POM - Addbutton is visible
16:11:55.291 [TestNG-test=Test-1] INFO  Dealership.POM - Addbutton is clicked
16:12:05.379 [TestNG-test=Test-1] INFO  Dealership.POM - Customer Header is visible
16:12:05.494 [TestNG-test=Test-1] INFO  Dealership.POM - Customer Header is clicked
16:12:06.169 [TestNG-test=Test-1] INFO  Dealership.POM - Delete Button is visible
16:12:06.308 [TestNG-test=Test-1] INFO  Dealership.POM - Delete Button is clicked
16:12:07.520 [TestNG-test=Test-1] INFO  Dealership.POM - CO contains Deal.
16:12:07.637 [TestNG-test=Test-1] INFO  Dealership.POM - OK Button is clicked
16:12:07.638 [TestNG-test=Test-1] INFO  Dealership.POM - Test case DeleteWhenTradeinUnit passes successfully
16:12:13.731 [TestNG-test=Test-1] INFO  Dealership.POM - Running Test : ChangeWhenSellAPart
16:12:17.143 [TestNG-test=Test-1] INFO  Dealership.POM - Windows maximized
16:12:18.924 [TestNG-test=Test-1] INFO  Dealership.POM - URL entered
16:12:19.012 [TestNG-test=Test-1] INFO  Dealership.POM - Username field is visible
16:12:19.315 [TestNG-test=Test-1] INFO  Dealership.POM - Password field is visible
16:12:19.578 [TestNG-test=Test-1] INFO  Dealership.POM - Login Button is visible
16:12:35.785 [TestNG-test=Test-1] INFO  Dealership.POM - Login Button is clicked
16:12:56.216 [TestNG-test=Test-1] INFO  Dealership.POM - Sell link is visible
16:12:57.319 [TestNG-test=Test-1] INFO  Dealership.POM - Sell link is clickable
16:12:57.515 [TestNG-test=Test-1] INFO  Dealership.POM - Select Customer Dropdown is visible
16:12:59.271 [TestNG-test=Test-1] INFO  Dealership.POM - Select Customer Field is visible
16:13:09.552 [TestNG-test=Test-1] INFO  Dealership.POM - CustomerInfo is visible
16:13:29.923 [TestNG-test=Test-1] INFO  Dealership.POM - Customer Header is visible
16:13:29.996 [TestNG-test=Test-1] INFO  Dealership.POM - Customer Header is clicked
16:13:30.067 [TestNG-test=Test-1] INFO  Dealership.POM - New Customer Name is correctly displayed
16:13:30.132 [TestNG-test=Test-1] INFO  Dealership.POM - Customer1 Pricelevel is Price Level: Default
16:13:30.194 [TestNG-test=Test-1] INFO  Dealership.POM - Tax Exemption is sell 1
16:13:30.238 [TestNG-test=Test-1] INFO  Dealership.POM - SellPartandAccs button is visible
16:13:30.368 [TestNG-test=Test-1] INFO  Dealership.POM - SellPartandAccs button is clicked
16:13:33.583 [TestNG-test=Test-1] INFO  Dealership.POM - Searchbox is visible
16:13:44.054 [TestNG-test=Test-1] INFO  Dealership.POM - Merchentity is visible
16:13:59.336 [TestNG-test=Test-1] INFO  Dealership.POM - Tax SubTotal is $431.62
16:13:59.443 [TestNG-test=Test-1] INFO  Dealership.POM - Customer Header is clicked
16:14:04.488 [TestNG-test=Test-1] INFO  Dealership.POM - Change Customer Button is visible
16:14:04.602 [TestNG-test=Test-1] INFO  Dealership.POM - Change Customer Button is clicked
16:14:06.240 [TestNG-test=Test-1] INFO  Dealership.POM - Customer Searchbox is visible
16:14:08.168 [TestNG-test=Test-1] INFO  Dealership.POM - CustomerInfo is visible
16:14:08.388 [TestNG-test=Test-1] INFO  Dealership.POM - Warning is correctly displayed
16:14:13.431 [TestNG-test=Test-1] INFO  Dealership.POM - Confirm Button is visible
16:14:13.498 [TestNG-test=Test-1] INFO  Dealership.POM - Confirm Button is clicked
16:14:33.317 [TestNG-test=Test-1] INFO  Dealership.POM - Tax SubTotal is $408.00
16:14:33.451 [TestNG-test=Test-1] INFO  Dealership.POM - Customer Header is clicked
16:14:34.100 [TestNG-test=Test-1] INFO  Dealership.POM - New Customer Name is correctly displayed
16:14:34.177 [TestNG-test=Test-1] INFO  Dealership.POM - Customer1 Pricelevel is Price Level: Retail price
16:14:34.305 [TestNG-test=Test-1] INFO  Dealership.POM - Tax Exemption is sell 2
16:14:34.305 [TestNG-test=Test-1] INFO  Dealership.POM - Delect the change in price level, Tax exemption and Part Subtotal
16:14:34.306 [TestNG-test=Test-1] INFO  Dealership.POM - Price level is detected different
16:14:34.306 [TestNG-test=Test-1] INFO  Dealership.POM - Customer1 Pricelevel - Price Level: Default
16:14:34.306 [TestNG-test=Test-1] INFO  Dealership.POM - Customer2 Pricelevel - Price Level: Retail price
16:14:34.306 [TestNG-test=Test-1] INFO  Dealership.POM - TaxExemption is detected different
16:14:34.306 [TestNG-test=Test-1] INFO  Dealership.POM - Customer1 Tax exemption - sell 1
16:14:34.306 [TestNG-test=Test-1] INFO  Dealership.POM - Customer2 Tax exemption - sell 2
16:14:34.306 [TestNG-test=Test-1] INFO  Dealership.POM - Part Subtotal is detected different
16:14:34.306 [TestNG-test=Test-1] INFO  Dealership.POM - Part Subtotal for Customer 1 - $431.62
16:14:34.306 [TestNG-test=Test-1] INFO  Dealership.POM - Part Subtotal for Customer 2 - $408.00
16:14:34.307 [TestNG-test=Test-1] INFO  Dealership.POM - Test case ChangeWhenSellAPart passes successfully
16:14:40.373 [TestNG-test=Test-1] INFO  Dealership.POM - Running Test : ChangeWhenCOClosed
16:14:43.778 [TestNG-test=Test-1] INFO  Dealership.POM - Windows maximized
16:14:45.590 [TestNG-test=Test-1] INFO  Dealership.POM - URL entered
16:14:45.664 [TestNG-test=Test-1] INFO  Dealership.POM - Username field is visible
16:14:45.921 [TestNG-test=Test-1] INFO  Dealership.POM - Password field is visible
16:14:46.206 [TestNG-test=Test-1] INFO  Dealership.POM - Login Button is visible
16:15:01.940 [TestNG-test=Test-1] INFO  Dealership.POM - Login Button is clicked
16:15:22.108 [TestNG-test=Test-1] INFO  Dealership.POM - Sell link is visible
16:15:23.189 [TestNG-test=Test-1] INFO  Dealership.POM - Sell link is clickable
16:15:23.446 [TestNG-test=Test-1] INFO  Dealership.POM - Select Customer Dropdown is visible
16:15:25.250 [TestNG-test=Test-1] INFO  Dealership.POM - Select Customer Field is visible
16:15:27.300 [TestNG-test=Test-1] INFO  Dealership.POM - CustomerInfo is visible
16:15:57.642 [TestNG-test=Test-1] INFO  Dealership.POM - SellPartandAccs button is visible
16:15:57.711 [TestNG-test=Test-1] INFO  Dealership.POM - SellPartandAccs button is clicked
16:15:58.812 [TestNG-test=Test-1] INFO  Dealership.POM - Searchbox is visible
16:16:09.226 [TestNG-test=Test-1] INFO  Dealership.POM - Merchentity is visible
16:16:24.505 [TestNG-test=Test-1] INFO  Dealership.POM - Checkout_Button is visible
16:16:55.109 [TestNG-test=Test-1] INFO  Dealership.POM - Payment option is visible
16:16:55.213 [TestNG-test=Test-1] INFO  Dealership.POM - Payment option is selected
16:16:55.295 [TestNG-test=Test-1] INFO  Dealership.POM - AddPayment Button is visible
16:16:55.436 [TestNG-test=Test-1] INFO  Dealership.POM - AddPayment Button is clicked
16:17:05.487 [TestNG-test=Test-1] INFO  Dealership.POM - Finalize Button is visible
16:17:05.571 [TestNG-test=Test-1] INFO  Dealership.POM - Finalize Button is clicked
16:17:15.801 [TestNG-test=Test-1] FATAL Dealership.POM - Test Failed - screenshot captured for Method : ChangeWhenCOClosed
16:17:21.890 [TestNG-test=Test-1] INFO  Dealership.POM - Running Test : ChangeWhenStoreCredit
16:17:25.593 [TestNG-test=Test-1] INFO  Dealership.POM - Windows maximized
16:17:27.485 [TestNG-test=Test-1] INFO  Dealership.POM - URL entered
16:17:27.579 [TestNG-test=Test-1] INFO  Dealership.POM - Username field is visible
16:17:28.225 [TestNG-test=Test-1] INFO  Dealership.POM - Password field is visible
16:17:28.674 [TestNG-test=Test-1] INFO  Dealership.POM - Login Button is visible
16:17:28.824 [TestNG-test=Test-1] INFO  Dealership.POM - Login Button is clicked
16:17:59.965 [TestNG-test=Test-1] INFO  Dealership.POM - Sell link is visible
16:18:00.068 [TestNG-test=Test-1] INFO  Dealership.POM - Sell link is clickable
16:18:01.758 [TestNG-test=Test-1] INFO  Dealership.POM - Select Customer Dropdown is visible
16:18:03.204 [TestNG-test=Test-1] INFO  Dealership.POM - Select Customer Field is visible
16:18:05.236 [TestNG-test=Test-1] INFO  Dealership.POM - CustomerInfo is visible
16:18:35.595 [TestNG-test=Test-1] INFO  Dealership.POM - SellPartandAccs button is visible
16:18:35.662 [TestNG-test=Test-1] INFO  Dealership.POM - SellPartandAccs button is clicked
16:18:37.823 [TestNG-test=Test-1] INFO  Dealership.POM - Searchbox is visible
16:18:48.312 [TestNG-test=Test-1] INFO  Dealership.POM - Merchentity is visible
16:18:53.489 [TestNG-test=Test-1] INFO  Dealership.POM - EntityQty is visible
16:18:53.755 [TestNG-test=Test-1] FATAL Dealership.POM - Test Failed - screenshot captured for Method : ChangeWhenStoreCredit
16:18:59.736 [TestNG-test=Test-1] INFO  Dealership.POM - Running Test : ChangeWhenServicejob
16:19:03.772 [TestNG-test=Test-1] INFO  Dealership.POM - Windows maximized
16:19:05.479 [TestNG-test=Test-1] INFO  Dealership.POM - URL entered
16:19:05.556 [TestNG-test=Test-1] INFO  Dealership.POM - Username field is visible
16:19:06.943 [TestNG-test=Test-1] INFO  Dealership.POM - Password field is visible
16:19:07.262 [TestNG-test=Test-1] INFO  Dealership.POM - Login Button is visible
16:19:22.633 [TestNG-test=Test-1] INFO  Dealership.POM - Login Button is clicked
16:19:42.799 [TestNG-test=Test-1] INFO  Dealership.POM - Sell link is visible
16:19:42.871 [TestNG-test=Test-1] INFO  Dealership.POM - Sell link is clickable
16:19:44.269 [TestNG-test=Test-1] INFO  Dealership.POM - Select Customer Dropdown is visible
16:19:46.010 [TestNG-test=Test-1] INFO  Dealership.POM - Select Customer Field is visible
16:19:47.953 [TestNG-test=Test-1] INFO  Dealership.POM - CustomerInfo is visible
16:20:18.262 [TestNG-test=Test-1] INFO  Dealership.POM - ServiceJob button is visible
16:20:20.535 [TestNG-test=Test-1] INFO  Dealership.POM - ServiceJobStatus is visible
16:20:20.560 [TestNG-test=Test-1] INFO  Dealership.POM - ServiceJobStatus is Status: New
16:20:20.603 [TestNG-test=Test-1] INFO  Dealership.POM - Customer Header is visible
16:20:20.714 [TestNG-test=Test-1] INFO  Dealership.POM - Customer Header is clicked
16:20:21.481 [TestNG-test=Test-1] INFO  Dealership.POM - Change Customer Button is visible
16:20:21.663 [TestNG-test=Test-1] INFO  Dealership.POM - Change Customer Button is clicked
16:20:42.330 [TestNG-test=Test-1] FATAL Dealership.POM - Test Failed - screenshot captured for Method : ChangeWhenServicejob
16:20:48.254 [TestNG-test=Test-1] INFO  Dealership.POM - Running Test : ChangeWhenCompletestatus
16:20:51.704 [TestNG-test=Test-1] INFO  Dealership.POM - Windows maximized
16:20:53.554 [TestNG-test=Test-1] INFO  Dealership.POM - URL entered
16:20:53.659 [TestNG-test=Test-1] INFO  Dealership.POM - Username field is visible
16:20:54.190 [TestNG-test=Test-1] INFO  Dealership.POM - Password field is visible
16:20:54.765 [TestNG-test=Test-1] INFO  Dealership.POM - Login Button is visible
16:21:11.029 [TestNG-test=Test-1] INFO  Dealership.POM - Login Button is clicked
16:21:31.325 [TestNG-test=Test-1] INFO  Dealership.POM - Sell link is visible
16:21:31.400 [TestNG-test=Test-1] INFO  Dealership.POM - Sell link is clickable
16:21:32.555 [TestNG-test=Test-1] INFO  Dealership.POM - Select Customer Dropdown is visible
16:21:33.713 [TestNG-test=Test-1] INFO  Dealership.POM - Select Customer Field is visible
16:21:35.628 [TestNG-test=Test-1] INFO  Dealership.POM - CustomerInfo is visible
16:22:05.944 [TestNG-test=Test-1] INFO  Dealership.POM - ServiceJob button is visible
16:22:08.754 [TestNG-test=Test-1] INFO  Dealership.POM - ServiceJobStatus is visible
16:22:08.775 [TestNG-test=Test-1] INFO  Dealership.POM - ServiceJobStatus is Status: New
16:22:08.891 [TestNG-test=Test-1] INFO  Dealership.POM - ServiceJobDetails is visible
16:22:09.026 [TestNG-test=Test-1] INFO  Dealership.POM - ServiceJobDetails is clicked
16:22:34.550 [TestNG-test=Test-1] FATAL Dealership.POM - Test Failed - screenshot captured for Method : ChangeWhenCompletestatus
16:22:40.569 [TestNG-test=Test-1] INFO  Dealership.POM - Running Test : ChangeWhenUnitDeal
16:22:44.066 [TestNG-test=Test-1] INFO  Dealership.POM - Windows maximized
16:22:45.774 [TestNG-test=Test-1] INFO  Dealership.POM - URL entered
16:22:45.868 [TestNG-test=Test-1] INFO  Dealership.POM - Username field is visible
16:22:46.366 [TestNG-test=Test-1] INFO  Dealership.POM - Password field is visible
16:22:46.526 [TestNG-test=Test-1] INFO  Dealership.POM - Login Button is visible
16:23:07.401 [TestNG-test=Test-1] INFO  Dealership.POM - Login Button is clicked
16:25:02.587 [TestNG-test=Test-1] FATAL Dealership.POM - Test Failed - screenshot captured for Method : ChangeWhenUnitDeal
16:25:08.517 [TestNG-test=Test-1] INFO  Dealership.POM - Running Test : ChangeWhenStockUnit
16:25:11.910 [TestNG-test=Test-1] INFO  Dealership.POM - Windows maximized
16:25:13.621 [TestNG-test=Test-1] INFO  Dealership.POM - URL entered
16:25:13.701 [TestNG-test=Test-1] INFO  Dealership.POM - Username field is visible
16:25:14.558 [TestNG-test=Test-1] INFO  Dealership.POM - Password field is visible
16:25:14.859 [TestNG-test=Test-1] INFO  Dealership.POM - Login Button is visible
16:25:30.522 [TestNG-test=Test-1] INFO  Dealership.POM - Login Button is clicked
16:25:50.856 [TestNG-test=Test-1] INFO  Dealership.POM - Sell link is visible
16:25:52.028 [TestNG-test=Test-1] INFO  Dealership.POM - Sell link is clickable
16:25:52.197 [TestNG-test=Test-1] INFO  Dealership.POM - Select Customer Dropdown is visible
16:25:54.010 [TestNG-test=Test-1] INFO  Dealership.POM - Select Customer Field is visible
16:25:55.939 [TestNG-test=Test-1] INFO  Dealership.POM - CustomerInfo is visible
16:26:26.250 [TestNG-test=Test-1] INFO  Dealership.POM - Sell A Unit button is visible
16:26:26.351 [TestNG-test=Test-1] INFO  Dealership.POM - Sell A Unit button is clicked
16:26:28.019 [TestNG-test=Test-1] INFO  Dealership.POM - UnitDealStatus is visible
16:26:28.046 [TestNG-test=Test-1] INFO  Dealership.POM - UnitDealStatus is Status: Quotation
16:26:28.114 [TestNG-test=Test-1] INFO  Dealership.POM - UnitOptionsStatus is visible
16:26:28.143 [TestNG-test=Test-1] INFO  Dealership.POM - UnitOptionsStatus is Option:
16:26:28.225 [TestNG-test=Test-1] INFO  Dealership.POM - Unit1 is visible
16:26:28.328 [TestNG-test=Test-1] INFO  Dealership.POM - Unit1 is opened
16:26:29.525 [TestNG-test=Test-1] INFO  Dealership.POM - Search Stockunit field is visible
16:26:39.868 [TestNG-test=Test-1] INFO  Dealership.POM - Unit1 is selected
16:26:44.926 [TestNG-test=Test-1] INFO  Dealership.POM - Customer Header is visible
16:26:45.046 [TestNG-test=Test-1] INFO  Dealership.POM - Customer Header is clicked
16:26:45.686 [TestNG-test=Test-1] INFO  Dealership.POM - Change Customer Button is visible
16:26:45.829 [TestNG-test=Test-1] INFO  Dealership.POM - Change Customer Button is clicked
16:27:06.504 [TestNG-test=Test-1] FATAL Dealership.POM - Test Failed - screenshot captured for Method : ChangeWhenStockUnit
16:27:12.447 [TestNG-test=Test-1] INFO  Dealership.POM - Running Test : ChangeWhenTemporaryUnit
16:27:15.838 [TestNG-test=Test-1] INFO  Dealership.POM - Windows maximized
16:27:17.560 [TestNG-test=Test-1] INFO  Dealership.POM - URL entered
16:27:17.616 [TestNG-test=Test-1] INFO  Dealership.POM - Username field is visible
16:27:17.909 [TestNG-test=Test-1] INFO  Dealership.POM - Password field is visible
16:27:18.168 [TestNG-test=Test-1] INFO  Dealership.POM - Login Button is visible
16:27:18.507 [TestNG-test=Test-1] INFO  Dealership.POM - Login Button is clicked
16:27:46.996 [TestNG-test=Test-1] INFO  Dealership.POM - Sell link is visible
16:27:48.757 [TestNG-test=Test-1] INFO  Dealership.POM - Sell link is clickable
16:27:49.635 [TestNG-test=Test-1] INFO  Dealership.POM - Select Customer Dropdown is visible
16:27:49.826 [TestNG-test=Test-1] INFO  Dealership.POM - Select Customer Field is visible
16:27:51.918 [TestNG-test=Test-1] INFO  Dealership.POM - CustomerInfo is visible
16:28:22.192 [TestNG-test=Test-1] INFO  Dealership.POM - Quote Toggle button is visible
16:28:22.347 [TestNG-test=Test-1] INFO  Dealership.POM - Quote Toggle button is clicked
16:28:32.406 [TestNG-test=Test-1] INFO  Dealership.POM - The status of CO is Quote
16:28:32.449 [TestNG-test=Test-1] INFO  Dealership.POM - Sell A Unit button is visible
16:28:32.546 [TestNG-test=Test-1] INFO  Dealership.POM - Sell A Unit button is clicked
16:28:35.297 [TestNG-test=Test-1] INFO  Dealership.POM - UnitDealStatus is visible
16:28:35.330 [TestNG-test=Test-1] INFO  Dealership.POM - UnitDealStatus is Status: Quotation
16:28:35.411 [TestNG-test=Test-1] INFO  Dealership.POM - UnitOptionsStatus is visible
16:28:35.448 [TestNG-test=Test-1] INFO  Dealership.POM - UnitOptionsStatus is Option:
16:28:35.536 [TestNG-test=Test-1] INFO  Dealership.POM - Unit1 is visible
16:28:35.642 [TestNG-test=Test-1] INFO  Dealership.POM - Unit1 is opened
16:28:36.907 [TestNG-test=Test-1] INFO  Dealership.POM - Set Temp Unit button is visible
16:28:37.047 [TestNG-test=Test-1] INFO  Dealership.POM - Set Temp Unit button is clicked
16:28:43.681 [TestNG-test=Test-1] INFO  Dealership.POM - Make field is visible
16:28:46.055 [TestNG-test=Test-1] INFO  Dealership.POM - Make field is filled
16:28:46.089 [TestNG-test=Test-1] INFO  Dealership.POM - Model field is visible
16:28:46.907 [TestNG-test=Test-1] INFO  Dealership.POM - Model field is filled
16:28:46.947 [TestNG-test=Test-1] INFO  Dealership.POM - Sub Model field is visible
16:28:47.399 [TestNG-test=Test-1] INFO  Dealership.POM - Sub Model field is filled
16:28:47.426 [TestNG-test=Test-1] INFO  Dealership.POM - Year field is visible
16:28:47.644 [TestNG-test=Test-1] INFO  Dealership.POM - Year field is filled
16:28:47.678 [TestNG-test=Test-1] INFO  Dealership.POM - Exterior Color field is visible
16:28:47.817 [TestNG-test=Test-1] INFO  Dealership.POM - Exterior Color field is filled
16:28:47.853 [TestNG-test=Test-1] INFO  Dealership.POM - Next Button is visible
16:28:47.932 [TestNG-test=Test-1] INFO  Dealership.POM - Next Button is clicked
16:28:50.579 [TestNG-test=Test-1] INFO  Dealership.POM - Totalprice field is visible
16:28:50.724 [TestNG-test=Test-1] INFO  Dealership.POM - Totalprice field is filled
16:28:50.753 [TestNG-test=Test-1] INFO  Dealership.POM - Totalcost field is visible
16:28:50.924 [TestNG-test=Test-1] INFO  Dealership.POM - Totalcost field is filled
16:28:50.957 [TestNG-test=Test-1] INFO  Dealership.POM - Save Button is visible
16:28:51.057 [TestNG-test=Test-1] INFO  Dealership.POM - Save Button is clicked
16:28:56.107 [TestNG-test=Test-1] INFO  Dealership.POM - SaveTempUnit Button is visible
16:28:56.216 [TestNG-test=Test-1] INFO  Dealership.POM - SaveTempUnit Button is clicked
16:28:57.338 [TestNG-test=Test-1] INFO  Dealership.POM - TempUnitName is visible
16:28:57.364 [TestNG-test=Test-1] INFO  Dealership.POM - Unit name is displayed correctly
16:29:02.401 [TestNG-test=Test-1] INFO  Dealership.POM - Customer Header is visible
16:29:02.526 [TestNG-test=Test-1] INFO  Dealership.POM - Customer Header is clicked
16:29:03.176 [TestNG-test=Test-1] INFO  Dealership.POM - Change Customer Button is visible
16:29:03.310 [TestNG-test=Test-1] INFO  Dealership.POM - Change Customer Button is clicked
16:29:23.620 [TestNG-test=Test-1] FATAL Dealership.POM - Test Failed - screenshot captured for Method : ChangeWhenTemporaryUnit
16:29:29.557 [TestNG-test=Test-1] INFO  Dealership.POM - Running Test : ChangeWhenTradeinUnit
16:29:33.515 [TestNG-test=Test-1] INFO  Dealership.POM - Windows maximized
16:29:35.335 [TestNG-test=Test-1] INFO  Dealership.POM - URL entered
16:29:35.419 [TestNG-test=Test-1] INFO  Dealership.POM - Username field is visible
16:29:35.818 [TestNG-test=Test-1] INFO  Dealership.POM - Password field is visible
16:29:36.027 [TestNG-test=Test-1] INFO  Dealership.POM - Login Button is visible
16:29:51.840 [TestNG-test=Test-1] INFO  Dealership.POM - Login Button is clicked
16:30:12.051 [TestNG-test=Test-1] INFO  Dealership.POM - Sell link is visible
16:30:13.263 [TestNG-test=Test-1] INFO  Dealership.POM - Sell link is clickable
16:30:13.473 [TestNG-test=Test-1] INFO  Dealership.POM - Select Customer Dropdown is visible
16:30:15.173 [TestNG-test=Test-1] INFO  Dealership.POM - Select Customer Field is visible
16:30:17.127 [TestNG-test=Test-1] INFO  Dealership.POM - CustomerInfo is visible
16:30:47.472 [TestNG-test=Test-1] INFO  Dealership.POM - Quote Toggle button is visible
16:30:47.554 [TestNG-test=Test-1] INFO  Dealership.POM - Quote Toggle button is clicked
16:30:57.606 [TestNG-test=Test-1] INFO  Dealership.POM - The status of CO is Quote
16:30:57.640 [TestNG-test=Test-1] INFO  Dealership.POM - Sell A Unit button is visible
16:30:57.725 [TestNG-test=Test-1] INFO  Dealership.POM - Sell A Unit button is clicked
16:31:01.490 [TestNG-test=Test-1] INFO  Dealership.POM - UnitDealStatus is visible
16:31:01.530 [TestNG-test=Test-1] INFO  Dealership.POM - UnitDealStatus is Status: Quotation
16:31:06.596 [TestNG-test=Test-1] INFO  Dealership.POM - AddTradeIn button is visible
16:31:06.687 [TestNG-test=Test-1] INFO  Dealership.POM - AddTradeIn button is clicked
16:31:08.870 [TestNG-test=Test-1] INFO  Dealership.POM - AddCOU button is visible
16:31:08.978 [TestNG-test=Test-1] INFO  Dealership.POM - AddCOU button is clicked
16:31:11.507 [TestNG-test=Test-1] INFO  Dealership.POM - Temp Unit Mmodal Window  is visible
16:31:16.545 [TestNG-test=Test-1] INFO  Dealership.POM - Make field is visible
16:31:18.531 [TestNG-test=Test-1] INFO  Dealership.POM - Make is filed
16:31:18.566 [TestNG-test=Test-1] INFO  Dealership.POM - Model field is visible
16:31:19.361 [TestNG-test=Test-1] INFO  Dealership.POM - Model is filed
16:31:19.399 [TestNG-test=Test-1] INFO  Dealership.POM - Sub-Model field is visible
16:31:19.748 [TestNG-test=Test-1] INFO  Dealership.POM - Sub-Model is filed
16:31:19.795 [TestNG-test=Test-1] INFO  Dealership.POM - Year field is visible
16:31:20.133 [TestNG-test=Test-1] INFO  Dealership.POM - Year is filed
16:31:20.183 [TestNG-test=Test-1] INFO  Dealership.POM - Addbutton is visible
16:31:20.371 [TestNG-test=Test-1] INFO  Dealership.POM - Addbutton is clicked
16:31:30.447 [TestNG-test=Test-1] INFO  Dealership.POM - Customer Header is visible
16:31:30.569 [TestNG-test=Test-1] INFO  Dealership.POM - Customer Header is clicked
16:31:31.266 [TestNG-test=Test-1] INFO  Dealership.POM - Change Customer Button is visible
16:31:31.392 [TestNG-test=Test-1] INFO  Dealership.POM - Change Customer Button is clicked
16:31:51.896 [TestNG-test=Test-1] FATAL Dealership.POM - Test Failed - screenshot captured for Method : ChangeWhenTradeinUnit
16:31:58.002 [TestNG-test=Test-1] INFO  Dealership.POM - Running Test : SingleUnitOrder
16:32:02.059 [TestNG-test=Test-1] INFO  Dealership.POM - Windows maximized
16:32:04.034 [TestNG-test=Test-1] INFO  Dealership.POM - URL entered
16:32:04.102 [TestNG-test=Test-1] INFO  Dealership.POM - Username field is visible
16:32:04.450 [TestNG-test=Test-1] INFO  Dealership.POM - Password field is visible
16:32:04.602 [TestNG-test=Test-1] INFO  Dealership.POM - Login Button is visible
16:32:37.651 [TestNG-test=Test-1] INFO  Dealership.POM - Login Button is clicked
16:32:57.804 [TestNG-test=Test-1] INFO  Dealership.POM - Order link is visible
16:32:57.866 [TestNG-test=Test-1] INFO  Dealership.POM - Order link is clicked
16:32:58.007 [TestNG-test=Test-1] INFO  Dealership.POM - UnitOrder link is visible
16:32:58.080 [TestNG-test=Test-1] INFO  Dealership.POM - UnitOrder link is clicked
16:33:03.160 [TestNG-test=Test-1] INFO  Dealership.POM - FirstVendor link is visible
16:33:04.555 [TestNG-test=Test-1] FATAL Dealership.POM - Test Failed - screenshot captured for Method : SingleUnitOrder
16:33:10.530 [TestNG-test=Test-1] INFO  Dealership.POM - Running Test : BulkUnitOrder
16:33:13.931 [TestNG-test=Test-1] INFO  Dealership.POM - Windows maximized
16:33:15.686 [TestNG-test=Test-1] INFO  Dealership.POM - URL entered
16:33:15.770 [TestNG-test=Test-1] INFO  Dealership.POM - Username field is visible
16:33:16.028 [TestNG-test=Test-1] INFO  Dealership.POM - Password field is visible
16:33:16.265 [TestNG-test=Test-1] INFO  Dealership.POM - Login Button is visible
16:33:49.542 [TestNG-test=Test-1] INFO  Dealership.POM - Login Button is clicked
16:34:09.727 [TestNG-test=Test-1] INFO  Dealership.POM - Order link is visible
16:34:09.808 [TestNG-test=Test-1] INFO  Dealership.POM - Order link is clicked
16:34:09.980 [TestNG-test=Test-1] INFO  Dealership.POM - UnitOrder link is visible
16:34:10.060 [TestNG-test=Test-1] INFO  Dealership.POM - UnitOrder link is clicked
16:34:16.107 [TestNG-test=Test-1] INFO  Dealership.POM - FirstVendor link is visible
16:34:21.224 [TestNG-test=Test-1] INFO  Dealership.POM - Orderunit Button is visible
16:34:21.336 [TestNG-test=Test-1] INFO  Dealership.POM - Orderunit Button is clicked
16:34:24.514 [TestNG-test=Test-1] INFO  Dealership.POM - MakeField is visible
16:34:29.115 [TestNG-test=Test-1] INFO  Dealership.POM - MakeFieldDropdown is visible
16:34:29.520 [TestNG-test=Test-1] INFO  Dealership.POM - MakeField is filled
16:34:29.555 [TestNG-test=Test-1] INFO  Dealership.POM - Model Field is visible
16:34:33.687 [TestNG-test=Test-1] INFO  Dealership.POM - ModelFieldDropdown is visible
16:34:33.758 [TestNG-test=Test-1] INFO  Dealership.POM - ModelField is filled
16:34:33.798 [TestNG-test=Test-1] INFO  Dealership.POM - SubModel Field is visible
16:34:37.952 [TestNG-test=Test-1] INFO  Dealership.POM - SubModelFieldDropdown is visible
16:34:38.015 [TestNG-test=Test-1] INFO  Dealership.POM - SubModelField is filled
16:34:38.054 [TestNG-test=Test-1] INFO  Dealership.POM - YearUnitOrdering Field is visible
16:34:38.177 [TestNG-test=Test-1] INFO  Dealership.POM - YearDropdown is visible
16:34:38.259 [TestNG-test=Test-1] INFO  Dealership.POM - Year is selected
16:34:38.303 [TestNG-test=Test-1] INFO  Dealership.POM - ConditionUnitOrdering Field is visible
16:34:38.404 [TestNG-test=Test-1] INFO  Dealership.POM - ConditionDropdown is visible
16:34:38.474 [TestNG-test=Test-1] INFO  Dealership.POM - Condition is selected
16:34:38.519 [TestNG-test=Test-1] INFO  Dealership.POM - Colorfiled is visible
16:34:38.625 [TestNG-test=Test-1] INFO  Dealership.POM - Colorfiled is selected
16:34:38.659 [TestNG-test=Test-1] INFO  Dealership.POM - Factoryfiled is visible
16:34:38.759 [TestNG-test=Test-1] INFO  Dealership.POM - Factoryfiled is filled
16:34:38.786 [TestNG-test=Test-1] INFO  Dealership.POM - CategoryUnitOrdering Field is visible
16:34:38.872 [TestNG-test=Test-1] INFO  Dealership.POM - CategoryDropdown is visible
16:34:38.931 [TestNG-test=Test-1] INFO  Dealership.POM - CategoryDropdown is selected
16:34:43.983 [TestNG-test=Test-1] INFO  Dealership.POM - OrderedDateUnitOrdering Field is visible
16:34:49.139 [TestNG-test=Test-1] INFO  Dealership.POM - OrderDate is visible
16:34:49.226 [TestNG-test=Test-1] INFO  Dealership.POM - OrderDate is selected
16:34:49.261 [TestNG-test=Test-1] INFO  Dealership.POM - ExpectedDateUnitOrdering Field is visible
16:34:54.402 [TestNG-test=Test-1] INFO  Dealership.POM - ExpectDate is visible
16:34:54.478 [TestNG-test=Test-1] INFO  Dealership.POM - ExpectDate is selected
16:34:54.526 [TestNG-test=Test-1] INFO  Dealership.POM - BaseUnitPrice is visible
16:34:54.708 [TestNG-test=Test-1] INFO  Dealership.POM - BaseUnitPrice is filled
16:34:54.798 [TestNG-test=Test-1] INFO  Dealership.POM - BaseUnitCost is visible
16:34:54.941 [TestNG-test=Test-1] INFO  Dealership.POM - BaseUnitCost is filled
16:34:54.972 [TestNG-test=Test-1] INFO  Dealership.POM - AddPricing button is visible
16:34:55.029 [TestNG-test=Test-1] INFO  Dealership.POM - AddPricing button is clicked
16:35:10.470 [TestNG-test=Test-1] INFO  Dealership.POM - BulkOrder button is visible
16:35:10.576 [TestNG-test=Test-1] INFO  Dealership.POM - BulkOrder button is clicked
16:35:20.626 [TestNG-test=Test-1] INFO  Dealership.POM - BulkHandlingInputId is visible
16:35:20.711 [TestNG-test=Test-1] INFO  Dealership.POM - BulkHandlingInputId is clicked
16:35:20.753 [TestNG-test=Test-1] INFO  Dealership.POM - ConfirmButton is visible
16:35:20.839 [TestNG-test=Test-1] INFO  Dealership.POM - ConfirmButton is clicked
16:35:43.526 [TestNG-test=Test-1] INFO  Dealership.POM - Unit 1 is selected
16:35:43.692 [TestNG-test=Test-1] INFO  Dealership.POM - Unit 2 is selected
16:35:43.832 [TestNG-test=Test-1] INFO  Dealership.POM - Unit 3 is selected
16:35:43.832 [TestNG-test=Test-1] INFO  Dealership.POM - All units are selected
16:35:43.878 [TestNG-test=Test-1] INFO  Dealership.POM - Print Button is visible
16:35:44.055 [TestNG-test=Test-1] INFO  Dealership.POM - Print Button is clicked
16:35:57.171 [TestNG-test=Test-1] INFO  Dealership.POM - Receive button is visible
16:35:57.237 [TestNG-test=Test-1] INFO  Dealership.POM - Receive button is clicked
16:36:00.481 [TestNG-test=Test-1] INFO  Dealership.POM - InvoiceToggle button is visible
16:36:00.586 [TestNG-test=Test-1] INFO  Dealership.POM - InvoiceToggle button is clicked
16:36:00.637 [TestNG-test=Test-1] INFO  Dealership.POM - InvoiceNumber Field is visible
16:36:00.734 [TestNG-test=Test-1] INFO  Dealership.POM - InvoiceNumber Field is clicked
16:36:00.765 [TestNG-test=Test-1] INFO  Dealership.POM - InvoiceDate field is visible
16:36:00.862 [TestNG-test=Test-1] INFO  Dealership.POM - InvoiceDate field is clicked
16:36:02.908 [TestNG-test=Test-1] INFO  Dealership.POM - SelectrDate is visible
16:36:02.985 [TestNG-test=Test-1] INFO  Dealership.POM - SelectrDate is selected
16:36:03.193 [TestNG-test=Test-1] INFO  Dealership.POM - Vin Field 1 is filled
16:36:03.410 [TestNG-test=Test-1] INFO  Dealership.POM - Vin Field 2 is filled
16:36:03.616 [TestNG-test=Test-1] INFO  Dealership.POM - Vin Field 3 is filled
16:36:03.675 [TestNG-test=Test-1] INFO  Dealership.POM - Confirm button is visible
16:36:03.788 [TestNG-test=Test-1] INFO  Dealership.POM - Confirm button is selected
16:36:24.059 [TestNG-test=Test-1] FATAL Dealership.POM - Test Failed - screenshot captured for Method : BulkUnitOrder
16:36:30.089 [TestNG-test=Test-1] INFO  Dealership.POM - Running Test : PartOrderReceiveInvoice
16:36:34.538 [TestNG-test=Test-1] INFO  Dealership.POM - Windows maximized
16:36:36.496 [TestNG-test=Test-1] INFO  Dealership.POM - URL entered
16:36:36.562 [TestNG-test=Test-1] INFO  Dealership.POM - Username field is visible
16:36:36.832 [TestNG-test=Test-1] INFO  Dealership.POM - Password field is visible
16:36:37.162 [TestNG-test=Test-1] INFO  Dealership.POM - Login Button is visible
16:36:37.265 [TestNG-test=Test-1] INFO  Dealership.POM - Login Button is clicked
16:37:08.847 [TestNG-test=Test-1] INFO  Dealership.POM - GlobalSearch is visible
16:37:13.702 [TestNG-test=Test-1] INFO  Dealership.POM - SearchResult is visible
16:37:13.826 [TestNG-test=Test-1] INFO  Dealership.POM - Part is selected
16:37:33.929 [TestNG-test=Test-1] INFO  Dealership.POM - 2 parts are instock
16:37:33.992 [TestNG-test=Test-1] INFO  Dealership.POM - Order link is visible
16:37:34.057 [TestNG-test=Test-1] INFO  Dealership.POM - Order link is clicked
16:37:34.254 [TestNG-test=Test-1] INFO  Dealership.POM - PartOrder link is visible
16:37:34.399 [TestNG-test=Test-1] INFO  Dealership.POM - PartOrder link is clicked
16:37:39.499 [TestNG-test=Test-1] INFO  Dealership.POM - Vendor_Input is visible
16:37:39.736 [TestNG-test=Test-1] INFO  Dealership.POM - Vendor_Input is filled
16:37:41.364 [TestNG-test=Test-1] INFO  Dealership.POM - SearchResult is visible
16:37:41.518 [TestNG-test=Test-1] INFO  Dealership.POM - SearchResult is selected
16:37:46.616 [TestNG-test=Test-1] INFO  Dealership.POM - AddItems link is visible
16:37:46.738 [TestNG-test=Test-1] INFO  Dealership.POM - AddItems link is clicked
16:37:46.814 [TestNG-test=Test-1] INFO  Dealership.POM - SearchPart field is visible
16:37:47.085 [TestNG-test=Test-1] INFO  Dealership.POM - Part Name is entered
16:37:48.703 [TestNG-test=Test-1] INFO  Dealership.POM - PartName is visible
16:37:48.800 [TestNG-test=Test-1] INFO  Dealership.POM - PartName is selected
16:38:11.034 [TestNG-test=Test-1] INFO  Dealership.POM - ApplyBtn is visible
16:38:11.104 [TestNG-test=Test-1] INFO  Dealership.POM - ApplyBtn is clicked
16:38:21.153 [TestNG-test=Test-1] INFO  Dealership.POM - The Status is Open
16:38:21.185 [TestNG-test=Test-1] INFO  Dealership.POM - SubmitOrder button is visible
16:38:21.334 [TestNG-test=Test-1] INFO  Dealership.POM - SubmitOrder button is clicked
16:38:22.592 [TestNG-test=Test-1] INFO  Dealership.POM - The Status is On Order
16:38:22.636 [TestNG-test=Test-1] INFO  Dealership.POM - The Status is VO-00002168
16:38:22.694 [TestNG-test=Test-1] INFO  Dealership.POM - Order link is clicked
16:38:22.904 [TestNG-test=Test-1] INFO  Dealership.POM - PartReceiving link is visible
16:38:23.724 [TestNG-test=Test-1] INFO  Dealership.POM - PartReceiving link is clicked
16:38:28.877 [TestNG-test=Test-1] INFO  Dealership.POM - Vendor_Input is visible
16:38:29.113 [TestNG-test=Test-1] INFO  Dealership.POM - Vendor_Input is filled
16:38:30.418 [TestNG-test=Test-1] INFO  Dealership.POM - SearchResult is visible
16:38:30.494 [TestNG-test=Test-1] INFO  Dealership.POM - SearchResult is selected
16:38:35.309 [TestNG-test=Test-1] INFO  Dealership.POM - The Status is In Progress
16:38:35.360 [TestNG-test=Test-1] INFO  Dealership.POM - PackingSlipNumber is visible
16:38:35.427 [TestNG-test=Test-1] INFO  Dealership.POM - PackingSlipNumber is filled
16:38:35.463 [TestNG-test=Test-1] INFO  Dealership.POM - PartCheckbox is visible
16:38:35.580 [TestNG-test=Test-1] INFO  Dealership.POM - PartCheckbox is selected
16:38:45.630 [TestNG-test=Test-1] INFO  Dealership.POM - AddSelectedButton is visible
16:38:45.695 [TestNG-test=Test-1] INFO  Dealership.POM - AddSelectedButton is clicked
16:38:48.441 [TestNG-test=Test-1] INFO  Dealership.POM - PrintReceiving button is visible
16:38:48.537 [TestNG-test=Test-1] INFO  Dealership.POM - PrintReceiving button is clicked
16:38:49.143 [TestNG-test=Test-1] INFO  Dealership.POM - SetBrandingLocationModalWindow is visible
16:38:49.184 [TestNG-test=Test-1] INFO  Dealership.POM - BrandingLocationInput is visible
16:38:49.253 [TestNG-test=Test-1] INFO  Dealership.POM - BrandingLocationInput is clicked
16:38:49.317 [TestNG-test=Test-1] INFO  Dealership.POM - BLDropdownDiv is visible
16:38:49.378 [TestNG-test=Test-1] INFO  Dealership.POM - BLDropdownDiv is clicked
16:38:49.425 [TestNG-test=Test-1] INFO  Dealership.POM - ConfirmButton is visible
16:38:49.509 [TestNG-test=Test-1] INFO  Dealership.POM - ConfirmButton is clicked
16:38:54.669 [TestNG-test=Test-1] INFO  Dealership.POM - PrintReceiving button is clicked
16:39:06.507 [TestNG-test=Test-1] INFO  Dealership.POM - Vendor Order Receiving PDF is generated
16:39:06.691 [TestNG-test=Test-1] INFO  Dealership.POM - Commit Receiving Button is visible
16:39:06.772 [TestNG-test=Test-1] INFO  Dealership.POM - Commit Receiving Button is clicked
16:39:20.019 [TestNG-test=Test-1] INFO  Dealership.POM - The Status is Stocked
16:39:20.064 [TestNG-test=Test-1] INFO  Dealership.POM - The Status is VR-000698
16:39:20.141 [TestNG-test=Test-1] INFO  Dealership.POM - Order link is clicked
16:39:20.328 [TestNG-test=Test-1] INFO  Dealership.POM - PartInvoices link is visible
16:39:21.087 [TestNG-test=Test-1] INFO  Dealership.POM - PartInvoices link is clicked
16:39:22.759 [TestNG-test=Test-1] INFO  Dealership.POM - Header Text is visible
16:39:22.791 [TestNG-test=Test-1] INFO  Dealership.POM - Vendor_Input is visible
16:39:23.022 [TestNG-test=Test-1] INFO  Dealership.POM - Vendor_Input is filled
16:39:25.242 [TestNG-test=Test-1] INFO  Dealership.POM - SearchResult is visible
16:39:25.331 [TestNG-test=Test-1] INFO  Dealership.POM - SearchResult is selected
16:39:42.317 [TestNG-test=Test-1] INFO  Dealership.POM - The Status is In Progress
16:39:42.347 [TestNG-test=Test-1] INFO  Dealership.POM - InvoiceNumber is visible
16:39:42.456 [TestNG-test=Test-1] INFO  Dealership.POM - InvoiceNumber is filled
16:39:42.491 [TestNG-test=Test-1] INFO  Dealership.POM - PartCheckbox is visible
16:39:42.590 [TestNG-test=Test-1] INFO  Dealership.POM - PartCheckbox is selected
16:39:47.662 [TestNG-test=Test-1] INFO  Dealership.POM - Finalize Invoice Button is visible
16:39:47.734 [TestNG-test=Test-1] INFO  Dealership.POM - Finalize Invoice Button is clicked
17:27:58.534 [TestNG-test=Test-1] INFO  Dealership.POM - Running Test : PartOrderfromCO
17:28:19.174 [TestNG-test=Test-1] INFO  Dealership.POM - Windows maximized
17:28:22.806 [TestNG-test=Test-1] INFO  Dealership.POM - URL entered
17:28:22.923 [TestNG-test=Test-1] INFO  Dealership.POM - Username field is visible
17:28:23.499 [TestNG-test=Test-1] INFO  Dealership.POM - Password field is visible
17:28:24.567 [TestNG-test=Test-1] INFO  Dealership.POM - Login Button is visible
17:29:00.502 [TestNG-test=Test-1] INFO  Dealership.POM - Login Button is clicked
17:29:21.065 [TestNG-test=Test-1] INFO  Dealership.POM - Sell link is visible
17:29:23.434 [TestNG-test=Test-1] INFO  Dealership.POM - Sell link is clickable
17:29:23.676 [TestNG-test=Test-1] INFO  Dealership.POM - Select Customer Dropdown is visible
17:29:25.415 [TestNG-test=Test-1] INFO  Dealership.POM - Select Customer Field is visible
17:29:27.976 [TestNG-test=Test-1] INFO  Dealership.POM - CustomerInfo is visible
17:29:58.336 [TestNG-test=Test-1] INFO  Dealership.POM - SellPartandAccs button is visible
17:29:58.697 [TestNG-test=Test-1] INFO  Dealership.POM - SellPartandAccs button is clicked
17:30:00.548 [TestNG-test=Test-1] INFO  Dealership.POM - Searchbox is visible
17:30:11.048 [TestNG-test=Test-1] INFO  Dealership.POM - Merchentity is visible
17:30:21.181 [TestNG-test=Test-1] INFO  Dealership.POM - Merchentity is selected
17:30:21.222 [TestNG-test=Test-1] INFO  Dealership.POM - PartStatus is visible
17:30:21.256 [TestNG-test=Test-1] INFO  Dealership.POM - PartStatus is Required
17:30:21.297 [TestNG-test=Test-1] INFO  Dealership.POM - The CONumber is CO-0004720
17:30:21.337 [TestNG-test=Test-1] INFO  Dealership.POM - Order link is visible
17:30:31.813 [TestNG-test=Test-1] FATAL Dealership.POM - Test Failed - screenshot captured for Method : PartOrderfromCO
17:30:37.667 [TestNG-test=Test-1] INFO  Dealership.POM - Running Test : SpecialOrder
17:30:41.714 [TestNG-test=Test-1] INFO  Dealership.POM - Windows maximized
17:30:44.009 [TestNG-test=Test-1] INFO  Dealership.POM - URL entered
17:30:44.061 [TestNG-test=Test-1] INFO  Dealership.POM - Username field is visible
17:30:44.225 [TestNG-test=Test-1] INFO  Dealership.POM - Password field is visible
17:30:44.341 [TestNG-test=Test-1] INFO  Dealership.POM - Login Button is visible
17:30:44.433 [TestNG-test=Test-1] INFO  Dealership.POM - Login Button is clicked
17:31:25.316 [TestNG-test=Test-1] INFO  Dealership.POM - Sell link is visible
17:31:27.429 [TestNG-test=Test-1] INFO  Dealership.POM - Sell link is clickable
17:31:27.639 [TestNG-test=Test-1] INFO  Dealership.POM - Sell Part tile is displayed
17:31:27.803 [TestNG-test=Test-1] INFO  Dealership.POM - Sell Part tile is clicked
17:31:29.464 [TestNG-test=Test-1] INFO  Dealership.POM - Searchbox is visible
17:31:29.496 [TestNG-test=Test-1] INFO  Dealership.POM - Searchbox is visible
17:31:33.667 [TestNG-test=Test-1] INFO  Dealership.POM - Merchentity is visible
17:31:33.781 [TestNG-test=Test-1] INFO  Dealership.POM - Merchentity is selected
17:31:34.476 [TestNG-test=Test-1] INFO  Dealership.POM - OversoldPopUpText is visible
17:31:34.531 [TestNG-test=Test-1] INFO  Dealership.POM - OversoldPopUpText is correct
17:31:34.571 [TestNG-test=Test-1] INFO  Dealership.POM - Create Special Order Action Btn is visible
17:31:34.714 [TestNG-test=Test-1] INFO  Dealership.POM - Create Special Order Action Btn is clicked
17:31:35.363 [TestNG-test=Test-1] INFO  Dealership.POM - Select Customer Field is visible
17:31:38.435 [TestNG-test=Test-1] INFO  Dealership.POM - CustomerInfo is visible
17:31:48.743 [TestNG-test=Test-1] INFO  Dealership.POM - The CONumber is CO-0004721
17:31:48.786 [TestNG-test=Test-1] INFO  Dealership.POM - Order link is visible
17:31:48.895 [TestNG-test=Test-1] INFO  Dealership.POM - Order link is clicked
17:31:49.075 [TestNG-test=Test-1] INFO  Dealership.POM - PartOrder link is visible
17:31:49.175 [TestNG-test=Test-1] INFO  Dealership.POM - PartOrder link is clicked
17:31:54.305 [TestNG-test=Test-1] INFO  Dealership.POM - Vendor_Input is visible
17:31:54.651 [TestNG-test=Test-1] INFO  Dealership.POM - Vendor_Input is filled
17:31:56.793 [TestNG-test=Test-1] INFO  Dealership.POM - SearchResult is visible
17:31:56.942 [TestNG-test=Test-1] INFO  Dealership.POM - SearchResult is selected
17:32:07.018 [TestNG-test=Test-1] INFO  Dealership.POM - PartCheckbox is visible
17:32:07.102 [TestNG-test=Test-1] INFO  Dealership.POM - PartCheckbox is selected
17:32:17.176 [TestNG-test=Test-1] INFO  Dealership.POM - AddSelectedButton is visible
17:32:17.274 [TestNG-test=Test-1] INFO  Dealership.POM - AddSelectedButton is clicked
17:32:22.563 [TestNG-test=Test-1] FATAL Dealership.POM - Test Failed - screenshot captured for Method : SpecialOrder
17:32:28.593 [TestNG-test=Test-1] INFO  Dealership.POM - Running Test : Oversold
17:32:33.489 [TestNG-test=Test-1] INFO  Dealership.POM - Windows maximized
17:32:36.908 [TestNG-test=Test-1] INFO  Dealership.POM - URL entered
17:32:36.958 [TestNG-test=Test-1] INFO  Dealership.POM - Username field is visible
17:32:37.170 [TestNG-test=Test-1] INFO  Dealership.POM - Password field is visible
17:32:37.477 [TestNG-test=Test-1] INFO  Dealership.POM - Login Button is visible
17:33:10.843 [TestNG-test=Test-1] INFO  Dealership.POM - Login Button is clicked
17:33:31.016 [TestNG-test=Test-1] INFO  Dealership.POM - Sell link is visible
17:33:32.205 [TestNG-test=Test-1] INFO  Dealership.POM - Sell link is clickable
17:33:32.388 [TestNG-test=Test-1] INFO  Dealership.POM - Sell Part tile is displayed
17:33:32.553 [TestNG-test=Test-1] INFO  Dealership.POM - Sell Part tile is clicked
17:33:34.296 [TestNG-test=Test-1] INFO  Dealership.POM - Searchbox is visible
17:33:34.332 [TestNG-test=Test-1] INFO  Dealership.POM - Searchbox is visible
17:33:38.496 [TestNG-test=Test-1] INFO  Dealership.POM - Merchentity is visible
17:33:38.578 [TestNG-test=Test-1] INFO  Dealership.POM - Merchentity is selected
17:33:39.225 [TestNG-test=Test-1] INFO  Dealership.POM - OversoldPopUpText is visible
17:33:39.254 [TestNG-test=Test-1] INFO  Dealership.POM - OversoldPopUpText is correct
17:33:39.288 [TestNG-test=Test-1] INFO  Dealership.POM - Oversold Action Btn is visible
17:33:39.450 [TestNG-test=Test-1] INFO  Dealership.POM - Oversold Action Btn is clicked
17:33:47.323 [TestNG-test=Test-1] INFO  Dealership.POM - Checkout_Button is visible
17:34:12.943 [TestNG-test=Test-1] INFO  Dealership.POM - Payment option is visible
17:34:13.057 [TestNG-test=Test-1] INFO  Dealership.POM - Payment option is selected
17:34:13.170 [TestNG-test=Test-1] INFO  Dealership.POM - AddPayment Button is visible
17:34:13.334 [TestNG-test=Test-1] INFO  Dealership.POM - AddPayment Button is clicked
17:34:23.385 [TestNG-test=Test-1] INFO  Dealership.POM - Finalize Button is visible
17:34:23.486 [TestNG-test=Test-1] INFO  Dealership.POM - Finalize Button is clicked
17:34:33.563 [TestNG-test=Test-1] INFO  Dealership.POM - Invoice Window is visible
17:34:33.801 [TestNG-test=Test-1] INFO  Dealership.POM - Invoice Close Button is visible
17:34:33.841 [TestNG-test=Test-1] INFO  Dealership.POM - Invoice Close Button is clicked
17:34:43.881 [TestNG-test=Test-1] INFO  Dealership.POM - CO Status is visible
17:34:43.909 [TestNG-test=Test-1] INFO  Dealership.POM - CO Status is Closed
17:34:43.910 [TestNG-test=Test-1] INFO  Dealership.POM - Test case Oversold passes successfully
17:34:50.009 [TestNG-test=Test-1] INFO  Dealership.POM - Running Test : PartReturntoVendor
17:34:54.049 [TestNG-test=Test-1] INFO  Dealership.POM - Windows maximized
17:34:59.893 [TestNG-test=Test-1] INFO  Dealership.POM - URL entered
17:34:59.935 [TestNG-test=Test-1] INFO  Dealership.POM - Username field is visible
17:35:00.111 [TestNG-test=Test-1] INFO  Dealership.POM - Password field is visible
17:35:00.340 [TestNG-test=Test-1] INFO  Dealership.POM - Login Button is visible
17:35:18.056 [TestNG-test=Test-1] INFO  Dealership.POM - Login Button is clicked
17:35:38.471 [TestNG-test=Test-1] INFO  Dealership.POM - GlobalSearch is visible
17:35:43.098 [TestNG-test=Test-1] INFO  Dealership.POM - SearchResult is visible
17:35:43.215 [TestNG-test=Test-1] INFO  Dealership.POM - Part is selected
17:36:08.336 [TestNG-test=Test-1] INFO  Dealership.POM - 4 parts are instock
17:36:08.406 [TestNG-test=Test-1] INFO  Dealership.POM - Order link is visible
17:36:08.483 [TestNG-test=Test-1] INFO  Dealership.POM - Order link is clicked
17:36:08.697 [TestNG-test=Test-1] INFO  Dealership.POM - PartReturn link is visible
17:36:08.815 [TestNG-test=Test-1] INFO  Dealership.POM - PartReturn link is clicked
17:36:13.929 [TestNG-test=Test-1] INFO  Dealership.POM - Vendor_Input is visible
17:36:14.205 [TestNG-test=Test-1] INFO  Dealership.POM - Vendor_Input is filled
17:36:15.872 [TestNG-test=Test-1] INFO  Dealership.POM - SearchResult is visible
17:36:15.969 [TestNG-test=Test-1] INFO  Dealership.POM - SearchResult is selected
17:36:21.080 [TestNG-test=Test-1] INFO  Dealership.POM - The Status is In Progress
17:36:21.135 [TestNG-test=Test-1] INFO  Dealership.POM - AddItems link is visible
17:36:21.282 [TestNG-test=Test-1] INFO  Dealership.POM - AddItems link is clicked
17:36:21.419 [TestNG-test=Test-1] INFO  Dealership.POM - SearchPart field is visible
17:36:21.787 [TestNG-test=Test-1] INFO  Dealership.POM - Part Name is entered
17:36:23.431 [TestNG-test=Test-1] INFO  Dealership.POM - PartName is visible
17:36:23.482 [TestNG-test=Test-1] INFO  Dealership.POM - PartName is selected
17:36:33.577 [TestNG-test=Test-1] INFO  Dealership.POM - ReturnQty field is visible
17:36:33.673 [TestNG-test=Test-1] INFO  Dealership.POM - ReturnQty is filled
17:36:34.035 [TestNG-test=Test-1] INFO  Dealership.POM - RMA field is visible
17:36:34.177 [TestNG-test=Test-1] INFO  Dealership.POM - CreditMemo field is visible
17:36:35.967 [TestNG-test=Test-1] INFO  Dealership.POM - RMA field is filled
17:36:35.967 [TestNG-test=Test-1] INFO  Dealership.POM - CreditMemo field is filled
17:36:35.999 [TestNG-test=Test-1] INFO  Dealership.POM - Submit Return Button is visible
17:36:36.066 [TestNG-test=Test-1] INFO  Dealership.POM - Submit Return Button is clicked
17:36:37.216 [TestNG-test=Test-1] INFO  Dealership.POM - The Status is Submitted
17:36:37.286 [TestNG-test=Test-1] INFO  Dealership.POM - Set As Approved Button is visible
17:36:37.367 [TestNG-test=Test-1] INFO  Dealership.POM - Set As Approved Button is clicked
17:36:49.901 [TestNG-test=Test-1] INFO  Dealership.POM - The Status is Approved
17:36:49.958 [TestNG-test=Test-1] INFO  Dealership.POM - Process Credit Button is visible
17:36:50.010 [TestNG-test=Test-1] INFO  Dealership.POM - Process Credit Button is clicked
17:37:06.204 [TestNG-test=Test-1] INFO  Dealership.POM - The Status is Credited
17:37:11.784 [TestNG-test=Test-1] INFO  Dealership.POM - SearchResult is visible
17:37:12.838 [TestNG-test=Test-1] INFO  Dealership.POM - Part is selected
17:37:32.924 [TestNG-test=Test-1] INFO  Dealership.POM - 3 parts are instock
17:37:32.924 [TestNG-test=Test-1] INFO  Dealership.POM - Succesfully returned -1 Parts to vendor Qavendor-21_01_202203_10_38
17:37:32.924 [TestNG-test=Test-1] INFO  Dealership.POM - Test case PartReturntoVendor passes successfully
17:37:38.901 [TestNG-test=Test-1] INFO  Dealership.POM - Running Test : CreateEditDeleteAppointment
17:37:42.951 [TestNG-test=Test-1] INFO  Dealership.POM - Windows maximized
17:37:44.786 [TestNG-test=Test-1] INFO  Dealership.POM - URL entered
17:37:44.858 [TestNG-test=Test-1] INFO  Dealership.POM - Username field is visible
17:37:45.080 [TestNG-test=Test-1] INFO  Dealership.POM - Password field is visible
17:37:45.394 [TestNG-test=Test-1] INFO  Dealership.POM - Login Button is visible
17:38:01.923 [TestNG-test=Test-1] INFO  Dealership.POM - Login Button is clicked
17:38:22.167 [TestNG-test=Test-1] INFO  Dealership.POM - Schedule link is visible
17:38:22.260 [TestNG-test=Test-1] INFO  Dealership.POM - Schedule link is clicked
17:38:34.730 [TestNG-test=Test-1] INFO  Dealership.POM - New Appointment Button is visible
17:38:36.021 [TestNG-test=Test-1] FATAL Dealership.POM - Test Failed - screenshot captured for Method : CreateEditDeleteAppointment
17:38:42.167 [TestNG-test=Test-1] INFO  Dealership.POM - Running Test : CreateandView
17:38:45.738 [TestNG-test=Test-1] INFO  Dealership.POM - Windows maximized
17:38:48.029 [TestNG-test=Test-1] INFO  Dealership.POM - URL entered
17:38:48.104 [TestNG-test=Test-1] INFO  Dealership.POM - Username field is visible
17:38:48.361 [TestNG-test=Test-1] INFO  Dealership.POM - Password field is visible
