17:29:08.950 [TestNG-test=Test-1] INFO  Dealership.POM - ExpectDate is visible
17:29:09.031 [TestNG-test=Test-1] INFO  Dealership.POM - ExpectDate is selected
17:29:09.088 [TestNG-test=Test-1] INFO  Dealership.POM - BaseUnitPrice is visible
17:29:09.279 [TestNG-test=Test-1] INFO  Dealership.POM - BaseUnitPrice is filled
17:29:09.316 [TestNG-test=Test-1] INFO  Dealership.POM - BaseUnitCost is visible
17:29:09.495 [TestNG-test=Test-1] INFO  Dealership.POM - BaseUnitCost is filled
17:29:09.537 [TestNG-test=Test-1] INFO  Dealership.POM - AddPricing button is visible
17:29:09.636 [TestNG-test=Test-1] INFO  Dealership.POM - AddPricing button is clicked
17:29:19.705 [TestNG-test=Test-1] INFO  Dealership.POM - Create Single Order Button is visible
17:29:19.782 [TestNG-test=Test-1] INFO  Dealership.POM - Create Single Order Button is clicked
17:29:24.709 [TestNG-test=Test-1] INFO  Dealership.POM - Orderunit is visible
17:29:25.706 [TestNG-test=Test-1] INFO  Dealership.POM - Orderunit is clicked
17:29:30.782 [TestNG-test=Test-1] INFO  Dealership.POM - Make is verified
17:29:30.813 [TestNG-test=Test-1] INFO  Dealership.POM - Model is verified
17:29:30.842 [TestNG-test=Test-1] INFO  Dealership.POM - SubModel is verified
17:29:30.872 [TestNG-test=Test-1] INFO  Dealership.POM - Print Button is visible
17:29:30.992 [TestNG-test=Test-1] INFO  Dealership.POM - Print Button is clicked
17:29:41.134 [TestNG-test=Test-1] INFO  Dealership.POM - Edit button is visible
17:29:41.324 [TestNG-test=Test-1] INFO  Dealership.POM - Edit button is clicked
17:29:46.377 [TestNG-test=Test-1] INFO  Dealership.POM - Save button is visible
17:29:46.526 [TestNG-test=Test-1] INFO  Dealership.POM - Save button is clicked
17:29:51.581 [TestNG-test=Test-1] INFO  Dealership.POM - Receive button is visible
17:29:51.640 [TestNG-test=Test-1] INFO  Dealership.POM - Receive button is clicked
17:29:54.958 [TestNG-test=Test-1] INFO  Dealership.POM - Model Name is verified
17:29:54.991 [TestNG-test=Test-1] INFO  Dealership.POM - VINField is visible
17:29:55.100 [TestNG-test=Test-1] INFO  Dealership.POM - VINField is filled
17:29:55.137 [TestNG-test=Test-1] INFO  Dealership.POM - InvoiceNumberField is visible
17:29:55.268 [TestNG-test=Test-1] INFO  Dealership.POM - InvoiceNumberField is filled
17:29:55.365 [TestNG-test=Test-1] INFO  Dealership.POM - InvoiceDateField is visible
17:29:55.474 [TestNG-test=Test-1] INFO  Dealership.POM - InvoiceDateField is filled
17:30:00.519 [TestNG-test=Test-1] INFO  Dealership.POM - InvoiceDate is visible
17:30:00.601 [TestNG-test=Test-1] INFO  Dealership.POM - InvoiceDate is selected
17:30:02.649 [TestNG-test=Test-1] INFO  Dealership.POM - ConfirmButton is visible
17:30:02.718 [TestNG-test=Test-1] INFO  Dealership.POM - ConfirmButton is selected
17:30:08.636 [TestNG-test=Test-1] INFO  Dealership.POM - ReceivedUnit is visible
17:30:08.667 [TestNG-test=Test-1] INFO  Dealership.POM - UNTNumber is [[ChromeDriver: chrome on WINDOWS (aa0cd5a968fd85a641bd8b5c1a1156db)] -> xpath: //tr/td/span[contains(text(),'UNT')]]
17:30:08.667 [TestNG-test=Test-1] INFO  Dealership.POM - Test case SingleUnitOrder passes successfully
17:30:14.697 [TestNG-test=Test-1] INFO  Dealership.POM - Running Test : BulkUnitOrder
17:30:18.312 [TestNG-test=Test-1] INFO  Dealership.POM - Windows maximized
17:30:19.997 [TestNG-test=Test-1] INFO  Dealership.POM - URL entered
17:30:20.046 [TestNG-test=Test-1] INFO  Dealership.POM - Username field is visible
17:30:20.244 [TestNG-test=Test-1] INFO  Dealership.POM - Password field is visible
17:30:56.638 [TestNG-test=Test-1] INFO  Dealership.POM - Order link is visible
17:30:56.717 [TestNG-test=Test-1] INFO  Dealership.POM - Order link is clicked
17:30:57.076 [TestNG-test=Test-1] INFO  Dealership.POM - UnitOrder link is visible
17:30:57.169 [TestNG-test=Test-1] INFO  Dealership.POM - UnitOrder link is clicked
17:31:03.061 [TestNG-test=Test-1] INFO  Dealership.POM - FirstVendor link is visible
17:31:08.176 [TestNG-test=Test-1] INFO  Dealership.POM - Orderunit Button is visible
17:31:08.280 [TestNG-test=Test-1] INFO  Dealership.POM - Orderunit Button is clicked
17:31:12.073 [TestNG-test=Test-1] INFO  Dealership.POM - MakeField is visible
17:31:16.826 [TestNG-test=Test-1] INFO  Dealership.POM - MakeFieldDropdown is visible
17:31:17.398 [TestNG-test=Test-1] INFO  Dealership.POM - MakeField is filled
17:31:17.439 [TestNG-test=Test-1] INFO  Dealership.POM - Model Field is visible
17:31:21.621 [TestNG-test=Test-1] INFO  Dealership.POM - ModelFieldDropdown is visible
17:31:21.721 [TestNG-test=Test-1] INFO  Dealership.POM - ModelField is filled
17:31:21.797 [TestNG-test=Test-1] INFO  Dealership.POM - SubModel Field is visible
17:31:25.980 [TestNG-test=Test-1] INFO  Dealership.POM - SubModelFieldDropdown is visible
17:31:26.079 [TestNG-test=Test-1] INFO  Dealership.POM - SubModelField is filled
17:31:26.163 [TestNG-test=Test-1] INFO  Dealership.POM - YearUnitOrdering Field is visible
17:31:26.363 [TestNG-test=Test-1] INFO  Dealership.POM - YearDropdown is visible
17:31:26.460 [TestNG-test=Test-1] INFO  Dealership.POM - Year is selected
17:31:26.517 [TestNG-test=Test-1] INFO  Dealership.POM - ConditionUnitOrdering Field is visible
17:31:26.713 [TestNG-test=Test-1] INFO  Dealership.POM - ConditionDropdown is visible
17:31:26.833 [TestNG-test=Test-1] INFO  Dealership.POM - Condition is selected
17:31:26.902 [TestNG-test=Test-1] INFO  Dealership.POM - Colorfiled is visible
17:31:27.120 [TestNG-test=Test-1] INFO  Dealership.POM - Colorfiled is selected
17:31:27.184 [TestNG-test=Test-1] INFO  Dealership.POM - Factoryfiled is visible
17:31:27.397 [TestNG-test=Test-1] INFO  Dealership.POM - Factoryfiled is filled
17:31:27.459 [TestNG-test=Test-1] INFO  Dealership.POM - CategoryUnitOrdering Field is visible
17:31:27.669 [TestNG-test=Test-1] INFO  Dealership.POM - CategoryDropdown is visible
17:31:27.880 [TestNG-test=Test-1] INFO  Dealership.POM - CategoryDropdown is selected
17:31:33.006 [TestNG-test=Test-1] INFO  Dealership.POM - OrderedDateUnitOrdering Field is visible
17:31:38.368 [TestNG-test=Test-1] INFO  Dealership.POM - OrderDate is visible
17:31:38.748 [TestNG-test=Test-1] INFO  Dealership.POM - OrderDate is selected
17:31:38.876 [TestNG-test=Test-1] INFO  Dealership.POM - ExpectedDateUnitOrdering Field is visible
17:31:44.179 [TestNG-test=Test-1] INFO  Dealership.POM - ExpectDate is visible
17:31:44.351 [TestNG-test=Test-1] INFO  Dealership.POM - ExpectDate is selected
17:31:44.696 [TestNG-test=Test-1] INFO  Dealership.POM - BaseUnitPrice is visible
17:31:45.120 [TestNG-test=Test-1] INFO  Dealership.POM - BaseUnitPrice is filled
17:31:45.188 [TestNG-test=Test-1] INFO  Dealership.POM - BaseUnitCost is visible
17:31:45.405 [TestNG-test=Test-1] INFO  Dealership.POM - BaseUnitCost is filled
17:31:45.466 [TestNG-test=Test-1] INFO  Dealership.POM - AddPricing button is visible
17:31:45.641 [TestNG-test=Test-1] INFO  Dealership.POM - AddPricing button is clicked
17:31:55.739 [TestNG-test=Test-1] INFO  Dealership.POM - BulkOrder button is visible
17:31:55.908 [TestNG-test=Test-1] INFO  Dealership.POM - BulkOrder button is clicked
17:32:05.943 [TestNG-test=Test-1] INFO  Dealership.POM - BulkHandlingInputId is visible
17:32:06.019 [TestNG-test=Test-1] INFO  Dealership.POM - BulkHandlingInputId is clicked
17:32:06.056 [TestNG-test=Test-1] INFO  Dealership.POM - ConfirmButton is visible
17:32:06.146 [TestNG-test=Test-1] INFO  Dealership.POM - ConfirmButton is clicked
17:32:17.393 [TestNG-test=Test-1] INFO  Dealership.POM - Unit 1 is selected
17:32:18.854 [TestNG-test=Test-1] FATAL Dealership.POM - Test Failed - screenshot captured for Method : BulkUnitOrder
17:32:24.974 [TestNG-test=Test-1] INFO  Dealership.POM - Running Test : PartOrderReceiveInvoice
17:32:29.373 [TestNG-test=Test-1] INFO  Dealership.POM - Windows maximized
17:32:31.834 [TestNG-test=Test-1] INFO  Dealership.POM - URL entered
17:32:31.991 [TestNG-test=Test-1] INFO  Dealership.POM - Username field is visible
17:32:32.731 [TestNG-test=Test-1] INFO  Dealership.POM - Password field is visible
17:33:22.087 [TestNG-test=Test-1] INFO  Dealership.POM - GlobalSearch is visible
17:33:26.582 [TestNG-test=Test-1] INFO  Dealership.POM - SearchResult is visible
17:33:26.669 [TestNG-test=Test-1] INFO  Dealership.POM - Part is selected
17:33:46.770 [TestNG-test=Test-1] INFO  Dealership.POM - 8 parts are instock
17:33:46.828 [TestNG-test=Test-1] INFO  Dealership.POM - Order link is visible
17:33:46.889 [TestNG-test=Test-1] INFO  Dealership.POM - Order link is clicked
17:33:47.088 [TestNG-test=Test-1] INFO  Dealership.POM - PartOrder link is visible
17:33:47.210 [TestNG-test=Test-1] INFO  Dealership.POM - PartOrder link is clicked
17:33:52.316 [TestNG-test=Test-1] INFO  Dealership.POM - Vendor_Input is visible
17:33:52.543 [TestNG-test=Test-1] INFO  Dealership.POM - Vendor_Input is filled
17:33:54.171 [TestNG-test=Test-1] INFO  Dealership.POM - SearchResult is visible
17:33:54.259 [TestNG-test=Test-1] INFO  Dealership.POM - SearchResult is selected
17:33:59.352 [TestNG-test=Test-1] INFO  Dealership.POM - AddItems link is visible
17:34:00.566 [TestNG-test=Test-1] FATAL Dealership.POM - Test Failed - screenshot captured for Method : PartOrderReceiveInvoice
17:34:06.547 [TestNG-test=Test-1] INFO  Dealership.POM - Running Test : PartOrderfromCO
17:34:10.224 [TestNG-test=Test-1] INFO  Dealership.POM - Windows maximized
17:34:13.939 [TestNG-test=Test-1] INFO  Dealership.POM - URL entered
17:34:13.996 [TestNG-test=Test-1] INFO  Dealership.POM - Username field is visible
17:34:14.167 [TestNG-test=Test-1] INFO  Dealership.POM - Password field is visible
17:34:56.840 [TestNG-test=Test-1] INFO  Dealership.POM - Sell link is visible
17:34:58.440 [TestNG-test=Test-1] INFO  Dealership.POM - Sell link is clickable
17:34:58.722 [TestNG-test=Test-1] INFO  Dealership.POM - Select Customer Dropdown is visible
17:35:00.573 [TestNG-test=Test-1] INFO  Dealership.POM - Select Customer Field is visible
17:35:02.701 [TestNG-test=Test-1] INFO  Dealership.POM - CustomerInfo is visible
17:35:32.983 [TestNG-test=Test-1] INFO  Dealership.POM - SellPartandAccs button is visible
17:35:33.078 [TestNG-test=Test-1] INFO  Dealership.POM - SellPartandAccs button is clicked
17:35:35.408 [TestNG-test=Test-1] INFO  Dealership.POM - Searchbox is visible
17:35:46.088 [TestNG-test=Test-1] FATAL Dealership.POM - Test Failed - screenshot captured for Method : PartOrderfromCO
17:35:52.038 [TestNG-test=Test-1] INFO  Dealership.POM - Running Test : SpecialOrder
17:35:56.619 [TestNG-test=Test-1] INFO  Dealership.POM - Windows maximized
17:35:58.588 [TestNG-test=Test-1] INFO  Dealership.POM - URL entered
17:35:58.630 [TestNG-test=Test-1] INFO  Dealership.POM - Username field is visible
17:35:58.789 [TestNG-test=Test-1] INFO  Dealership.POM - Password field is visible
17:36:34.203 [TestNG-test=Test-1] INFO  Dealership.POM - Sell link is visible
17:36:36.394 [TestNG-test=Test-1] INFO  Dealership.POM - Sell link is clickable
17:36:37.316 [TestNG-test=Test-1] INFO  Dealership.POM - Sell Part tile is displayed
17:36:37.511 [TestNG-test=Test-1] INFO  Dealership.POM - Sell Part tile is clicked
17:36:37.808 [TestNG-test=Test-1] INFO  Dealership.POM - Searchbox is visible
17:36:37.900 [TestNG-test=Test-1] INFO  Dealership.POM - Searchbox is visible
17:36:41.261 [TestNG-test=Test-1] INFO  Dealership.POM - Merchentity is visible
17:36:41.481 [TestNG-test=Test-1] INFO  Dealership.POM - Merchentity is selected
17:36:42.197 [TestNG-test=Test-1] INFO  Dealership.POM - OversoldPopUpText is visible
17:36:42.242 [TestNG-test=Test-1] INFO  Dealership.POM - OversoldPopUpText is correct
17:36:42.284 [TestNG-test=Test-1] INFO  Dealership.POM - Create Special Order Action Btn is visible
17:36:42.452 [TestNG-test=Test-1] INFO  Dealership.POM - Create Special Order Action Btn is clicked
17:36:43.183 [TestNG-test=Test-1] INFO  Dealership.POM - Select Customer Field is visible
17:36:44.828 [TestNG-test=Test-1] INFO  Dealership.POM - CustomerInfo is visible
17:36:55.302 [TestNG-test=Test-1] INFO  Dealership.POM - The CONumber is CO-0005048
17:36:55.353 [TestNG-test=Test-1] INFO  Dealership.POM - Order link is visible
17:36:55.487 [TestNG-test=Test-1] INFO  Dealership.POM - Order link is clicked
17:36:55.649 [TestNG-test=Test-1] INFO  Dealership.POM - PartOrder link is visible
17:36:55.768 [TestNG-test=Test-1] INFO  Dealership.POM - PartOrder link is clicked
17:37:01.002 [TestNG-test=Test-1] INFO  Dealership.POM - Vendor_Input is visible
17:37:01.458 [TestNG-test=Test-1] INFO  Dealership.POM - Vendor_Input is filled
17:37:03.625 [TestNG-test=Test-1] INFO  Dealership.POM - SearchResult is visible
17:37:03.900 [TestNG-test=Test-1] INFO  Dealership.POM - SearchResult is selected
17:37:13.995 [TestNG-test=Test-1] INFO  Dealership.POM - PartCheckbox is visible
17:37:14.094 [TestNG-test=Test-1] INFO  Dealership.POM - PartCheckbox is selected
17:37:24.208 [TestNG-test=Test-1] INFO  Dealership.POM - AddSelectedButton is visible
17:37:24.329 [TestNG-test=Test-1] INFO  Dealership.POM - AddSelectedButton is clicked
17:37:29.400 [TestNG-test=Test-1] INFO  Dealership.POM - SubmitOrder button is visible
17:37:29.452 [TestNG-test=Test-1] INFO  Dealership.POM - SubmitOrder button is clicked
17:37:30.894 [TestNG-test=Test-1] INFO  Dealership.POM - The Status is On Order
17:37:30.956 [TestNG-test=Test-1] INFO  Dealership.POM - The Status is VO-00002192
17:37:31.085 [TestNG-test=Test-1] INFO  Dealership.POM - Order link is clicked
17:37:31.347 [TestNG-test=Test-1] INFO  Dealership.POM - PartReceiving link is visible
17:37:32.239 [TestNG-test=Test-1] INFO  Dealership.POM - PartReceiving link is clicked
17:37:37.388 [TestNG-test=Test-1] INFO  Dealership.POM - Vendor_Input is visible
17:37:37.651 [TestNG-test=Test-1] INFO  Dealership.POM - Vendor_Input is filled
17:37:38.916 [TestNG-test=Test-1] INFO  Dealership.POM - SearchResult is visible
17:37:39.058 [TestNG-test=Test-1] INFO  Dealership.POM - SearchResult is selected
17:37:44.143 [TestNG-test=Test-1] INFO  Dealership.POM - The Status is In Progress
17:37:44.186 [TestNG-test=Test-1] INFO  Dealership.POM - PackingSlipNumber is visible
17:37:44.284 [TestNG-test=Test-1] INFO  Dealership.POM - PackingSlipNumber is filled
17:37:44.334 [TestNG-test=Test-1] INFO  Dealership.POM - PartCheckbox is visible
17:37:44.536 [TestNG-test=Test-1] INFO  Dealership.POM - PartCheckbox is selected
17:37:54.585 [TestNG-test=Test-1] INFO  Dealership.POM - AddSelectedButton is visible
17:37:54.697 [TestNG-test=Test-1] INFO  Dealership.POM - AddSelectedButton is clicked
17:37:57.350 [TestNG-test=Test-1] INFO  Dealership.POM - PrintReceiving button is visible
17:37:57.448 [TestNG-test=Test-1] INFO  Dealership.POM - PrintReceiving button is clicked
17:37:58.045 [TestNG-test=Test-1] INFO  Dealership.POM - SetBrandingLocationModalWindow is visible
17:37:58.102 [TestNG-test=Test-1] INFO  Dealership.POM - BrandingLocationInput is visible
17:37:58.201 [TestNG-test=Test-1] INFO  Dealership.POM - BrandingLocationInput is clicked
17:37:58.278 [TestNG-test=Test-1] INFO  Dealership.POM - BLDropdownDiv is visible
17:37:58.362 [TestNG-test=Test-1] INFO  Dealership.POM - BLDropdownDiv is clicked
17:37:58.433 [TestNG-test=Test-1] INFO  Dealership.POM - ConfirmButton is visible
17:37:58.547 [TestNG-test=Test-1] INFO  Dealership.POM - ConfirmButton is clicked
17:38:03.615 [TestNG-test=Test-1] INFO  Dealership.POM - Commit Receiving Button is visible
17:38:03.742 [TestNG-test=Test-1] INFO  Dealership.POM - Commit Receiving Button is clicked
17:38:06.451 [TestNG-test=Test-1] INFO  Dealership.POM - The Status is Stocked
17:38:06.495 [TestNG-test=Test-1] INFO  Dealership.POM - The Status is VR-000712
17:38:06.533 [TestNG-test=Test-1] INFO  Dealership.POM - GlobalSearch is visible
17:38:11.419 [TestNG-test=Test-1] INFO  Dealership.POM - SearchResult is visible
17:38:12.947 [TestNG-test=Test-1] INFO  Dealership.POM - Part is selected
17:38:23.194 [TestNG-test=Test-1] INFO  Dealership.POM - PartStatus is visible
17:38:23.230 [TestNG-test=Test-1] INFO  Dealership.POM - PartStatus is In Stock
17:38:23.274 [TestNG-test=Test-1] INFO  Dealership.POM - Checkout_Button is visible
17:38:45.082 [TestNG-test=Test-1] FATAL Dealership.POM - Test Failed - screenshot captured for Method : SpecialOrder
17:38:51.085 [TestNG-test=Test-1] INFO  Dealership.POM - Running Test : Oversold
17:38:55.459 [TestNG-test=Test-1] INFO  Dealership.POM - Windows maximized
17:38:58.028 [TestNG-test=Test-1] INFO  Dealership.POM - URL entered
17:38:58.097 [TestNG-test=Test-1] INFO  Dealership.POM - Username field is visible
17:38:58.279 [TestNG-test=Test-1] INFO  Dealership.POM - Password field is visible
17:39:34.187 [TestNG-test=Test-1] INFO  Dealership.POM - Sell link is visible
17:39:36.354 [TestNG-test=Test-1] INFO  Dealership.POM - Sell link is clickable
17:39:37.016 [TestNG-test=Test-1] INFO  Dealership.POM - Sell Part tile is displayed
17:39:37.304 [TestNG-test=Test-1] INFO  Dealership.POM - Sell Part tile is clicked
17:39:37.939 [TestNG-test=Test-1] INFO  Dealership.POM - Searchbox is visible
17:39:37.963 [TestNG-test=Test-1] INFO  Dealership.POM - Searchbox is visible
17:39:42.020 [TestNG-test=Test-1] INFO  Dealership.POM - Merchentity is visible
17:39:42.160 [TestNG-test=Test-1] INFO  Dealership.POM - Merchentity is selected
17:39:42.845 [TestNG-test=Test-1] INFO  Dealership.POM - OversoldPopUpText is visible
17:39:42.875 [TestNG-test=Test-1] INFO  Dealership.POM - OversoldPopUpText is correct
17:39:42.920 [TestNG-test=Test-1] INFO  Dealership.POM - Oversold Action Btn is visible
17:39:43.072 [TestNG-test=Test-1] INFO  Dealership.POM - Oversold Action Btn is clicked
17:39:49.599 [TestNG-test=Test-1] INFO  Dealership.POM - Checkout_Button is visible
17:40:06.468 [TestNG-test=Test-1] FATAL Dealership.POM - Test Failed - screenshot captured for Method : Oversold
17:40:12.510 [TestNG-test=Test-1] INFO  Dealership.POM - Running Test : PartReturntoVendor
17:40:16.950 [TestNG-test=Test-1] INFO  Dealership.POM - Windows maximized
17:40:18.958 [TestNG-test=Test-1] INFO  Dealership.POM - URL entered
17:40:19.022 [TestNG-test=Test-1] INFO  Dealership.POM - Username field is visible
17:40:19.263 [TestNG-test=Test-1] INFO  Dealership.POM - Password field is visible
17:40:55.359 [TestNG-test=Test-1] INFO  Dealership.POM - GlobalSearch is visible
17:40:59.945 [TestNG-test=Test-1] INFO  Dealership.POM - SearchResult is visible
17:41:00.068 [TestNG-test=Test-1] INFO  Dealership.POM - Part is selected
17:41:25.185 [TestNG-test=Test-1] INFO  Dealership.POM - 8 parts are instock
17:41:25.258 [TestNG-test=Test-1] INFO  Dealership.POM - Order link is visible
17:41:25.323 [TestNG-test=Test-1] INFO  Dealership.POM - Order link is clicked
17:41:25.501 [TestNG-test=Test-1] INFO  Dealership.POM - PartReturn link is visible
17:41:25.604 [TestNG-test=Test-1] INFO  Dealership.POM - PartReturn link is clicked
17:41:30.743 [TestNG-test=Test-1] INFO  Dealership.POM - Vendor_Input is visible
17:41:31.005 [TestNG-test=Test-1] INFO  Dealership.POM - Vendor_Input is filled
17:41:33.654 [TestNG-test=Test-1] INFO  Dealership.POM - SearchResult is visible
17:41:33.755 [TestNG-test=Test-1] INFO  Dealership.POM - SearchResult is selected
17:41:38.846 [TestNG-test=Test-1] INFO  Dealership.POM - The Status is In Progress
17:41:38.901 [TestNG-test=Test-1] INFO  Dealership.POM - AddItems link is visible
17:41:39.004 [TestNG-test=Test-1] INFO  Dealership.POM - AddItems link is clicked
17:41:39.068 [TestNG-test=Test-1] INFO  Dealership.POM - SearchPart field is visible
17:41:39.232 [TestNG-test=Test-1] INFO  Dealership.POM - Part Name is entered
17:41:41.393 [TestNG-test=Test-1] INFO  Dealership.POM - PartName is visible
17:41:41.460 [TestNG-test=Test-1] INFO  Dealership.POM - PartName is selected
17:41:53.659 [TestNG-test=Test-1] INFO  Dealership.POM - ReturnQty field is visible
17:41:53.748 [TestNG-test=Test-1] INFO  Dealership.POM - ReturnQty is filled
17:41:53.974 [TestNG-test=Test-1] INFO  Dealership.POM - RMA field is visible
17:41:54.188 [TestNG-test=Test-1] INFO  Dealership.POM - CreditMemo field is visible
17:41:55.497 [TestNG-test=Test-1] INFO  Dealership.POM - RMA field is filled
17:41:55.497 [TestNG-test=Test-1] INFO  Dealership.POM - CreditMemo field is filled
17:41:55.548 [TestNG-test=Test-1] INFO  Dealership.POM - Submit Return Button is visible
17:41:55.633 [TestNG-test=Test-1] INFO  Dealership.POM - Submit Return Button is clicked
17:41:56.847 [TestNG-test=Test-1] INFO  Dealership.POM - The Status is Submitted
17:41:56.933 [TestNG-test=Test-1] INFO  Dealership.POM - Set As Approved Button is visible
17:41:57.030 [TestNG-test=Test-1] INFO  Dealership.POM - Set As Approved Button is clicked
17:42:05.917 [TestNG-test=Test-1] INFO  Dealership.POM - The Status is Approved
17:42:05.972 [TestNG-test=Test-1] INFO  Dealership.POM - Process Credit Button is visible
17:42:06.024 [TestNG-test=Test-1] INFO  Dealership.POM - Process Credit Button is clicked
17:42:19.553 [TestNG-test=Test-1] INFO  Dealership.POM - The Status is Credited
17:42:24.561 [TestNG-test=Test-1] INFO  Dealership.POM - SearchResult is visible
17:42:25.526 [TestNG-test=Test-1] INFO  Dealership.POM - Part is selected
17:42:45.617 [TestNG-test=Test-1] INFO  Dealership.POM - 7 parts are instock
17:42:45.617 [TestNG-test=Test-1] INFO  Dealership.POM - Succesfully returned -1 Parts to vendor Qavendor-21_01_202203_10_38
17:42:45.618 [TestNG-test=Test-1] INFO  Dealership.POM - Test case PartReturntoVendor passes successfully
17:42:51.941 [TestNG-test=Test-1] INFO  Dealership.POM - Running Test : CreateEditDeleteAppointment
17:42:55.670 [TestNG-test=Test-1] INFO  Dealership.POM - Windows maximized
17:42:57.765 [TestNG-test=Test-1] INFO  Dealership.POM - URL entered
17:42:57.819 [TestNG-test=Test-1] INFO  Dealership.POM - Username field is visible
17:42:58.020 [TestNG-test=Test-1] INFO  Dealership.POM - Password field is visible
17:43:33.812 [TestNG-test=Test-1] INFO  Dealership.POM - Schedule link is visible
17:43:33.938 [TestNG-test=Test-1] INFO  Dealership.POM - Schedule link is clicked
17:43:47.234 [TestNG-test=Test-1] INFO  Dealership.POM - New Appointment Button is visible
17:43:47.328 [TestNG-test=Test-1] INFO  Dealership.POM - New Appointment Button is clicked
17:43:50.249 [TestNG-test=Test-1] INFO  Dealership.POM - Appointment_schedule_content is visible
17:43:50.878 [TestNG-test=Test-1] INFO  Dealership.POM - Appointment_schedule_content is clicked
17:43:56.184 [TestNG-test=Test-1] FATAL Dealership.POM - Test Failed - screenshot captured for Method : CreateEditDeleteAppointment
17:44:02.467 [TestNG-test=Test-1] INFO  Dealership.POM - Running Test : CreateandView
17:44:06.040 [TestNG-test=Test-1] INFO  Dealership.POM - Windows maximized
17:44:08.126 [TestNG-test=Test-1] INFO  Dealership.POM - URL entered
17:44:08.290 [TestNG-test=Test-1] INFO  Dealership.POM - Username field is visible
17:44:08.571 [TestNG-test=Test-1] INFO  Dealership.POM - Password field is visible
17:44:47.530 [TestNG-test=Test-1] INFO  Dealership.POM - Schedule link is visible
17:44:47.632 [TestNG-test=Test-1] INFO  Dealership.POM - Schedule link is clicked
17:44:59.149 [TestNG-test=Test-1] INFO  Dealership.POM - New Appointment Button is visible
17:44:59.237 [TestNG-test=Test-1] INFO  Dealership.POM - New Appointment Button is clicked
17:45:01.749 [TestNG-test=Test-1] INFO  Dealership.POM - Appointment_schedule_content is visible
17:45:02.029 [TestNG-test=Test-1] INFO  Dealership.POM - Appointment_schedule_content is clicked
17:45:07.365 [TestNG-test=Test-1] FATAL Dealership.POM - Test Failed - screenshot captured for Method : CreateandView
17:45:13.680 [TestNG-test=Test-1] INFO  Dealership.POM - Running Test : MoveAppointment
17:45:17.865 [TestNG-test=Test-1] INFO  Dealership.POM - Windows maximized
17:45:19.670 [TestNG-test=Test-1] INFO  Dealership.POM - URL entered
17:45:19.725 [TestNG-test=Test-1] INFO  Dealership.POM - Username field is visible
17:45:19.971 [TestNG-test=Test-1] INFO  Dealership.POM - Password field is visible
17:45:55.248 [TestNG-test=Test-1] INFO  Dealership.POM - Schedule link is visible
17:45:55.314 [TestNG-test=Test-1] INFO  Dealership.POM - Schedule link is clicked
17:46:06.997 [TestNG-test=Test-1] INFO  Dealership.POM - New Appointment Button is visible
17:46:07.082 [TestNG-test=Test-1] INFO  Dealership.POM - New Appointment Button is clicked
17:46:09.902 [TestNG-test=Test-1] INFO  Dealership.POM - Appointment_schedule_content is visible
17:46:10.055 [TestNG-test=Test-1] INFO  Dealership.POM - Appointment_schedule_content is clicked
17:46:15.347 [TestNG-test=Test-1] FATAL Dealership.POM - Test Failed - screenshot captured for Method : MoveAppointment
17:46:21.379 [TestNG-test=Test-1] INFO  Dealership.POM - Running Test : UnassignedAppointment
17:46:25.611 [TestNG-test=Test-1] INFO  Dealership.POM - Windows maximized
17:46:27.554 [TestNG-test=Test-1] INFO  Dealership.POM - URL entered
17:46:27.614 [TestNG-test=Test-1] INFO  Dealership.POM - Username field is visible
17:46:27.798 [TestNG-test=Test-1] INFO  Dealership.POM - Password field is visible
17:46:56.271 [TestNG-test=Test-1] INFO  Dealership.POM - Schedule link is visible
17:46:56.367 [TestNG-test=Test-1] INFO  Dealership.POM - Schedule link is clicked
17:47:08.429 [TestNG-test=Test-1] INFO  Dealership.POM - DayViewLink is visible
17:47:08.501 [TestNG-test=Test-1] INFO  Dealership.POM - DayViewLink is opened
17:47:20.940 [TestNG-test=Test-1] INFO  Dealership.POM - Un-assigned Appointments link is visible
17:47:21.042 [TestNG-test=Test-1] INFO  Dealership.POM - Un-assigned Appointments are opened
17:47:26.286 [TestNG-test=Test-1] INFO  Dealership.POM - APSearchfield is visible
17:47:26.467 [TestNG-test=Test-1] INFO  Dealership.POM - APSearchfield is filled
17:47:26.535 [TestNG-test=Test-1] INFO  Dealership.POM - TestAppointment is visible
17:47:27.233 [TestNG-test=Test-1] INFO  Dealership.POM - TestAppointment is assigned to a Technician
17:47:52.084 [TestNG-test=Test-1] INFO  Dealership.POM - DayViewLink is visible
17:47:52.216 [TestNG-test=Test-1] INFO  Dealership.POM - DayViewLink is opened
17:48:00.865 [TestNG-test=Test-1] INFO  Dealership.POM - 1 appointments are present
17:48:01.133 [TestNG-test=Test-1] INFO  Dealership.POM - Appointment is opened
17:49:41.424 [TestNG-test=Test-1] FATAL Dealership.POM - Test Failed - screenshot captured for Method : UnassignedAppointment
17:49:47.694 [TestNG-test=Test-1] INFO  Dealership.POM - Running Test : ServiceJobAppointment
17:49:52.116 [TestNG-test=Test-1] INFO  Dealership.POM - Windows maximized
17:49:54.277 [TestNG-test=Test-1] INFO  Dealership.POM - URL entered
17:49:54.345 [TestNG-test=Test-1] INFO  Dealership.POM - Username field is visible
17:49:54.646 [TestNG-test=Test-1] INFO  Dealership.POM - Password field is visible
17:50:30.535 [TestNG-test=Test-1] INFO  Dealership.POM - Sell link is visible
17:50:32.261 [TestNG-test=Test-1] INFO  Dealership.POM - Sell link is clicked
17:50:32.825 [TestNG-test=Test-1] INFO  Dealership.POM - Select Customer Dropdown is visible
17:50:33.123 [TestNG-test=Test-1] INFO  Dealership.POM - Select Customer Field is visible
17:50:34.608 [TestNG-test=Test-1] INFO  Dealership.POM - CustomerInfo is visible
17:51:00.470 [TestNG-test=Test-1] INFO  Dealership.POM - ServiceJob button is visible
17:51:03.142 [TestNG-test=Test-1] INFO  Dealership.POM - ServiceJobStatus is visible
17:51:03.177 [TestNG-test=Test-1] INFO  Dealership.POM - ServiceJobStatus is Status: New
17:51:03.309 [TestNG-test=Test-1] INFO  Dealership.POM - CONumber is visible
17:51:03.348 [TestNG-test=Test-1] INFO  Dealership.POM - CONumber is CO-0005050
17:51:03.437 [TestNG-test=Test-1] INFO  Dealership.POM - ServiceJobDetails is visible
17:51:03.533 [TestNG-test=Test-1] INFO  Dealership.POM - ServiceJobDetails is clicked
17:51:08.607 [TestNG-test=Test-1] INFO  Dealership.POM - UnitDropDown is visible
17:51:08.830 [TestNG-test=Test-1] INFO  Dealership.POM - DropDownresult is visible
17:51:08.926 [TestNG-test=Test-1] INFO  Dealership.POM - Unit is Selected
17:51:08.989 [TestNG-test=Test-1] INFO  Dealership.POM - CreateApt link is visible
17:51:09.087 [TestNG-test=Test-1] INFO  Dealership.POM - CreateApt link is clicked
17:51:16.473 [TestNG-test=Test-1] INFO  Dealership.POM - AppointmentTitleId is visible
17:51:16.875 [TestNG-test=Test-1] INFO  Dealership.POM - EstimatedHours is filled
17:51:16.977 [TestNG-test=Test-1] INFO  Dealership.POM - EstimatedHours is visible
17:51:17.171 [TestNG-test=Test-1] INFO  Dealership.POM - EstimatedHours is filled
17:51:17.379 [TestNG-test=Test-1] INFO  Dealership.POM - AssignTechTab is visible
17:51:17.603 [TestNG-test=Test-1] INFO  Dealership.POM - AssignTechTab is Clicked
17:51:17.673 [TestNG-test=Test-1] INFO  Dealership.POM - Assign_tech_input_Field is visible
17:53:03.344 [TestNG-test=Test-1] FATAL Dealership.POM - Test Failed - screenshot captured for Method : ServiceJobAppointment
17:53:09.411 [TestNG-test=Test-1] INFO  Dealership.POM - Running Test : DealserviceAppointment
17:53:13.652 [TestNG-test=Test-1] INFO  Dealership.POM - Windows maximized
17:53:15.698 [TestNG-test=Test-1] INFO  Dealership.POM - URL entered
17:53:15.766 [TestNG-test=Test-1] INFO  Dealership.POM - Username field is visible
17:53:16.056 [TestNG-test=Test-1] INFO  Dealership.POM - Password field is visible
17:53:51.157 [TestNG-test=Test-1] INFO  Dealership.POM - GlobalSearch is visible
17:53:55.723 [TestNG-test=Test-1] INFO  Dealership.POM - SearchResult is visible
17:53:57.068 [TestNG-test=Test-1] INFO  Dealership.POM - CO is selected
17:54:17.168 [TestNG-test=Test-1] INFO  Dealership.POM - DealService is visible
17:54:17.331 [TestNG-test=Test-1] INFO  Dealership.POM - DealService is opened
17:54:22.439 [TestNG-test=Test-1] INFO  Dealership.POM - JobDetails is visible
17:54:22.555 [TestNG-test=Test-1] INFO  Dealership.POM - JobDetails is opened
17:54:27.797 [TestNG-test=Test-1] INFO  Dealership.POM - CreateApt is visible
17:54:27.923 [TestNG-test=Test-1] INFO  Dealership.POM - CreateApt is opened
17:56:08.476 [TestNG-test=Test-1] FATAL Dealership.POM - Test Failed - screenshot captured for Method : DealserviceAppointment
17:56:14.570 [TestNG-test=Test-1] INFO  Dealership.POM - Running Test : AccountingIntegration
17:56:18.610 [TestNG-test=Test-1] INFO  Dealership.POM - Windows maximized
17:56:20.331 [TestNG-test=Test-1] INFO  Dealership.POM - URL entered
17:56:20.396 [TestNG-test=Test-1] INFO  Dealership.POM - Username field is visible
17:56:20.657 [TestNG-test=Test-1] INFO  Dealership.POM - Password field is visible
17:57:10.827 [TestNG-test=Test-1] INFO  Dealership.POM - Account and Settings link is visible
17:57:10.906 [TestNG-test=Test-1] INFO  Dealership.POM - Account and Settings link is clicked
17:57:10.984 [TestNG-test=Test-1] INFO  Dealership.POM - SystemSettings link is visible
17:57:11.075 [TestNG-test=Test-1] INFO  Dealership.POM - SystemSettings link is clicked
17:57:15.257 [TestNG-test=Test-1] INFO  Dealership.POM - Accounting integration link is clicked
17:57:18.293 [TestNG-test=Test-1] INFO  Dealership.POM - AccHeader is visible
17:57:18.320 [TestNG-test=Test-1] INFO  Dealership.POM - AccHeader Text is verified
17:57:18.420 [TestNG-test=Test-1] INFO  Dealership.POM - AccountingDropDown is visible
17:57:18.493 [TestNG-test=Test-1] INFO  Dealership.POM - AccountingDropDown is clicked
17:57:18.606 [TestNG-test=Test-1] INFO  Dealership.POM - The First option is Xero
17:57:18.691 [TestNG-test=Test-1] INFO  Dealership.POM - The Second option is QuickBooks Online
17:57:18.818 [TestNG-test=Test-1] INFO  Dealership.POM - The Third option is MYOB Account Right
17:57:18.977 [TestNG-test=Test-1] INFO  Dealership.POM - The Forth option is No Integration
17:57:38.422 [TestNG-test=Test-1] INFO  Dealership.POM - TestButton is visible
17:57:38.589 [TestNG-test=Test-1] INFO  Dealership.POM - TestButton is clicked
17:57:42.189 [TestNG-test=Test-1] INFO  Dealership.POM - Notification is visible
17:57:42.208 [TestNG-test=Test-1] INFO  Dealership.POM - Connection is tested
17:57:42.436 [TestNG-test=Test-1] INFO  Dealership.POM - NextButton is visible
17:57:42.590 [TestNG-test=Test-1] INFO  Dealership.POM - NextButton is clicked
17:57:53.071 [TestNG-test=Test-1] INFO  Dealership.POM - AccHeader is visible
17:57:53.093 [TestNG-test=Test-1] INFO  Dealership.POM - AccHeader Text is verified
17:57:53.608 [TestNG-test=Test-1] INFO  Dealership.POM - LastSyncTime is visible
17:57:53.630 [TestNG-test=Test-1] INFO  Dealership.POM - LastSyncTime is April 08, 2022 07:15 PM NZST
17:57:53.851 [TestNG-test=Test-1] INFO  Dealership.POM - SyncNowButton is visible
17:57:54.045 [TestNG-test=Test-1] INFO  Dealership.POM - SyncNowButton is clicked
17:57:59.768 [TestNG-test=Test-1] INFO  Dealership.POM - Notification is visible
17:58:00.001 [TestNG-test=Test-1] INFO  Dealership.POM - LastSyncTime is visible
17:58:00.021 [TestNG-test=Test-1] INFO  Dealership.POM - LastSyncTime is April 13, 2022 12:27 AM NZST
17:58:00.021 [TestNG-test=Test-1] INFO  Dealership.POM - Account is Synced successfully
17:58:00.297 [TestNG-test=Test-1] INFO  Dealership.POM - ViewButton is visible
17:58:00.458 [TestNG-test=Test-1] INFO  Dealership.POM - ViewButton is clicked
17:58:01.016 [TestNG-test=Test-1] INFO  Dealership.POM - AccountsListPopUp is visible
17:58:01.048 [TestNG-test=Test-1] INFO  Dealership.POM - AccountsListPopUp is verified
17:58:01.453 [TestNG-test=Test-1] INFO  Dealership.POM - OKButton is visible
17:58:01.637 [TestNG-test=Test-1] INFO  Dealership.POM - OKButton is clicked
17:58:06.753 [TestNG-test=Test-1] INFO  Dealership.POM - NextButton is visible
17:58:06.889 [TestNG-test=Test-1] INFO  Dealership.POM - NextButton is clicked
17:58:17.532 [TestNG-test=Test-1] INFO  Dealership.POM - AccHeader is visible
17:58:17.547 [TestNG-test=Test-1] INFO  Dealership.POM - AccHeader Text is verified
17:58:17.920 [TestNG-test=Test-1] INFO  Dealership.POM - ControlAccFields are visible
17:58:18.185 [TestNG-test=Test-1] INFO  Dealership.POM - NextButton is visible
17:58:19.429 [TestNG-test=Test-1] FATAL Dealership.POM - Test Failed - screenshot captured for Method : AccountingIntegration
17:58:25.453 [TestNG-test=Test-1] INFO  Dealership.POM - Running Test : BrandingManagement
17:58:30.969 [TestNG-test=Test-1] INFO  Dealership.POM - Windows maximized
17:58:33.085 [TestNG-test=Test-1] INFO  Dealership.POM - URL entered
17:58:33.149 [TestNG-test=Test-1] INFO  Dealership.POM - Username field is visible
17:58:33.424 [TestNG-test=Test-1] INFO  Dealership.POM - Password field is visible
17:59:07.376 [TestNG-test=Test-1] INFO  Dealership.POM - Account and Settings link is visible
17:59:07.455 [TestNG-test=Test-1] INFO  Dealership.POM - Account and Settings link is clicked
17:59:07.555 [TestNG-test=Test-1] INFO  Dealership.POM - SystemSettings link is visible
17:59:07.666 [TestNG-test=Test-1] INFO  Dealership.POM - SystemSettings link is clicked
17:59:10.865 [TestNG-test=Test-1] INFO  Dealership.POM - Branding management link is clicked
17:59:20.984 [TestNG-test=Test-1] INFO  Dealership.POM - BrandHeader is Branding management
17:59:21.029 [TestNG-test=Test-1] INFO  Dealership.POM - AddNewLocationIcon  is visible
17:59:21.096 [TestNG-test=Test-1] INFO  Dealership.POM - AddNewLocationIcon  is clicked
17:59:22.489 [TestNG-test=Test-1] INFO  Dealership.POM - BrandHeader is New branding location
17:59:22.524 [TestNG-test=Test-1] INFO  Dealership.POM - BusinessName  is visible
17:59:22.846 [TestNG-test=Test-1] INFO  Dealership.POM - BusinessName  is filled
17:59:22.914 [TestNG-test=Test-1] INFO  Dealership.POM - BusinessPhone  is visible
17:59:23.054 [TestNG-test=Test-1] INFO  Dealership.POM - BusinessPhone  is filled
17:59:23.093 [TestNG-test=Test-1] INFO  Dealership.POM - BusinessEmail  is visible
17:59:23.340 [TestNG-test=Test-1] INFO  Dealership.POM - BusinessEmail  is filled
17:59:23.379 [TestNG-test=Test-1] INFO  Dealership.POM - TaxID  is visible
17:59:23.503 [TestNG-test=Test-1] INFO  Dealership.POM - TaxID  is filled
17:59:23.535 [TestNG-test=Test-1] INFO  Dealership.POM - Streetaddress1  is visible
17:59:23.656 [TestNG-test=Test-1] INFO  Dealership.POM - Streetaddress1  is filled
17:59:23.686 [TestNG-test=Test-1] INFO  Dealership.POM - Streetaddress2  is visible
17:59:23.810 [TestNG-test=Test-1] INFO  Dealership.POM - Streetaddress2  is filled
17:59:23.838 [TestNG-test=Test-1] INFO  Dealership.POM - City  is visible
17:59:23.980 [TestNG-test=Test-1] INFO  Dealership.POM - City  is filled
17:59:24.011 [TestNG-test=Test-1] INFO  Dealership.POM - Pincode  is visible
17:59:24.133 [TestNG-test=Test-1] INFO  Dealership.POM - Pincode  is filled
17:59:27.337 [TestNG-test=Test-1] INFO  Dealership.POM - FileLabel is Blackpurl.png
17:59:27.384 [TestNG-test=Test-1] INFO  Dealership.POM - FileSize is 4 KB
17:59:27.418 [TestNG-test=Test-1] INFO  Dealership.POM - Customer Invoice Text Field  is visible
17:59:27.579 [TestNG-test=Test-1] INFO  Dealership.POM - Customer Invoice Text Field  is filled
17:59:27.640 [TestNG-test=Test-1] INFO  Dealership.POM - Service Job Disclaimer Slider is visible
17:59:27.717 [TestNG-test=Test-1] INFO  Dealership.POM - Service Job Disclaimer Slider is clicked
17:59:27.805 [TestNG-test=Test-1] INFO  Dealership.POM - Service JobText Field  is visible
17:59:28.187 [TestNG-test=Test-1] INFO  Dealership.POM - Service Job Text Field  is filled
17:59:28.229 [TestNG-test=Test-1] INFO  Dealership.POM - Order Deposit Disclaimer Slider is visible
17:59:28.315 [TestNG-test=Test-1] INFO  Dealership.POM - Order Deposit Disclaimer Slider is clicked
17:59:28.408 [TestNG-test=Test-1] INFO  Dealership.POM - Order Deposit Text Field is visible
17:59:28.765 [TestNG-test=Test-1] INFO  Dealership.POM - Order Deposit Text Field is filled
17:59:28.811 [TestNG-test=Test-1] INFO  Dealership.POM - Deal Document Text Field is visible
17:59:29.100 [TestNG-test=Test-1] INFO  Dealership.POM - Deal Document Text Field is filled
17:59:29.131 [TestNG-test=Test-1] INFO  Dealership.POM - Receipt Add Signature Slider is visible
17:59:29.187 [TestNG-test=Test-1] INFO  Dealership.POM - Receipt Add Signature Slider is clicked
17:59:29.252 [TestNG-test=Test-1] INFO  Dealership.POM - Receipt Disclaimer Slider is visible
17:59:29.327 [TestNG-test=Test-1] INFO  Dealership.POM - Receipt Disclaimer Slider is clicked
17:59:29.371 [TestNG-test=Test-1] INFO  Dealership.POM - Receipt Text Field is visible
17:59:29.607 [TestNG-test=Test-1] INFO  Dealership.POM - Receipt Text Field is filled
17:59:29.653 [TestNG-test=Test-1] INFO  Dealership.POM - CreateButton is visible
17:59:29.746 [TestNG-test=Test-1] INFO  Dealership.POM - CreateButton is clicked
17:59:39.955 [TestNG-test=Test-1] INFO  Dealership.POM - Sell link is visible
17:59:40.015 [TestNG-test=Test-1] INFO  Dealership.POM - Sell link is clickable
17:59:46.711 [TestNG-test=Test-1] INFO  Dealership.POM - Sell Part tile is displayed
17:59:46.830 [TestNG-test=Test-1] INFO  Dealership.POM - Sell Part tile is clicked
17:59:47.421 [TestNG-test=Test-1] INFO  Dealership.POM - Searchbox is visible
17:59:47.448 [TestNG-test=Test-1] INFO  Dealership.POM - Searchbox is visible
17:59:50.922 [TestNG-test=Test-1] INFO  Dealership.POM - Merchentity is visible
18:00:01.051 [TestNG-test=Test-1] INFO  Dealership.POM - Checkout_Button is visible
18:00:22.958 [TestNG-test=Test-1] FATAL Dealership.POM - Test Failed - screenshot captured for Method : BrandingManagement
18:00:29.018 [TestNG-test=Test-1] INFO  Dealership.POM - Running Test : Businessprofile
18:00:33.609 [TestNG-test=Test-1] INFO  Dealership.POM - Windows maximized
18:00:35.655 [TestNG-test=Test-1] INFO  Dealership.POM - URL entered
18:00:35.727 [TestNG-test=Test-1] INFO  Dealership.POM - Username field is visible
18:00:36.309 [TestNG-test=Test-1] INFO  Dealership.POM - Password field is visible
18:01:28.771 [TestNG-test=Test-1] INFO  Dealership.POM - Account and Settings link is visible
18:01:28.861 [TestNG-test=Test-1] INFO  Dealership.POM - Account and Settings link is clicked
18:01:28.942 [TestNG-test=Test-1] INFO  Dealership.POM - SystemSettings link is visible
18:01:29.038 [TestNG-test=Test-1] INFO  Dealership.POM - SystemSettings link is clicked
18:01:33.676 [TestNG-test=Test-1] INFO  Dealership.POM - Business profile link is clicked
18:01:34.435 [TestNG-test=Test-1] INFO  Dealership.POM - ProfileHeader is Business Profile
18:01:34.538 [TestNG-test=Test-1] INFO  Dealership.POM - BusinessName is visible
18:01:34.838 [TestNG-test=Test-1] INFO  Dealership.POM - BusinessName is filled
18:01:34.878 [TestNG-test=Test-1] INFO  Dealership.POM - Abbreviated business name is visible
18:01:35.108 [TestNG-test=Test-1] INFO  Dealership.POM - Abbreviated business name is filled
18:01:35.153 [TestNG-test=Test-1] INFO  Dealership.POM - ShippingAddress is visible
18:01:35.258 [TestNG-test=Test-1] INFO  Dealership.POM - ShippingAddress is clicked
18:01:40.501 [TestNG-test=Test-1] INFO  Dealership.POM - Business profile is updated successfully
18:01:48.166 [TestNG-test=Test-1] FATAL Dealership.POM - Test Failed - screenshot captured for Method : Businessprofile
18:01:54.214 [TestNG-test=Test-1] INFO  Dealership.POM - Running Test : Cashdrawers
18:01:58.011 [TestNG-test=Test-1] INFO  Dealership.POM - Windows maximized
18:01:59.682 [TestNG-test=Test-1] INFO  Dealership.POM - URL entered
18:01:59.762 [TestNG-test=Test-1] INFO  Dealership.POM - Username field is visible
18:02:00.015 [TestNG-test=Test-1] INFO  Dealership.POM - Password field is visible
18:02:29.221 [TestNG-test=Test-1] INFO  Dealership.POM - Account and Settings link is visible
18:02:29.348 [TestNG-test=Test-1] INFO  Dealership.POM - Account and Settings link is clicked
18:02:29.491 [TestNG-test=Test-1] INFO  Dealership.POM - SystemSettings link is visible
18:02:29.614 [TestNG-test=Test-1] INFO  Dealership.POM - SystemSettings link is clicked
18:02:33.095 [TestNG-test=Test-1] INFO  Dealership.POM - Cash drawers link is clicked
18:02:34.936 [TestNG-test=Test-1] INFO  Dealership.POM - DrawerHeader is Cash drawers
18:02:35.143 [TestNG-test=Test-1] INFO  Dealership.POM - Create New Button is visible
18:02:35.312 [TestNG-test=Test-1] INFO  Dealership.POM - Create New Button is clicked
18:02:35.442 [TestNG-test=Test-1] INFO  Dealership.POM - AddnewDrawerheader is Add a new drawer
18:02:35.510 [TestNG-test=Test-1] INFO  Dealership.POM - DrawerNameField is visible
18:02:35.711 [TestNG-test=Test-1] INFO  Dealership.POM - DrawerNameField is filled
18:02:35.761 [TestNG-test=Test-1] INFO  Dealership.POM - Createdrawerbutton is visible
18:02:35.832 [TestNG-test=Test-1] INFO  Dealership.POM - Createdrawerbutton is clicked
18:02:45.910 [TestNG-test=Test-1] INFO  Dealership.POM - Cash Drawer Automation Drawer is created successfully
18:02:45.972 [TestNG-test=Test-1] INFO  Dealership.POM - Sell link is visible
18:02:46.038 [TestNG-test=Test-1] INFO  Dealership.POM - Sell link is clickable
18:02:52.520 [TestNG-test=Test-1] INFO  Dealership.POM - Sell Part tile is displayed
18:02:52.638 [TestNG-test=Test-1] INFO  Dealership.POM - Sell Part tile is clicked
18:02:53.238 [TestNG-test=Test-1] INFO  Dealership.POM - Searchbox is visible
18:02:53.262 [TestNG-test=Test-1] INFO  Dealership.POM - Searchbox is visible
18:02:56.727 [TestNG-test=Test-1] INFO  Dealership.POM - Merchentity is visible
18:03:05.252 [TestNG-test=Test-1] INFO  Dealership.POM - Checkout_Button is visible
18:03:26.910 [TestNG-test=Test-1] INFO  Dealership.POM - The Cash drawer is successfully verified on CO
18:03:26.991 [TestNG-test=Test-1] INFO  Dealership.POM - Account and Settings link is visible
18:03:28.270 [TestNG-test=Test-1] FATAL Dealership.POM - Test Failed - screenshot captured for Method : Cashdrawers
18:03:34.311 [TestNG-test=Test-1] INFO  Dealership.POM - Running Test : LinkedfeeforDeal
18:03:38.638 [TestNG-test=Test-1] INFO  Dealership.POM - Windows maximized
18:03:40.840 [TestNG-test=Test-1] INFO  Dealership.POM - URL entered
18:03:40.911 [TestNG-test=Test-1] INFO  Dealership.POM - Username field is visible
18:03:41.136 [TestNG-test=Test-1] INFO  Dealership.POM - Password field is visible
18:04:32.427 [TestNG-test=Test-1] INFO  Dealership.POM - Account and Settings link is visible
18:04:32.514 [TestNG-test=Test-1] INFO  Dealership.POM - Account and Settings link is clicked
18:04:32.610 [TestNG-test=Test-1] INFO  Dealership.POM - SystemSettings link is visible
18:04:32.734 [TestNG-test=Test-1] INFO  Dealership.POM - SystemSettings link is clicked
18:04:37.801 [TestNG-test=Test-1] INFO  Dealership.POM - Linked fee management link is clicked
18:04:47.867 [TestNG-test=Test-1] INFO  Dealership.POM - LFeeHeade is System Settings
Linked fee management
18:04:47.895 [TestNG-test=Test-1] INFO  Dealership.POM - DealFeesection is visible
18:04:47.973 [TestNG-test=Test-1] INFO  Dealership.POM - DealFeesection is clicked
18:04:48.051 [TestNG-test=Test-1] INFO  Dealership.POM - LinkAFeeBtn is visible
18:04:48.124 [TestNG-test=Test-1] INFO  Dealership.POM - LinkAFeeBtn is clicked
18:04:53.758 [TestNG-test=Test-1] INFO  Dealership.POM - FeeCodeInput is visible
18:04:54.120 [TestNG-test=Test-1] INFO  Dealership.POM - FeeCodeInput is clicked
18:04:54.272 [TestNG-test=Test-1] INFO  Dealership.POM - Fee Code results is visible
18:04:54.366 [TestNG-test=Test-1] INFO  Dealership.POM - FeeCode is selected
18:04:59.559 [TestNG-test=Test-1] INFO  Dealership.POM - The Deal fee is successfully created
18:04:59.599 [TestNG-test=Test-1] INFO  Dealership.POM - Sell link is visible
18:04:59.676 [TestNG-test=Test-1] INFO  Dealership.POM - Sell link is clickable
18:05:01.939 [TestNG-test=Test-1] INFO  Dealership.POM - Select Customer Dropdown is visible
18:05:03.735 [TestNG-test=Test-1] INFO  Dealership.POM - Select Customer Field is visible
18:05:05.838 [TestNG-test=Test-1] INFO  Dealership.POM - CustomerInfo is visible
18:05:36.159 [TestNG-test=Test-1] INFO  Dealership.POM - Sell A Unit button is visible
18:05:36.299 [TestNG-test=Test-1] INFO  Dealership.POM - Sell A Unit button is clicked
18:05:38.019 [TestNG-test=Test-1] INFO  Dealership.POM - UnitDealStatus is visible
18:05:38.046 [TestNG-test=Test-1] INFO  Dealership.POM - UnitDealStatus is Status: Quotation
18:05:38.122 [TestNG-test=Test-1] INFO  Dealership.POM - UnitOptionsStatus is visible
18:05:38.149 [TestNG-test=Test-1] INFO  Dealership.POM - UnitOptionsStatus is Option:
18:05:38.229 [TestNG-test=Test-1] INFO  Dealership.POM - Unit1 is visible
18:05:38.371 [TestNG-test=Test-1] INFO  Dealership.POM - Unit1 is opened
18:05:39.583 [TestNG-test=Test-1] INFO  Dealership.POM - Search Stockunit field is visible
18:05:41.750 [TestNG-test=Test-1] INFO  Dealership.POM - Unit1 is selected
18:06:04.559 [TestNG-test=Test-1] INFO  Dealership.POM - Option_Fee field is visible
18:06:04.619 [TestNG-test=Test-1] INFO  Dealership.POM - Options And Fee field is visible
18:06:04.751 [TestNG-test=Test-1] INFO  Dealership.POM - Options And Fee field is clicked
18:06:05.455 [TestNG-test=Test-1] INFO  Dealership.POM - The Deal fee is successfully Verified
18:06:05.536 [TestNG-test=Test-1] INFO  Dealership.POM - Account and Settings link is visible
18:06:05.624 [TestNG-test=Test-1] INFO  Dealership.POM - Account and Settings link is clicked
18:06:05.687 [TestNG-test=Test-1] INFO  Dealership.POM - SystemSettings link is visible
18:06:07.001 [TestNG-test=Test-1] INFO  Dealership.POM - SystemSettings link is clicked
18:06:08.885 [TestNG-test=Test-1] INFO  Dealership.POM - Linked fee management link is clicked
18:06:19.036 [TestNG-test=Test-1] INFO  Dealership.POM - LFeeHeade is System Settings
Linked fee management
18:06:19.077 [TestNG-test=Test-1] INFO  Dealership.POM - DealFeesection is visible
18:06:19.187 [TestNG-test=Test-1] INFO  Dealership.POM - DealFeesection is clicked
18:06:46.065 [TestNG-test=Test-1] INFO  Dealership.POM - Deal Fee is deleted successfully
18:06:46.066 [TestNG-test=Test-1] INFO  Dealership.POM - Test case LinkedfeeforDeal passes successfully
18:06:52.784 [TestNG-test=Test-1] INFO  Dealership.POM - Running Test : LinkedfeeforServiceJobs
18:06:57.781 [TestNG-test=Test-1] INFO  Dealership.POM - Windows maximized
18:06:59.635 [TestNG-test=Test-1] INFO  Dealership.POM - URL entered
18:06:59.770 [TestNG-test=Test-1] INFO  Dealership.POM - Username field is visible
18:07:00.376 [TestNG-test=Test-1] INFO  Dealership.POM - Password field is visible
18:07:31.349 [TestNG-test=Test-1] INFO  Dealership.POM - Account and Settings link is visible
18:07:31.466 [TestNG-test=Test-1] INFO  Dealership.POM - Account and Settings link is clicked
18:07:31.569 [TestNG-test=Test-1] INFO  Dealership.POM - SystemSettings link is visible
18:07:31.663 [TestNG-test=Test-1] INFO  Dealership.POM - SystemSettings link is clicked
18:07:36.212 [TestNG-test=Test-1] INFO  Dealership.POM - Linked fee management link is clicked
18:07:46.310 [TestNG-test=Test-1] INFO  Dealership.POM - LFeeHeade is System Settings
Linked fee management
18:07:46.356 [TestNG-test=Test-1] INFO  Dealership.POM - ServicejobFeesection is visible
18:07:46.461 [TestNG-test=Test-1] INFO  Dealership.POM - ServicejobFeesection is clicked
18:07:46.557 [TestNG-test=Test-1] INFO  Dealership.POM - LinkAFeeBtn is visible
18:07:46.657 [TestNG-test=Test-1] INFO  Dealership.POM - LinkAFeeBtn is clicked
18:07:52.824 [TestNG-test=Test-1] INFO  Dealership.POM - FeeCodeInput is visible
