16:25:36.162 [TestNG-test=Test-1] INFO  Dealership.POM - Last_30_Days link is visible
16:25:36.274 [TestNG-test=Test-1] INFO  Dealership.POM - Last_30_Days link is clickable
16:25:36.328 [TestNG-test=Test-1] INFO  Dealership.POM - Invoices link is visible
16:25:46.403 [TestNG-test=Test-1] INFO  Dealership.POM - The page title is - Advanced Search
16:25:56.493 [TestNG-test=Test-1] INFO  Dealership.POM - Search tag is visible
16:25:56.520 [TestNG-test=Test-1] INFO  Dealership.POM - The Invoice link has redirected to correct page
16:26:07.557 [TestNG-test=Test-1] INFO  Dealership.POM - Payments link is visible
16:26:17.650 [TestNG-test=Test-1] INFO  Dealership.POM - The page title is - Advanced Search
16:26:27.697 [TestNG-test=Test-1] INFO  Dealership.POM - Search tag is visible
16:26:27.717 [TestNG-test=Test-1] INFO  Dealership.POM - The Payments link has redirected to correct page
16:26:38.919 [TestNG-test=Test-1] INFO  Dealership.POM - New Customers link is visible
16:26:49.045 [TestNG-test=Test-1] INFO  Dealership.POM - The page title is - Advanced Search
16:26:59.220 [TestNG-test=Test-1] INFO  Dealership.POM - Search tag is visible
16:26:59.239 [TestNG-test=Test-1] INFO  Dealership.POM - The New Customers link has redirected to correct page
16:26:59.239 [TestNG-test=Test-1] INFO  Dealership.POM - Test case StoreSummary passes successfully
16:26:59.242 [TestNG-test=Test-1] INFO  Dealership.POM - Running Test : ServiceJobs
16:27:02.689 [TestNG-test=Test-1] INFO  Dealership.POM - Windows maximized
16:27:06.062 [TestNG-test=Test-1] INFO  Dealership.POM - URL entered
16:27:06.144 [TestNG-test=Test-1] INFO  Dealership.POM - Username field is visible
16:27:06.404 [TestNG-test=Test-1] INFO  Dealership.POM - Password field is visible
16:27:06.633 [TestNG-test=Test-1] INFO  Dealership.POM - Login Button is visible
16:27:21.471 [TestNG-test=Test-1] INFO  Dealership.POM - Login Button is clicked
16:27:46.566 [TestNG-test=Test-1] INFO  Dealership.POM - Service Jobs tab is visible
16:27:46.617 [TestNG-test=Test-1] INFO  Dealership.POM - Customerpay link is visible
16:27:46.703 [TestNG-test=Test-1] INFO  Dealership.POM - Customerpay link is clickable
16:27:46.750 [TestNG-test=Test-1] INFO  Dealership.POM - ThirdParty link is visible
16:27:46.826 [TestNG-test=Test-1] INFO  Dealership.POM - ThirdParty link is clickable
16:27:46.871 [TestNG-test=Test-1] INFO  Dealership.POM - Internal link is visible
16:27:46.953 [TestNG-test=Test-1] INFO  Dealership.POM - Internal link is clickable
16:27:46.995 [TestNG-test=Test-1] INFO  Dealership.POM - Deal link is visible
16:27:47.060 [TestNG-test=Test-1] INFO  Dealership.POM - Deal link is clickable
16:27:52.114 [TestNG-test=Test-1] INFO  Dealership.POM - New link is visible
16:28:02.212 [TestNG-test=Test-1] INFO  Dealership.POM - The page title is - Advanced Search
16:28:27.304 [TestNG-test=Test-1] INFO  Dealership.POM - Search tag is visible
16:28:27.328 [TestNG-test=Test-1] INFO  Dealership.POM - The New link has redirected to correct page
16:28:39.506 [TestNG-test=Test-1] INFO  Dealership.POM - Active link is visible
16:28:49.676 [TestNG-test=Test-1] INFO  Dealership.POM - The page title is - Advanced Search
16:29:14.954 [TestNG-test=Test-1] INFO  Dealership.POM - Search tag is visible
16:29:14.973 [TestNG-test=Test-1] INFO  Dealership.POM - The Active link has redirected to correct page
16:29:26.878 [TestNG-test=Test-1] INFO  Dealership.POM - New Customers link is visible
16:29:36.967 [TestNG-test=Test-1] INFO  Dealership.POM - The page title is - Advanced Search
16:30:02.045 [TestNG-test=Test-1] INFO  Dealership.POM - Search tag is visible
16:30:02.070 [TestNG-test=Test-1] INFO  Dealership.POM - The Completed link has redirected to correct page
16:30:02.071 [TestNG-test=Test-1] INFO  Dealership.POM - Test case ServiceJobs passes successfully
16:30:02.073 [TestNG-test=Test-1] INFO  Dealership.POM - Running Test : Vendor_Orders
16:30:06.425 [TestNG-test=Test-1] INFO  Dealership.POM - Windows maximized
16:30:09.378 [TestNG-test=Test-1] INFO  Dealership.POM - URL entered
16:30:09.497 [TestNG-test=Test-1] INFO  Dealership.POM - Username field is visible
16:30:10.020 [TestNG-test=Test-1] INFO  Dealership.POM - Password field is visible
16:30:10.718 [TestNG-test=Test-1] INFO  Dealership.POM - Login Button is visible
16:30:24.521 [TestNG-test=Test-1] INFO  Dealership.POM - Login Button is clicked
16:30:49.620 [TestNG-test=Test-1] INFO  Dealership.POM - Vendor_Orders tab is visible
16:30:49.671 [TestNG-test=Test-1] INFO  Dealership.POM - Active_Orders link is visible
16:30:59.767 [TestNG-test=Test-1] INFO  Dealership.POM - The page title is - Advanced Search
16:31:09.855 [TestNG-test=Test-1] INFO  Dealership.POM - Search tag is visible
16:31:09.876 [TestNG-test=Test-1] INFO  Dealership.POM - The Invoice link has redirected to correct page
16:31:21.810 [TestNG-test=Test-1] INFO  Dealership.POM - Active_Receiving link is visible
16:31:31.893 [TestNG-test=Test-1] INFO  Dealership.POM - The page title is - Advanced Search
16:31:41.975 [TestNG-test=Test-1] INFO  Dealership.POM - Search tag is visible
16:31:41.994 [TestNG-test=Test-1] INFO  Dealership.POM - The Payments link has redirected to correct page
16:31:53.847 [TestNG-test=Test-1] INFO  Dealership.POM - Parts_needed link is visible
16:32:03.928 [TestNG-test=Test-1] INFO  Dealership.POM - The page title is - Advanced Search
16:32:14.004 [TestNG-test=Test-1] INFO  Dealership.POM - Search tag is visible
16:32:14.026 [TestNG-test=Test-1] INFO  Dealership.POM - The New Customers link has redirected to correct page
16:32:14.026 [TestNG-test=Test-1] INFO  Dealership.POM - Test case Vendor_Orders passes successfully
16:32:14.028 [TestNG-test=Test-1] INFO  Dealership.POM - Running Test : Customer_Orders
16:32:17.574 [TestNG-test=Test-1] INFO  Dealership.POM - Windows maximized
16:32:20.519 [TestNG-test=Test-1] INFO  Dealership.POM - URL entered
16:32:20.596 [TestNG-test=Test-1] INFO  Dealership.POM - Username field is visible
16:32:20.868 [TestNG-test=Test-1] INFO  Dealership.POM - Password field is visible
16:32:21.104 [TestNG-test=Test-1] INFO  Dealership.POM - Login Button is visible
16:32:21.267 [TestNG-test=Test-1] INFO  Dealership.POM - Login Button is clicked
16:32:46.475 [TestNG-test=Test-1] FATAL Dealership.POM - Test Failed - screenshot captured for Method : Customer_Orders
16:32:46.478 [TestNG-test=Test-1] INFO  Dealership.POM - Running Test : Activity_Feed
16:32:50.977 [TestNG-test=Test-1] INFO  Dealership.POM - Windows maximized
16:32:54.598 [TestNG-test=Test-1] INFO  Dealership.POM - URL entered
16:32:54.758 [TestNG-test=Test-1] INFO  Dealership.POM - Username field is visible
16:32:56.160 [TestNG-test=Test-1] INFO  Dealership.POM - Password field is visible
16:32:56.437 [TestNG-test=Test-1] INFO  Dealership.POM - Login Button is visible
16:33:10.823 [TestNG-test=Test-1] INFO  Dealership.POM - Login Button is clicked
16:33:35.924 [TestNG-test=Test-1] INFO  Dealership.POM - Activity_Feed tab is visible
16:33:35.984 [TestNG-test=Test-1] INFO  Dealership.POM - MyActivity link is visible
16:33:36.099 [TestNG-test=Test-1] INFO  Dealership.POM - MyActivity link is clickable
16:33:36.157 [TestNG-test=Test-1] INFO  Dealership.POM - StoreActivity link is visible
16:33:36.276 [TestNG-test=Test-1] INFO  Dealership.POM - StoreActivity link is clickable
16:33:36.277 [TestNG-test=Test-1] INFO  Dealership.POM - Test case Activity_Feed passes successfully
11:44:44.956 [main] INFO  Dealership.POM - Running Test : StoreSummary
11:44:53.635 [main] INFO  Dealership.POM - Windows maximized
11:44:55.805 [main] INFO  Dealership.POM - URL entered
11:44:55.930 [main] INFO  Dealership.POM - Username field is visible
11:44:56.170 [main] INFO  Dealership.POM - Password field is visible
11:44:56.399 [main] INFO  Dealership.POM - Login Button is visible
11:45:12.836 [main] INFO  Dealership.POM - Login Button is clicked
11:45:37.949 [main] INFO  Dealership.POM - Store Summary tab is visible
11:45:37.999 [main] INFO  Dealership.POM - Today link is visible
11:45:38.078 [main] INFO  Dealership.POM - Today link is clickable
11:45:38.119 [main] INFO  Dealership.POM - Last_7_Days link is visible
11:45:38.188 [main] INFO  Dealership.POM - Last_7_Days link is clickable
11:45:38.246 [main] INFO  Dealership.POM - Last_30_Days link is visible
11:45:38.317 [main] INFO  Dealership.POM - Last_30_Days link is clickable
11:45:38.361 [main] INFO  Dealership.POM - Invoices link is visible
11:45:48.445 [main] INFO  Dealership.POM - The page title is - Advanced Search
11:45:58.518 [main] INFO  Dealership.POM - Search tag is visible
11:45:58.540 [main] INFO  Dealership.POM - The Invoice link has redirected to correct page
11:46:09.476 [main] INFO  Dealership.POM - Payments link is visible
11:46:19.546 [main] INFO  Dealership.POM - The page title is - Advanced Search
11:46:29.646 [main] INFO  Dealership.POM - Search tag is visible
11:46:29.666 [main] INFO  Dealership.POM - The Payments link has redirected to correct page
11:46:40.548 [main] INFO  Dealership.POM - New Customers link is visible
11:46:50.609 [main] INFO  Dealership.POM - The page title is - Advanced Search
11:47:00.672 [main] INFO  Dealership.POM - Search tag is visible
11:47:00.691 [main] INFO  Dealership.POM - The New Customers link has redirected to correct page
11:47:00.694 [main] INFO  Dealership.POM - Test case StoreSummary passes successfully
11:47:00.699 [main] INFO  Dealership.POM - Running Test : ServiceJobs
11:47:03.759 [main] INFO  Dealership.POM - Windows maximized
11:47:05.900 [main] INFO  Dealership.POM - URL entered
11:47:05.984 [main] INFO  Dealership.POM - Username field is visible
11:47:06.210 [main] INFO  Dealership.POM - Password field is visible
11:47:06.497 [main] INFO  Dealership.POM - Login Button is visible
11:47:06.559 [main] INFO  Dealership.POM - Login Button is clicked
11:47:31.920 [main] FATAL Dealership.POM - Test Failed - screenshot captured for Method : ServiceJobs
11:56:24.000 [main] INFO  Dealership.POM - Running Test : StoreSummary
11:56:29.500 [main] INFO  Dealership.POM - Windows maximized
11:56:31.836 [main] INFO  Dealership.POM - URL entered
11:56:31.979 [main] INFO  Dealership.POM - Username field is visible
11:56:32.224 [main] INFO  Dealership.POM - Password field is visible
11:56:32.454 [main] INFO  Dealership.POM - Login Button is visible
11:56:47.674 [main] INFO  Dealership.POM - Login Button is clicked
11:57:12.761 [main] INFO  Dealership.POM - Store Summary tab is visible
11:57:12.807 [main] INFO  Dealership.POM - Today link is visible
11:57:12.901 [main] INFO  Dealership.POM - Today link is clickable
11:57:12.949 [main] INFO  Dealership.POM - Last_7_Days link is visible
11:57:13.024 [main] INFO  Dealership.POM - Last_7_Days link is clickable
11:57:13.100 [main] INFO  Dealership.POM - Last_30_Days link is visible
11:57:13.203 [main] INFO  Dealership.POM - Last_30_Days link is clickable
11:57:13.266 [main] INFO  Dealership.POM - Invoices link is visible
11:57:23.371 [main] INFO  Dealership.POM - The page title is - Advanced Search
11:57:33.517 [main] INFO  Dealership.POM - Search tag is visible
11:57:33.538 [main] INFO  Dealership.POM - The Invoice link has redirected to correct page
11:57:44.591 [main] INFO  Dealership.POM - Payments link is visible
11:57:54.672 [main] INFO  Dealership.POM - The page title is - Advanced Search
11:58:04.739 [main] INFO  Dealership.POM - Search tag is visible
11:58:04.758 [main] INFO  Dealership.POM - The Payments link has redirected to correct page
11:58:15.669 [main] INFO  Dealership.POM - New Customers link is visible
11:58:25.750 [main] INFO  Dealership.POM - The page title is - Advanced Search
11:58:35.845 [main] INFO  Dealership.POM - Search tag is visible
11:58:35.868 [main] INFO  Dealership.POM - The New Customers link has redirected to correct page
11:58:35.871 [main] INFO  Dealership.POM - Test case StoreSummary passes successfully
11:58:41.860 [main] INFO  Dealership.POM - Running Test : ServiceJobs
11:58:44.828 [main] INFO  Dealership.POM - Windows maximized
11:58:47.304 [main] INFO  Dealership.POM - URL entered
11:58:47.376 [main] INFO  Dealership.POM - Username field is visible
11:58:47.600 [main] INFO  Dealership.POM - Password field is visible
11:58:48.146 [main] INFO  Dealership.POM - Login Button is visible
11:59:02.803 [main] INFO  Dealership.POM - Login Button is clicked
11:59:27.867 [main] INFO  Dealership.POM - Service Jobs tab is visible
11:59:27.907 [main] INFO  Dealership.POM - Customerpay link is visible
11:59:27.983 [main] INFO  Dealership.POM - Customerpay link is clickable
11:59:28.036 [main] INFO  Dealership.POM - ThirdParty link is visible
11:59:28.117 [main] INFO  Dealership.POM - ThirdParty link is clickable
11:59:28.162 [main] INFO  Dealership.POM - Internal link is visible
11:59:28.239 [main] INFO  Dealership.POM - Internal link is clickable
11:59:28.278 [main] INFO  Dealership.POM - Deal link is visible
11:59:28.347 [main] INFO  Dealership.POM - Deal link is clickable
11:59:33.401 [main] INFO  Dealership.POM - New link is visible
11:59:43.476 [main] INFO  Dealership.POM - The page title is - Advanced Search
12:00:08.543 [main] INFO  Dealership.POM - Search tag is visible
12:00:08.561 [main] INFO  Dealership.POM - The New link has redirected to correct page
12:00:19.749 [main] INFO  Dealership.POM - Active link is visible
12:00:29.832 [main] INFO  Dealership.POM - The page title is - Advanced Search
12:00:54.900 [main] INFO  Dealership.POM - Search tag is visible
12:00:54.917 [main] INFO  Dealership.POM - The Active link has redirected to correct page
12:01:07.102 [main] INFO  Dealership.POM - New Customers link is visible
12:01:17.181 [main] INFO  Dealership.POM - The page title is - Advanced Search
12:01:42.500 [main] INFO  Dealership.POM - Search tag is visible
12:01:42.539 [main] INFO  Dealership.POM - The Completed link has redirected to correct page
12:01:42.540 [main] INFO  Dealership.POM - Test case ServiceJobs passes successfully
12:01:48.586 [main] INFO  Dealership.POM - Running Test : Vendor_Orders
12:01:51.479 [main] INFO  Dealership.POM - Windows maximized
12:01:53.535 [main] INFO  Dealership.POM - URL entered
12:01:53.610 [main] INFO  Dealership.POM - Username field is visible
12:01:53.914 [main] INFO  Dealership.POM - Password field is visible
12:01:54.118 [main] INFO  Dealership.POM - Login Button is visible
12:02:10.952 [main] INFO  Dealership.POM - Login Button is clicked
12:02:36.012 [main] INFO  Dealership.POM - Vendor_Orders tab is visible
12:02:36.049 [main] INFO  Dealership.POM - Active_Orders link is visible
12:02:46.142 [main] INFO  Dealership.POM - The page title is - Advanced Search
12:08:13.152 [main] INFO  Dealership.POM - Running Test : StoreSummary
12:08:18.792 [main] INFO  Dealership.POM - Windows maximized
12:08:20.619 [main] INFO  Dealership.POM - URL entered
12:08:20.738 [main] INFO  Dealership.POM - Username field is visible
12:08:21.046 [main] INFO  Dealership.POM - Password field is visible
12:08:22.013 [main] INFO  Dealership.POM - Login Button is visible
12:08:29.089 [main] INFO  Dealership.POM - Login Button is clicked
12:08:54.173 [main] INFO  Dealership.POM - Store Summary tab is visible
12:08:54.217 [main] INFO  Dealership.POM - Today link is visible
12:08:54.289 [main] INFO  Dealership.POM - Today link is clickable
12:08:54.331 [main] INFO  Dealership.POM - Last_7_Days link is visible
12:08:54.401 [main] INFO  Dealership.POM - Last_7_Days link is clickable
12:08:54.447 [main] INFO  Dealership.POM - Last_30_Days link is visible
12:08:54.517 [main] INFO  Dealership.POM - Last_30_Days link is clickable
12:08:54.561 [main] INFO  Dealership.POM - Invoices link is visible
12:09:04.640 [main] INFO  Dealership.POM - The page title is - Advanced Search
12:09:14.766 [main] INFO  Dealership.POM - Search tag is visible
12:09:14.785 [main] INFO  Dealership.POM - The Invoice link has redirected to correct page
12:09:25.753 [main] INFO  Dealership.POM - Payments link is visible
12:09:35.829 [main] INFO  Dealership.POM - The page title is - Advanced Search
12:09:45.931 [main] INFO  Dealership.POM - Search tag is visible
12:09:45.957 [main] INFO  Dealership.POM - The Payments link has redirected to correct page
12:09:56.942 [main] INFO  Dealership.POM - New Customers link is visible
12:10:07.014 [main] INFO  Dealership.POM - The page title is - Advanced Search
12:10:17.098 [main] INFO  Dealership.POM - Search tag is visible
12:10:17.118 [main] INFO  Dealership.POM - The New Customers link has redirected to correct page
12:10:17.121 [main] INFO  Dealership.POM - Test case StoreSummary passes successfully
12:10:23.089 [main] INFO  Dealership.POM - Running Test : ServiceJobs
12:10:25.895 [main] INFO  Dealership.POM - Windows maximized
12:10:27.878 [main] INFO  Dealership.POM - URL entered
12:10:27.966 [main] INFO  Dealership.POM - Username field is visible
12:10:28.154 [main] INFO  Dealership.POM - Password field is visible
12:10:28.449 [main] INFO  Dealership.POM - Login Button is visible
12:10:42.151 [main] INFO  Dealership.POM - Login Button is clicked
12:11:07.212 [main] INFO  Dealership.POM - Service Jobs tab is visible
12:11:07.253 [main] INFO  Dealership.POM - Customerpay link is visible
12:11:07.326 [main] INFO  Dealership.POM - Customerpay link is clickable
12:11:07.364 [main] INFO  Dealership.POM - ThirdParty link is visible
12:11:07.430 [main] INFO  Dealership.POM - ThirdParty link is clickable
12:11:07.473 [main] INFO  Dealership.POM - Internal link is visible
12:11:07.543 [main] INFO  Dealership.POM - Internal link is clickable
12:11:07.587 [main] INFO  Dealership.POM - Deal link is visible
12:11:07.653 [main] INFO  Dealership.POM - Deal link is clickable
12:11:12.705 [main] INFO  Dealership.POM - New link is visible
12:11:22.777 [main] INFO  Dealership.POM - The page title is - Advanced Search
12:11:47.874 [main] INFO  Dealership.POM - Search tag is visible
12:11:47.891 [main] INFO  Dealership.POM - The New link has redirected to correct page
12:12:00.135 [main] INFO  Dealership.POM - Active link is visible
12:12:10.220 [main] INFO  Dealership.POM - The page title is - Advanced Search
12:12:35.501 [main] INFO  Dealership.POM - Search tag is visible
12:12:35.520 [main] INFO  Dealership.POM - The Active link has redirected to correct page
12:12:47.220 [main] INFO  Dealership.POM - New Customers link is visible
12:12:57.305 [main] INFO  Dealership.POM - The page title is - Advanced Search
12:13:22.391 [main] INFO  Dealership.POM - Search tag is visible
12:13:22.411 [main] INFO  Dealership.POM - The Completed link has redirected to correct page
12:13:22.411 [main] INFO  Dealership.POM - Test case ServiceJobs passes successfully
12:13:28.410 [main] INFO  Dealership.POM - Running Test : Vendor_Orders
12:13:31.352 [main] INFO  Dealership.POM - Windows maximized
12:13:33.333 [main] INFO  Dealership.POM - URL entered
12:13:33.407 [main] INFO  Dealership.POM - Username field is visible
12:13:33.633 [main] INFO  Dealership.POM - Password field is visible
12:13:34.068 [main] INFO  Dealership.POM - Login Button is visible
12:13:49.501 [main] INFO  Dealership.POM - Login Button is clicked
12:14:14.587 [main] INFO  Dealership.POM - Vendor_Orders tab is visible
12:14:14.631 [main] INFO  Dealership.POM - Active_Orders link is visible
12:14:15.939 [main] FATAL Dealership.POM - Test Failed - screenshot captured for Method : Vendor_Orders
12:14:21.901 [main] INFO  Dealership.POM - Running Test : Customer_Orders
12:14:24.830 [main] INFO  Dealership.POM - Windows maximized
12:14:26.670 [main] INFO  Dealership.POM - URL entered
12:14:26.748 [main] INFO  Dealership.POM - Username field is visible
12:14:26.992 [main] INFO  Dealership.POM - Password field is visible
12:14:27.316 [main] INFO  Dealership.POM - Login Button is visible
12:14:27.417 [main] INFO  Dealership.POM - Login Button is clicked
15:59:41.336 [main] INFO  Dealership.POM - Running Test : servicejob
15:59:51.964 [main] INFO  Dealership.POM - Windows maximized
16:00:12.803 [main] INFO  Dealership.POM - URL entered
16:00:12.917 [main] INFO  Dealership.POM - Username field is visible
16:00:13.180 [main] INFO  Dealership.POM - Password field is visible
16:00:13.433 [main] INFO  Dealership.POM - Login Button is visible
16:00:48.298 [main] INFO  Dealership.POM - Login Button is clicked
16:01:13.446 [main] INFO  Dealership.POM - Sell link is visible
16:01:14.504 [main] INFO  Dealership.POM - Sell link is clickable
16:01:14.785 [main] INFO  Dealership.POM - Select Customer Dropdown is visible
16:01:17.171 [main] INFO  Dealership.POM - Select Customer Field is visible
16:01:27.595 [main] INFO  Dealership.POM - CustomerInfo is visible
16:01:27.831 [main] INFO  Dealership.POM - CustomerInfo is selected
16:01:58.091 [main] INFO  Dealership.POM - ServiceJob button is visible
16:02:00.681 [main] INFO  Dealership.POM - ServiceJobStatus is visible
16:02:00.713 [main] INFO  Dealership.POM - ServiceJobStatus is Status: New
16:02:00.820 [main] INFO  Dealership.POM - ServiceJobDetails is visible
16:02:16.262 [main] FATAL Dealership.POM - Test Failed - screenshot captured for Method : servicejob
16:06:36.697 [main] INFO  Dealership.POM - Running Test : servicejob
16:06:43.366 [main] INFO  Dealership.POM - Windows maximized
16:06:52.184 [main] INFO  Dealership.POM - URL entered
16:06:52.310 [main] INFO  Dealership.POM - Username field is visible
16:06:52.547 [main] INFO  Dealership.POM - Password field is visible
16:06:52.878 [main] INFO  Dealership.POM - Login Button is visible
16:07:08.227 [main] INFO  Dealership.POM - Login Button is clicked
16:07:33.386 [main] INFO  Dealership.POM - Sell link is visible
16:07:34.381 [main] INFO  Dealership.POM - Sell link is clickable
16:07:34.596 [main] INFO  Dealership.POM - Select Customer Dropdown is visible
16:07:37.066 [main] INFO  Dealership.POM - Select Customer Field is visible
16:07:47.528 [main] INFO  Dealership.POM - CustomerInfo is visible
16:07:47.636 [main] INFO  Dealership.POM - CustomerInfo is selected
16:08:17.894 [main] INFO  Dealership.POM - ServiceJob button is visible
16:08:20.111 [main] INFO  Dealership.POM - ServiceJobStatus is visible
16:08:20.148 [main] INFO  Dealership.POM - ServiceJobStatus is Status: New
16:08:20.226 [main] INFO  Dealership.POM - ServiceJobDetails is visible
16:08:35.654 [main] FATAL Dealership.POM - Test Failed - screenshot captured for Method : servicejob
16:24:14.982 [main] INFO  Dealership.POM - Running Test : servicejob
16:24:21.051 [main] INFO  Dealership.POM - Windows maximized
16:24:33.317 [main] INFO  Dealership.POM - URL entered
16:24:33.445 [main] INFO  Dealership.POM - Username field is visible
16:24:33.657 [main] INFO  Dealership.POM - Password field is visible
16:24:33.910 [main] INFO  Dealership.POM - Login Button is visible
16:25:11.769 [main] INFO  Dealership.POM - Login Button is clicked
16:25:36.940 [main] INFO  Dealership.POM - Sell link is visible
16:25:37.012 [main] INFO  Dealership.POM - Sell link is clickable
16:25:57.378 [main] FATAL Dealership.POM - Test Failed - screenshot captured for Method : servicejob
16:27:32.537 [main] INFO  Dealership.POM - Running Test : servicejob
16:27:38.409 [main] INFO  Dealership.POM - Windows maximized
16:27:52.495 [main] INFO  Dealership.POM - URL entered
16:27:52.635 [main] INFO  Dealership.POM - Username field is visible
16:27:52.959 [main] INFO  Dealership.POM - Password field is visible
16:27:53.408 [main] INFO  Dealership.POM - Login Button is visible
16:27:53.592 [main] INFO  Dealership.POM - Login Button is clicked
16:28:18.715 [main] INFO  Dealership.POM - Sell link is visible
16:28:18.787 [main] INFO  Dealership.POM - Sell link is clickable
16:28:23.140 [main] INFO  Dealership.POM - Select Customer Dropdown is visible
16:28:23.578 [main] INFO  Dealership.POM - Select Customer Field is visible
16:28:34.163 [main] FATAL Dealership.POM - Test Failed - screenshot captured for Method : servicejob
16:29:02.044 [main] INFO  Dealership.POM - Running Test : servicejob
16:29:07.878 [main] INFO  Dealership.POM - Windows maximized
16:29:09.971 [main] INFO  Dealership.POM - URL entered
16:29:10.148 [main] INFO  Dealership.POM - Username field is visible
16:29:10.648 [main] INFO  Dealership.POM - Password field is visible
16:29:11.527 [main] INFO  Dealership.POM - Login Button is visible
16:29:28.012 [main] INFO  Dealership.POM - Login Button is clicked
16:29:53.146 [main] INFO  Dealership.POM - Sell link is visible
16:29:54.234 [main] INFO  Dealership.POM - Sell link is clickable
16:29:54.400 [main] INFO  Dealership.POM - Select Customer Dropdown is visible
16:29:56.329 [main] INFO  Dealership.POM - Select Customer Field is visible
16:30:06.760 [main] INFO  Dealership.POM - CustomerInfo is visible
16:30:06.868 [main] INFO  Dealership.POM - CustomerInfo is selected
16:30:17.240 [main] FATAL Dealership.POM - Test Failed - screenshot captured for Method : servicejob
16:31:35.199 [main] INFO  Dealership.POM - Running Test : servicejob
16:31:41.108 [main] INFO  Dealership.POM - Windows maximized
16:31:42.932 [main] INFO  Dealership.POM - URL entered
16:31:43.089 [main] INFO  Dealership.POM - Username field is visible
16:31:43.594 [main] INFO  Dealership.POM - Password field is visible
16:31:44.336 [main] INFO  Dealership.POM - Login Button is visible
16:31:59.813 [main] INFO  Dealership.POM - Login Button is clicked
16:32:24.952 [main] INFO  Dealership.POM - Sell link is visible
16:32:25.955 [main] INFO  Dealership.POM - Sell link is clickable
16:32:26.179 [main] INFO  Dealership.POM - Select Customer Dropdown is visible
16:32:28.598 [main] INFO  Dealership.POM - Select Customer Field is visible
16:32:39.013 [main] INFO  Dealership.POM - CustomerInfo is visible
16:32:39.106 [main] INFO  Dealership.POM - CustomerInfo is selected
16:33:14.746 [main] FATAL Dealership.POM - Test Failed - screenshot captured for Method : servicejob
16:51:27.006 [main] INFO  Dealership.POM - Running Test : servicejob
16:51:33.373 [main] INFO  Dealership.POM - Windows maximized
16:51:42.159 [main] INFO  Dealership.POM - URL entered
16:51:42.297 [main] INFO  Dealership.POM - Username field is visible
16:51:42.628 [main] INFO  Dealership.POM - Password field is visible
16:51:42.777 [main] INFO  Dealership.POM - Login Button is visible
16:51:57.738 [main] INFO  Dealership.POM - Login Button is clicked
16:52:22.898 [main] INFO  Dealership.POM - Sell link is visible
16:52:22.982 [main] INFO  Dealership.POM - Sell link is clickable
16:52:24.141 [main] INFO  Dealership.POM - Select Customer Dropdown is visible
16:52:26.628 [main] INFO  Dealership.POM - Select Customer Field is visible
16:52:37.007 [main] INFO  Dealership.POM - CustomerInfo is visible
16:52:37.115 [main] INFO  Dealership.POM - CustomerInfo is selected
16:53:12.372 [main] INFO  Dealership.POM - ServiceJob button is visible
16:53:25.521 [main] INFO  Dealership.POM - ServiceJobStatus is visible
16:53:25.553 [main] INFO  Dealership.POM - ServiceJobStatus is Status: New
16:53:25.716 [main] INFO  Dealership.POM - ServiceJobDetails is visible
16:53:26.046 [main] INFO  Dealership.POM - Concern field is visible
16:53:26.315 [main] INFO  Dealership.POM - Concern field is filled
16:53:26.364 [main] INFO  Dealership.POM - Cause field is visible
16:53:26.743 [main] INFO  Dealership.POM - Cause field is filled
16:53:26.801 [main] INFO  Dealership.POM - Correction field is visible
16:53:26.947 [main] INFO  Dealership.POM - Correction field is filled
16:53:26.995 [main] INFO  Dealership.POM - Odometer_on_arrival field is visible
16:53:27.210 [main] INFO  Dealership.POM - Odometer_on_arrival field is filled
16:53:27.260 [main] INFO  Dealership.POM - Odometer_on_departure field is visible
16:53:27.453 [main] INFO  Dealership.POM - Odometer_on_departure field is filled
16:53:28.293 [main] INFO  Dealership.POM - Searchbox is visible
16:53:38.911 [main] INFO  Dealership.POM - Merchentity is visible
16:53:59.398 [main] FATAL Dealership.POM - Test Failed - screenshot captured for Method : servicejob
17:10:11.034 [main] INFO  Dealership.POM - Running Test : servicejob
17:10:19.711 [main] INFO  Dealership.POM - Windows maximized
17:10:33.054 [main] INFO  Dealership.POM - URL entered
17:10:33.212 [main] INFO  Dealership.POM - Username field is visible
17:10:33.505 [main] INFO  Dealership.POM - Password field is visible
17:10:33.814 [main] INFO  Dealership.POM - Login Button is visible
17:10:48.788 [main] INFO  Dealership.POM - Login Button is clicked
17:11:13.963 [main] INFO  Dealership.POM - Sell link is visible
17:11:14.968 [main] INFO  Dealership.POM - Sell link is clickable
17:11:15.138 [main] INFO  Dealership.POM - Select Customer Dropdown is visible
17:11:17.549 [main] INFO  Dealership.POM - Select Customer Field is visible
17:11:27.956 [main] INFO  Dealership.POM - CustomerInfo is visible
17:11:28.053 [main] INFO  Dealership.POM - CustomerInfo is selected
17:12:03.391 [main] INFO  Dealership.POM - ServiceJob button is visible
17:12:05.353 [main] INFO  Dealership.POM - ServiceJobStatus is visible
17:12:05.393 [main] INFO  Dealership.POM - ServiceJobStatus is Status: New
17:12:05.488 [main] INFO  Dealership.POM - ServiceJobDetails is visible
17:12:06.003 [main] INFO  Dealership.POM - Concern field is visible
17:12:06.293 [main] INFO  Dealership.POM - Concern field is filled
17:12:06.346 [main] INFO  Dealership.POM - Cause field is visible
17:12:06.648 [main] INFO  Dealership.POM - Cause field is filled
17:12:06.719 [main] INFO  Dealership.POM - Correction field is visible
17:12:06.878 [main] INFO  Dealership.POM - Correction field is filled
17:12:06.929 [main] INFO  Dealership.POM - Odometer_on_arrival field is visible
17:12:07.136 [main] INFO  Dealership.POM - Odometer_on_arrival field is filled
17:12:07.184 [main] INFO  Dealership.POM - Odometer_on_departure field is visible
17:12:07.401 [main] INFO  Dealership.POM - Odometer_on_departure field is filled
17:12:08.252 [main] INFO  Dealership.POM - Searchbox is visible
17:12:18.896 [main] INFO  Dealership.POM - Merchentity is visible
17:12:39.311 [main] FATAL Dealership.POM - Test Failed - screenshot captured for Method : servicejob
17:14:49.640 [main] INFO  Dealership.POM - Running Test : servicejob
17:14:55.880 [main] INFO  Dealership.POM - Windows maximized
17:15:15.737 [main] INFO  Dealership.POM - URL entered
17:15:15.880 [main] INFO  Dealership.POM - Username field is visible
17:15:16.069 [main] INFO  Dealership.POM - Password field is visible
17:15:16.273 [main] INFO  Dealership.POM - Login Button is visible
17:15:31.527 [main] INFO  Dealership.POM - Login Button is clicked
17:15:56.743 [main] INFO  Dealership.POM - Sell link is visible
17:15:58.016 [main] INFO  Dealership.POM - Sell link is clickable
17:15:58.280 [main] INFO  Dealership.POM - Select Customer Dropdown is visible
17:16:00.662 [main] INFO  Dealership.POM - Select Customer Field is visible
17:16:11.115 [main] INFO  Dealership.POM - CustomerInfo is visible
17:16:11.224 [main] INFO  Dealership.POM - CustomerInfo is selected
17:16:46.485 [main] INFO  Dealership.POM - ServiceJob button is visible
17:16:49.460 [main] INFO  Dealership.POM - ServiceJobStatus is visible
17:16:49.485 [main] INFO  Dealership.POM - ServiceJobStatus is Status: New
17:16:49.571 [main] INFO  Dealership.POM - ServiceJobDetails is visible
17:16:50.408 [main] INFO  Dealership.POM - Concern field is visible
17:16:50.615 [main] INFO  Dealership.POM - Concern field is filled
17:16:50.660 [main] INFO  Dealership.POM - Cause field is visible
17:16:50.955 [main] INFO  Dealership.POM - Cause field is filled
17:16:51.054 [main] INFO  Dealership.POM - Correction field is visible
17:16:51.182 [main] INFO  Dealership.POM - Correction field is filled
17:16:51.231 [main] INFO  Dealership.POM - Odometer_on_arrival field is visible
17:16:51.437 [main] INFO  Dealership.POM - Odometer_on_arrival field is filled
17:16:51.485 [main] INFO  Dealership.POM - Odometer_on_departure field is visible
17:16:51.666 [main] INFO  Dealership.POM - Odometer_on_departure field is filled
17:16:52.486 [main] INFO  Dealership.POM - Searchbox is visible
17:17:03.055 [main] INFO  Dealership.POM - Merchentity is visible
17:17:23.518 [main] FATAL Dealership.POM - Test Failed - screenshot captured for Method : servicejob
17:19:37.228 [main] INFO  Dealership.POM - Running Test : servicejob
17:19:43.905 [main] INFO  Dealership.POM - Windows maximized
17:19:51.914 [main] INFO  Dealership.POM - URL entered
17:19:52.084 [main] INFO  Dealership.POM - Username field is visible
17:19:52.715 [main] INFO  Dealership.POM - Password field is visible
17:19:53.135 [main] INFO  Dealership.POM - Login Button is visible
17:20:07.539 [main] INFO  Dealership.POM - Login Button is clicked
17:20:32.677 [main] INFO  Dealership.POM - Sell link is visible
17:20:33.789 [main] INFO  Dealership.POM - Sell link is clickable
17:20:34.016 [main] INFO  Dealership.POM - Select Customer Dropdown is visible
17:20:35.810 [main] INFO  Dealership.POM - Select Customer Field is visible
17:20:46.196 [main] INFO  Dealership.POM - CustomerInfo is visible
17:20:46.310 [main] INFO  Dealership.POM - CustomerInfo is selected
17:21:21.574 [main] INFO  Dealership.POM - ServiceJob button is visible
17:21:24.024 [main] INFO  Dealership.POM - ServiceJobStatus is visible
17:21:24.071 [main] INFO  Dealership.POM - ServiceJobStatus is Status: New
17:21:24.208 [main] INFO  Dealership.POM - ServiceJobDetails is visible
17:21:24.863 [main] INFO  Dealership.POM - Concern field is visible
17:21:25.087 [main] INFO  Dealership.POM - Concern field is filled
17:21:25.132 [main] INFO  Dealership.POM - Cause field is visible
17:21:25.439 [main] INFO  Dealership.POM - Cause field is filled
17:21:25.546 [main] INFO  Dealership.POM - Correction field is visible
17:21:25.703 [main] INFO  Dealership.POM - Correction field is filled
17:21:25.769 [main] INFO  Dealership.POM - Odometer_on_arrival field is visible
17:21:25.966 [main] INFO  Dealership.POM - Odometer_on_arrival field is filled
17:21:26.017 [main] INFO  Dealership.POM - Odometer_on_departure field is visible
17:21:26.193 [main] INFO  Dealership.POM - Odometer_on_departure field is filled
17:21:26.980 [main] INFO  Dealership.POM - Searchbox is visible
17:21:37.748 [main] INFO  Dealership.POM - Merchentity is visible
17:21:48.439 [main] FATAL Dealership.POM - Test Failed - screenshot captured for Method : servicejob
17:23:51.170 [main] INFO  Dealership.POM - Running Test : servicejob
17:23:57.409 [main] INFO  Dealership.POM - Windows maximized
17:24:08.518 [main] INFO  Dealership.POM - URL entered
17:24:08.646 [main] INFO  Dealership.POM - Username field is visible
17:24:09.337 [main] INFO  Dealership.POM - Password field is visible
17:24:09.767 [main] INFO  Dealership.POM - Login Button is visible
17:24:26.186 [main] INFO  Dealership.POM - Login Button is clicked
17:24:51.349 [main] INFO  Dealership.POM - Sell link is visible
17:24:52.431 [main] INFO  Dealership.POM - Sell link is clickable
17:24:52.648 [main] INFO  Dealership.POM - Select Customer Dropdown is visible
17:24:54.019 [main] INFO  Dealership.POM - Select Customer Field is visible
17:25:04.405 [main] INFO  Dealership.POM - CustomerInfo is visible
17:25:04.512 [main] INFO  Dealership.POM - CustomerInfo is selected
17:25:39.833 [main] INFO  Dealership.POM - ServiceJob button is visible
17:25:41.732 [main] INFO  Dealership.POM - ServiceJobStatus is visible
17:25:41.766 [main] INFO  Dealership.POM - ServiceJobStatus is Status: New
17:25:41.843 [main] INFO  Dealership.POM - ServiceJobDetails is visible
17:25:42.259 [main] INFO  Dealership.POM - Concern field is visible
17:25:42.593 [main] INFO  Dealership.POM - Concern field is filled
17:25:42.667 [main] INFO  Dealership.POM - Cause field is visible
17:25:42.975 [main] INFO  Dealership.POM - Cause field is filled
17:25:43.021 [main] INFO  Dealership.POM - Correction field is visible
17:25:43.179 [main] INFO  Dealership.POM - Correction field is filled
17:25:43.238 [main] INFO  Dealership.POM - Odometer_on_arrival field is visible
17:25:43.442 [main] INFO  Dealership.POM - Odometer_on_arrival field is filled
17:25:43.490 [main] INFO  Dealership.POM - Odometer_on_departure field is visible
17:25:43.668 [main] INFO  Dealership.POM - Odometer_on_departure field is filled
17:25:44.429 [main] INFO  Dealership.POM - Searchbox is visible
17:25:55.090 [main] INFO  Dealership.POM - Merchentity is visible
17:26:15.711 [main] FATAL Dealership.POM - Test Failed - screenshot captured for Method : servicejob
17:30:49.234 [main] INFO  Dealership.POM - Running Test : servicejob
17:30:55.357 [main] INFO  Dealership.POM - Windows maximized
17:31:15.571 [main] INFO  Dealership.POM - URL entered
17:31:15.698 [main] INFO  Dealership.POM - Username field is visible
17:31:15.931 [main] INFO  Dealership.POM - Password field is visible
17:31:16.210 [main] INFO  Dealership.POM - Login Button is visible
17:31:58.214 [main] INFO  Dealership.POM - Login Button is clicked
17:32:23.353 [main] INFO  Dealership.POM - Sell link is visible
17:32:24.417 [main] INFO  Dealership.POM - Sell link is clickable
17:32:24.671 [main] INFO  Dealership.POM - Select Customer Dropdown is visible
17:32:27.075 [main] INFO  Dealership.POM - Select Customer Field is visible
17:32:37.482 [main] INFO  Dealership.POM - CustomerInfo is visible
17:32:37.571 [main] INFO  Dealership.POM - CustomerInfo is selected
17:33:12.808 [main] INFO  Dealership.POM - ServiceJob button is visible
17:33:15.276 [main] INFO  Dealership.POM - ServiceJobStatus is visible
17:33:15.310 [main] INFO  Dealership.POM - ServiceJobStatus is Status: New
17:33:15.387 [main] INFO  Dealership.POM - ServiceJobDetails is visible
17:33:15.748 [main] INFO  Dealership.POM - Concern field is visible
17:33:16.094 [main] INFO  Dealership.POM - Concern field is filled
17:33:16.173 [main] INFO  Dealership.POM - Cause field is visible
17:33:16.501 [main] INFO  Dealership.POM - Cause field is filled
17:33:16.553 [main] INFO  Dealership.POM - Correction field is visible
17:33:16.691 [main] INFO  Dealership.POM - Correction field is filled
17:33:16.747 [main] INFO  Dealership.POM - Odometer_on_arrival field is visible
17:33:16.952 [main] INFO  Dealership.POM - Odometer_on_arrival field is filled
17:33:17.002 [main] INFO  Dealership.POM - Odometer_on_departure field is visible
17:33:17.199 [main] INFO  Dealership.POM - Odometer_on_departure field is filled
17:33:17.972 [main] INFO  Dealership.POM - Searchbox is visible
17:33:28.710 [main] INFO  Dealership.POM - Merchentity is visible
17:33:59.361 [main] INFO  Dealership.POM - Feeentity is visible
17:34:40.119 [main] INFO  Dealership.POM - Kitentity is visible
17:35:21.057 [main] INFO  Dealership.POM - Laborentity is visible
17:35:52.267 [main] INFO  Dealership.POM - Notes field is visible
17:35:53.441 [main] INFO  Dealership.POM - Assign_Tech button is visible
17:35:53.667 [main] INFO  Dealership.POM - ClockingStaffPopupforCO is visible
17:36:04.466 [main] FATAL Dealership.POM - Test Failed - screenshot captured for Method : servicejob
17:54:24.769 [main] INFO  Dealership.POM - Running Test : servicejob
17:54:31.146 [main] INFO  Dealership.POM - Windows maximized
17:55:08.120 [main] INFO  Dealership.POM - URL entered
17:55:08.235 [main] INFO  Dealership.POM - Username field is visible
17:55:08.443 [main] INFO  Dealership.POM - Password field is visible
17:55:08.603 [main] INFO  Dealership.POM - Login Button is visible
17:55:43.417 [main] INFO  Dealership.POM - Login Button is clicked
17:56:08.552 [main] INFO  Dealership.POM - Sell link is visible
17:56:09.977 [main] INFO  Dealership.POM - Sell link is clickable
17:56:10.177 [main] INFO  Dealership.POM - Select Customer Dropdown is visible
17:56:12.698 [main] INFO  Dealership.POM - Select Customer Field is visible
17:56:23.161 [main] INFO  Dealership.POM - CustomerInfo is visible
17:56:23.271 [main] INFO  Dealership.POM - CustomerInfo is selected
17:56:58.523 [main] INFO  Dealership.POM - ServiceJob button is visible
17:57:01.488 [main] INFO  Dealership.POM - ServiceJobStatus is visible
17:57:01.519 [main] INFO  Dealership.POM - ServiceJobStatus is Status: New
17:57:01.594 [main] INFO  Dealership.POM - ServiceJobDetails is visible
17:57:01.990 [main] INFO  Dealership.POM - Concern field is visible
17:57:02.294 [main] INFO  Dealership.POM - Concern field is filled
17:57:02.346 [main] INFO  Dealership.POM - Cause field is visible
17:57:02.604 [main] INFO  Dealership.POM - Cause field is filled
17:57:02.644 [main] INFO  Dealership.POM - Correction field is visible
17:57:02.800 [main] INFO  Dealership.POM - Correction field is filled
17:57:02.876 [main] INFO  Dealership.POM - Odometer_on_arrival field is visible
17:57:03.134 [main] INFO  Dealership.POM - Odometer_on_arrival field is filled
17:57:03.204 [main] INFO  Dealership.POM - Odometer_on_departure field is visible
17:57:03.381 [main] INFO  Dealership.POM - Odometer_on_departure field is filled
17:57:04.172 [main] INFO  Dealership.POM - Searchbox is visible
17:57:14.792 [main] INFO  Dealership.POM - Merchentity is visible
17:57:45.479 [main] INFO  Dealership.POM - Feeentity is visible
17:58:26.223 [main] INFO  Dealership.POM - Kitentity is visible
17:59:07.243 [main] INFO  Dealership.POM - Laborentity is visible
17:59:38.461 [main] INFO  Dealership.POM - Notes field is visible
17:59:39.641 [main] INFO  Dealership.POM - Assign_Tech button is visible
17:59:39.820 [main] INFO  Dealership.POM - ClockingStaffPopupforCO is visible
17:59:50.068 [main] INFO  Dealership.POM - Technician is successfully assigned
17:59:55.247 [main] INFO  Dealership.POM - Customer Approval button is visible
17:59:55.362 [main] INFO  Dealership.POM - Customer Approval button is clicked
18:00:05.949 [main] FATAL Dealership.POM - Test Failed - screenshot captured for Method : servicejob
18:02:28.874 [main] INFO  Dealership.POM - Running Test : servicejob
18:02:35.046 [main] INFO  Dealership.POM - Windows maximized
18:02:57.871 [main] INFO  Dealership.POM - URL entered
18:02:58.021 [main] INFO  Dealership.POM - Username field is visible
18:02:58.259 [main] INFO  Dealership.POM - Password field is visible
18:02:58.564 [main] INFO  Dealership.POM - Login Button is visible
18:03:13.643 [main] INFO  Dealership.POM - Login Button is clicked
18:03:38.812 [main] INFO  Dealership.POM - Sell link is visible
18:03:39.901 [main] INFO  Dealership.POM - Sell link is clickable
18:03:40.103 [main] INFO  Dealership.POM - Select Customer Dropdown is visible
18:03:42.817 [main] INFO  Dealership.POM - Select Customer Field is visible
18:03:53.316 [main] INFO  Dealership.POM - CustomerInfo is visible
18:03:53.413 [main] INFO  Dealership.POM - CustomerInfo is selected
18:04:28.676 [main] INFO  Dealership.POM - ServiceJob button is visible
18:04:30.882 [main] INFO  Dealership.POM - ServiceJobStatus is visible
18:04:30.915 [main] INFO  Dealership.POM - ServiceJobStatus is Status: New
18:04:30.994 [main] INFO  Dealership.POM - ServiceJobDetails is visible
18:04:31.869 [main] INFO  Dealership.POM - Concern field is visible
18:04:32.083 [main] INFO  Dealership.POM - Concern field is filled
18:04:32.123 [main] INFO  Dealership.POM - Cause field is visible
18:04:32.399 [main] INFO  Dealership.POM - Cause field is filled
18:04:32.453 [main] INFO  Dealership.POM - Correction field is visible
18:04:32.601 [main] INFO  Dealership.POM - Correction field is filled
18:04:32.650 [main] INFO  Dealership.POM - Odometer_on_arrival field is visible
18:04:32.886 [main] INFO  Dealership.POM - Odometer_on_arrival field is filled
18:04:32.954 [main] INFO  Dealership.POM - Odometer_on_departure field is visible
18:04:33.164 [main] INFO  Dealership.POM - Odometer_on_departure field is filled
18:04:34.021 [main] INFO  Dealership.POM - Searchbox is visible
18:04:44.606 [main] INFO  Dealership.POM - Merchentity is visible
18:05:15.399 [main] INFO  Dealership.POM - Feeentity is visible
18:05:56.045 [main] INFO  Dealership.POM - Kitentity is visible
18:06:37.090 [main] INFO  Dealership.POM - Laborentity is visible
18:07:08.238 [main] INFO  Dealership.POM - Notes field is visible
18:07:09.575 [main] INFO  Dealership.POM - Assign_Tech button is visible
18:07:09.739 [main] INFO  Dealership.POM - ClockingStaffPopupforCO is visible
18:07:19.935 [main] INFO  Dealership.POM - Technician is successfully assigned
18:07:25.113 [main] INFO  Dealership.POM - Customer Approval button is visible
18:07:25.215 [main] INFO  Dealership.POM - Customer Approval button is clicked
18:07:55.707 [main] INFO  Dealership.POM - Save Customer Approval button is visible
18:07:55.780 [main] INFO  Dealership.POM - Save Customer Approval button is clicked
18:08:05.881 [main] INFO  Dealership.POM - Approval ID isCA-00081
18:08:06.162 [main] FATAL Dealership.POM - Test Failed - screenshot captured for Method : servicejob
18:10:18.892 [main] INFO  Dealership.POM - Running Test : servicejob
18:10:26.971 [main] INFO  Dealership.POM - Windows maximized
18:10:42.231 [main] INFO  Dealership.POM - URL entered
18:10:42.383 [main] INFO  Dealership.POM - Username field is visible
18:10:42.608 [main] INFO  Dealership.POM - Password field is visible
18:10:42.877 [main] INFO  Dealership.POM - Login Button is visible
18:10:59.216 [main] INFO  Dealership.POM - Login Button is clicked
18:11:24.350 [main] INFO  Dealership.POM - Sell link is visible
18:11:25.624 [main] INFO  Dealership.POM - Sell link is clickable
18:11:25.853 [main] INFO  Dealership.POM - Select Customer Dropdown is visible
18:11:28.478 [main] INFO  Dealership.POM - Select Customer Field is visible
18:11:38.955 [main] INFO  Dealership.POM - CustomerInfo is visible
18:11:39.041 [main] INFO  Dealership.POM - CustomerInfo is selected
18:12:14.338 [main] INFO  Dealership.POM - ServiceJob button is visible
18:12:16.521 [main] INFO  Dealership.POM - ServiceJobStatus is visible
18:12:16.551 [main] INFO  Dealership.POM - ServiceJobStatus is Status: New
18:12:16.658 [main] INFO  Dealership.POM - ServiceJobDetails is visible
18:12:17.125 [main] INFO  Dealership.POM - Concern field is visible
18:12:17.422 [main] INFO  Dealership.POM - Concern field is filled
18:12:17.505 [main] INFO  Dealership.POM - Cause field is visible
18:12:17.834 [main] INFO  Dealership.POM - Cause field is filled
18:12:17.885 [main] INFO  Dealership.POM - Correction field is visible
18:12:18.060 [main] INFO  Dealership.POM - Correction field is filled
18:12:18.110 [main] INFO  Dealership.POM - Odometer_on_arrival field is visible
18:12:18.308 [main] INFO  Dealership.POM - Odometer_on_arrival field is filled
18:12:18.359 [main] INFO  Dealership.POM - Odometer_on_departure field is visible
18:12:18.556 [main] INFO  Dealership.POM - Odometer_on_departure field is filled
18:12:19.323 [main] INFO  Dealership.POM - Searchbox is visible
18:12:30.010 [main] INFO  Dealership.POM - Merchentity is visible
18:13:00.702 [main] INFO  Dealership.POM - Feeentity is visible
18:13:41.406 [main] INFO  Dealership.POM - Kitentity is visible
18:14:22.401 [main] INFO  Dealership.POM - Laborentity is visible
18:14:53.533 [main] INFO  Dealership.POM - Notes field is visible
18:14:54.814 [main] INFO  Dealership.POM - Assign_Tech button is visible
18:14:54.982 [main] INFO  Dealership.POM - ClockingStaffPopupforCO is visible
18:15:05.183 [main] INFO  Dealership.POM - Technician is successfully assigned
18:15:10.373 [main] INFO  Dealership.POM - Customer Approval button is visible
18:15:10.477 [main] INFO  Dealership.POM - Customer Approval button is clicked
18:15:40.904 [main] INFO  Dealership.POM - Save Customer Approval button is visible
18:15:41.002 [main] INFO  Dealership.POM - Save Customer Approval button is clicked
18:15:51.127 [main] INFO  Dealership.POM - Approval ID isCA-00082
18:15:52.505 [main] FATAL Dealership.POM - Test Failed - screenshot captured for Method : servicejob
18:26:35.153 [main] INFO  Dealership.POM - Running Test : servicejob
18:26:41.035 [main] INFO  Dealership.POM - Windows maximized
18:27:13.363 [main] INFO  Dealership.POM - URL entered
18:27:13.503 [main] INFO  Dealership.POM - Username field is visible
18:27:13.706 [main] INFO  Dealership.POM - Password field is visible
18:27:13.860 [main] INFO  Dealership.POM - Login Button is visible
18:27:27.316 [main] INFO  Dealership.POM - Login Button is clicked
18:27:52.631 [main] FATAL Dealership.POM - Test Failed - screenshot captured for Method : servicejob
14:54:21.786 [main] INFO  Dealership.POM - Running Test : servicejob
14:54:32.654 [main] INFO  Dealership.POM - Windows maximized
14:54:44.209 [main] INFO  Dealership.POM - URL entered
14:54:44.340 [main] INFO  Dealership.POM - Username field is visible
14:54:44.564 [main] INFO  Dealership.POM - Password field is visible
14:54:44.798 [main] INFO  Dealership.POM - Login Button is visible
14:55:16.721 [main] INFO  Dealership.POM - Login Button is clicked
14:55:41.882 [main] INFO  Dealership.POM - Sell link is visible
14:55:43.270 [main] INFO  Dealership.POM - Sell link is clickable
14:55:43.574 [main] INFO  Dealership.POM - Select Customer Dropdown is visible
14:55:45.545 [main] INFO  Dealership.POM - Select Customer Field is visible
14:55:56.055 [main] INFO  Dealership.POM - CustomerInfo is visible
14:55:56.145 [main] INFO  Dealership.POM - CustomerInfo is selected
14:56:31.451 [main] INFO  Dealership.POM - ServiceJob button is visible
