15:18:43.406 [main] INFO  Dealership.POM - Service kit chechbox is clicked
15:18:48.496 [main] INFO  Dealership.POM - Concern field is displayed
15:18:48.664 [main] INFO  Dealership.POM - Concern is filled
15:18:48.696 [main] INFO  Dealership.POM - Cause field is displayed
15:18:48.847 [main] INFO  Dealership.POM - Cause is filled
15:18:48.886 [main] INFO  Dealership.POM - Correction field is displayed
15:18:49.087 [main] INFO  Dealership.POM - Correction is filled
15:18:49.123 [main] INFO  Dealership.POM - Make field is displayed
15:18:54.294 [main] INFO  Dealership.POM - Make is filled
15:18:54.342 [main] INFO  Dealership.POM - Model field is displayed
15:18:59.499 [main] INFO  Dealership.POM - Model is filled
15:18:59.537 [main] INFO  Dealership.POM - SubModel field is displayed
15:19:04.704 [main] INFO  Dealership.POM - SubModel is filled
15:19:09.771 [main] INFO  Dealership.POM - Save button is displayed
15:19:09.828 [main] INFO  Dealership.POM - Save button is clicked
15:19:20.198 [main] INFO  Dealership.POM - Kit Name is entered in searchbox
15:19:25.318 [main] INFO  Dealership.POM - the text is qakit-21_01_202203_10_38 - Test Description
15:19:25.329 [main] INFO  Dealership.POM - Kit is successfully created
15:19:25.329 [main] INFO  Dealership.POM - Test case AddKit passes successfully
15:19:31.538 [main] INFO  Dealership.POM - Running Test : AddFee
15:19:34.528 [main] INFO  Dealership.POM - Windows maximized
15:19:37.085 [main] INFO  Dealership.POM - URL entered
15:19:37.152 [main] INFO  Dealership.POM - Username field is visible
15:19:37.346 [main] INFO  Dealership.POM - Password field is visible
15:19:37.467 [main] INFO  Dealership.POM - Login Button is visible
15:20:16.898 [main] INFO  Dealership.POM - Login Button is clicked
15:20:31.989 [main] INFO  Dealership.POM - Addnew button is displayed
15:20:32.063 [main] INFO  Dealership.POM - Addnew button is clicked
15:20:32.106 [main] INFO  Dealership.POM - Fee button is displayed
15:20:32.201 [main] INFO  Dealership.POM - Fee button is clicked
15:20:37.456 [main] FATAL Dealership.POM - Test Failed - screenshot captured for Method : AddFee
15:20:43.443 [main] INFO  Dealership.POM - Running Test : AddUnit
15:20:46.234 [main] INFO  Dealership.POM - Windows maximized
15:20:50.129 [main] INFO  Dealership.POM - URL entered
15:20:50.174 [main] INFO  Dealership.POM - Username field is visible
15:20:50.331 [main] INFO  Dealership.POM - Password field is visible
15:20:50.568 [main] INFO  Dealership.POM - Login Button is visible
15:21:26.447 [main] INFO  Dealership.POM - Login Button is clicked
15:21:41.544 [main] INFO  Dealership.POM - Addnew button is displayed
15:21:41.623 [main] INFO  Dealership.POM - Addnew button is clicked
15:21:41.665 [main] INFO  Dealership.POM - Stock Unit button is displayed
15:21:41.818 [main] INFO  Dealership.POM - Stock Unit button is clicked
15:21:47.057 [main] FATAL Dealership.POM - Test Failed - screenshot captured for Method : AddUnit
15:39:47.388 [main] INFO  Dealership.POM - Running Test : StoreSummary
15:39:54.660 [main] INFO  Dealership.POM - Windows maximized
15:39:57.916 [main] INFO  Dealership.POM - URL entered
15:39:58.042 [main] INFO  Dealership.POM - Username field is visible
15:39:58.323 [main] INFO  Dealership.POM - Password field is visible
15:39:58.600 [main] INFO  Dealership.POM - Login Button is visible
15:40:11.175 [main] INFO  Dealership.POM - Login Button is clicked
15:41:13.094 [main] INFO  Dealership.POM - Store Summary tab is visible
15:41:13.128 [main] INFO  Dealership.POM - Today link is visible
15:41:13.211 [main] INFO  Dealership.POM - Today link is clickable
15:41:13.256 [main] INFO  Dealership.POM - Last_7_Days link is visible
15:41:13.325 [main] INFO  Dealership.POM - Last_7_Days link is clickable
15:41:13.367 [main] INFO  Dealership.POM - Last_30_Days link is visible
15:41:13.473 [main] INFO  Dealership.POM - Last_30_Days link is clickable
15:41:13.529 [main] INFO  Dealership.POM - Invoices link is visible
15:41:44.569 [main] INFO  Dealership.POM - The page title is - Advanced Search
15:41:44.641 [main] INFO  Dealership.POM - Search tag is visible
15:41:44.663 [main] INFO  Dealership.POM - The Invoice link has redirected to correct page
15:41:47.284 [main] INFO  Dealership.POM - Payments link is visible
15:41:51.326 [main] INFO  Dealership.POM - The page title is - Advanced Search
15:41:51.363 [main] INFO  Dealership.POM - Search tag is visible
15:41:51.382 [main] INFO  Dealership.POM - The Payments link has redirected to correct page
15:41:52.861 [main] INFO  Dealership.POM - New Customers link is visible
15:41:57.232 [main] INFO  Dealership.POM - The page title is - Advanced Search
15:42:07.408 [main] INFO  Dealership.POM - Search tag is visible
15:42:07.435 [main] INFO  Dealership.POM - The New Customers link has redirected to correct page
15:42:07.440 [main] INFO  Dealership.POM - Test case StoreSummary passes successfully
15:42:34.874 [main] INFO  Dealership.POM - Running Test : StoreSummary
15:42:40.559 [main] INFO  Dealership.POM - Windows maximized
15:42:42.560 [main] INFO  Dealership.POM - URL entered
15:42:42.696 [main] INFO  Dealership.POM - Username field is visible
15:42:43.213 [main] INFO  Dealership.POM - Password field is visible
15:42:43.352 [main] INFO  Dealership.POM - Login Button is visible
15:42:43.445 [main] INFO  Dealership.POM - Login Button is clicked
15:43:13.423 [main] INFO  Dealership.POM - Store Summary tab is visible
15:43:13.466 [main] INFO  Dealership.POM - Today link is visible
15:43:13.534 [main] INFO  Dealership.POM - Today link is clickable
15:43:13.573 [main] INFO  Dealership.POM - Last_7_Days link is visible
15:43:13.638 [main] INFO  Dealership.POM - Last_7_Days link is clickable
15:43:13.686 [main] INFO  Dealership.POM - Last_30_Days link is visible
15:43:13.756 [main] INFO  Dealership.POM - Last_30_Days link is clickable
15:43:13.803 [main] INFO  Dealership.POM - Invoices link is visible
15:43:20.909 [main] INFO  Dealership.POM - The page title is - Advanced Search
15:43:21.029 [main] INFO  Dealership.POM - Search tag is visible
15:43:21.054 [main] INFO  Dealership.POM - The Invoice link has redirected to correct page
15:43:23.059 [main] INFO  Dealership.POM - Payments link is visible
15:43:28.483 [main] INFO  Dealership.POM - The page title is - Advanced Search
15:43:28.523 [main] INFO  Dealership.POM - Search tag is visible
15:43:28.549 [main] INFO  Dealership.POM - The Payments link has redirected to correct page
15:43:30.076 [main] INFO  Dealership.POM - New Customers link is visible
15:43:33.690 [main] INFO  Dealership.POM - The page title is - Advanced Search
15:43:43.838 [main] INFO  Dealership.POM - Search tag is visible
15:43:43.876 [main] INFO  Dealership.POM - The New Customers link has redirected to correct page
15:43:43.879 [main] INFO  Dealership.POM - Test case StoreSummary passes successfully
15:43:49.876 [main] INFO  Dealership.POM - Running Test : ServiceJobs
15:43:52.568 [main] INFO  Dealership.POM - Windows maximized
15:43:54.518 [main] INFO  Dealership.POM - URL entered
15:43:54.588 [main] INFO  Dealership.POM - Username field is visible
15:43:54.851 [main] INFO  Dealership.POM - Password field is visible
15:43:55.150 [main] INFO  Dealership.POM - Login Button is visible
15:44:27.139 [main] INFO  Dealership.POM - Login Button is clicked
15:44:42.191 [main] INFO  Dealership.POM - Service Jobs tab is visible
15:44:42.231 [main] INFO  Dealership.POM - Customerpay link is visible
15:44:42.307 [main] INFO  Dealership.POM - Customerpay link is clickable
15:44:42.345 [main] INFO  Dealership.POM - ThirdParty link is visible
15:44:42.413 [main] INFO  Dealership.POM - ThirdParty link is clickable
15:44:42.454 [main] INFO  Dealership.POM - Internal link is visible
15:44:42.520 [main] INFO  Dealership.POM - Internal link is clickable
15:44:42.555 [main] INFO  Dealership.POM - Deal link is visible
15:44:42.619 [main] INFO  Dealership.POM - Deal link is clickable
15:44:47.668 [main] INFO  Dealership.POM - New link is visible
15:45:01.770 [main] INFO  Dealership.POM - The page title is - Advanced Search
15:45:01.821 [main] INFO  Dealership.POM - Search tag is visible
15:45:01.841 [main] INFO  Dealership.POM - The New link has redirected to correct page
15:45:03.529 [main] INFO  Dealership.POM - Active link is visible
15:45:08.808 [main] INFO  Dealership.POM - The page title is - Advanced Search
15:45:08.850 [main] INFO  Dealership.POM - Search tag is visible
15:45:08.868 [main] INFO  Dealership.POM - The Active link has redirected to correct page
15:45:10.451 [main] INFO  Dealership.POM - New Customers link is visible
15:45:15.750 [main] INFO  Dealership.POM - The page title is - Advanced Search
15:45:15.803 [main] INFO  Dealership.POM - Search tag is visible
15:45:15.824 [main] INFO  Dealership.POM - The Completed link has redirected to correct page
15:45:15.824 [main] INFO  Dealership.POM - Test case ServiceJobs passes successfully
15:45:21.822 [main] INFO  Dealership.POM - Running Test : Vendor_Orders
15:45:24.610 [main] INFO  Dealership.POM - Windows maximized
15:45:26.451 [main] INFO  Dealership.POM - URL entered
15:45:26.540 [main] INFO  Dealership.POM - Username field is visible
15:45:26.768 [main] INFO  Dealership.POM - Password field is visible
15:45:26.943 [main] INFO  Dealership.POM - Login Button is visible
15:45:27.016 [main] INFO  Dealership.POM - Login Button is clicked
15:45:42.405 [main] FATAL Dealership.POM - Test Failed - screenshot captured for Method : Vendor_Orders
15:45:48.300 [main] INFO  Dealership.POM - Running Test : Customer_Orders
15:45:51.086 [main] INFO  Dealership.POM - Windows maximized
15:45:52.813 [main] INFO  Dealership.POM - URL entered
15:45:52.878 [main] INFO  Dealership.POM - Username field is visible
15:45:53.077 [main] INFO  Dealership.POM - Password field is visible
15:45:53.197 [main] INFO  Dealership.POM - Login Button is visible
15:46:08.563 [main] INFO  Dealership.POM - Login Button is clicked
15:46:23.628 [main] INFO  Dealership.POM - Customer_Orders tab is visible
15:46:23.668 [main] INFO  Dealership.POM - Active_Orders link is visible
15:46:30.280 [main] INFO  Dealership.POM - The page title is - Advanced Search
15:46:30.337 [main] INFO  Dealership.POM - Search tag is visible
15:46:30.368 [main] INFO  Dealership.POM - The Invoice link has redirected to correct page
15:46:31.878 [main] INFO  Dealership.POM - Deposits link is visible
15:46:36.895 [main] INFO  Dealership.POM - The page title is - Advanced Search
15:46:36.948 [main] INFO  Dealership.POM - Search tag is visible
15:46:36.967 [main] INFO  Dealership.POM - The Payments link has redirected to correct page
15:46:38.996 [main] INFO  Dealership.POM - Balance_Due link is visible
15:46:43.515 [main] INFO  Dealership.POM - The page title is - Advanced Search
15:46:43.568 [main] INFO  Dealership.POM - Search tag is visible
15:46:43.594 [main] INFO  Dealership.POM - The New Customers link has redirected to correct page
15:46:43.594 [main] INFO  Dealership.POM - Test case Customer_Orders passes successfully
15:46:49.559 [main] INFO  Dealership.POM - Running Test : Activity_Feed
15:46:52.298 [main] INFO  Dealership.POM - Windows maximized
15:46:54.637 [main] INFO  Dealership.POM - URL entered
15:46:54.702 [main] INFO  Dealership.POM - Username field is visible
15:46:54.918 [main] INFO  Dealership.POM - Password field is visible
15:46:55.131 [main] INFO  Dealership.POM - Login Button is visible
15:47:25.359 [main] INFO  Dealership.POM - Login Button is clicked
15:47:40.413 [main] INFO  Dealership.POM - Activity_Feed tab is visible
15:47:40.449 [main] INFO  Dealership.POM - MyActivity link is visible
15:47:40.518 [main] INFO  Dealership.POM - MyActivity link is clickable
15:47:40.555 [main] INFO  Dealership.POM - StoreActivity link is visible
15:47:40.621 [main] INFO  Dealership.POM - StoreActivity link is clickable
15:47:40.621 [main] INFO  Dealership.POM - Test case Activity_Feed passes successfully
16:23:12.477 [main] INFO  Dealership.POM - Running Test : BulkUnitOrder
16:23:20.087 [main] INFO  Dealership.POM - Windows maximized
16:23:23.936 [main] INFO  Dealership.POM - Running Test : BulkUnitOrder
16:23:28.951 [main] INFO  Dealership.POM - Running Test : BulkUnitOrder
16:23:32.028 [main] INFO  Dealership.POM - Windows maximized
16:23:34.227 [main] INFO  Dealership.POM - URL entered
16:23:34.380 [main] INFO  Dealership.POM - Username field is visible
16:23:34.608 [main] INFO  Dealership.POM - Password field is visible
16:23:34.780 [main] INFO  Dealership.POM - Login Button is visible
16:23:37.827 [main] INFO  Dealership.POM - Windows maximized
16:23:40.456 [main] INFO  Dealership.POM - URL entered
16:23:40.823 [main] INFO  Dealership.POM - Username field is visible
16:23:41.546 [main] INFO  Dealership.POM - Password field is visible
16:23:42.580 [main] INFO  Dealership.POM - Login Button is visible
16:24:12.162 [main] INFO  Dealership.POM - Login Button is clicked
16:24:16.909 [main] INFO  Dealership.POM - Login Button is clicked
16:24:27.278 [main] INFO  Dealership.POM - Order link is visible
16:24:27.363 [main] INFO  Dealership.POM - Order link is clicked
16:24:27.640 [main] INFO  Dealership.POM - UnitOrder link is visible
16:24:27.742 [main] INFO  Dealership.POM - UnitOrder link is clicked
16:24:32.000 [main] INFO  Dealership.POM - Order link is visible
16:24:32.061 [main] INFO  Dealership.POM - Order link is clicked
16:24:32.294 [main] INFO  Dealership.POM - UnitOrder link is visible
16:24:32.372 [main] INFO  Dealership.POM - UnitOrder link is clicked
16:24:33.609 [main] FATAL Dealership.POM - Test Failed - screenshot captured for Method : BulkUnitOrder
16:24:38.475 [main] INFO  Dealership.POM - FirstVendor link is visible
16:24:43.582 [main] INFO  Dealership.POM - Orderunit Button is visible
16:24:43.667 [main] INFO  Dealership.POM - Orderunit Button is clicked
16:24:47.122 [main] INFO  Dealership.POM - MakeField is visible
16:24:51.432 [main] INFO  Dealership.POM - MakeFieldDropdown is visible
16:24:51.703 [main] INFO  Dealership.POM - MakeField is filled
16:24:51.739 [main] INFO  Dealership.POM - Model Field is visible
16:24:55.875 [main] INFO  Dealership.POM - ModelFieldDropdown is visible
16:24:55.939 [main] INFO  Dealership.POM - ModelField is filled
16:24:55.979 [main] INFO  Dealership.POM - SubModel Field is visible
16:25:00.330 [main] FATAL Dealership.POM - Test Failed - screenshot captured for Method : BulkUnitOrder
16:30:58.938 [main] INFO  Dealership.POM - Running Test : BulkUnitOrder
16:31:05.653 [main] INFO  Dealership.POM - Windows maximized
16:31:08.204 [main] INFO  Dealership.POM - URL entered
16:31:08.295 [main] INFO  Dealership.POM - Username field is visible
16:31:08.477 [main] INFO  Dealership.POM - Password field is visible
16:31:08.790 [main] INFO  Dealership.POM - Login Button is visible
16:31:08.873 [main] INFO  Dealership.POM - Login Button is clicked
16:31:34.648 [main] FATAL Dealership.POM - Test Failed - screenshot captured for Method : BulkUnitOrder
16:32:53.309 [main] INFO  Dealership.POM - Running Test : BulkUnitOrder
16:32:58.863 [main] INFO  Dealership.POM - Windows maximized
16:33:00.734 [main] INFO  Dealership.POM - URL entered
16:33:00.850 [main] INFO  Dealership.POM - Username field is visible
16:33:01.116 [main] INFO  Dealership.POM - Password field is visible
16:33:01.434 [main] INFO  Dealership.POM - Login Button is visible
16:33:15.740 [main] INFO  Dealership.POM - Login Button is clicked
16:33:51.559 [main] INFO  Dealership.POM - Order link is visible
16:33:51.798 [main] INFO  Dealership.POM - Order link is clicked
16:33:52.134 [main] INFO  Dealership.POM - UnitOrder link is visible
16:33:52.217 [main] INFO  Dealership.POM - UnitOrder link is clicked
16:33:57.498 [main] INFO  Dealership.POM - FirstVendor link is visible
16:34:02.611 [main] INFO  Dealership.POM - Orderunit Button is visible
16:34:02.683 [main] INFO  Dealership.POM - Orderunit Button is clicked
16:34:05.783 [main] INFO  Dealership.POM - MakeField is visible
16:34:10.072 [main] INFO  Dealership.POM - MakeFieldDropdown is visible
16:34:10.386 [main] INFO  Dealership.POM - MakeField is filled
16:34:10.434 [main] INFO  Dealership.POM - Model Field is visible
16:34:14.564 [main] INFO  Dealership.POM - ModelFieldDropdown is visible
16:34:14.640 [main] INFO  Dealership.POM - ModelField is filled
16:34:14.700 [main] INFO  Dealership.POM - SubModel Field is visible
16:34:18.875 [main] INFO  Dealership.POM - SubModelFieldDropdown is visible
16:34:18.935 [main] INFO  Dealership.POM - SubModelField is filled
16:34:18.978 [main] INFO  Dealership.POM - YearUnitOrdering Field is visible
16:34:19.086 [main] INFO  Dealership.POM - YearDropdown is visible
16:34:19.156 [main] INFO  Dealership.POM - Year is selected
16:34:19.197 [main] INFO  Dealership.POM - ConditionUnitOrdering Field is visible
16:34:19.287 [main] INFO  Dealership.POM - ConditionDropdown is visible
16:34:19.346 [main] INFO  Dealership.POM - Condition is selected
16:34:19.385 [main] INFO  Dealership.POM - Colorfiled is visible
16:34:19.475 [main] INFO  Dealership.POM - Colorfiled is selected
16:34:19.506 [main] INFO  Dealership.POM - CategoryUnitOrdering Field is visible
16:34:19.609 [main] INFO  Dealership.POM - CategoryDropdown is visible
16:34:19.667 [main] INFO  Dealership.POM - CategoryDropdown is selected
16:34:24.715 [main] INFO  Dealership.POM - OrderedDateUnitOrdering Field is visible
16:34:29.930 [main] INFO  Dealership.POM - OrderDate is visible
16:34:30.027 [main] INFO  Dealership.POM - OrderDate is selected
16:34:30.080 [main] INFO  Dealership.POM - ExpectedDateUnitOrdering Field is visible
16:34:35.207 [main] INFO  Dealership.POM - ExpectDate is visible
16:34:35.270 [main] INFO  Dealership.POM - ExpectDate is selected
16:34:35.316 [main] INFO  Dealership.POM - BaseUnitPrice is visible
16:34:35.450 [main] INFO  Dealership.POM - BaseUnitPrice is filled
16:34:35.485 [main] INFO  Dealership.POM - BaseUnitCost is visible
16:34:35.608 [main] INFO  Dealership.POM - BaseUnitCost is filled
16:34:35.645 [main] INFO  Dealership.POM - AddPricing button is visible
16:34:35.707 [main] INFO  Dealership.POM - AddPricing button is clicked
16:34:45.762 [main] INFO  Dealership.POM - BulkOrder button is visible
16:34:47.051 [main] FATAL Dealership.POM - Test Failed - screenshot captured for Method : BulkUnitOrder
16:49:26.450 [main] INFO  Dealership.POM - Running Test : BulkUnitOrder
16:49:33.806 [main] INFO  Dealership.POM - Windows maximized
16:49:37.220 [main] INFO  Dealership.POM - URL entered
16:49:37.305 [main] INFO  Dealership.POM - Username field is visible
16:49:37.476 [main] INFO  Dealership.POM - Password field is visible
16:49:37.637 [main] INFO  Dealership.POM - Login Button is visible
16:50:14.496 [main] INFO  Dealership.POM - Login Button is clicked
16:50:29.621 [main] INFO  Dealership.POM - Order link is visible
16:50:29.683 [main] INFO  Dealership.POM - Order link is clicked
16:50:29.922 [main] INFO  Dealership.POM - UnitOrder link is visible
16:50:29.991 [main] INFO  Dealership.POM - UnitOrder link is clicked
16:50:35.878 [main] INFO  Dealership.POM - FirstVendor link is visible
16:50:40.987 [main] INFO  Dealership.POM - Orderunit Button is visible
16:50:41.049 [main] INFO  Dealership.POM - Orderunit Button is clicked
16:50:42.808 [main] INFO  Dealership.POM - MakeField is visible
16:50:47.095 [main] INFO  Dealership.POM - MakeFieldDropdown is visible
16:50:47.415 [main] INFO  Dealership.POM - MakeField is filled
16:50:47.451 [main] INFO  Dealership.POM - Model Field is visible
16:50:51.591 [main] INFO  Dealership.POM - ModelFieldDropdown is visible
16:50:51.665 [main] INFO  Dealership.POM - ModelField is filled
16:50:51.712 [main] INFO  Dealership.POM - SubModel Field is visible
16:50:55.885 [main] INFO  Dealership.POM - SubModelFieldDropdown is visible
16:50:55.962 [main] INFO  Dealership.POM - SubModelField is filled
16:50:55.998 [main] INFO  Dealership.POM - YearUnitOrdering Field is visible
16:50:56.106 [main] INFO  Dealership.POM - YearDropdown is visible
16:50:56.167 [main] INFO  Dealership.POM - Year is selected
16:50:56.205 [main] INFO  Dealership.POM - ConditionUnitOrdering Field is visible
16:50:56.309 [main] INFO  Dealership.POM - ConditionDropdown is visible
16:50:56.368 [main] INFO  Dealership.POM - Condition is selected
16:50:56.418 [main] INFO  Dealership.POM - Colorfiled is visible
16:50:56.509 [main] INFO  Dealership.POM - Colorfiled is selected
16:50:56.539 [main] INFO  Dealership.POM - CategoryUnitOrdering Field is visible
16:50:56.637 [main] INFO  Dealership.POM - CategoryDropdown is visible
16:50:56.695 [main] INFO  Dealership.POM - CategoryDropdown is selected
16:51:01.754 [main] INFO  Dealership.POM - OrderedDateUnitOrdering Field is visible
16:51:06.977 [main] INFO  Dealership.POM - OrderDate is visible
16:51:07.082 [main] INFO  Dealership.POM - OrderDate is selected
16:51:07.144 [main] INFO  Dealership.POM - ExpectedDateUnitOrdering Field is visible
16:51:12.298 [main] INFO  Dealership.POM - ExpectDate is visible
16:51:12.361 [main] INFO  Dealership.POM - ExpectDate is selected
16:51:12.405 [main] INFO  Dealership.POM - BaseUnitPrice is visible
16:51:12.544 [main] INFO  Dealership.POM - BaseUnitPrice is filled
16:51:12.578 [main] INFO  Dealership.POM - BaseUnitCost is visible
16:51:12.698 [main] INFO  Dealership.POM - BaseUnitCost is filled
16:51:12.730 [main] INFO  Dealership.POM - AddPricing button is visible
16:51:12.786 [main] INFO  Dealership.POM - AddPricing button is clicked
16:51:22.830 [main] INFO  Dealership.POM - BulkOrder button is visible
16:51:22.911 [main] INFO  Dealership.POM - BulkOrder button is clicked
16:51:32.955 [main] INFO  Dealership.POM - BulkHandlingInputId is visible
16:51:33.018 [main] INFO  Dealership.POM - BulkHandlingInputId is clicked
16:51:33.051 [main] INFO  Dealership.POM - ConfirmButton is visible
16:51:33.112 [main] INFO  Dealership.POM - ConfirmButton is clicked
16:51:53.199 [main] FATAL Dealership.POM - Test Failed - screenshot captured for Method : BulkUnitOrder
17:01:13.605 [main] INFO  Dealership.POM - Running Test : BulkUnitOrder
17:01:19.732 [main] INFO  Dealership.POM - Windows maximized
17:01:23.166 [main] INFO  Dealership.POM - URL entered
17:01:23.292 [main] INFO  Dealership.POM - Username field is visible
17:01:23.502 [main] INFO  Dealership.POM - Password field is visible
17:01:23.787 [main] INFO  Dealership.POM - Login Button is visible
17:01:42.329 [main] INFO  Dealership.POM - Login Button is clicked
17:01:57.785 [main] INFO  Dealership.POM - Order link is visible
17:01:57.866 [main] INFO  Dealership.POM - Order link is clicked
17:01:58.272 [main] INFO  Dealership.POM - UnitOrder link is visible
17:01:58.366 [main] INFO  Dealership.POM - UnitOrder link is clicked
17:02:04.195 [main] INFO  Dealership.POM - FirstVendor link is visible
17:02:09.292 [main] INFO  Dealership.POM - Orderunit Button is visible
17:02:09.371 [main] INFO  Dealership.POM - Orderunit Button is clicked
17:02:12.602 [main] INFO  Dealership.POM - MakeField is visible
17:02:18.022 [main] INFO  Dealership.POM - MakeFieldDropdown is visible
17:02:18.378 [main] INFO  Dealership.POM - MakeField is filled
17:02:18.490 [main] INFO  Dealership.POM - Model Field is visible
17:02:22.657 [main] INFO  Dealership.POM - ModelFieldDropdown is visible
17:02:22.725 [main] INFO  Dealership.POM - ModelField is filled
17:02:22.760 [main] INFO  Dealership.POM - SubModel Field is visible
17:02:26.919 [main] INFO  Dealership.POM - SubModelFieldDropdown is visible
17:02:26.980 [main] INFO  Dealership.POM - SubModelField is filled
17:02:27.018 [main] INFO  Dealership.POM - YearUnitOrdering Field is visible
17:02:27.126 [main] INFO  Dealership.POM - YearDropdown is visible
17:02:27.191 [main] INFO  Dealership.POM - Year is selected
17:02:27.230 [main] INFO  Dealership.POM - ConditionUnitOrdering Field is visible
17:02:27.332 [main] INFO  Dealership.POM - ConditionDropdown is visible
17:02:27.392 [main] INFO  Dealership.POM - Condition is selected
17:02:27.432 [main] INFO  Dealership.POM - Colorfiled is visible
17:02:27.525 [main] INFO  Dealership.POM - Colorfiled is selected
17:02:27.555 [main] INFO  Dealership.POM - CategoryUnitOrdering Field is visible
17:02:27.663 [main] INFO  Dealership.POM - CategoryDropdown is visible
17:02:27.726 [main] INFO  Dealership.POM - CategoryDropdown is selected
17:02:32.789 [main] INFO  Dealership.POM - OrderedDateUnitOrdering Field is visible
17:02:37.985 [main] INFO  Dealership.POM - OrderDate is visible
17:02:38.074 [main] INFO  Dealership.POM - OrderDate is selected
17:02:38.126 [main] INFO  Dealership.POM - ExpectedDateUnitOrdering Field is visible
17:02:43.267 [main] INFO  Dealership.POM - ExpectDate is visible
17:02:43.340 [main] INFO  Dealership.POM - ExpectDate is selected
17:02:43.398 [main] INFO  Dealership.POM - BaseUnitPrice is visible
17:02:43.554 [main] INFO  Dealership.POM - BaseUnitPrice is filled
17:02:43.586 [main] INFO  Dealership.POM - BaseUnitCost is visible
17:02:43.705 [main] INFO  Dealership.POM - BaseUnitCost is filled
17:02:43.743 [main] INFO  Dealership.POM - AddPricing button is visible
17:02:43.797 [main] INFO  Dealership.POM - AddPricing button is clicked
17:02:53.837 [main] INFO  Dealership.POM - BulkOrder button is visible
17:02:53.927 [main] INFO  Dealership.POM - BulkOrder button is clicked
17:03:03.974 [main] INFO  Dealership.POM - BulkHandlingInputId is visible
17:03:04.037 [main] INFO  Dealership.POM - BulkHandlingInputId is clicked
17:03:04.072 [main] INFO  Dealership.POM - ConfirmButton is visible
17:03:04.145 [main] INFO  Dealership.POM - ConfirmButton is clicked
17:03:14.771 [main] FATAL Dealership.POM - Test Failed - screenshot captured for Method : BulkUnitOrder
17:06:46.224 [main] INFO  Dealership.POM - Running Test : BulkUnitOrder
17:06:56.871 [main] INFO  Dealership.POM - Windows maximized
17:06:59.423 [main] INFO  Dealership.POM - URL entered
17:06:59.565 [main] INFO  Dealership.POM - Username field is visible
17:06:59.857 [main] INFO  Dealership.POM - Password field is visible
17:07:00.009 [main] INFO  Dealership.POM - Login Button is visible
17:07:33.179 [main] INFO  Dealership.POM - Login Button is clicked
17:07:48.339 [main] INFO  Dealership.POM - Order link is visible
17:07:48.410 [main] INFO  Dealership.POM - Order link is clicked
17:07:48.651 [main] INFO  Dealership.POM - UnitOrder link is visible
17:07:48.728 [main] INFO  Dealership.POM - UnitOrder link is clicked
17:07:54.526 [main] INFO  Dealership.POM - FirstVendor link is visible
17:07:59.637 [main] INFO  Dealership.POM - Orderunit Button is visible
17:07:59.714 [main] INFO  Dealership.POM - Orderunit Button is clicked
17:08:02.983 [main] INFO  Dealership.POM - MakeField is visible
17:08:08.296 [main] INFO  Dealership.POM - MakeFieldDropdown is visible
17:08:08.564 [main] INFO  Dealership.POM - MakeField is filled
17:08:08.603 [main] INFO  Dealership.POM - Model Field is visible
17:08:12.736 [main] INFO  Dealership.POM - ModelFieldDropdown is visible
17:08:12.799 [main] INFO  Dealership.POM - ModelField is filled
17:08:12.843 [main] INFO  Dealership.POM - SubModel Field is visible
17:08:17.000 [main] INFO  Dealership.POM - SubModelFieldDropdown is visible
17:08:17.079 [main] INFO  Dealership.POM - SubModelField is filled
17:08:17.124 [main] INFO  Dealership.POM - YearUnitOrdering Field is visible
17:08:17.268 [main] INFO  Dealership.POM - YearDropdown is visible
17:08:17.355 [main] INFO  Dealership.POM - Year is selected
17:08:17.407 [main] INFO  Dealership.POM - ConditionUnitOrdering Field is visible
17:08:17.563 [main] INFO  Dealership.POM - ConditionDropdown is visible
17:08:17.639 [main] INFO  Dealership.POM - Condition is selected
17:08:17.683 [main] INFO  Dealership.POM - Colorfiled is visible
17:08:17.807 [main] INFO  Dealership.POM - Colorfiled is selected
17:08:17.848 [main] INFO  Dealership.POM - CategoryUnitOrdering Field is visible
17:08:17.942 [main] INFO  Dealership.POM - CategoryDropdown is visible
17:08:18.011 [main] INFO  Dealership.POM - CategoryDropdown is selected
17:08:23.078 [main] INFO  Dealership.POM - OrderedDateUnitOrdering Field is visible
17:08:28.257 [main] INFO  Dealership.POM - OrderDate is visible
17:08:28.344 [main] INFO  Dealership.POM - OrderDate is selected
17:08:28.393 [main] INFO  Dealership.POM - ExpectedDateUnitOrdering Field is visible
17:08:33.555 [main] INFO  Dealership.POM - ExpectDate is visible
17:08:33.615 [main] INFO  Dealership.POM - ExpectDate is selected
17:08:33.661 [main] INFO  Dealership.POM - BaseUnitPrice is visible
17:08:33.794 [main] INFO  Dealership.POM - BaseUnitPrice is filled
17:08:33.831 [main] INFO  Dealership.POM - BaseUnitCost is visible
17:08:33.954 [main] INFO  Dealership.POM - BaseUnitCost is filled
17:08:33.988 [main] INFO  Dealership.POM - AddPricing button is visible
17:08:34.048 [main] INFO  Dealership.POM - AddPricing button is clicked
17:08:44.095 [main] INFO  Dealership.POM - BulkOrder button is visible
17:08:44.182 [main] INFO  Dealership.POM - BulkOrder button is clicked
17:08:54.219 [main] INFO  Dealership.POM - BulkHandlingInputId is visible
17:08:54.293 [main] INFO  Dealership.POM - BulkHandlingInputId is clicked
17:08:54.330 [main] INFO  Dealership.POM - ConfirmButton is visible
17:08:54.421 [main] INFO  Dealership.POM - ConfirmButton is clicked
17:09:05.789 [main] INFO  Dealership.POM - All units are selected
17:09:05.838 [main] INFO  Dealership.POM - Print Button is visible
17:09:06.011 [main] INFO  Dealership.POM - Print Button is clicked
17:09:19.156 [main] INFO  Dealership.POM - Receive button is visible
17:09:19.220 [main] INFO  Dealership.POM - Receive button is clicked
17:09:19.511 [main] FATAL Dealership.POM - Test Failed - screenshot captured for Method : BulkUnitOrder
18:42:00.319 [main] INFO  Dealership.POM - Running Test : BulkUnitOrder
18:42:19.736 [main] INFO  Dealership.POM - Windows maximized
18:42:22.408 [main] INFO  Dealership.POM - URL entered
18:42:22.545 [main] INFO  Dealership.POM - Username field is visible
18:42:22.855 [main] INFO  Dealership.POM - Password field is visible
18:42:23.065 [main] INFO  Dealership.POM - Login Button is visible
18:42:43.212 [main] INFO  Dealership.POM - Login Button is clicked
18:43:16.564 [main] INFO  Dealership.POM - Order link is visible
18:43:16.669 [main] INFO  Dealership.POM - Order link is clicked
18:43:16.963 [main] INFO  Dealership.POM - UnitOrder link is visible
18:43:17.023 [main] INFO  Dealership.POM - UnitOrder link is clicked
18:43:23.217 [main] INFO  Dealership.POM - FirstVendor link is visible
18:43:28.374 [main] INFO  Dealership.POM - Orderunit Button is visible
18:43:28.471 [main] INFO  Dealership.POM - Orderunit Button is clicked
18:43:31.308 [main] INFO  Dealership.POM - MakeField is visible
18:43:35.561 [main] INFO  Dealership.POM - MakeFieldDropdown is visible
18:43:35.838 [main] INFO  Dealership.POM - MakeField is filled
18:43:35.878 [main] INFO  Dealership.POM - Model Field is visible
18:43:40.058 [main] INFO  Dealership.POM - ModelFieldDropdown is visible
18:43:40.132 [main] INFO  Dealership.POM - ModelField is filled
18:43:40.186 [main] INFO  Dealership.POM - SubModel Field is visible
18:43:44.373 [main] INFO  Dealership.POM - SubModelFieldDropdown is visible
18:43:44.502 [main] INFO  Dealership.POM - SubModelField is filled
18:43:44.568 [main] INFO  Dealership.POM - YearUnitOrdering Field is visible
18:43:44.733 [main] INFO  Dealership.POM - YearDropdown is visible
18:43:44.803 [main] INFO  Dealership.POM - Year is selected
18:43:44.856 [main] INFO  Dealership.POM - ConditionUnitOrdering Field is visible
18:43:45.002 [main] INFO  Dealership.POM - ConditionDropdown is visible
18:43:45.091 [main] INFO  Dealership.POM - Condition is selected
18:43:45.160 [main] INFO  Dealership.POM - Colorfiled is visible
18:43:45.310 [main] INFO  Dealership.POM - Colorfiled is selected
18:43:45.356 [main] INFO  Dealership.POM - Factoryfiled is visible
18:43:45.519 [main] INFO  Dealership.POM - Factoryfiled is filled
18:43:45.575 [main] INFO  Dealership.POM - CategoryUnitOrdering Field is visible
18:43:45.700 [main] INFO  Dealership.POM - CategoryDropdown is visible
18:43:45.781 [main] INFO  Dealership.POM - CategoryDropdown is selected
18:43:50.885 [main] INFO  Dealership.POM - OrderedDateUnitOrdering Field is visible
18:43:56.102 [main] INFO  Dealership.POM - OrderDate is visible
18:43:56.226 [main] INFO  Dealership.POM - OrderDate is selected
18:43:56.280 [main] INFO  Dealership.POM - ExpectedDateUnitOrdering Field is visible
18:44:01.462 [main] INFO  Dealership.POM - ExpectDate is visible
18:44:01.550 [main] INFO  Dealership.POM - ExpectDate is selected
18:44:01.704 [main] INFO  Dealership.POM - BaseUnitPrice is visible
18:44:01.922 [main] INFO  Dealership.POM - BaseUnitPrice is filled
18:44:01.980 [main] INFO  Dealership.POM - BaseUnitCost is visible
18:44:02.151 [main] INFO  Dealership.POM - BaseUnitCost is filled
18:44:02.199 [main] INFO  Dealership.POM - AddPricing button is visible
18:44:02.285 [main] INFO  Dealership.POM - AddPricing button is clicked
18:44:12.331 [main] INFO  Dealership.POM - BulkOrder button is visible
18:44:12.429 [main] INFO  Dealership.POM - BulkOrder button is clicked
18:44:22.502 [main] INFO  Dealership.POM - BulkHandlingInputId is visible
18:44:22.568 [main] INFO  Dealership.POM - BulkHandlingInputId is clicked
18:44:22.607 [main] INFO  Dealership.POM - ConfirmButton is visible
18:44:22.678 [main] INFO  Dealership.POM - ConfirmButton is clicked
18:44:33.979 [main] INFO  Dealership.POM - All units are selected
18:44:34.019 [main] INFO  Dealership.POM - Print Button is visible
18:44:34.255 [main] INFO  Dealership.POM - Print Button is clicked
18:44:47.417 [main] INFO  Dealership.POM - Receive button is visible
18:44:47.491 [main] INFO  Dealership.POM - Receive button is clicked
18:44:50.984 [main] INFO  Dealership.POM - InvoiceToggle button is visible
18:44:51.105 [main] INFO  Dealership.POM - InvoiceToggle button is clicked
18:44:51.199 [main] INFO  Dealership.POM - InvoiceNumber Field is visible
18:44:51.368 [main] INFO  Dealership.POM - InvoiceNumber Field is clicked
18:44:51.434 [main] INFO  Dealership.POM - InvoiceDate field is visible
18:44:51.555 [main] INFO  Dealership.POM - InvoiceDate field is clicked
18:44:53.625 [main] INFO  Dealership.POM - SelectrDate is visible
18:44:53.716 [main] INFO  Dealership.POM - SelectrDate is selected
18:44:55.211 [main] FATAL Dealership.POM - Test Failed - screenshot captured for Method : BulkUnitOrder
18:49:13.640 [main] INFO  Dealership.POM - Running Test : BulkUnitOrder
18:49:19.871 [main] INFO  Dealership.POM - Windows maximized
18:49:21.778 [main] INFO  Dealership.POM - URL entered
18:49:21.918 [main] INFO  Dealership.POM - Username field is visible
18:49:22.181 [main] INFO  Dealership.POM - Password field is visible
18:49:22.439 [main] INFO  Dealership.POM - Login Button is visible
18:49:57.013 [main] INFO  Dealership.POM - Login Button is clicked
18:50:12.268 [main] INFO  Dealership.POM - Order link is visible
18:50:12.388 [main] INFO  Dealership.POM - Order link is clicked
18:50:13.296 [main] INFO  Dealership.POM - UnitOrder link is visible
18:50:13.404 [main] INFO  Dealership.POM - UnitOrder link is clicked
18:50:19.645 [main] INFO  Dealership.POM - FirstVendor link is visible
18:50:24.821 [main] INFO  Dealership.POM - Orderunit Button is visible
18:50:24.947 [main] INFO  Dealership.POM - Orderunit Button is clicked
18:50:28.367 [main] INFO  Dealership.POM - MakeField is visible
18:50:34.706 [main] INFO  Dealership.POM - MakeFieldDropdown is visible
18:50:34.995 [main] INFO  Dealership.POM - MakeField is filled
18:50:35.042 [main] INFO  Dealership.POM - Model Field is visible
18:50:39.216 [main] INFO  Dealership.POM - ModelFieldDropdown is visible
18:50:39.300 [main] INFO  Dealership.POM - ModelField is filled
18:50:39.352 [main] INFO  Dealership.POM - SubModel Field is visible
18:50:43.542 [main] INFO  Dealership.POM - SubModelFieldDropdown is visible
18:50:43.626 [main] INFO  Dealership.POM - SubModelField is filled
18:50:43.682 [main] INFO  Dealership.POM - YearUnitOrdering Field is visible
18:50:43.882 [main] INFO  Dealership.POM - YearDropdown is visible
18:50:44.015 [main] INFO  Dealership.POM - Year is selected
18:50:44.065 [main] INFO  Dealership.POM - ConditionUnitOrdering Field is visible
18:50:44.212 [main] INFO  Dealership.POM - ConditionDropdown is visible
18:50:44.273 [main] INFO  Dealership.POM - Condition is selected
18:50:44.321 [main] INFO  Dealership.POM - Colorfiled is visible
18:50:44.427 [main] INFO  Dealership.POM - Colorfiled is selected
18:50:44.470 [main] INFO  Dealership.POM - Factoryfiled is visible
18:50:44.590 [main] INFO  Dealership.POM - Factoryfiled is filled
18:50:44.631 [main] INFO  Dealership.POM - CategoryUnitOrdering Field is visible
18:50:44.749 [main] INFO  Dealership.POM - CategoryDropdown is visible
18:50:44.815 [main] INFO  Dealership.POM - CategoryDropdown is selected
18:50:49.894 [main] INFO  Dealership.POM - OrderedDateUnitOrdering Field is visible
18:50:55.091 [main] INFO  Dealership.POM - OrderDate is visible
18:50:55.186 [main] INFO  Dealership.POM - OrderDate is selected
18:50:55.236 [main] INFO  Dealership.POM - ExpectedDateUnitOrdering Field is visible
18:51:00.388 [main] INFO  Dealership.POM - ExpectDate is visible
18:51:00.470 [main] INFO  Dealership.POM - ExpectDate is selected
18:51:00.533 [main] INFO  Dealership.POM - BaseUnitPrice is visible
18:51:00.793 [main] INFO  Dealership.POM - BaseUnitPrice is filled
18:51:00.855 [main] INFO  Dealership.POM - BaseUnitCost is visible
18:51:01.025 [main] INFO  Dealership.POM - BaseUnitCost is filled
18:51:01.065 [main] INFO  Dealership.POM - AddPricing button is visible
18:51:01.136 [main] INFO  Dealership.POM - AddPricing button is clicked
18:51:11.202 [main] INFO  Dealership.POM - BulkOrder button is visible
18:51:11.303 [main] INFO  Dealership.POM - BulkOrder button is clicked
18:51:21.381 [main] INFO  Dealership.POM - BulkHandlingInputId is visible
18:51:21.463 [main] INFO  Dealership.POM - BulkHandlingInputId is clicked
18:51:21.507 [main] INFO  Dealership.POM - ConfirmButton is visible
18:51:21.576 [main] INFO  Dealership.POM - ConfirmButton is clicked
18:51:33.436 [main] INFO  Dealership.POM - All units are selected
18:51:33.500 [main] INFO  Dealership.POM - Print Button is visible
18:51:33.723 [main] INFO  Dealership.POM - Print Button is clicked
18:51:46.916 [main] INFO  Dealership.POM - Receive button is visible
18:51:46.987 [main] INFO  Dealership.POM - Receive button is clicked
18:51:51.027 [main] INFO  Dealership.POM - InvoiceToggle button is visible
18:51:51.117 [main] INFO  Dealership.POM - InvoiceToggle button is clicked
18:51:51.177 [main] INFO  Dealership.POM - InvoiceNumber Field is visible
18:51:51.295 [main] INFO  Dealership.POM - InvoiceNumber Field is clicked
18:51:51.343 [main] INFO  Dealership.POM - InvoiceDate field is visible
18:51:51.452 [main] INFO  Dealership.POM - InvoiceDate field is clicked
18:51:53.536 [main] INFO  Dealership.POM - SelectrDate is visible
18:51:53.629 [main] INFO  Dealership.POM - SelectrDate is selected
18:51:53.929 [main] INFO  Dealership.POM - Vin Field 1is filled
18:51:54.184 [main] INFO  Dealership.POM - Vin Field 2is filled
18:51:54.426 [main] INFO  Dealership.POM - Vin Field 3is filled
18:51:54.685 [main] INFO  Dealership.POM - Vin Field 4is filled
18:51:55.117 [main] FATAL Dealership.POM - Test Failed - screenshot captured for Method : BulkUnitOrder
19:27:50.007 [main] INFO  Dealership.POM - Running Test : BulkUnitOrder
19:27:57.968 [main] INFO  Dealership.POM - Windows maximized
19:28:00.447 [main] INFO  Dealership.POM - URL entered
19:28:00.574 [main] INFO  Dealership.POM - Username field is visible
19:28:00.878 [main] INFO  Dealership.POM - Password field is visible
19:28:01.141 [main] INFO  Dealership.POM - Login Button is visible
19:28:01.253 [main] INFO  Dealership.POM - Login Button is clicked
19:28:38.359 [main] INFO  Dealership.POM - Order link is visible
19:28:38.425 [main] INFO  Dealership.POM - Order link is clicked
19:28:38.861 [main] INFO  Dealership.POM - UnitOrder link is visible
19:28:38.931 [main] INFO  Dealership.POM - UnitOrder link is clicked
19:28:44.922 [main] INFO  Dealership.POM - FirstVendor link is visible
19:28:50.112 [main] INFO  Dealership.POM - Orderunit Button is visible
19:28:50.185 [main] INFO  Dealership.POM - Orderunit Button is clicked
19:28:53.415 [main] INFO  Dealership.POM - MakeField is visible
19:28:57.687 [main] INFO  Dealership.POM - MakeFieldDropdown is visible
19:28:57.988 [main] INFO  Dealership.POM - MakeField is filled
19:28:58.052 [main] INFO  Dealership.POM - Model Field is visible
19:29:02.271 [main] INFO  Dealership.POM - ModelFieldDropdown is visible
19:29:02.386 [main] INFO  Dealership.POM - ModelField is filled
19:29:02.433 [main] INFO  Dealership.POM - SubModel Field is visible
19:29:06.594 [main] INFO  Dealership.POM - SubModelFieldDropdown is visible
19:29:06.665 [main] INFO  Dealership.POM - SubModelField is filled
19:29:06.710 [main] INFO  Dealership.POM - YearUnitOrdering Field is visible
19:29:06.835 [main] INFO  Dealership.POM - YearDropdown is visible
19:29:06.909 [main] INFO  Dealership.POM - Year is selected
19:29:06.958 [main] INFO  Dealership.POM - ConditionUnitOrdering Field is visible
19:29:07.074 [main] INFO  Dealership.POM - ConditionDropdown is visible
19:29:07.145 [main] INFO  Dealership.POM - Condition is selected
19:29:07.200 [main] INFO  Dealership.POM - Colorfiled is visible
19:29:07.308 [main] INFO  Dealership.POM - Colorfiled is selected
19:29:07.360 [main] INFO  Dealership.POM - Factoryfiled is visible
19:29:07.491 [main] INFO  Dealership.POM - Factoryfiled is filled
19:29:07.532 [main] INFO  Dealership.POM - CategoryUnitOrdering Field is visible
19:29:07.633 [main] INFO  Dealership.POM - CategoryDropdown is visible
19:29:07.699 [main] INFO  Dealership.POM - CategoryDropdown is selected
19:29:12.781 [main] INFO  Dealership.POM - OrderedDateUnitOrdering Field is visible
19:29:17.956 [main] INFO  Dealership.POM - OrderDate is visible
19:29:18.068 [main] INFO  Dealership.POM - OrderDate is selected
19:29:18.115 [main] INFO  Dealership.POM - ExpectedDateUnitOrdering Field is visible
19:29:23.296 [main] INFO  Dealership.POM - ExpectDate is visible
19:29:23.366 [main] INFO  Dealership.POM - ExpectDate is selected
19:29:23.429 [main] INFO  Dealership.POM - BaseUnitPrice is visible
19:29:23.592 [main] INFO  Dealership.POM - BaseUnitPrice is filled
19:29:23.643 [main] INFO  Dealership.POM - BaseUnitCost is visible
19:29:23.790 [main] INFO  Dealership.POM - BaseUnitCost is filled
19:29:23.845 [main] INFO  Dealership.POM - AddPricing button is visible
19:29:23.920 [main] INFO  Dealership.POM - AddPricing button is clicked
19:29:33.991 [main] INFO  Dealership.POM - BulkOrder button is visible
19:29:34.092 [main] INFO  Dealership.POM - BulkOrder button is clicked
19:29:44.168 [main] INFO  Dealership.POM - BulkHandlingInputId is visible
19:29:44.237 [main] INFO  Dealership.POM - BulkHandlingInputId is clicked
19:29:44.291 [main] INFO  Dealership.POM - ConfirmButton is visible
19:29:44.371 [main] INFO  Dealership.POM - ConfirmButton is clicked
19:29:55.882 [main] INFO  Dealership.POM - Unit 1 is selected
19:29:57.333 [main] FATAL Dealership.POM - Test Failed - screenshot captured for Method : BulkUnitOrder
19:31:54.675 [main] INFO  Dealership.POM - Running Test : BulkUnitOrder
19:32:01.069 [main] INFO  Dealership.POM - Windows maximized
19:32:14.697 [main] INFO  Dealership.POM - URL entered
19:32:14.809 [main] INFO  Dealership.POM - Username field is visible
19:32:15.030 [main] INFO  Dealership.POM - Password field is visible
19:32:15.273 [main] INFO  Dealership.POM - Login Button is visible
19:32:15.603 [main] INFO  Dealership.POM - Login Button is clicked
19:33:14.506 [main] INFO  Dealership.POM - Order link is visible
19:33:14.585 [main] INFO  Dealership.POM - Order link is clicked
19:33:14.893 [main] INFO  Dealership.POM - UnitOrder link is visible
19:33:14.975 [main] INFO  Dealership.POM - UnitOrder link is clicked
19:33:21.453 [main] INFO  Dealership.POM - FirstVendor link is visible
19:33:26.605 [main] INFO  Dealership.POM - Orderunit Button is visible
19:33:26.709 [main] INFO  Dealership.POM - Orderunit Button is clicked
19:33:30.586 [main] INFO  Dealership.POM - MakeField is visible
19:33:34.940 [main] INFO  Dealership.POM - MakeFieldDropdown is visible
19:33:35.215 [main] INFO  Dealership.POM - MakeField is filled
19:33:35.287 [main] INFO  Dealership.POM - Model Field is visible
19:33:39.480 [main] INFO  Dealership.POM - ModelFieldDropdown is visible
19:33:39.565 [main] INFO  Dealership.POM - ModelField is filled
19:33:39.613 [main] INFO  Dealership.POM - SubModel Field is visible
19:33:43.826 [main] INFO  Dealership.POM - SubModelFieldDropdown is visible
19:33:43.909 [main] INFO  Dealership.POM - SubModelField is filled
19:33:43.965 [main] INFO  Dealership.POM - YearUnitOrdering Field is visible
19:33:44.098 [main] INFO  Dealership.POM - YearDropdown is visible
19:33:44.199 [main] INFO  Dealership.POM - Year is selected
19:33:44.245 [main] INFO  Dealership.POM - ConditionUnitOrdering Field is visible
19:33:44.366 [main] INFO  Dealership.POM - ConditionDropdown is visible
19:33:44.429 [main] INFO  Dealership.POM - Condition is selected
19:33:44.480 [main] INFO  Dealership.POM - Colorfiled is visible
19:33:44.578 [main] INFO  Dealership.POM - Colorfiled is selected
19:33:44.622 [main] INFO  Dealership.POM - Factoryfiled is visible
19:33:44.736 [main] INFO  Dealership.POM - Factoryfiled is filled
19:33:44.776 [main] INFO  Dealership.POM - CategoryUnitOrdering Field is visible
19:33:44.890 [main] INFO  Dealership.POM - CategoryDropdown is visible
19:33:44.956 [main] INFO  Dealership.POM - CategoryDropdown is selected
19:33:50.031 [main] INFO  Dealership.POM - OrderedDateUnitOrdering Field is visible
19:33:55.198 [main] INFO  Dealership.POM - OrderDate is visible
19:33:55.302 [main] INFO  Dealership.POM - OrderDate is selected
19:33:55.352 [main] INFO  Dealership.POM - ExpectedDateUnitOrdering Field is visible
19:34:00.506 [main] INFO  Dealership.POM - ExpectDate is visible
19:34:00.591 [main] INFO  Dealership.POM - ExpectDate is selected
19:34:00.646 [main] INFO  Dealership.POM - BaseUnitPrice is visible
19:34:00.808 [main] INFO  Dealership.POM - BaseUnitPrice is filled
19:34:00.848 [main] INFO  Dealership.POM - BaseUnitCost is visible
19:34:01.022 [main] INFO  Dealership.POM - BaseUnitCost is filled
19:34:01.065 [main] INFO  Dealership.POM - AddPricing button is visible
19:34:01.137 [main] INFO  Dealership.POM - AddPricing button is clicked
19:34:11.201 [main] INFO  Dealership.POM - BulkOrder button is visible
19:34:11.277 [main] INFO  Dealership.POM - BulkOrder button is clicked
19:34:21.356 [main] INFO  Dealership.POM - BulkHandlingInputId is visible
19:34:21.434 [main] INFO  Dealership.POM - BulkHandlingInputId is clicked
19:34:21.475 [main] INFO  Dealership.POM - ConfirmButton is visible
19:34:21.551 [main] INFO  Dealership.POM - ConfirmButton is clicked
19:34:33.221 [main] INFO  Dealership.POM - Unit 1 is selected
19:34:33.382 [main] INFO  Dealership.POM - Unit 2 is selected
19:34:33.544 [main] INFO  Dealership.POM - Unit 3 is selected
19:34:33.545 [main] INFO  Dealership.POM - All units are selected
19:34:33.594 [main] INFO  Dealership.POM - Print Button is visible
19:34:33.808 [main] INFO  Dealership.POM - Print Button is clicked
19:34:46.976 [main] INFO  Dealership.POM - Receive button is visible
19:34:47.049 [main] INFO  Dealership.POM - Receive button is clicked
19:34:50.451 [main] INFO  Dealership.POM - InvoiceToggle button is visible
19:34:50.600 [main] INFO  Dealership.POM - InvoiceToggle button is clicked
19:34:50.685 [main] INFO  Dealership.POM - InvoiceNumber Field is visible
19:34:50.804 [main] INFO  Dealership.POM - InvoiceNumber Field is clicked
19:34:50.872 [main] INFO  Dealership.POM - InvoiceDate field is visible
19:34:50.992 [main] INFO  Dealership.POM - InvoiceDate field is clicked
19:34:53.050 [main] INFO  Dealership.POM - SelectrDate is visible
19:34:53.134 [main] INFO  Dealership.POM - SelectrDate is selected
19:34:53.409 [main] INFO  Dealership.POM - Vin Field 1 is filled
19:34:53.601 [main] INFO  Dealership.POM - Vin Field 2 is filled
19:34:53.902 [main] INFO  Dealership.POM - Vin Field 3 is filled
19:34:53.972 [main] INFO  Dealership.POM - Confirm button is visible
19:34:54.073 [main] INFO  Dealership.POM - Confirm button is selected
19:34:59.489 [main] FATAL Dealership.POM - Test Failed - screenshot captured for Method : BulkUnitOrder
19:54:46.213 [main] INFO  Dealership.POM - Running Test : BulkUnitOrder
19:55:08.274 [main] INFO  Dealership.POM - Windows maximized
19:55:10.536 [main] INFO  Dealership.POM - URL entered
19:55:10.719 [main] INFO  Dealership.POM - Username field is visible
19:55:10.976 [main] INFO  Dealership.POM - Password field is visible
19:55:11.260 [main] INFO  Dealership.POM - Login Button is visible
19:55:27.249 [main] INFO  Dealership.POM - Login Button is clicked
19:56:12.647 [main] INFO  Dealership.POM - Running Test : BulkUnitOrder
19:56:18.310 [main] INFO  Dealership.POM - Windows maximized
