18:33:31.553 [TestNG-test=Test-1] INFO  Dealership.POM - Model field is visible
18:33:32.693 [TestNG-test=Test-1] INFO  Dealership.POM - Model is filed
18:33:32.722 [TestNG-test=Test-1] INFO  Dealership.POM - Sub-Model field is visible
18:33:33.096 [TestNG-test=Test-1] INFO  Dealership.POM - Sub-Model is filed
18:33:33.129 [TestNG-test=Test-1] INFO  Dealership.POM - Year field is visible
18:33:33.410 [TestNG-test=Test-1] INFO  Dealership.POM - Year is filed
18:33:33.451 [TestNG-test=Test-1] INFO  Dealership.POM - Addbutton is visible
18:33:33.618 [TestNG-test=Test-1] INFO  Dealership.POM - Addbutton is clicked
18:33:43.708 [TestNG-test=Test-1] INFO  Dealership.POM - Customer Header is visible
18:33:43.827 [TestNG-test=Test-1] INFO  Dealership.POM - Customer Header is clicked
18:33:44.503 [TestNG-test=Test-1] INFO  Dealership.POM - Delete Button is visible
18:33:44.682 [TestNG-test=Test-1] INFO  Dealership.POM - Delete Button is clicked
18:33:45.900 [TestNG-test=Test-1] INFO  Dealership.POM - CO contains Deal.
18:33:46.062 [TestNG-test=Test-1] INFO  Dealership.POM - OK Button is clicked
18:33:46.063 [TestNG-test=Test-1] INFO  Dealership.POM - Test case DeleteWhenTradeinUnit passes successfully
18:33:52.021 [TestNG-test=Test-1] INFO  Dealership.POM - Running Test : ChangeWhenSellAPart
18:33:56.796 [TestNG-test=Test-1] INFO  Dealership.POM - Windows maximized
18:33:58.790 [TestNG-test=Test-1] INFO  Dealership.POM - URL entered
18:33:58.870 [TestNG-test=Test-1] INFO  Dealership.POM - Username field is visible
18:33:59.415 [TestNG-test=Test-1] INFO  Dealership.POM - Password field is visible
18:34:35.277 [TestNG-test=Test-1] INFO  Dealership.POM - Sell link is visible
18:34:35.359 [TestNG-test=Test-1] INFO  Dealership.POM - Sell link is clickable
18:34:36.691 [TestNG-test=Test-1] INFO  Dealership.POM - Select Customer Dropdown is visible
18:34:38.066 [TestNG-test=Test-1] INFO  Dealership.POM - Select Customer Field is visible
18:34:48.387 [TestNG-test=Test-1] INFO  Dealership.POM - CustomerInfo is visible
18:35:08.766 [TestNG-test=Test-1] INFO  Dealership.POM - Customer Header is visible
18:35:08.896 [TestNG-test=Test-1] INFO  Dealership.POM - Customer Header is clicked
18:35:09.023 [TestNG-test=Test-1] INFO  Dealership.POM - New Customer Name is correctly displayed
18:35:09.115 [TestNG-test=Test-1] INFO  Dealership.POM - Customer1 Pricelevel is Price Level: Default
18:35:09.215 [TestNG-test=Test-1] INFO  Dealership.POM - Tax Exemption is sell 1
18:35:09.280 [TestNG-test=Test-1] INFO  Dealership.POM - SellPartandAccs button is visible
18:35:09.417 [TestNG-test=Test-1] INFO  Dealership.POM - SellPartandAccs button is clicked
18:35:12.252 [TestNG-test=Test-1] INFO  Dealership.POM - Searchbox is visible
18:35:22.865 [TestNG-test=Test-1] INFO  Dealership.POM - Merchentity is visible
18:35:28.346 [TestNG-test=Test-1] FATAL Dealership.POM - Test Failed - screenshot captured for Method : ChangeWhenSellAPart
18:35:34.410 [TestNG-test=Test-1] INFO  Dealership.POM - Running Test : ChangeWhenCOClosed
18:35:38.738 [TestNG-test=Test-1] INFO  Dealership.POM - Windows maximized
18:35:40.596 [TestNG-test=Test-1] INFO  Dealership.POM - URL entered
18:35:40.648 [TestNG-test=Test-1] INFO  Dealership.POM - Username field is visible
18:35:40.874 [TestNG-test=Test-1] INFO  Dealership.POM - Password field is visible
18:36:32.263 [TestNG-test=Test-1] INFO  Dealership.POM - Sell link is visible
18:36:33.793 [TestNG-test=Test-1] INFO  Dealership.POM - Sell link is clickable
18:36:33.959 [TestNG-test=Test-1] INFO  Dealership.POM - Select Customer Dropdown is visible
18:36:35.460 [TestNG-test=Test-1] INFO  Dealership.POM - Select Customer Field is visible
18:36:38.603 [TestNG-test=Test-1] INFO  Dealership.POM - CustomerInfo is visible
18:37:09.018 [TestNG-test=Test-1] INFO  Dealership.POM - SellPartandAccs button is visible
18:37:09.103 [TestNG-test=Test-1] INFO  Dealership.POM - SellPartandAccs button is clicked
18:37:11.868 [TestNG-test=Test-1] INFO  Dealership.POM - Searchbox is visible
18:37:22.436 [TestNG-test=Test-1] INFO  Dealership.POM - Merchentity is visible
18:37:28.168 [TestNG-test=Test-1] FATAL Dealership.POM - Test Failed - screenshot captured for Method : ChangeWhenCOClosed
18:37:34.284 [TestNG-test=Test-1] INFO  Dealership.POM - Running Test : ChangeWhenStoreCredit
18:37:41.398 [TestNG-test=Test-1] INFO  Dealership.POM - Windows maximized
18:37:43.764 [TestNG-test=Test-1] INFO  Dealership.POM - URL entered
18:37:43.813 [TestNG-test=Test-1] INFO  Dealership.POM - Username field is visible
18:37:44.002 [TestNG-test=Test-1] INFO  Dealership.POM - Password field is visible
18:38:38.577 [TestNG-test=Test-1] INFO  Dealership.POM - Sell link is visible
18:38:41.090 [TestNG-test=Test-1] INFO  Dealership.POM - Sell link is clickable
18:38:41.247 [TestNG-test=Test-1] INFO  Dealership.POM - Select Customer Dropdown is visible
18:38:42.984 [TestNG-test=Test-1] INFO  Dealership.POM - Select Customer Field is visible
18:38:45.598 [TestNG-test=Test-1] INFO  Dealership.POM - CustomerInfo is visible
18:39:15.944 [TestNG-test=Test-1] INFO  Dealership.POM - SellPartandAccs button is visible
18:39:16.030 [TestNG-test=Test-1] INFO  Dealership.POM - SellPartandAccs button is clicked
18:39:18.270 [TestNG-test=Test-1] INFO  Dealership.POM - Searchbox is visible
18:39:28.885 [TestNG-test=Test-1] INFO  Dealership.POM - Merchentity is visible
18:39:34.260 [TestNG-test=Test-1] FATAL Dealership.POM - Test Failed - screenshot captured for Method : ChangeWhenStoreCredit
18:39:40.267 [TestNG-test=Test-1] INFO  Dealership.POM - Running Test : ChangeWhenServicejob
18:39:45.625 [TestNG-test=Test-1] INFO  Dealership.POM - Windows maximized
18:39:51.435 [TestNG-test=Test-1] INFO  Dealership.POM - URL entered
18:39:51.530 [TestNG-test=Test-1] INFO  Dealership.POM - Username field is visible
18:39:51.864 [TestNG-test=Test-1] INFO  Dealership.POM - Password field is visible
18:40:45.253 [TestNG-test=Test-1] INFO  Dealership.POM - Sell link is visible
18:40:45.380 [TestNG-test=Test-1] INFO  Dealership.POM - Sell link is clickable
18:40:47.594 [TestNG-test=Test-1] INFO  Dealership.POM - Select Customer Dropdown is visible
18:40:49.703 [TestNG-test=Test-1] INFO  Dealership.POM - Select Customer Field is visible
18:40:51.822 [TestNG-test=Test-1] INFO  Dealership.POM - CustomerInfo is visible
18:41:22.147 [TestNG-test=Test-1] INFO  Dealership.POM - ServiceJob button is visible
18:41:25.243 [TestNG-test=Test-1] INFO  Dealership.POM - ServiceJobStatus is visible
18:41:25.273 [TestNG-test=Test-1] INFO  Dealership.POM - ServiceJobStatus is Status: New
18:41:25.381 [TestNG-test=Test-1] INFO  Dealership.POM - Customer Header is visible
18:41:25.544 [TestNG-test=Test-1] INFO  Dealership.POM - Customer Header is clicked
18:41:26.212 [TestNG-test=Test-1] INFO  Dealership.POM - Change Customer Button is visible
18:41:26.318 [TestNG-test=Test-1] INFO  Dealership.POM - Change Customer Button is clicked
18:41:46.878 [TestNG-test=Test-1] FATAL Dealership.POM - Test Failed - screenshot captured for Method : ChangeWhenServicejob
18:41:52.805 [TestNG-test=Test-1] INFO  Dealership.POM - Running Test : ChangeWhenCompletestatus
18:41:57.781 [TestNG-test=Test-1] INFO  Dealership.POM - Windows maximized
18:41:59.912 [TestNG-test=Test-1] INFO  Dealership.POM - URL entered
18:41:59.991 [TestNG-test=Test-1] INFO  Dealership.POM - Username field is visible
18:42:00.323 [TestNG-test=Test-1] INFO  Dealership.POM - Password field is visible
18:42:36.846 [TestNG-test=Test-1] INFO  Dealership.POM - Sell link is visible
18:42:36.931 [TestNG-test=Test-1] INFO  Dealership.POM - Sell link is clickable
18:42:38.059 [TestNG-test=Test-1] INFO  Dealership.POM - Select Customer Dropdown is visible
18:42:38.795 [TestNG-test=Test-1] INFO  Dealership.POM - Select Customer Field is visible
18:42:40.903 [TestNG-test=Test-1] INFO  Dealership.POM - CustomerInfo is visible
18:43:11.217 [TestNG-test=Test-1] INFO  Dealership.POM - ServiceJob button is visible
18:43:15.295 [TestNG-test=Test-1] INFO  Dealership.POM - ServiceJobStatus is visible
18:43:15.329 [TestNG-test=Test-1] INFO  Dealership.POM - ServiceJobStatus is Status: New
18:43:15.969 [TestNG-test=Test-1] INFO  Dealership.POM - ServiceJobDetails is visible
18:43:16.163 [TestNG-test=Test-1] INFO  Dealership.POM - ServiceJobDetails is clicked
18:43:41.673 [TestNG-test=Test-1] FATAL Dealership.POM - Test Failed - screenshot captured for Method : ChangeWhenCompletestatus
18:43:47.578 [TestNG-test=Test-1] INFO  Dealership.POM - Running Test : ChangeWhenUnitDeal
18:43:52.533 [TestNG-test=Test-1] INFO  Dealership.POM - Windows maximized
18:43:54.545 [TestNG-test=Test-1] INFO  Dealership.POM - URL entered
18:43:54.616 [TestNG-test=Test-1] INFO  Dealership.POM - Username field is visible
18:43:54.894 [TestNG-test=Test-1] INFO  Dealership.POM - Password field is visible
18:44:30.574 [TestNG-test=Test-1] INFO  Dealership.POM - Sell link is visible
18:44:32.181 [TestNG-test=Test-1] INFO  Dealership.POM - Sell link is clickable
18:44:32.902 [TestNG-test=Test-1] INFO  Dealership.POM - Select Customer Dropdown is visible
18:44:33.339 [TestNG-test=Test-1] INFO  Dealership.POM - Select Customer Field is visible
18:44:35.471 [TestNG-test=Test-1] INFO  Dealership.POM - CustomerInfo is visible
18:45:05.751 [TestNG-test=Test-1] INFO  Dealership.POM - Sell A Unit button is visible
18:45:05.835 [TestNG-test=Test-1] INFO  Dealership.POM - Sell A Unit button is clicked
18:45:08.572 [TestNG-test=Test-1] INFO  Dealership.POM - UnitDealStatus is visible
18:45:08.602 [TestNG-test=Test-1] INFO  Dealership.POM - UnitDealStatus is Status: Quotation
18:45:08.685 [TestNG-test=Test-1] INFO  Dealership.POM - Customer Header is visible
18:45:08.825 [TestNG-test=Test-1] INFO  Dealership.POM - Customer Header is clicked
18:45:09.487 [TestNG-test=Test-1] INFO  Dealership.POM - Change Customer Button is visible
18:45:09.632 [TestNG-test=Test-1] INFO  Dealership.POM - Change Customer Button is clicked
18:45:30.201 [TestNG-test=Test-1] FATAL Dealership.POM - Test Failed - screenshot captured for Method : ChangeWhenUnitDeal
18:45:36.246 [TestNG-test=Test-1] INFO  Dealership.POM - Running Test : ChangeWhenStockUnit
18:45:40.786 [TestNG-test=Test-1] INFO  Dealership.POM - Windows maximized
18:45:42.749 [TestNG-test=Test-1] INFO  Dealership.POM - URL entered
18:45:42.809 [TestNG-test=Test-1] INFO  Dealership.POM - Username field is visible
18:45:43.119 [TestNG-test=Test-1] INFO  Dealership.POM - Password field is visible
18:46:19.474 [TestNG-test=Test-1] INFO  Dealership.POM - Sell link is visible
18:46:21.313 [TestNG-test=Test-1] INFO  Dealership.POM - Sell link is clickable
18:46:21.881 [TestNG-test=Test-1] INFO  Dealership.POM - Select Customer Dropdown is visible
18:46:22.285 [TestNG-test=Test-1] INFO  Dealership.POM - Select Customer Field is visible
18:46:24.379 [TestNG-test=Test-1] INFO  Dealership.POM - CustomerInfo is visible
18:46:54.701 [TestNG-test=Test-1] INFO  Dealership.POM - Sell A Unit button is visible
18:46:54.812 [TestNG-test=Test-1] INFO  Dealership.POM - Sell A Unit button is clicked
18:46:57.091 [TestNG-test=Test-1] INFO  Dealership.POM - UnitDealStatus is visible
18:46:57.124 [TestNG-test=Test-1] INFO  Dealership.POM - UnitDealStatus is Status: Quotation
18:46:57.281 [TestNG-test=Test-1] INFO  Dealership.POM - UnitOptionsStatus is visible
18:46:57.331 [TestNG-test=Test-1] INFO  Dealership.POM - UnitOptionsStatus is Option:
18:46:57.468 [TestNG-test=Test-1] INFO  Dealership.POM - Unit1 is visible
18:46:57.602 [TestNG-test=Test-1] INFO  Dealership.POM - Unit1 is opened
18:46:58.780 [TestNG-test=Test-1] INFO  Dealership.POM - Search Stockunit field is visible
18:47:09.143 [TestNG-test=Test-1] INFO  Dealership.POM - Unit1 is selected
18:47:14.197 [TestNG-test=Test-1] INFO  Dealership.POM - Customer Header is visible
18:47:14.345 [TestNG-test=Test-1] INFO  Dealership.POM - Customer Header is clicked
18:47:15.009 [TestNG-test=Test-1] INFO  Dealership.POM - Change Customer Button is visible
18:47:15.101 [TestNG-test=Test-1] INFO  Dealership.POM - Change Customer Button is clicked
18:47:35.448 [TestNG-test=Test-1] FATAL Dealership.POM - Test Failed - screenshot captured for Method : ChangeWhenStockUnit
18:47:41.468 [TestNG-test=Test-1] INFO  Dealership.POM - Running Test : ChangeWhenTemporaryUnit
18:47:46.182 [TestNG-test=Test-1] INFO  Dealership.POM - Windows maximized
18:47:48.320 [TestNG-test=Test-1] INFO  Dealership.POM - URL entered
18:47:48.392 [TestNG-test=Test-1] INFO  Dealership.POM - Username field is visible
18:47:48.661 [TestNG-test=Test-1] INFO  Dealership.POM - Password field is visible
18:48:39.291 [TestNG-test=Test-1] INFO  Dealership.POM - Sell link is visible
18:48:40.896 [TestNG-test=Test-1] INFO  Dealership.POM - Sell link is clickable
18:48:41.107 [TestNG-test=Test-1] INFO  Dealership.POM - Select Customer Dropdown is visible
18:48:42.818 [TestNG-test=Test-1] INFO  Dealership.POM - Select Customer Field is visible
18:48:45.385 [TestNG-test=Test-1] INFO  Dealership.POM - CustomerInfo is visible
18:49:15.707 [TestNG-test=Test-1] INFO  Dealership.POM - Quote Toggle button is visible
18:49:15.811 [TestNG-test=Test-1] INFO  Dealership.POM - Quote Toggle button is clicked
18:49:25.859 [TestNG-test=Test-1] INFO  Dealership.POM - The status of CO is Quote
18:49:25.893 [TestNG-test=Test-1] INFO  Dealership.POM - Sell A Unit button is visible
18:49:25.987 [TestNG-test=Test-1] INFO  Dealership.POM - Sell A Unit button is clicked
18:49:28.236 [TestNG-test=Test-1] INFO  Dealership.POM - UnitDealStatus is visible
18:49:28.271 [TestNG-test=Test-1] INFO  Dealership.POM - UnitDealStatus is Status: Quotation
18:49:28.362 [TestNG-test=Test-1] INFO  Dealership.POM - UnitOptionsStatus is visible
18:49:28.399 [TestNG-test=Test-1] INFO  Dealership.POM - UnitOptionsStatus is Option:
18:49:28.488 [TestNG-test=Test-1] INFO  Dealership.POM - Unit1 is visible
18:49:28.614 [TestNG-test=Test-1] INFO  Dealership.POM - Unit1 is opened
18:49:30.056 [TestNG-test=Test-1] INFO  Dealership.POM - Set Temp Unit button is visible
18:49:30.154 [TestNG-test=Test-1] INFO  Dealership.POM - Set Temp Unit button is clicked
18:49:37.318 [TestNG-test=Test-1] INFO  Dealership.POM - Make field is visible
18:49:39.515 [TestNG-test=Test-1] INFO  Dealership.POM - Make field is filled
18:49:39.547 [TestNG-test=Test-1] INFO  Dealership.POM - Model field is visible
18:49:40.655 [TestNG-test=Test-1] INFO  Dealership.POM - Model field is filled
18:49:40.683 [TestNG-test=Test-1] INFO  Dealership.POM - Sub Model field is visible
18:49:41.354 [TestNG-test=Test-1] INFO  Dealership.POM - Sub Model field is filled
18:49:41.382 [TestNG-test=Test-1] INFO  Dealership.POM - Year field is visible
18:49:41.640 [TestNG-test=Test-1] INFO  Dealership.POM - Year field is filled
18:49:41.685 [TestNG-test=Test-1] INFO  Dealership.POM - Exterior Color field is visible
18:49:41.899 [TestNG-test=Test-1] INFO  Dealership.POM - Exterior Color field is filled
18:49:41.943 [TestNG-test=Test-1] INFO  Dealership.POM - Next Button is visible
18:49:42.034 [TestNG-test=Test-1] INFO  Dealership.POM - Next Button is clicked
18:49:46.743 [TestNG-test=Test-1] INFO  Dealership.POM - Totalprice field is visible
18:49:46.916 [TestNG-test=Test-1] INFO  Dealership.POM - Totalprice field is filled
18:49:46.951 [TestNG-test=Test-1] INFO  Dealership.POM - Totalcost field is visible
18:49:47.113 [TestNG-test=Test-1] INFO  Dealership.POM - Totalcost field is filled
18:49:47.143 [TestNG-test=Test-1] INFO  Dealership.POM - Save Button is visible
18:49:47.219 [TestNG-test=Test-1] INFO  Dealership.POM - Save Button is clicked
18:49:52.249 [TestNG-test=Test-1] INFO  Dealership.POM - SaveTempUnit Button is visible
18:49:52.358 [TestNG-test=Test-1] INFO  Dealership.POM - SaveTempUnit Button is clicked
18:49:53.475 [TestNG-test=Test-1] INFO  Dealership.POM - TempUnitName is visible
18:49:53.513 [TestNG-test=Test-1] INFO  Dealership.POM - Unit name is displayed correctly
18:49:58.563 [TestNG-test=Test-1] INFO  Dealership.POM - Customer Header is visible
18:49:58.686 [TestNG-test=Test-1] INFO  Dealership.POM - Customer Header is clicked
18:49:59.337 [TestNG-test=Test-1] INFO  Dealership.POM - Change Customer Button is visible
18:49:59.482 [TestNG-test=Test-1] INFO  Dealership.POM - Change Customer Button is clicked
18:50:20.092 [TestNG-test=Test-1] FATAL Dealership.POM - Test Failed - screenshot captured for Method : ChangeWhenTemporaryUnit
18:50:26.121 [TestNG-test=Test-1] INFO  Dealership.POM - Running Test : ChangeWhenTradeinUnit
18:50:30.474 [TestNG-test=Test-1] INFO  Dealership.POM - Windows maximized
18:50:32.239 [TestNG-test=Test-1] INFO  Dealership.POM - URL entered
18:50:32.288 [TestNG-test=Test-1] INFO  Dealership.POM - Username field is visible
18:50:32.600 [TestNG-test=Test-1] INFO  Dealership.POM - Password field is visible
18:51:08.676 [TestNG-test=Test-1] INFO  Dealership.POM - Sell link is visible
18:51:10.447 [TestNG-test=Test-1] INFO  Dealership.POM - Sell link is clickable
18:51:11.061 [TestNG-test=Test-1] INFO  Dealership.POM - Select Customer Dropdown is visible
18:51:11.403 [TestNG-test=Test-1] INFO  Dealership.POM - Select Customer Field is visible
18:51:13.540 [TestNG-test=Test-1] INFO  Dealership.POM - CustomerInfo is visible
18:51:43.844 [TestNG-test=Test-1] INFO  Dealership.POM - Quote Toggle button is visible
18:51:43.936 [TestNG-test=Test-1] INFO  Dealership.POM - Quote Toggle button is clicked
18:51:53.990 [TestNG-test=Test-1] INFO  Dealership.POM - The status of CO is Quote
18:51:54.025 [TestNG-test=Test-1] INFO  Dealership.POM - Sell A Unit button is visible
18:51:54.112 [TestNG-test=Test-1] INFO  Dealership.POM - Sell A Unit button is clicked
18:51:56.334 [TestNG-test=Test-1] INFO  Dealership.POM - UnitDealStatus is visible
18:51:56.371 [TestNG-test=Test-1] INFO  Dealership.POM - UnitDealStatus is Status: Quotation
18:52:01.457 [TestNG-test=Test-1] INFO  Dealership.POM - AddTradeIn button is visible
18:52:01.560 [TestNG-test=Test-1] INFO  Dealership.POM - AddTradeIn button is clicked
18:52:03.736 [TestNG-test=Test-1] INFO  Dealership.POM - AddCOU button is visible
18:52:03.818 [TestNG-test=Test-1] INFO  Dealership.POM - AddCOU button is clicked
18:52:06.269 [TestNG-test=Test-1] INFO  Dealership.POM - Temp Unit Mmodal Window  is visible
18:52:11.316 [TestNG-test=Test-1] INFO  Dealership.POM - Make field is visible
18:52:13.142 [TestNG-test=Test-1] INFO  Dealership.POM - Make is filed
18:52:13.189 [TestNG-test=Test-1] INFO  Dealership.POM - Model field is visible
18:52:14.349 [TestNG-test=Test-1] INFO  Dealership.POM - Model is filed
18:52:14.379 [TestNG-test=Test-1] INFO  Dealership.POM - Sub-Model field is visible
18:52:14.863 [TestNG-test=Test-1] INFO  Dealership.POM - Sub-Model is filed
18:52:14.897 [TestNG-test=Test-1] INFO  Dealership.POM - Year field is visible
18:52:15.213 [TestNG-test=Test-1] INFO  Dealership.POM - Year is filed
18:52:15.261 [TestNG-test=Test-1] INFO  Dealership.POM - Addbutton is visible
18:52:15.424 [TestNG-test=Test-1] INFO  Dealership.POM - Addbutton is clicked
18:52:25.499 [TestNG-test=Test-1] INFO  Dealership.POM - Customer Header is visible
18:52:25.618 [TestNG-test=Test-1] INFO  Dealership.POM - Customer Header is clicked
18:52:26.281 [TestNG-test=Test-1] INFO  Dealership.POM - Change Customer Button is visible
18:52:26.457 [TestNG-test=Test-1] INFO  Dealership.POM - Change Customer Button is clicked
18:52:47.061 [TestNG-test=Test-1] FATAL Dealership.POM - Test Failed - screenshot captured for Method : ChangeWhenTradeinUnit
18:52:52.971 [TestNG-test=Test-1] INFO  Dealership.POM - Running Test : SingleUnitOrder
18:52:57.583 [TestNG-test=Test-1] INFO  Dealership.POM - Windows maximized
18:52:59.801 [TestNG-test=Test-1] INFO  Dealership.POM - URL entered
18:52:59.872 [TestNG-test=Test-1] INFO  Dealership.POM - Username field is visible
18:53:00.293 [TestNG-test=Test-1] INFO  Dealership.POM - Password field is visible
18:53:52.610 [TestNG-test=Test-1] INFO  Dealership.POM - Order link is visible
18:53:52.688 [TestNG-test=Test-1] INFO  Dealership.POM - Order link is clicked
18:53:52.829 [TestNG-test=Test-1] INFO  Dealership.POM - UnitOrder link is visible
18:53:52.898 [TestNG-test=Test-1] INFO  Dealership.POM - UnitOrder link is clicked
18:54:16.584 [TestNG-test=Test-1] INFO  Dealership.POM - FirstVendor link is visible
18:54:21.673 [TestNG-test=Test-1] INFO  Dealership.POM - Orderunit Button is visible
18:54:21.757 [TestNG-test=Test-1] INFO  Dealership.POM - Orderunit Button is clicked
18:54:25.423 [TestNG-test=Test-1] INFO  Dealership.POM - MakeField is visible
18:54:31.217 [TestNG-test=Test-1] INFO  Dealership.POM - MakeFieldDropdown is visible
18:54:31.542 [TestNG-test=Test-1] INFO  Dealership.POM - MakeField is filled
18:54:31.580 [TestNG-test=Test-1] INFO  Dealership.POM - Model Field is visible
18:54:35.741 [TestNG-test=Test-1] INFO  Dealership.POM - ModelFieldDropdown is visible
18:54:35.828 [TestNG-test=Test-1] INFO  Dealership.POM - ModelField is filled
18:54:35.876 [TestNG-test=Test-1] INFO  Dealership.POM - SubModel Field is visible
18:54:40.053 [TestNG-test=Test-1] INFO  Dealership.POM - SubModelFieldDropdown is visible
18:54:40.137 [TestNG-test=Test-1] INFO  Dealership.POM - SubModelField is filled
18:54:40.175 [TestNG-test=Test-1] INFO  Dealership.POM - YearUnitOrdering Field is visible
18:54:40.302 [TestNG-test=Test-1] INFO  Dealership.POM - YearDropdown is visible
18:54:40.382 [TestNG-test=Test-1] INFO  Dealership.POM - Year is selected
18:54:40.424 [TestNG-test=Test-1] INFO  Dealership.POM - ConditionUnitOrdering Field is visible
18:54:40.549 [TestNG-test=Test-1] INFO  Dealership.POM - ConditionDropdown is visible
18:54:40.631 [TestNG-test=Test-1] INFO  Dealership.POM - Condition is selected
18:54:40.688 [TestNG-test=Test-1] INFO  Dealership.POM - Colorfiled is visible
18:54:40.856 [TestNG-test=Test-1] INFO  Dealership.POM - Colorfiled is selected
18:54:40.906 [TestNG-test=Test-1] INFO  Dealership.POM - Factoryfiled is visible
18:54:41.031 [TestNG-test=Test-1] INFO  Dealership.POM - Factoryfiled is filled
18:54:41.070 [TestNG-test=Test-1] INFO  Dealership.POM - StockNumber is visible
18:54:41.181 [TestNG-test=Test-1] INFO  Dealership.POM - StockNumber is filled
18:54:41.212 [TestNG-test=Test-1] INFO  Dealership.POM - CategoryUnitOrdering Field is visible
18:54:41.305 [TestNG-test=Test-1] INFO  Dealership.POM - CategoryDropdown is visible
18:54:41.375 [TestNG-test=Test-1] INFO  Dealership.POM - CategoryDropdown is selected
18:54:46.431 [TestNG-test=Test-1] INFO  Dealership.POM - OrderedDateUnitOrdering Field is visible
18:54:48.595 [TestNG-test=Test-1] INFO  Dealership.POM - OrderDate is visible
18:54:48.698 [TestNG-test=Test-1] INFO  Dealership.POM - OrderDate is selected
18:54:48.760 [TestNG-test=Test-1] INFO  Dealership.POM - ExpectedDateUnitOrdering Field is visible
18:54:50.916 [TestNG-test=Test-1] INFO  Dealership.POM - ExpectDate is visible
18:54:50.977 [TestNG-test=Test-1] INFO  Dealership.POM - ExpectDate is selected
18:54:51.014 [TestNG-test=Test-1] INFO  Dealership.POM - BaseUnitPrice is visible
18:54:51.163 [TestNG-test=Test-1] INFO  Dealership.POM - BaseUnitPrice is filled
18:54:51.199 [TestNG-test=Test-1] INFO  Dealership.POM - BaseUnitCost is visible
18:54:51.337 [TestNG-test=Test-1] INFO  Dealership.POM - BaseUnitCost is filled
18:54:51.386 [TestNG-test=Test-1] INFO  Dealership.POM - AddPricing button is visible
18:54:51.465 [TestNG-test=Test-1] INFO  Dealership.POM - AddPricing button is clicked
18:55:01.531 [TestNG-test=Test-1] INFO  Dealership.POM - Create Single Order Button is visible
18:55:01.593 [TestNG-test=Test-1] INFO  Dealership.POM - Create Single Order Button is clicked
18:55:06.926 [TestNG-test=Test-1] INFO  Dealership.POM - Orderunit is visible
18:55:07.972 [TestNG-test=Test-1] INFO  Dealership.POM - Orderunit is clicked
18:55:13.048 [TestNG-test=Test-1] INFO  Dealership.POM - Make is verified
18:55:13.077 [TestNG-test=Test-1] INFO  Dealership.POM - Model is verified
18:55:13.114 [TestNG-test=Test-1] INFO  Dealership.POM - SubModel is verified
18:55:13.148 [TestNG-test=Test-1] INFO  Dealership.POM - Print Button is visible
18:55:13.275 [TestNG-test=Test-1] INFO  Dealership.POM - Print Button is clicked
18:55:23.417 [TestNG-test=Test-1] INFO  Dealership.POM - Edit button is visible
18:55:23.712 [TestNG-test=Test-1] INFO  Dealership.POM - Edit button is clicked
18:55:28.746 [TestNG-test=Test-1] INFO  Dealership.POM - Save button is visible
18:55:28.804 [TestNG-test=Test-1] INFO  Dealership.POM - Save button is clicked
18:55:33.876 [TestNG-test=Test-1] INFO  Dealership.POM - Receive button is visible
18:55:33.976 [TestNG-test=Test-1] INFO  Dealership.POM - Receive button is clicked
18:55:37.492 [TestNG-test=Test-1] INFO  Dealership.POM - Model Name is verified
18:55:37.523 [TestNG-test=Test-1] INFO  Dealership.POM - VINField is visible
18:55:37.611 [TestNG-test=Test-1] INFO  Dealership.POM - VINField is filled
18:55:37.641 [TestNG-test=Test-1] INFO  Dealership.POM - InvoiceNumberField is visible
18:55:37.747 [TestNG-test=Test-1] INFO  Dealership.POM - InvoiceNumberField is filled
18:55:37.779 [TestNG-test=Test-1] INFO  Dealership.POM - InvoiceDateField is visible
18:55:37.890 [TestNG-test=Test-1] INFO  Dealership.POM - InvoiceDateField is filled
18:55:42.960 [TestNG-test=Test-1] INFO  Dealership.POM - InvoiceDate is visible
18:55:43.057 [TestNG-test=Test-1] INFO  Dealership.POM - InvoiceDate is selected
18:55:45.117 [TestNG-test=Test-1] INFO  Dealership.POM - ConfirmButton is visible
18:55:45.205 [TestNG-test=Test-1] INFO  Dealership.POM - ConfirmButton is selected
18:56:04.057 [TestNG-test=Test-1] INFO  Dealership.POM - ReceivedUnit is visible
18:56:04.091 [TestNG-test=Test-1] INFO  Dealership.POM - UNTNumber is [[ChromeDriver: chrome on WINDOWS (13c6a3a7556850a5f1278c91efa715b6)] -> xpath: //tr/td/span[contains(text(),'UNT')]]
18:56:04.091 [TestNG-test=Test-1] INFO  Dealership.POM - Test case SingleUnitOrder passes successfully
18:56:10.112 [TestNG-test=Test-1] INFO  Dealership.POM - Running Test : BulkUnitOrder
18:56:14.327 [TestNG-test=Test-1] INFO  Dealership.POM - Windows maximized
18:56:16.395 [TestNG-test=Test-1] INFO  Dealership.POM - URL entered
18:56:16.503 [TestNG-test=Test-1] INFO  Dealership.POM - Username field is visible
18:56:16.803 [TestNG-test=Test-1] INFO  Dealership.POM - Password field is visible
18:56:51.716 [TestNG-test=Test-1] INFO  Dealership.POM - Order link is visible
18:56:51.830 [TestNG-test=Test-1] INFO  Dealership.POM - Order link is clicked
18:56:52.073 [TestNG-test=Test-1] INFO  Dealership.POM - UnitOrder link is visible
18:56:52.170 [TestNG-test=Test-1] INFO  Dealership.POM - UnitOrder link is clicked
18:56:57.889 [TestNG-test=Test-1] INFO  Dealership.POM - FirstVendor link is visible
18:57:02.972 [TestNG-test=Test-1] INFO  Dealership.POM - Orderunit Button is visible
18:57:03.047 [TestNG-test=Test-1] INFO  Dealership.POM - Orderunit Button is clicked
18:57:06.828 [TestNG-test=Test-1] INFO  Dealership.POM - MakeField is visible
18:57:11.144 [TestNG-test=Test-1] INFO  Dealership.POM - MakeFieldDropdown is visible
18:57:11.536 [TestNG-test=Test-1] INFO  Dealership.POM - MakeField is filled
18:57:11.573 [TestNG-test=Test-1] INFO  Dealership.POM - Model Field is visible
18:57:15.709 [TestNG-test=Test-1] INFO  Dealership.POM - ModelFieldDropdown is visible
18:57:15.850 [TestNG-test=Test-1] INFO  Dealership.POM - ModelField is filled
18:57:15.899 [TestNG-test=Test-1] INFO  Dealership.POM - SubModel Field is visible
18:57:20.071 [TestNG-test=Test-1] INFO  Dealership.POM - SubModelFieldDropdown is visible
18:57:20.164 [TestNG-test=Test-1] INFO  Dealership.POM - SubModelField is filled
18:57:20.214 [TestNG-test=Test-1] INFO  Dealership.POM - YearUnitOrdering Field is visible
18:57:20.363 [TestNG-test=Test-1] INFO  Dealership.POM - YearDropdown is visible
18:57:20.448 [TestNG-test=Test-1] INFO  Dealership.POM - Year is selected
18:57:20.490 [TestNG-test=Test-1] INFO  Dealership.POM - ConditionUnitOrdering Field is visible
18:57:20.603 [TestNG-test=Test-1] INFO  Dealership.POM - ConditionDropdown is visible
18:57:20.663 [TestNG-test=Test-1] INFO  Dealership.POM - Condition is selected
18:57:20.700 [TestNG-test=Test-1] INFO  Dealership.POM - Colorfiled is visible
18:57:20.796 [TestNG-test=Test-1] INFO  Dealership.POM - Colorfiled is selected
18:57:20.827 [TestNG-test=Test-1] INFO  Dealership.POM - Factoryfiled is visible
18:57:20.923 [TestNG-test=Test-1] INFO  Dealership.POM - Factoryfiled is filled
18:57:20.954 [TestNG-test=Test-1] INFO  Dealership.POM - CategoryUnitOrdering Field is visible
18:57:21.050 [TestNG-test=Test-1] INFO  Dealership.POM - CategoryDropdown is visible
18:57:21.130 [TestNG-test=Test-1] INFO  Dealership.POM - CategoryDropdown is selected
18:57:26.184 [TestNG-test=Test-1] INFO  Dealership.POM - OrderedDateUnitOrdering Field is visible
18:57:31.409 [TestNG-test=Test-1] INFO  Dealership.POM - OrderDate is visible
18:57:31.511 [TestNG-test=Test-1] INFO  Dealership.POM - OrderDate is selected
18:57:31.552 [TestNG-test=Test-1] INFO  Dealership.POM - ExpectedDateUnitOrdering Field is visible
18:57:36.687 [TestNG-test=Test-1] INFO  Dealership.POM - ExpectDate is visible
18:57:36.765 [TestNG-test=Test-1] INFO  Dealership.POM - ExpectDate is selected
18:57:36.813 [TestNG-test=Test-1] INFO  Dealership.POM - BaseUnitPrice is visible
18:57:37.010 [TestNG-test=Test-1] INFO  Dealership.POM - BaseUnitPrice is filled
18:57:37.048 [TestNG-test=Test-1] INFO  Dealership.POM - BaseUnitCost is visible
18:57:37.187 [TestNG-test=Test-1] INFO  Dealership.POM - BaseUnitCost is filled
18:57:37.226 [TestNG-test=Test-1] INFO  Dealership.POM - AddPricing button is visible
18:57:37.294 [TestNG-test=Test-1] INFO  Dealership.POM - AddPricing button is clicked
18:57:47.365 [TestNG-test=Test-1] INFO  Dealership.POM - BulkOrder button is visible
18:57:47.456 [TestNG-test=Test-1] INFO  Dealership.POM - BulkOrder button is clicked
18:57:57.498 [TestNG-test=Test-1] INFO  Dealership.POM - BulkHandlingInputId is visible
18:57:57.565 [TestNG-test=Test-1] INFO  Dealership.POM - BulkHandlingInputId is clicked
18:57:57.598 [TestNG-test=Test-1] INFO  Dealership.POM - ConfirmButton is visible
18:57:57.675 [TestNG-test=Test-1] INFO  Dealership.POM - ConfirmButton is clicked
18:58:09.343 [TestNG-test=Test-1] INFO  Dealership.POM - Unit 1 is selected
18:58:09.520 [TestNG-test=Test-1] INFO  Dealership.POM - Unit 2 is selected
18:58:09.717 [TestNG-test=Test-1] INFO  Dealership.POM - Unit 3 is selected
18:58:09.717 [TestNG-test=Test-1] INFO  Dealership.POM - All units are selected
18:58:09.788 [TestNG-test=Test-1] INFO  Dealership.POM - Print Button is visible
18:58:10.113 [TestNG-test=Test-1] INFO  Dealership.POM - Print Button is clicked
18:58:23.250 [TestNG-test=Test-1] INFO  Dealership.POM - Receive button is visible
18:58:23.349 [TestNG-test=Test-1] INFO  Dealership.POM - Receive button is clicked
18:58:31.108 [TestNG-test=Test-1] INFO  Dealership.POM - InvoiceToggle button is visible
18:58:31.187 [TestNG-test=Test-1] INFO  Dealership.POM - InvoiceToggle button is clicked
18:58:31.237 [TestNG-test=Test-1] INFO  Dealership.POM - InvoiceNumber Field is visible
18:58:31.403 [TestNG-test=Test-1] INFO  Dealership.POM - InvoiceNumber Field is clicked
18:58:31.461 [TestNG-test=Test-1] INFO  Dealership.POM - InvoiceDate field is visible
18:58:31.628 [TestNG-test=Test-1] INFO  Dealership.POM - InvoiceDate field is clicked
18:58:33.676 [TestNG-test=Test-1] INFO  Dealership.POM - SelectrDate is visible
18:58:33.782 [TestNG-test=Test-1] INFO  Dealership.POM - SelectrDate is selected
18:58:34.199 [TestNG-test=Test-1] INFO  Dealership.POM - Vin Field 1 is filled
18:58:34.462 [TestNG-test=Test-1] INFO  Dealership.POM - Vin Field 2 is filled
18:58:34.784 [TestNG-test=Test-1] INFO  Dealership.POM - Vin Field 3 is filled
18:58:34.851 [TestNG-test=Test-1] INFO  Dealership.POM - Confirm button is visible
18:58:35.019 [TestNG-test=Test-1] INFO  Dealership.POM - Confirm button is selected
18:58:41.816 [TestNG-test=Test-1] FATAL Dealership.POM - Test Failed - screenshot captured for Method : BulkUnitOrder
18:58:47.844 [TestNG-test=Test-1] INFO  Dealership.POM - Running Test : PartOrderReceiveInvoice
18:58:52.838 [TestNG-test=Test-1] INFO  Dealership.POM - Windows maximized
18:58:55.037 [TestNG-test=Test-1] INFO  Dealership.POM - URL entered
18:58:55.201 [TestNG-test=Test-1] INFO  Dealership.POM - Username field is visible
18:58:55.607 [TestNG-test=Test-1] INFO  Dealership.POM - Password field is visible
18:59:31.528 [TestNG-test=Test-1] INFO  Dealership.POM - GlobalSearch is visible
18:59:36.175 [TestNG-test=Test-1] INFO  Dealership.POM - SearchResult is visible
18:59:36.280 [TestNG-test=Test-1] INFO  Dealership.POM - Part is selected
18:59:56.422 [TestNG-test=Test-1] INFO  Dealership.POM - 3 parts are instock
18:59:56.485 [TestNG-test=Test-1] INFO  Dealership.POM - Order link is visible
18:59:56.545 [TestNG-test=Test-1] INFO  Dealership.POM - Order link is clicked
18:59:56.699 [TestNG-test=Test-1] INFO  Dealership.POM - PartOrder link is visible
18:59:56.795 [TestNG-test=Test-1] INFO  Dealership.POM - PartOrder link is clicked
19:00:07.257 [TestNG-test=Test-1] INFO  Dealership.POM - Vendor_Input is visible
19:00:07.449 [TestNG-test=Test-1] INFO  Dealership.POM - Vendor_Input is filled
19:00:10.090 [TestNG-test=Test-1] INFO  Dealership.POM - SearchResult is visible
19:00:10.233 [TestNG-test=Test-1] INFO  Dealership.POM - SearchResult is selected
19:00:30.634 [TestNG-test=Test-1] INFO  Dealership.POM - AddItems link is visible
19:00:30.725 [TestNG-test=Test-1] INFO  Dealership.POM - AddItems link is clicked
19:00:30.764 [TestNG-test=Test-1] INFO  Dealership.POM - SearchPart field is visible
19:00:31.032 [TestNG-test=Test-1] INFO  Dealership.POM - Part Name is entered
19:00:32.648 [TestNG-test=Test-1] INFO  Dealership.POM - PartName is visible
19:00:32.710 [TestNG-test=Test-1] INFO  Dealership.POM - PartName is selected
19:00:42.873 [TestNG-test=Test-1] FATAL Dealership.POM - Test Failed - screenshot captured for Method : PartOrderReceiveInvoice
19:00:48.838 [TestNG-test=Test-1] INFO  Dealership.POM - Running Test : PartOrderfromCO
19:00:53.265 [TestNG-test=Test-1] INFO  Dealership.POM - Windows maximized
19:00:56.289 [TestNG-test=Test-1] INFO  Dealership.POM - URL entered
19:00:56.330 [TestNG-test=Test-1] INFO  Dealership.POM - Username field is visible
19:00:56.556 [TestNG-test=Test-1] INFO  Dealership.POM - Password field is visible
19:01:32.603 [TestNG-test=Test-1] INFO  Dealership.POM - Sell link is visible
19:01:34.138 [TestNG-test=Test-1] INFO  Dealership.POM - Sell link is clickable
19:01:34.792 [TestNG-test=Test-1] INFO  Dealership.POM - Select Customer Dropdown is visible
19:01:35.039 [TestNG-test=Test-1] INFO  Dealership.POM - Select Customer Field is visible
19:01:37.587 [TestNG-test=Test-1] INFO  Dealership.POM - CustomerInfo is visible
19:02:07.890 [TestNG-test=Test-1] INFO  Dealership.POM - SellPartandAccs button is visible
19:02:07.974 [TestNG-test=Test-1] INFO  Dealership.POM - SellPartandAccs button is clicked
19:02:10.767 [TestNG-test=Test-1] INFO  Dealership.POM - Searchbox is visible
19:02:21.124 [TestNG-test=Test-1] INFO  Dealership.POM - Merchentity is visible
19:02:31.229 [TestNG-test=Test-1] INFO  Dealership.POM - Merchentity is selected
19:02:31.269 [TestNG-test=Test-1] INFO  Dealership.POM - PartStatus is visible
19:02:31.459 [TestNG-test=Test-1] FATAL Dealership.POM - Test Failed - screenshot captured for Method : PartOrderfromCO
19:02:38.077 [TestNG-test=Test-1] INFO  Dealership.POM - Running Test : SpecialOrder
19:02:42.868 [TestNG-test=Test-1] INFO  Dealership.POM - Windows maximized
19:02:44.982 [TestNG-test=Test-1] INFO  Dealership.POM - URL entered
19:02:45.072 [TestNG-test=Test-1] INFO  Dealership.POM - Username field is visible
19:02:45.342 [TestNG-test=Test-1] INFO  Dealership.POM - Password field is visible
19:03:21.887 [TestNG-test=Test-1] INFO  Dealership.POM - Sell link is visible
19:03:23.266 [TestNG-test=Test-1] INFO  Dealership.POM - Sell link is clickable
19:03:23.683 [TestNG-test=Test-1] INFO  Dealership.POM - Sell Part tile is displayed
19:03:23.795 [TestNG-test=Test-1] INFO  Dealership.POM - Sell Part tile is clicked
19:03:24.476 [TestNG-test=Test-1] INFO  Dealership.POM - Searchbox is visible
19:03:24.504 [TestNG-test=Test-1] INFO  Dealership.POM - Searchbox is visible
19:03:28.354 [TestNG-test=Test-1] INFO  Dealership.POM - Merchentity is visible
19:03:28.451 [TestNG-test=Test-1] INFO  Dealership.POM - Merchentity is selected
19:03:29.252 [TestNG-test=Test-1] INFO  Dealership.POM - OversoldPopUpText is visible
19:03:29.347 [TestNG-test=Test-1] INFO  Dealership.POM - OversoldPopUpText is correct
19:03:29.379 [TestNG-test=Test-1] INFO  Dealership.POM - Create Special Order Action Btn is visible
19:03:29.471 [TestNG-test=Test-1] INFO  Dealership.POM - Create Special Order Action Btn is clicked
19:03:30.122 [TestNG-test=Test-1] INFO  Dealership.POM - Select Customer Field is visible
19:03:32.126 [TestNG-test=Test-1] INFO  Dealership.POM - CustomerInfo is visible
19:03:42.568 [TestNG-test=Test-1] INFO  Dealership.POM - The CONumber is CO-0004817
19:03:42.618 [TestNG-test=Test-1] INFO  Dealership.POM - Order link is visible
19:03:42.747 [TestNG-test=Test-1] INFO  Dealership.POM - Order link is clicked
19:03:42.955 [TestNG-test=Test-1] INFO  Dealership.POM - PartOrder link is visible
19:03:43.068 [TestNG-test=Test-1] INFO  Dealership.POM - PartOrder link is clicked
19:03:48.185 [TestNG-test=Test-1] INFO  Dealership.POM - Vendor_Input is visible
19:03:48.474 [TestNG-test=Test-1] INFO  Dealership.POM - Vendor_Input is filled
19:03:50.592 [TestNG-test=Test-1] INFO  Dealership.POM - SearchResult is visible
19:03:50.746 [TestNG-test=Test-1] INFO  Dealership.POM - SearchResult is selected
19:04:00.812 [TestNG-test=Test-1] INFO  Dealership.POM - PartCheckbox is visible
19:04:00.882 [TestNG-test=Test-1] INFO  Dealership.POM - PartCheckbox is selected
19:04:10.957 [TestNG-test=Test-1] INFO  Dealership.POM - AddSelectedButton is visible
19:04:11.030 [TestNG-test=Test-1] INFO  Dealership.POM - AddSelectedButton is clicked
19:04:16.376 [TestNG-test=Test-1] FATAL Dealership.POM - Test Failed - screenshot captured for Method : SpecialOrder
19:04:22.381 [TestNG-test=Test-1] INFO  Dealership.POM - Running Test : Oversold
19:04:26.802 [TestNG-test=Test-1] INFO  Dealership.POM - Windows maximized
19:04:29.476 [TestNG-test=Test-1] INFO  Dealership.POM - URL entered
19:04:29.527 [TestNG-test=Test-1] INFO  Dealership.POM - Username field is visible
19:04:29.732 [TestNG-test=Test-1] INFO  Dealership.POM - Password field is visible
19:05:05.464 [TestNG-test=Test-1] INFO  Dealership.POM - Sell link is visible
19:05:07.365 [TestNG-test=Test-1] INFO  Dealership.POM - Sell link is clickable
19:05:07.910 [TestNG-test=Test-1] INFO  Dealership.POM - Sell Part tile is displayed
19:05:08.206 [TestNG-test=Test-1] INFO  Dealership.POM - Sell Part tile is clicked
19:05:08.376 [TestNG-test=Test-1] INFO  Dealership.POM - Searchbox is visible
19:05:08.421 [TestNG-test=Test-1] INFO  Dealership.POM - Searchbox is visible
19:05:11.979 [TestNG-test=Test-1] INFO  Dealership.POM - Merchentity is visible
19:05:12.052 [TestNG-test=Test-1] INFO  Dealership.POM - Merchentity is selected
19:05:12.656 [TestNG-test=Test-1] INFO  Dealership.POM - OversoldPopUpText is visible
19:05:12.683 [TestNG-test=Test-1] INFO  Dealership.POM - OversoldPopUpText is correct
19:05:12.717 [TestNG-test=Test-1] INFO  Dealership.POM - Oversold Action Btn is visible
19:05:12.856 [TestNG-test=Test-1] INFO  Dealership.POM - Oversold Action Btn is clicked
19:05:20.137 [TestNG-test=Test-1] INFO  Dealership.POM - Checkout_Button is visible
19:05:45.711 [TestNG-test=Test-1] INFO  Dealership.POM - Payment option is visible
19:05:45.815 [TestNG-test=Test-1] INFO  Dealership.POM - Payment option is selected
19:05:45.866 [TestNG-test=Test-1] INFO  Dealership.POM - AddPayment Button is visible
19:05:46.027 [TestNG-test=Test-1] INFO  Dealership.POM - AddPayment Button is clicked
19:05:56.069 [TestNG-test=Test-1] INFO  Dealership.POM - Finalize Button is visible
19:05:56.157 [TestNG-test=Test-1] INFO  Dealership.POM - Finalize Button is clicked
19:06:06.225 [TestNG-test=Test-1] INFO  Dealership.POM - Invoice Window is visible
19:06:06.383 [TestNG-test=Test-1] INFO  Dealership.POM - Invoice Close Button is visible
19:06:06.424 [TestNG-test=Test-1] INFO  Dealership.POM - Invoice Close Button is clicked
19:06:16.466 [TestNG-test=Test-1] INFO  Dealership.POM - CO Status is visible
19:06:16.493 [TestNG-test=Test-1] INFO  Dealership.POM - CO Status is Closed
19:06:16.494 [TestNG-test=Test-1] INFO  Dealership.POM - Test case Oversold passes successfully
19:06:22.391 [TestNG-test=Test-1] INFO  Dealership.POM - Running Test : PartReturntoVendor
19:06:33.344 [TestNG-test=Test-1] INFO  Dealership.POM - Windows maximized
19:06:40.118 [TestNG-test=Test-1] INFO  Dealership.POM - URL entered
19:06:40.163 [TestNG-test=Test-1] INFO  Dealership.POM - Username field is visible
19:06:40.325 [TestNG-test=Test-1] INFO  Dealership.POM - Password field is visible
19:07:37.402 [TestNG-test=Test-1] INFO  Dealership.POM - GlobalSearch is visible
19:07:42.590 [TestNG-test=Test-1] INFO  Dealership.POM - SearchResult is visible
19:07:42.702 [TestNG-test=Test-1] INFO  Dealership.POM - Part is selected
19:08:07.797 [TestNG-test=Test-1] INFO  Dealership.POM - 3 parts are instock
19:08:07.849 [TestNG-test=Test-1] INFO  Dealership.POM - Order link is visible
19:08:07.913 [TestNG-test=Test-1] INFO  Dealership.POM - Order link is clicked
19:08:08.066 [TestNG-test=Test-1] INFO  Dealership.POM - PartReturn link is visible
19:08:08.134 [TestNG-test=Test-1] INFO  Dealership.POM - PartReturn link is clicked
19:08:14.337 [TestNG-test=Test-1] INFO  Dealership.POM - Vendor_Input is visible
19:08:14.577 [TestNG-test=Test-1] INFO  Dealership.POM - Vendor_Input is filled
19:08:17.229 [TestNG-test=Test-1] INFO  Dealership.POM - SearchResult is visible
19:08:17.338 [TestNG-test=Test-1] INFO  Dealership.POM - SearchResult is selected
19:08:22.438 [TestNG-test=Test-1] INFO  Dealership.POM - The Status is In Progress
19:08:22.500 [TestNG-test=Test-1] INFO  Dealership.POM - AddItems link is visible
19:08:22.590 [TestNG-test=Test-1] INFO  Dealership.POM - AddItems link is clicked
19:08:22.649 [TestNG-test=Test-1] INFO  Dealership.POM - SearchPart field is visible
19:08:22.824 [TestNG-test=Test-1] INFO  Dealership.POM - Part Name is entered
19:08:24.425 [TestNG-test=Test-1] INFO  Dealership.POM - PartName is visible
19:08:24.486 [TestNG-test=Test-1] INFO  Dealership.POM - PartName is selected
19:08:40.255 [TestNG-test=Test-1] INFO  Dealership.POM - ReturnQty field is visible
19:08:40.307 [TestNG-test=Test-1] INFO  Dealership.POM - ReturnQty is filled
19:08:40.489 [TestNG-test=Test-1] INFO  Dealership.POM - RMA field is visible
19:08:40.618 [TestNG-test=Test-1] INFO  Dealership.POM - CreditMemo field is visible
19:08:42.354 [TestNG-test=Test-1] INFO  Dealership.POM - RMA field is filled
19:08:42.354 [TestNG-test=Test-1] INFO  Dealership.POM - CreditMemo field is filled
19:08:42.386 [TestNG-test=Test-1] INFO  Dealership.POM - Submit Return Button is visible
19:08:42.453 [TestNG-test=Test-1] INFO  Dealership.POM - Submit Return Button is clicked
19:08:43.613 [TestNG-test=Test-1] INFO  Dealership.POM - The Status is Submitted
19:08:43.691 [TestNG-test=Test-1] INFO  Dealership.POM - Set As Approved Button is visible
19:08:43.765 [TestNG-test=Test-1] INFO  Dealership.POM - Set As Approved Button is clicked
19:08:45.382 [TestNG-test=Test-1] INFO  Dealership.POM - The Status is Approved
19:08:45.437 [TestNG-test=Test-1] INFO  Dealership.POM - Process Credit Button is visible
19:08:45.495 [TestNG-test=Test-1] INFO  Dealership.POM - Process Credit Button is clicked
19:09:00.602 [TestNG-test=Test-1] INFO  Dealership.POM - The Status is Credited
19:09:05.128 [TestNG-test=Test-1] INFO  Dealership.POM - SearchResult is visible
19:09:06.639 [TestNG-test=Test-1] INFO  Dealership.POM - Part is selected
19:09:26.736 [TestNG-test=Test-1] INFO  Dealership.POM - 2 parts are instock
19:09:26.736 [TestNG-test=Test-1] INFO  Dealership.POM - Succesfully returned -1 Parts to vendor Qavendor-21_01_202203_10_38
19:09:26.737 [TestNG-test=Test-1] INFO  Dealership.POM - Test case PartReturntoVendor passes successfully
19:09:32.685 [TestNG-test=Test-1] INFO  Dealership.POM - Running Test : CreateEditDeleteAppointment
19:09:37.354 [TestNG-test=Test-1] INFO  Dealership.POM - Windows maximized
19:09:43.166 [TestNG-test=Test-1] INFO  Dealership.POM - URL entered
19:09:43.218 [TestNG-test=Test-1] INFO  Dealership.POM - Username field is visible
19:09:43.401 [TestNG-test=Test-1] INFO  Dealership.POM - Password field is visible
19:20:34.160 [TestNG-test=Test-1] INFO  Dealership.POM - Schedule link is visible
19:20:34.658 [TestNG-test=Test-1] INFO  Dealership.POM - Schedule link is clicked
19:20:49.699 [TestNG-test=Test-1] INFO  Dealership.POM - New Appointment Button is visible
19:20:51.347 [TestNG-test=Test-1] FATAL Dealership.POM - Test Failed - screenshot captured for Method : CreateEditDeleteAppointment
19:20:57.328 [TestNG-test=Test-1] INFO  Dealership.POM - Running Test : CreateandView
19:21:02.036 [TestNG-test=Test-1] INFO  Dealership.POM - Windows maximized
19:21:04.053 [TestNG-test=Test-1] INFO  Dealership.POM - URL entered
19:21:04.118 [TestNG-test=Test-1] INFO  Dealership.POM - Username field is visible
19:21:04.418 [TestNG-test=Test-1] INFO  Dealership.POM - Password field is visible
19:21:56.699 [TestNG-test=Test-1] INFO  Dealership.POM - Schedule link is visible
19:21:56.827 [TestNG-test=Test-1] INFO  Dealership.POM - Schedule link is clicked
19:22:09.511 [TestNG-test=Test-1] INFO  Dealership.POM - New Appointment Button is visible
19:22:09.623 [TestNG-test=Test-1] INFO  Dealership.POM - New Appointment Button is clicked
19:22:26.943 [TestNG-test=Test-1] INFO  Dealership.POM - Appointment_schedule_content is visible
19:22:27.099 [TestNG-test=Test-1] INFO  Dealership.POM - Appointment_schedule_content is clicked
19:22:32.773 [TestNG-test=Test-1] FATAL Dealership.POM - Test Failed - screenshot captured for Method : CreateandView
19:22:38.651 [TestNG-test=Test-1] INFO  Dealership.POM - Running Test : MoveAppointment
19:22:42.839 [TestNG-test=Test-1] INFO  Dealership.POM - Windows maximized
19:22:44.510 [TestNG-test=Test-1] INFO  Dealership.POM - URL entered
19:22:44.603 [TestNG-test=Test-1] INFO  Dealership.POM - Username field is visible
19:22:44.770 [TestNG-test=Test-1] INFO  Dealership.POM - Password field is visible
19:23:22.376 [TestNG-test=Test-1] INFO  Dealership.POM - Schedule link is visible
19:23:22.463 [TestNG-test=Test-1] INFO  Dealership.POM - Schedule link is clicked
19:23:33.953 [TestNG-test=Test-1] INFO  Dealership.POM - New Appointment Button is visible
19:23:34.029 [TestNG-test=Test-1] INFO  Dealership.POM - New Appointment Button is clicked
19:23:39.913 [TestNG-test=Test-1] INFO  Dealership.POM - Appointment_schedule_content is visible
19:23:40.198 [TestNG-test=Test-1] INFO  Dealership.POM - Appointment_schedule_content is clicked
19:23:45.508 [TestNG-test=Test-1] FATAL Dealership.POM - Test Failed - screenshot captured for Method : MoveAppointment
19:23:51.452 [TestNG-test=Test-1] INFO  Dealership.POM - Running Test : UnassignedAppointment
19:23:55.874 [TestNG-test=Test-1] INFO  Dealership.POM - Windows maximized
19:23:57.505 [TestNG-test=Test-1] INFO  Dealership.POM - URL entered
19:23:57.571 [TestNG-test=Test-1] INFO  Dealership.POM - Username field is visible
19:23:57.791 [TestNG-test=Test-1] INFO  Dealership.POM - Password field is visible
19:24:34.436 [TestNG-test=Test-1] INFO  Dealership.POM - Schedule link is visible
19:24:34.502 [TestNG-test=Test-1] INFO  Dealership.POM - Schedule link is clicked
19:24:45.988 [TestNG-test=Test-1] INFO  Dealership.POM - DayViewLink is visible
19:24:46.077 [TestNG-test=Test-1] INFO  Dealership.POM - DayViewLink is opened
19:25:11.982 [TestNG-test=Test-1] INFO  Dealership.POM - Un-assigned Appointments link is visible
19:25:12.075 [TestNG-test=Test-1] INFO  Dealership.POM - Un-assigned Appointments are opened
19:25:17.192 [TestNG-test=Test-1] INFO  Dealership.POM - APSearchfield is visible
19:25:17.360 [TestNG-test=Test-1] INFO  Dealership.POM - APSearchfield is filled
19:25:17.428 [TestNG-test=Test-1] INFO  Dealership.POM - TestAppointment is visible
19:25:18.068 [TestNG-test=Test-1] INFO  Dealership.POM - TestAppointment is assigned to a Technician
19:25:44.173 [TestNG-test=Test-1] INFO  Dealership.POM - DayViewLink is visible
19:25:44.276 [TestNG-test=Test-1] INFO  Dealership.POM - DayViewLink is opened
19:25:53.783 [TestNG-test=Test-1] INFO  Dealership.POM - 1 appointments are present
19:25:54.110 [TestNG-test=Test-1] INFO  Dealership.POM - Appointment is clicked
19:26:04.113 [TestNG-test=Test-1] INFO  Dealership.POM - Appointment is opened
19:26:11.698 [TestNG-test=Test-1] INFO  Dealership.POM - ConcernNewTag is visible
19:26:11.994 [TestNG-test=Test-1] INFO  Dealership.POM - ConcernNewTag is filled
19:26:12.022 [TestNG-test=Test-1] INFO  Dealership.POM - EstimatedHours is visible
19:26:12.175 [TestNG-test=Test-1] INFO  Dealership.POM - EstimatedHours is filled
