13:04:36.688 [TestNG-test=Test-1] INFO  Dealership.POM - DealFeesection is clicked
13:05:03.628 [TestNG-test=Test-1] INFO  Dealership.POM - Deal Fee is deleted successfully
13:05:03.629 [TestNG-test=Test-1] INFO  Dealership.POM - Test case LinkedfeeforDeal passes successfully
13:05:09.988 [TestNG-test=Test-1] INFO  Dealership.POM - Running Test : LinkedfeeforServiceJobs
13:05:17.599 [TestNG-test=Test-1] INFO  Dealership.POM - Windows maximized
13:05:20.992 [TestNG-test=Test-1] INFO  Dealership.POM - URL entered
13:05:21.051 [TestNG-test=Test-1] INFO  Dealership.POM - Username field is visible
13:05:21.253 [TestNG-test=Test-1] INFO  Dealership.POM - Password field is visible
13:06:14.423 [TestNG-test=Test-1] INFO  Dealership.POM - Account and Settings link is visible
13:06:14.502 [TestNG-test=Test-1] INFO  Dealership.POM - Account and Settings link is clicked
13:06:14.588 [TestNG-test=Test-1] INFO  Dealership.POM - SystemSettings link is visible
13:06:14.690 [TestNG-test=Test-1] INFO  Dealership.POM - SystemSettings link is clicked
13:06:19.018 [TestNG-test=Test-1] INFO  Dealership.POM - Linked fee management link is clicked
13:06:29.092 [TestNG-test=Test-1] INFO  Dealership.POM - LFeeHeade is System Settings
Linked fee management
13:06:29.127 [TestNG-test=Test-1] INFO  Dealership.POM - ServicejobFeesection is visible
13:06:29.227 [TestNG-test=Test-1] INFO  Dealership.POM - ServicejobFeesection is clicked
13:06:29.313 [TestNG-test=Test-1] INFO  Dealership.POM - LinkAFeeBtn is visible
13:06:29.401 [TestNG-test=Test-1] INFO  Dealership.POM - LinkAFeeBtn is clicked
13:06:35.053 [TestNG-test=Test-1] INFO  Dealership.POM - FeeCodeInput is visible
13:06:35.351 [TestNG-test=Test-1] INFO  Dealership.POM - FeeCodeInput is clicked
13:06:35.446 [TestNG-test=Test-1] INFO  Dealership.POM - Fee Code results is visible
13:06:35.524 [TestNG-test=Test-1] INFO  Dealership.POM - FeeCode is selected
13:06:40.674 [TestNG-test=Test-1] INFO  Dealership.POM - The ServiceJob fee is successfully created
13:06:40.705 [TestNG-test=Test-1] INFO  Dealership.POM - Sell link is visible
13:06:40.765 [TestNG-test=Test-1] INFO  Dealership.POM - Sell link is clickable
13:06:42.660 [TestNG-test=Test-1] INFO  Dealership.POM - Select Customer Dropdown is visible
13:06:44.111 [TestNG-test=Test-1] INFO  Dealership.POM - Select Customer Field is visible
13:06:46.166 [TestNG-test=Test-1] INFO  Dealership.POM - CustomerInfo is visible
13:07:16.505 [TestNG-test=Test-1] INFO  Dealership.POM - ServiceJob button is visible
13:07:19.272 [TestNG-test=Test-1] INFO  Dealership.POM - ServiceJobStatus is visible
13:07:19.316 [TestNG-test=Test-1] INFO  Dealership.POM - ServiceJobStatus is Status: New
13:07:20.383 [TestNG-test=Test-1] INFO  Dealership.POM - The ServiceJob fee is successfully Verified
13:07:20.453 [TestNG-test=Test-1] INFO  Dealership.POM - Account and Settings link is visible
13:07:20.543 [TestNG-test=Test-1] INFO  Dealership.POM - Account and Settings link is clicked
13:07:20.689 [TestNG-test=Test-1] INFO  Dealership.POM - SystemSettings link is visible
13:07:22.030 [TestNG-test=Test-1] INFO  Dealership.POM - SystemSettings link is clicked
13:07:23.967 [TestNG-test=Test-1] INFO  Dealership.POM - Linked fee management link is clicked
13:07:34.045 [TestNG-test=Test-1] INFO  Dealership.POM - LFeeHeade is System Settings
Linked fee management
13:07:34.273 [TestNG-test=Test-1] FATAL Dealership.POM - Test Failed - screenshot captured for Method : LinkedfeeforServiceJobs
13:07:40.296 [TestNG-test=Test-1] INFO  Dealership.POM - Running Test : LinkedfeeforMarchendise
13:07:44.371 [TestNG-test=Test-1] INFO  Dealership.POM - Windows maximized
13:07:47.617 [TestNG-test=Test-1] INFO  Dealership.POM - URL entered
13:07:47.669 [TestNG-test=Test-1] INFO  Dealership.POM - Username field is visible
13:07:47.841 [TestNG-test=Test-1] INFO  Dealership.POM - Password field is visible
13:08:17.978 [TestNG-test=Test-1] INFO  Dealership.POM - Account and Settings link is visible
13:08:18.053 [TestNG-test=Test-1] INFO  Dealership.POM - Account and Settings link is clicked
13:08:18.148 [TestNG-test=Test-1] INFO  Dealership.POM - SystemSettings link is visible
13:08:18.253 [TestNG-test=Test-1] INFO  Dealership.POM - SystemSettings link is clicked
13:08:24.959 [TestNG-test=Test-1] INFO  Dealership.POM - Linked fee management link is clicked
13:08:35.029 [TestNG-test=Test-1] INFO  Dealership.POM - LFeeHeade is System Settings
Linked fee management
13:08:35.062 [TestNG-test=Test-1] INFO  Dealership.POM - MerchandiseFeesection is visible
13:08:35.138 [TestNG-test=Test-1] INFO  Dealership.POM - MerchandiseFeesection is clicked
13:08:35.214 [TestNG-test=Test-1] INFO  Dealership.POM - LinkAFeeBtn is visible
13:08:35.287 [TestNG-test=Test-1] INFO  Dealership.POM - LinkAFeeBtn is clicked
13:08:41.446 [TestNG-test=Test-1] INFO  Dealership.POM - FeeCodeInput is visible
13:08:41.686 [TestNG-test=Test-1] INFO  Dealership.POM - FeeCodeInput is clicked
13:08:41.767 [TestNG-test=Test-1] INFO  Dealership.POM - Fee Code results is visible
13:08:41.851 [TestNG-test=Test-1] INFO  Dealership.POM - FeeCode is selected
13:08:47.000 [TestNG-test=Test-1] INFO  Dealership.POM - The Merchandise fee is successfully created
13:08:47.076 [TestNG-test=Test-1] INFO  Dealership.POM - Sell link is visible
13:08:47.155 [TestNG-test=Test-1] INFO  Dealership.POM - Sell link is clickable
13:08:53.801 [TestNG-test=Test-1] INFO  Dealership.POM - Sell Part tile is displayed
13:08:53.915 [TestNG-test=Test-1] INFO  Dealership.POM - Sell Part tile is clicked
13:08:54.574 [TestNG-test=Test-1] INFO  Dealership.POM - Searchbox is visible
13:08:54.605 [TestNG-test=Test-1] INFO  Dealership.POM - Searchbox is visible
13:08:58.688 [TestNG-test=Test-1] INFO  Dealership.POM - Merchentity is visible
13:09:08.895 [TestNG-test=Test-1] INFO  Dealership.POM - The Merchandise fee is successfully Verified
13:09:08.976 [TestNG-test=Test-1] INFO  Dealership.POM - Account and Settings link is visible
13:09:09.114 [TestNG-test=Test-1] INFO  Dealership.POM - Account and Settings link is clicked
13:09:09.211 [TestNG-test=Test-1] INFO  Dealership.POM - SystemSettings link is visible
13:09:11.578 [TestNG-test=Test-1] INFO  Dealership.POM - SystemSettings link is clicked
13:09:13.482 [TestNG-test=Test-1] INFO  Dealership.POM - Linked fee management link is clicked
13:09:23.562 [TestNG-test=Test-1] INFO  Dealership.POM - LFeeHeade is System Settings
Linked fee management
13:09:23.608 [TestNG-test=Test-1] INFO  Dealership.POM - MerchandiseFeesection is visible
13:09:23.711 [TestNG-test=Test-1] INFO  Dealership.POM - MerchandiseFeesection is clicked
13:09:50.761 [TestNG-test=Test-1] INFO  Dealership.POM - Merchandise Fee is deleted successfully
13:09:50.762 [TestNG-test=Test-1] INFO  Dealership.POM - Test case LinkedfeeforMarchendise passes successfully
13:09:57.722 [TestNG-test=Test-1] INFO  Dealership.POM - Running Test : LinkedformforDeal
13:10:02.423 [TestNG-test=Test-1] INFO  Dealership.POM - Windows maximized
13:10:06.206 [TestNG-test=Test-1] INFO  Dealership.POM - URL entered
13:10:06.253 [TestNG-test=Test-1] INFO  Dealership.POM - Username field is visible
13:10:06.426 [TestNG-test=Test-1] INFO  Dealership.POM - Password field is visible
13:10:44.269 [TestNG-test=Test-1] INFO  Dealership.POM - Account and Settings link is visible
13:10:44.352 [TestNG-test=Test-1] INFO  Dealership.POM - Account and Settings link is clicked
13:10:44.438 [TestNG-test=Test-1] INFO  Dealership.POM - SystemSettings link is visible
13:10:44.512 [TestNG-test=Test-1] INFO  Dealership.POM - SystemSettings link is clicked
13:10:48.319 [TestNG-test=Test-1] INFO  Dealership.POM - Linked form management link is clicked
13:10:58.390 [TestNG-test=Test-1] INFO  Dealership.POM - LFeeHeade is Linked form management
13:10:58.697 [TestNG-test=Test-1] FATAL Dealership.POM - Test Failed - screenshot captured for Method : LinkedformforDeal
13:11:04.669 [TestNG-test=Test-1] INFO  Dealership.POM - Running Test : LinkedformforFinancing
13:11:09.129 [TestNG-test=Test-1] INFO  Dealership.POM - Windows maximized
13:11:12.564 [TestNG-test=Test-1] INFO  Dealership.POM - URL entered
13:11:12.641 [TestNG-test=Test-1] INFO  Dealership.POM - Username field is visible
13:11:12.878 [TestNG-test=Test-1] INFO  Dealership.POM - Password field is visible
13:11:49.407 [TestNG-test=Test-1] INFO  Dealership.POM - Account and Settings link is visible
13:11:49.523 [TestNG-test=Test-1] INFO  Dealership.POM - Account and Settings link is clicked
13:11:49.622 [TestNG-test=Test-1] INFO  Dealership.POM - SystemSettings link is visible
13:11:49.760 [TestNG-test=Test-1] INFO  Dealership.POM - SystemSettings link is clicked
13:11:55.989 [TestNG-test=Test-1] INFO  Dealership.POM - Linked form management link is clicked
13:12:06.081 [TestNG-test=Test-1] INFO  Dealership.POM - LFeeHeade is Linked form management
13:12:06.136 [TestNG-test=Test-1] INFO  Dealership.POM - FinancingFormsection is visible
13:12:06.226 [TestNG-test=Test-1] INFO  Dealership.POM - FinancingFormsection is clicked
13:12:11.321 [TestNG-test=Test-1] INFO  Dealership.POM - LinkAFormBtn is visible
13:12:11.373 [TestNG-test=Test-1] INFO  Dealership.POM - LinkAFormBtn is clicked
13:13:51.880 [TestNG-test=Test-1] FATAL Dealership.POM - Test Failed - screenshot captured for Method : LinkedformforFinancing
13:13:58.044 [TestNG-test=Test-1] INFO  Dealership.POM - Running Test : LinkedformforService
13:14:04.030 [TestNG-test=Test-1] INFO  Dealership.POM - Windows maximized
13:14:07.303 [TestNG-test=Test-1] INFO  Dealership.POM - URL entered
13:14:07.389 [TestNG-test=Test-1] INFO  Dealership.POM - Username field is visible
13:14:07.665 [TestNG-test=Test-1] INFO  Dealership.POM - Password field is visible
13:14:42.735 [TestNG-test=Test-1] INFO  Dealership.POM - Account and Settings link is visible
13:14:42.927 [TestNG-test=Test-1] INFO  Dealership.POM - Account and Settings link is clicked
13:14:43.066 [TestNG-test=Test-1] INFO  Dealership.POM - SystemSettings link is visible
13:14:43.317 [TestNG-test=Test-1] INFO  Dealership.POM - SystemSettings link is clicked
13:14:49.507 [TestNG-test=Test-1] INFO  Dealership.POM - Linked form management link is clicked
13:14:59.590 [TestNG-test=Test-1] INFO  Dealership.POM - LFeeHeade is Linked form management
13:14:59.630 [TestNG-test=Test-1] INFO  Dealership.POM - ServiceFormsection is visible
13:14:59.737 [TestNG-test=Test-1] INFO  Dealership.POM - ServiceFormsection is clicked
13:15:04.840 [TestNG-test=Test-1] INFO  Dealership.POM - LinkAFormBtn is visible
13:15:04.907 [TestNG-test=Test-1] INFO  Dealership.POM - LinkAFormBtn is clicked
13:15:11.622 [TestNG-test=Test-1] INFO  Dealership.POM - FormInput is visible
13:15:11.827 [TestNG-test=Test-1] INFO  Dealership.POM - FormInput is clicked
13:15:16.937 [TestNG-test=Test-1] INFO  Dealership.POM - Formdropdown is visible
13:15:20.000 [TestNG-test=Test-1] INFO  Dealership.POM - Formdropdown is clicked
13:15:20.056 [TestNG-test=Test-1] INFO  Dealership.POM - LinktoServiceBtn is visible
13:15:20.159 [TestNG-test=Test-1] INFO  Dealership.POM - LinktoServiceBtn is clicked
13:15:25.216 [TestNG-test=Test-1] INFO  Dealership.POM - Service form is successfully created
13:15:25.259 [TestNG-test=Test-1] INFO  Dealership.POM - Sell link is visible
13:15:26.532 [TestNG-test=Test-1] FATAL Dealership.POM - Test Failed - screenshot captured for Method : LinkedformforService
13:15:32.589 [TestNG-test=Test-1] INFO  Dealership.POM - Running Test : LinkedformforVP
13:15:37.080 [TestNG-test=Test-1] INFO  Dealership.POM - Windows maximized
13:15:39.512 [TestNG-test=Test-1] INFO  Dealership.POM - URL entered
13:15:39.635 [TestNG-test=Test-1] INFO  Dealership.POM - Username field is visible
13:15:40.291 [TestNG-test=Test-1] INFO  Dealership.POM - Password field is visible
13:16:15.236 [TestNG-test=Test-1] INFO  Dealership.POM - Account and Settings link is visible
13:16:15.331 [TestNG-test=Test-1] INFO  Dealership.POM - Account and Settings link is clicked
13:16:15.445 [TestNG-test=Test-1] INFO  Dealership.POM - SystemSettings link is visible
13:16:15.556 [TestNG-test=Test-1] INFO  Dealership.POM - SystemSettings link is clicked
13:16:21.639 [TestNG-test=Test-1] INFO  Dealership.POM - Linked form management link is clicked
13:16:31.701 [TestNG-test=Test-1] INFO  Dealership.POM - FormHeader is Linked form management
13:16:31.738 [TestNG-test=Test-1] INFO  Dealership.POM - VPFormsection is visible
13:16:31.832 [TestNG-test=Test-1] INFO  Dealership.POM - VPFormsection is clicked
13:16:36.929 [TestNG-test=Test-1] INFO  Dealership.POM - LinkAFormBtn is visible
13:16:36.996 [TestNG-test=Test-1] INFO  Dealership.POM - LinkAFormBtn is clicked
13:38:22.335 [TestNG-test=Test-1] FATAL Dealership.POM - Test Failed - screenshot captured for Method : LinkedformforVP
13:38:37.480 [TestNG-test=Test-1] INFO  Dealership.POM - Running Test : MakeAndModel
13:38:46.177 [TestNG-test=Test-1] INFO  Dealership.POM - Windows maximized
13:38:50.025 [TestNG-test=Test-1] INFO  Dealership.POM - URL entered
13:38:50.103 [TestNG-test=Test-1] INFO  Dealership.POM - Username field is visible
13:38:50.545 [TestNG-test=Test-1] INFO  Dealership.POM - Password field is visible
13:39:28.753 [TestNG-test=Test-1] INFO  Dealership.POM - Account and Settings link is visible
13:39:28.953 [TestNG-test=Test-1] INFO  Dealership.POM - Account and Settings link is clicked
13:39:29.124 [TestNG-test=Test-1] INFO  Dealership.POM - SystemSettings link is visible
13:39:29.255 [TestNG-test=Test-1] INFO  Dealership.POM - SystemSettings link is clicked
13:39:34.244 [TestNG-test=Test-1] INFO  Dealership.POM - Make & model link is clicked
13:39:40.848 [TestNG-test=Test-1] INFO  Dealership.POM - AddNewMakebtn is visible
13:39:40.960 [TestNG-test=Test-1] INFO  Dealership.POM - AddNewMakebtn is clicked
13:39:44.617 [TestNG-test=Test-1] INFO  Dealership.POM - AddNewMakeField is visible
13:39:44.801 [TestNG-test=Test-1] INFO  Dealership.POM - AddNewMakeField is filled
13:39:44.856 [TestNG-test=Test-1] INFO  Dealership.POM - SaveNewMakebtn is visible
13:39:44.949 [TestNG-test=Test-1] INFO  Dealership.POM - SaveNewMakebtn is clicked
13:39:50.311 [TestNG-test=Test-1] FATAL Dealership.POM - Test Failed - screenshot captured for Method : MakeAndModel
13:39:56.183 [TestNG-test=Test-1] INFO  Dealership.POM - Running Test : ProductLocations
13:40:00.892 [TestNG-test=Test-1] INFO  Dealership.POM - Windows maximized
13:40:03.113 [TestNG-test=Test-1] INFO  Dealership.POM - URL entered
13:40:03.176 [TestNG-test=Test-1] INFO  Dealership.POM - Username field is visible
13:40:03.407 [TestNG-test=Test-1] INFO  Dealership.POM - Password field is visible
13:40:40.069 [TestNG-test=Test-1] INFO  Dealership.POM - Account and Settings link is visible
13:40:40.127 [TestNG-test=Test-1] INFO  Dealership.POM - Account and Settings link is clicked
13:40:40.221 [TestNG-test=Test-1] INFO  Dealership.POM - SystemSettings link is visible
13:40:40.291 [TestNG-test=Test-1] INFO  Dealership.POM - SystemSettings link is clicked
13:40:43.969 [TestNG-test=Test-1] INFO  Dealership.POM - Product locations link is clicked
13:40:45.541 [TestNG-test=Test-1] INFO  Dealership.POM - Product locations Header is visible
13:40:45.867 [TestNG-test=Test-1] INFO  Dealership.POM - Add Location Field is visible
13:40:46.129 [TestNG-test=Test-1] INFO  Dealership.POM - Add Location Field is filled
13:40:46.428 [TestNG-test=Test-1] INFO  Dealership.POM - AutoLocation is visible
13:40:46.877 [TestNG-test=Test-1] FATAL Dealership.POM - Test Failed - screenshot captured for Method : ProductLocations
13:40:53.114 [TestNG-test=Test-1] INFO  Dealership.POM - Running Test : Tagmanagement
13:40:57.508 [TestNG-test=Test-1] INFO  Dealership.POM - Windows maximized
13:41:01.167 [TestNG-test=Test-1] INFO  Dealership.POM - URL entered
13:41:01.239 [TestNG-test=Test-1] INFO  Dealership.POM - Username field is visible
13:41:01.431 [TestNG-test=Test-1] INFO  Dealership.POM - Password field is visible
13:41:37.814 [TestNG-test=Test-1] INFO  Dealership.POM - Account and Settings link is visible
13:41:37.993 [TestNG-test=Test-1] INFO  Dealership.POM - Account and Settings link is clicked
13:41:38.089 [TestNG-test=Test-1] INFO  Dealership.POM - SystemSettings link is visible
13:41:38.201 [TestNG-test=Test-1] INFO  Dealership.POM - SystemSettings link is clicked
13:41:42.213 [TestNG-test=Test-1] INFO  Dealership.POM - Tag management link is clicked
13:41:43.787 [TestNG-test=Test-1] INFO  Dealership.POM - TagHeader is visible
13:41:43.921 [TestNG-test=Test-1] INFO  Dealership.POM - AddTagField is visible
13:41:44.167 [TestNG-test=Test-1] INFO  Dealership.POM - AddTagField is filled
13:41:44.858 [TestNG-test=Test-1] INFO  Dealership.POM - AutoTag is visible
13:41:45.526 [TestNG-test=Test-1] FATAL Dealership.POM - Test Failed - screenshot captured for Method : Tagmanagement
13:41:51.746 [TestNG-test=Test-1] INFO  Dealership.POM - Running Test : Taxmanagement
13:41:56.685 [TestNG-test=Test-1] INFO  Dealership.POM - Windows maximized
13:41:59.343 [TestNG-test=Test-1] INFO  Dealership.POM - URL entered
13:41:59.401 [TestNG-test=Test-1] INFO  Dealership.POM - Username field is visible
13:41:59.597 [TestNG-test=Test-1] INFO  Dealership.POM - Password field is visible
13:42:53.451 [TestNG-test=Test-1] INFO  Dealership.POM - Account and Settings link is visible
13:42:53.547 [TestNG-test=Test-1] INFO  Dealership.POM - Account and Settings link is clicked
13:42:53.659 [TestNG-test=Test-1] INFO  Dealership.POM - SystemSettings link is visible
13:42:53.766 [TestNG-test=Test-1] INFO  Dealership.POM - SystemSettings link is clicked
13:42:58.643 [TestNG-test=Test-1] INFO  Dealership.POM - Tax management link is clicked
13:43:00.570 [TestNG-test=Test-1] INFO  Dealership.POM - TaxHeader is visible
13:43:10.706 [TestNG-test=Test-1] INFO  Dealership.POM - TaxRates link is visible
13:43:10.833 [TestNG-test=Test-1] INFO  Dealership.POM - TaxRates link is clicked
13:43:10.941 [TestNG-test=Test-1] INFO  Dealership.POM - AddNewSellingTaxRate link is visible
13:43:11.075 [TestNG-test=Test-1] INFO  Dealership.POM - AddNewSellingTaxRate link is clicked
13:43:14.759 [TestNG-test=Test-1] INFO  Dealership.POM - TaxName is visible
13:43:14.987 [TestNG-test=Test-1] INFO  Dealership.POM - TaxName is filled
13:43:15.032 [TestNG-test=Test-1] INFO  Dealership.POM - FormsLabel is visible
13:43:15.254 [TestNG-test=Test-1] INFO  Dealership.POM - FormsLabel is filled
13:43:15.308 [TestNG-test=Test-1] INFO  Dealership.POM - Rate is visible
13:43:15.494 [TestNG-test=Test-1] INFO  Dealership.POM - Rate is filled
13:43:15.537 [TestNG-test=Test-1] INFO  Dealership.POM - SaveButton is visible
13:43:15.613 [TestNG-test=Test-1] INFO  Dealership.POM - SaveButton is clicked
13:43:32.296 [TestNG-test=Test-1] INFO  Dealership.POM - sellingtaxrate_364 is added successfully
13:43:43.706 [TestNG-test=Test-1] INFO  Dealership.POM - TaxCodes link is visible
13:43:43.798 [TestNG-test=Test-1] INFO  Dealership.POM - TaxCodes link is clicked
13:43:43.891 [TestNG-test=Test-1] INFO  Dealership.POM - AddNewSellingTaxCode link is visible
13:43:43.982 [TestNG-test=Test-1] INFO  Dealership.POM - AddNewSellingTaxCode link is clicked
13:43:47.679 [TestNG-test=Test-1] INFO  Dealership.POM - TaxCodeName is visible
13:43:47.904 [TestNG-test=Test-1] INFO  Dealership.POM - TaxCodeName is filled
13:43:47.942 [TestNG-test=Test-1] INFO  Dealership.POM - FormsLabelCode is visible
13:43:48.169 [TestNG-test=Test-1] INFO  Dealership.POM - FormsLabelCode is filled
13:43:48.216 [TestNG-test=Test-1] INFO  Dealership.POM - ActiveToggle is visible
13:43:48.304 [TestNG-test=Test-1] INFO  Dealership.POM - ActiveToggle is clicked
13:43:48.362 [TestNG-test=Test-1] INFO  Dealership.POM - SaveButton is visible
13:43:48.458 [TestNG-test=Test-1] INFO  Dealership.POM - SaveButton is clicked
13:44:04.291 [TestNG-test=Test-1] INFO  Dealership.POM - NewTaxCode is visible
13:44:04.395 [TestNG-test=Test-1] INFO  Dealership.POM - NewTaxCode is clicked
13:44:06.542 [TestNG-test=Test-1] INFO  Dealership.POM - AssignTaxRateButton is visible
13:44:06.657 [TestNG-test=Test-1] INFO  Dealership.POM - AssignTaxRateButton is clicked
13:44:19.508 [TestNG-test=Test-1] INFO  Dealership.POM - AssignedrateCheckbox is selected
13:44:24.605 [TestNG-test=Test-1] INFO  Dealership.POM - Update button is clicked
13:44:44.669 [TestNG-test=Test-1] INFO  Dealership.POM - Tax rate has been successfully assigned
13:44:49.821 [TestNG-test=Test-1] INFO  Dealership.POM - Addnew button is displayed
13:44:49.907 [TestNG-test=Test-1] INFO  Dealership.POM - Addnew button is clicked
13:44:50.048 [TestNG-test=Test-1] INFO  Dealership.POM - Part button is displayed
13:44:50.191 [TestNG-test=Test-1] INFO  Dealership.POM - Part button is clicked
13:44:59.019 [TestNG-test=Test-1] INFO  Dealership.POM - Part creation window is opened
13:44:59.156 [TestNG-test=Test-1] INFO  Dealership.POM - ApplicableTax is selected
13:44:59.156 [TestNG-test=Test-1] INFO  Dealership.POM - Tax code is verified
13:44:59.208 [TestNG-test=Test-1] INFO  Dealership.POM - Part Cancel Button  is displayed
13:44:59.376 [TestNG-test=Test-1] INFO  Dealership.POM - Cancel button is clicked
13:45:10.830 [TestNG-test=Test-1] INFO  Dealership.POM - TaxCodes link is visible
13:45:10.981 [TestNG-test=Test-1] INFO  Dealership.POM - TaxCodes link is clicked
13:45:11.867 [TestNG-test=Test-1] INFO  Dealership.POM - NewTaxCode is visible
13:45:11.955 [TestNG-test=Test-1] INFO  Dealership.POM - NewTaxCode is clicked
13:45:14.106 [TestNG-test=Test-1] INFO  Dealership.POM - Activetaxtoggle is clicked
13:45:14.325 [TestNG-test=Test-1] INFO  Dealership.POM - Tax code is deactivated
13:45:26.397 [TestNG-test=Test-1] INFO  Dealership.POM - NewTaxCode is visible
13:45:26.461 [TestNG-test=Test-1] INFO  Dealership.POM - NewTaxCode is clicked
13:45:28.555 [TestNG-test=Test-1] INFO  Dealership.POM - AssignTaxRateButton is visible
13:45:28.660 [TestNG-test=Test-1] INFO  Dealership.POM - AssignTaxRateButton is clicked
13:45:41.652 [TestNG-test=Test-1] INFO  Dealership.POM - AssignedrateCheckbox is deselected
13:45:46.760 [TestNG-test=Test-1] INFO  Dealership.POM - Update button is clicked
13:46:22.159 [TestNG-test=Test-1] INFO  Dealership.POM - taxcode is successfully removed
13:46:42.597 [TestNG-test=Test-1] INFO  Dealership.POM - TaxRates link is visible
13:46:42.740 [TestNG-test=Test-1] INFO  Dealership.POM - TaxRates link is clicked
13:46:43.657 [TestNG-test=Test-1] INFO  Dealership.POM - EditTaxrate link is visible
13:46:43.759 [TestNG-test=Test-1] INFO  Dealership.POM - EditTaxrate link is clicked
13:46:49.411 [TestNG-test=Test-1] INFO  Dealership.POM - Editsavetaxrates link is visible
13:46:49.488 [TestNG-test=Test-1] INFO  Dealership.POM - Editsavetaxrates link is clicked
13:46:57.594 [TestNG-test=Test-1] INFO  Dealership.POM - Deletetaxrate link is visible
13:46:57.689 [TestNG-test=Test-1] INFO  Dealership.POM - Deletetaxrate link is clicked
13:47:12.930 [TestNG-test=Test-1] INFO  Dealership.POM - taxrate is successfully removed
13:47:12.931 [TestNG-test=Test-1] INFO  Dealership.POM - Test case Taxmanagement passes successfully
13:47:19.042 [TestNG-test=Test-1] INFO  Dealership.POM - Running Test : Textmessagetemplates
13:47:24.133 [TestNG-test=Test-1] INFO  Dealership.POM - Windows maximized
13:47:27.323 [TestNG-test=Test-1] INFO  Dealership.POM - URL entered
13:47:27.392 [TestNG-test=Test-1] INFO  Dealership.POM - Username field is visible
13:47:27.590 [TestNG-test=Test-1] INFO  Dealership.POM - Password field is visible
13:48:02.973 [TestNG-test=Test-1] INFO  Dealership.POM - Account and Settings link is visible
13:48:03.058 [TestNG-test=Test-1] INFO  Dealership.POM - Account and Settings link is clicked
13:48:03.149 [TestNG-test=Test-1] INFO  Dealership.POM - SystemSettings link is visible
13:48:03.244 [TestNG-test=Test-1] INFO  Dealership.POM - SystemSettings link is clicked
13:48:06.839 [TestNG-test=Test-1] INFO  Dealership.POM - Text message templates link is clicked
13:48:08.701 [TestNG-test=Test-1] INFO  Dealership.POM - TempletHeader link is visible
13:48:10.057 [TestNG-test=Test-1] FATAL Dealership.POM - Test Failed - screenshot captured for Method : Textmessagetemplates
13:48:16.162 [TestNG-test=Test-1] INFO  Dealership.POM - Running Test : Unitpricingandoptions
13:48:20.949 [TestNG-test=Test-1] INFO  Dealership.POM - Windows maximized
13:48:23.296 [TestNG-test=Test-1] INFO  Dealership.POM - URL entered
13:48:23.365 [TestNG-test=Test-1] INFO  Dealership.POM - Username field is visible
13:48:23.590 [TestNG-test=Test-1] INFO  Dealership.POM - Password field is visible
13:48:59.287 [TestNG-test=Test-1] INFO  Dealership.POM - Account and Settings link is visible
13:48:59.435 [TestNG-test=Test-1] INFO  Dealership.POM - Account and Settings link is clicked
13:48:59.584 [TestNG-test=Test-1] INFO  Dealership.POM - SystemSettings link is visible
13:48:59.736 [TestNG-test=Test-1] INFO  Dealership.POM - SystemSettings link is clicked
13:49:04.292 [TestNG-test=Test-1] INFO  Dealership.POM - Unit pricing and options link is clicked
13:49:05.882 [TestNG-test=Test-1] INFO  Dealership.POM - Unitpricingheader link is Unit pricing & options
13:49:11.529 [TestNG-test=Test-1] INFO  Dealership.POM - Auto_Make link is visible
13:49:11.641 [TestNG-test=Test-1] INFO  Dealership.POM - Auto_Make link is clicked
13:49:11.755 [TestNG-test=Test-1] INFO  Dealership.POM - Makeheader link is Unit pricing & options
13:49:17.429 [TestNG-test=Test-1] INFO  Dealership.POM - Codefield is visible
13:49:17.581 [TestNG-test=Test-1] INFO  Dealership.POM - Codefield is filled
13:49:17.628 [TestNG-test=Test-1] INFO  Dealership.POM - Descriptionfield is visible
13:49:17.751 [TestNG-test=Test-1] INFO  Dealership.POM - Descriptionfield is filled
13:49:17.805 [TestNG-test=Test-1] INFO  Dealership.POM - Auto_Model is visible
13:49:17.895 [TestNG-test=Test-1] INFO  Dealership.POM - Auto_Model is clicked
13:49:23.554 [TestNG-test=Test-1] INFO  Dealership.POM - Auto_SubModel is visible
13:49:23.650 [TestNG-test=Test-1] INFO  Dealership.POM - Auto_SubModel is clicked
13:49:29.876 [TestNG-test=Test-1] INFO  Dealership.POM - Baseunitprice is visible
13:49:30.059 [TestNG-test=Test-1] INFO  Dealership.POM - Baseunitprice is filled
13:49:30.165 [TestNG-test=Test-1] INFO  Dealership.POM - CostPrice is visible
13:49:30.348 [TestNG-test=Test-1] INFO  Dealership.POM - CostPrice is filled
13:49:30.390 [TestNG-test=Test-1] INFO  Dealership.POM - Auto_SubModel is visible
13:49:30.483 [TestNG-test=Test-1] INFO  Dealership.POM - Auto_SubModel is clicked
13:49:30.591 [TestNG-test=Test-1] INFO  Dealership.POM - Order link is visible
13:49:30.681 [TestNG-test=Test-1] INFO  Dealership.POM - Order link is clicked
13:49:30.998 [TestNG-test=Test-1] INFO  Dealership.POM - UnitOrder link is visible
13:49:31.137 [TestNG-test=Test-1] INFO  Dealership.POM - UnitOrder link is clicked
13:49:53.428 [TestNG-test=Test-1] INFO  Dealership.POM - FirstVendor link is visible
13:49:58.570 [TestNG-test=Test-1] INFO  Dealership.POM - Orderunit Button is visible
13:49:58.697 [TestNG-test=Test-1] INFO  Dealership.POM - Orderunit Button is clicked
13:50:01.791 [TestNG-test=Test-1] INFO  Dealership.POM - MakeField is visible
13:50:07.292 [TestNG-test=Test-1] INFO  Dealership.POM - MakeFieldDropdown is visible
13:50:08.185 [TestNG-test=Test-1] INFO  Dealership.POM - MakeField is filled
13:50:08.246 [TestNG-test=Test-1] INFO  Dealership.POM - Model Field is visible
13:50:12.520 [TestNG-test=Test-1] INFO  Dealership.POM - ModelFieldDropdown is visible
13:50:12.643 [TestNG-test=Test-1] INFO  Dealership.POM - ModelField is filled
13:50:12.710 [TestNG-test=Test-1] INFO  Dealership.POM - SubModel Field is visible
13:50:17.007 [TestNG-test=Test-1] INFO  Dealership.POM - SubModelFieldDropdown is visible
13:50:17.115 [TestNG-test=Test-1] INFO  Dealership.POM - SubModelField is filled
13:50:17.177 [TestNG-test=Test-1] INFO  Dealership.POM - YearUnitOrdering Field is visible
13:50:17.432 [TestNG-test=Test-1] INFO  Dealership.POM - YearDropdown is visible
13:50:17.578 [TestNG-test=Test-1] INFO  Dealership.POM - Year is selected
13:50:17.647 [TestNG-test=Test-1] INFO  Dealership.POM - ConditionUnitOrdering Field is visible
13:50:17.875 [TestNG-test=Test-1] INFO  Dealership.POM - ConditionDropdown is visible
13:50:18.133 [TestNG-test=Test-1] INFO  Dealership.POM - Condition is selected
13:50:18.212 [TestNG-test=Test-1] INFO  Dealership.POM - Colorfiled is visible
13:50:18.417 [TestNG-test=Test-1] INFO  Dealership.POM - Colorfiled is selected
13:50:18.483 [TestNG-test=Test-1] INFO  Dealership.POM - Factoryfiled is visible
13:50:18.666 [TestNG-test=Test-1] INFO  Dealership.POM - Factoryfiled is filled
13:50:18.722 [TestNG-test=Test-1] INFO  Dealership.POM - StockNumber is visible
13:50:18.900 [TestNG-test=Test-1] INFO  Dealership.POM - StockNumber is filled
13:50:18.968 [TestNG-test=Test-1] INFO  Dealership.POM - CategoryUnitOrdering Field is visible
13:50:19.148 [TestNG-test=Test-1] INFO  Dealership.POM - CategoryDropdown is visible
13:50:19.257 [TestNG-test=Test-1] INFO  Dealership.POM - CategoryDropdown is selected
13:50:24.321 [TestNG-test=Test-1] INFO  Dealership.POM - OrderedDateUnitOrdering Field is visible
13:50:26.555 [TestNG-test=Test-1] INFO  Dealership.POM - OrderDate is visible
13:50:27.861 [TestNG-test=Test-1] FATAL Dealership.POM - Test Failed - screenshot captured for Method : Unitpricingandoptions
13:50:33.963 [TestNG-test=Test-1] INFO  Dealership.POM - Running Test : Userpermissions
13:50:38.610 [TestNG-test=Test-1] INFO  Dealership.POM - Windows maximized
13:50:41.631 [TestNG-test=Test-1] INFO  Dealership.POM - URL entered
13:50:41.705 [TestNG-test=Test-1] INFO  Dealership.POM - Username field is visible
13:50:41.903 [TestNG-test=Test-1] INFO  Dealership.POM - Password field is visible
13:51:17.546 [TestNG-test=Test-1] INFO  Dealership.POM - Account and Settings link is visible
13:51:17.674 [TestNG-test=Test-1] INFO  Dealership.POM - Account and Settings link is clicked
13:51:17.770 [TestNG-test=Test-1] INFO  Dealership.POM - SystemSettings link is visible
13:51:17.887 [TestNG-test=Test-1] INFO  Dealership.POM - SystemSettings link is clicked
13:51:21.808 [TestNG-test=Test-1] INFO  Dealership.POM - User permissions link is clicked
13:51:23.062 [TestNG-test=Test-1] INFO  Dealership.POM - Userpermissionheader is [[ChromeDriver: chrome on WINDOWS (b99a220ac489fa1d5808cc617fbaba51)] -> xpath: //*[@id="BP_Home_mainContainer"]/div[1]/div/div[1]/div/h1]
13:51:28.192 [TestNG-test=Test-1] INFO  Dealership.POM - CreateButton is visible
13:51:28.296 [TestNG-test=Test-1] INFO  Dealership.POM - CreateButton is clicked
13:51:33.954 [TestNG-test=Test-1] INFO  Dealership.POM - GroupNameInput is visible
13:51:34.176 [TestNG-test=Test-1] INFO  Dealership.POM - GroupName is entered
13:51:34.238 [TestNG-test=Test-1] INFO  Dealership.POM - Assigncolor is visible
13:51:34.355 [TestNG-test=Test-1] INFO  Dealership.POM - Color is assigned
13:51:34.415 [TestNG-test=Test-1] INFO  Dealership.POM - CreateButton is visible
13:51:34.515 [TestNG-test=Test-1] INFO  Dealership.POM - group is created
13:51:41.562 [TestNG-test=Test-1] INFO  Dealership.POM - Newgroupname is Group: Automation group
13:51:41.562 [TestNG-test=Test-1] INFO  Dealership.POM - Newgroupname is veriied
13:51:41.609 [TestNG-test=Test-1] INFO  Dealership.POM - MembersLink is visible
13:51:41.698 [TestNG-test=Test-1] INFO  Dealership.POM - MembersLink is veriied
13:51:46.808 [TestNG-test=Test-1] INFO  Dealership.POM - AssignMembers button is visible
13:51:46.910 [TestNG-test=Test-1] INFO  Dealership.POM - AssignMembers button is clicked
13:51:52.563 [TestNG-test=Test-1] INFO  Dealership.POM - SearchUserField is visible
13:51:52.920 [TestNG-test=Test-1] INFO  Dealership.POM - Assign button is clicked
13:51:57.991 [TestNG-test=Test-1] INFO  Dealership.POM - User is assigned to group
13:51:58.097 [TestNG-test=Test-1] INFO  Dealership.POM - Account and Settings link is visible
13:51:58.192 [TestNG-test=Test-1] INFO  Dealership.POM - Account and Settings link is clicked
13:51:58.342 [TestNG-test=Test-1] INFO  Dealership.POM - Logout link is visible
13:52:00.865 [TestNG-test=Test-1] INFO  Dealership.POM - Logout link is clicked
13:52:10.962 [TestNG-test=Test-1] INFO  Dealership.POM - Username field is visible
13:52:11.177 [TestNG-test=Test-1] INFO  Dealership.POM - Password field is visible
13:52:36.933 [TestNG-test=Test-1] INFO  Dealership.POM - Schedule Link is not clickable
13:52:37.017 [TestNG-test=Test-1] INFO  Dealership.POM - Account and Settings link is visible
13:52:37.136 [TestNG-test=Test-1] INFO  Dealership.POM - Account and Settings link is clicked
13:52:37.222 [TestNG-test=Test-1] INFO  Dealership.POM - Logout link is visible
13:52:39.851 [TestNG-test=Test-1] INFO  Dealership.POM - Logout link is clicked
13:52:49.937 [TestNG-test=Test-1] INFO  Dealership.POM - Username field is visible
13:52:50.101 [TestNG-test=Test-1] INFO  Dealership.POM - Password field is visible
13:53:09.787 [TestNG-test=Test-1] INFO  Dealership.POM - Account and Settings link is visible
13:53:09.862 [TestNG-test=Test-1] INFO  Dealership.POM - Account and Settings link is clicked
13:53:09.947 [TestNG-test=Test-1] INFO  Dealership.POM - SystemSettings link is visible
13:53:10.068 [TestNG-test=Test-1] INFO  Dealership.POM - SystemSettings link is clicked
13:53:13.886 [TestNG-test=Test-1] INFO  Dealership.POM - User permissions link is clicked
13:53:20.836 [TestNG-test=Test-1] INFO  Dealership.POM - Firstgroupn is visible
13:53:20.884 [TestNG-test=Test-1] INFO  Dealership.POM - Firstgroup is clicked
13:53:21.496 [TestNG-test=Test-1] INFO  Dealership.POM - ViewAndEdit button is visible
13:53:21.592 [TestNG-test=Test-1] INFO  Dealership.POM - ViewAndEdit button is clicked
13:53:23.588 [TestNG-test=Test-1] INFO  Dealership.POM - Members button is visible
13:53:23.706 [TestNG-test=Test-1] INFO  Dealership.POM - Members button is clicked
13:53:24.826 [TestNG-test=Test-1] INFO  Dealership.POM - PlusIcon is visible
13:53:24.917 [TestNG-test=Test-1] INFO  Dealership.POM - PlusIcon is clicked
13:53:30.601 [TestNG-test=Test-1] INFO  Dealership.POM - SearchUserField is visible
13:53:31.139 [TestNG-test=Test-1] INFO  Dealership.POM - Assign button is clicked
13:53:36.203 [TestNG-test=Test-1] INFO  Dealership.POM - User is assigned to group
13:53:36.266 [TestNG-test=Test-1] INFO  Dealership.POM - BackLink is visible
13:53:37.828 [TestNG-test=Test-1] INFO  Dealership.POM - BackLink is clicked
13:53:42.938 [TestNG-test=Test-1] INFO  Dealership.POM - SortIcon is visible
13:53:43.048 [TestNG-test=Test-1] INFO  Dealership.POM - SortIcon is clicked
13:53:43.096 [TestNG-test=Test-1] INFO  Dealership.POM - Firstgroup is visible
13:53:43.155 [TestNG-test=Test-1] INFO  Dealership.POM - Firstgroup is clicked
13:53:48.805 [TestNG-test=Test-1] INFO  Dealership.POM - Deleteicon is visible
13:53:48.879 [TestNG-test=Test-1] INFO  Dealership.POM - Deleteicon is clicked
13:53:48.881 [TestNG-test=Test-1] INFO  Dealership.POM - Test case Userpermissions passes successfully
13:53:55.198 [TestNG-test=Test-1] INFO  Dealership.POM - Running Test : CashSaleTax
13:53:59.768 [TestNG-test=Test-1] INFO  Dealership.POM - Windows maximized
13:54:02.284 [TestNG-test=Test-1] INFO  Dealership.POM - URL entered
13:54:02.409 [TestNG-test=Test-1] INFO  Dealership.POM - Username field is visible
13:54:03.213 [TestNG-test=Test-1] INFO  Dealership.POM - Password field is visible
13:54:55.566 [TestNG-test=Test-1] INFO  Dealership.POM - Sell link is visible
13:54:58.632 [TestNG-test=Test-1] INFO  Dealership.POM - Sell link is clickable
13:54:58.998 [TestNG-test=Test-1] INFO  Dealership.POM - Sell Part tile is displayed
13:54:59.316 [TestNG-test=Test-1] INFO  Dealership.POM - Sell Part tile is clicked
13:55:00.845 [TestNG-test=Test-1] INFO  Dealership.POM - Searchbox is visible
13:55:00.884 [TestNG-test=Test-1] INFO  Dealership.POM - Searchbox is visible
13:55:01.545 [TestNG-test=Test-1] INFO  Dealership.POM - Merchandise_Tax is entered
13:55:04.838 [TestNG-test=Test-1] INFO  Dealership.POM - Merchentity is visible
13:55:05.023 [TestNG-test=Test-1] INFO  Dealership.POM - Merchentity is selected
13:55:25.133 [TestNG-test=Test-1] INFO  Dealership.POM - The Amount for Merchandise has been captured successfully
13:55:25.169 [TestNG-test=Test-1] INFO  Dealership.POM - Searchbox is visible
13:55:28.663 [TestNG-test=Test-1] INFO  Dealership.POM - Feeentity is visible
13:55:48.945 [TestNG-test=Test-1] INFO  Dealership.POM - The Amount for Fee has been captured successfully
13:55:48.995 [TestNG-test=Test-1] INFO  Dealership.POM - Searchbox is visible
13:55:52.524 [TestNG-test=Test-1] INFO  Dealership.POM - Kitentity is visible
13:56:12.692 [TestNG-test=Test-1] INFO  Dealership.POM - The Amount for Kit has been captured successfully
13:56:12.807 [TestNG-test=Test-1] INFO  Dealership.POM - Checkout_Button is visible
13:56:43.552 [TestNG-test=Test-1] INFO  Dealership.POM - Payment option is visible
13:56:43.768 [TestNG-test=Test-1] INFO  Dealership.POM - Payment option is selected
13:56:43.838 [TestNG-test=Test-1] INFO  Dealership.POM - AddPayment Button is visible
13:56:44.005 [TestNG-test=Test-1] INFO  Dealership.POM - AddPayment Button is clicked
13:57:04.072 [TestNG-test=Test-1] INFO  Dealership.POM - Finalize Button is visible
13:57:04.279 [TestNG-test=Test-1] INFO  Dealership.POM - Finalize Button is clicked
13:57:14.396 [TestNG-test=Test-1] INFO  Dealership.POM - Invoice Window is visible
13:57:14.449 [TestNG-test=Test-1] INFO  Dealership.POM - Print Model Window is visible
13:57:19.564 [TestNG-test=Test-1] INFO  Dealership.POM - BrandingLocationId is visible
13:57:19.736 [TestNG-test=Test-1] INFO  Dealership.POM - BrandingLocationId is clicked
13:57:19.864 [TestNG-test=Test-1] INFO  Dealership.POM - brandingLocationDropdownDiv is visible
13:57:20.101 [TestNG-test=Test-1] INFO  Dealership.POM - branding name is selected
13:57:20.432 [TestNG-test=Test-1] INFO  Dealership.POM - Invoicelabel is visible
13:57:20.548 [TestNG-test=Test-1] INFO  Dealership.POM - Invoicelabel is unchecked
13:57:20.607 [TestNG-test=Test-1] INFO  Dealership.POM - PrintReceipt is visible
13:57:20.846 [TestNG-test=Test-1] INFO  Dealership.POM - PrintReceipt is checked
13:57:20.914 [TestNG-test=Test-1] INFO  Dealership.POM - PrintButton is visible
13:57:21.223 [TestNG-test=Test-1] INFO  Dealership.POM - PrintButton is clicked
13:57:44.739 [TestNG-test=Test-1] INFO  Dealership.POM - Print total is successfully verified
13:57:44.922 [TestNG-test=Test-1] INFO  Dealership.POM - PrintClose x is visible
13:57:45.144 [TestNG-test=Test-1] INFO  Dealership.POM - Print window is closed
13:57:45.145 [TestNG-test=Test-1] INFO  Dealership.POM - Test case CashSaleTax passes successfully
13:57:51.284 [TestNG-test=Test-1] INFO  Dealership.POM - Running Test : MerchandiseTax
13:57:56.665 [TestNG-test=Test-1] INFO  Dealership.POM - Windows maximized
13:58:00.133 [TestNG-test=Test-1] INFO  Dealership.POM - URL entered
13:58:00.185 [TestNG-test=Test-1] INFO  Dealership.POM - Username field is visible
13:58:00.406 [TestNG-test=Test-1] INFO  Dealership.POM - Password field is visible
13:58:37.949 [TestNG-test=Test-1] INFO  Dealership.POM - Sell link is visible
13:58:40.794 [TestNG-test=Test-1] INFO  Dealership.POM - Sell link is clickable
13:58:41.095 [TestNG-test=Test-1] INFO  Dealership.POM - Select Customer Dropdown is visible
13:58:42.669 [TestNG-test=Test-1] INFO  Dealership.POM - Select Customer Field is visible
13:58:44.347 [TestNG-test=Test-1] INFO  Dealership.POM - CustomerInfo is visible
13:59:14.956 [TestNG-test=Test-1] INFO  Dealership.POM - SellPartandAccs button is visible
13:59:15.090 [TestNG-test=Test-1] INFO  Dealership.POM - SellPartandAccs button is clicked
13:59:17.437 [TestNG-test=Test-1] INFO  Dealership.POM - Searchbox is visible
13:59:22.941 [TestNG-test=Test-1] INFO  Dealership.POM - Merchentity is visible
13:59:34.298 [TestNG-test=Test-1] INFO  Dealership.POM - The Amount for Merchandise has been captured successfully
13:59:44.789 [TestNG-test=Test-1] INFO  Dealership.POM - Feeentity is visible
13:59:54.993 [TestNG-test=Test-1] INFO  Dealership.POM - The Amount for Fee has been captured successfully
14:00:05.467 [TestNG-test=Test-1] INFO  Dealership.POM - Kitentity is visible
14:00:15.841 [TestNG-test=Test-1] INFO  Dealership.POM - The Amount for Kit has been captured successfully
14:00:15.878 [TestNG-test=Test-1] INFO  Dealership.POM - Checkout_Button is visible
14:00:46.716 [TestNG-test=Test-1] INFO  Dealership.POM - Payment option is visible
14:00:46.866 [TestNG-test=Test-1] INFO  Dealership.POM - Payment option is selected
14:00:46.940 [TestNG-test=Test-1] INFO  Dealership.POM - AddPayment Button is visible
14:00:47.119 [TestNG-test=Test-1] INFO  Dealership.POM - AddPayment Button is clicked
14:01:07.177 [TestNG-test=Test-1] INFO  Dealership.POM - Finalize Button is visible
14:01:07.311 [TestNG-test=Test-1] INFO  Dealership.POM - Finalize Button is clicked
14:01:17.397 [TestNG-test=Test-1] INFO  Dealership.POM - Invoice Window is visible
14:01:17.438 [TestNG-test=Test-1] INFO  Dealership.POM - Print Model Window is visible
14:01:22.502 [TestNG-test=Test-1] INFO  Dealership.POM - BrandingLocationId is visible
14:01:22.604 [TestNG-test=Test-1] INFO  Dealership.POM - BrandingLocationId is clicked
14:01:22.676 [TestNG-test=Test-1] INFO  Dealership.POM - brandingLocationDropdownDiv is visible
14:01:22.777 [TestNG-test=Test-1] INFO  Dealership.POM - branding name is selected
14:01:22.967 [TestNG-test=Test-1] INFO  Dealership.POM - Invoicelabel is visible
14:01:23.083 [TestNG-test=Test-1] INFO  Dealership.POM - Invoicelabel is unchecked
14:01:23.134 [TestNG-test=Test-1] INFO  Dealership.POM - PrintReceipt is visible
14:01:23.247 [TestNG-test=Test-1] INFO  Dealership.POM - PrintReceipt is checked
14:01:23.301 [TestNG-test=Test-1] INFO  Dealership.POM - PrintButton is visible
14:01:23.566 [TestNG-test=Test-1] INFO  Dealership.POM - PrintButton is clicked
14:01:33.790 [TestNG-test=Test-1] INFO  Dealership.POM - Print total is successfully verified
14:01:33.912 [TestNG-test=Test-1] INFO  Dealership.POM - PrintClose x is visible
14:01:33.979 [TestNG-test=Test-1] INFO  Dealership.POM - Print window is closed
14:01:33.981 [TestNG-test=Test-1] INFO  Dealership.POM - Test case MerchandiseTax passes successfully
14:01:39.967 [TestNG-test=Test-1] INFO  Dealership.POM - Running Test : SalePrice
14:01:44.645 [TestNG-test=Test-1] INFO  Dealership.POM - Windows maximized
14:01:46.907 [TestNG-test=Test-1] INFO  Dealership.POM - URL entered
14:01:46.959 [TestNG-test=Test-1] INFO  Dealership.POM - Username field is visible
14:01:47.201 [TestNG-test=Test-1] INFO  Dealership.POM - Password field is visible
14:02:36.129 [TestNG-test=Test-1] INFO  Dealership.POM - Sell link is visible
14:02:37.523 [TestNG-test=Test-1] INFO  Dealership.POM - Sell link is clickable
14:02:37.752 [TestNG-test=Test-1] INFO  Dealership.POM - Select Customer Dropdown is visible
14:02:39.712 [TestNG-test=Test-1] INFO  Dealership.POM - Select Customer Field is visible
14:02:41.078 [TestNG-test=Test-1] INFO  Dealership.POM - CustomerInfo is visible
14:03:11.522 [TestNG-test=Test-1] INFO  Dealership.POM - SellPartandAccs button is visible
14:03:11.604 [TestNG-test=Test-1] INFO  Dealership.POM - SellPartandAccs button is clicked
14:03:13.292 [TestNG-test=Test-1] INFO  Dealership.POM - Searchbox is visible
14:03:16.927 [TestNG-test=Test-1] INFO  Dealership.POM - Merchentity is visible
14:03:27.188 [TestNG-test=Test-1] INFO  Dealership.POM - The Sale price for Merchandise has been captured successfully
14:03:27.190 [TestNG-test=Test-1] INFO  Dealership.POM - Test case SalePrice passes successfully
14:03:33.307 [TestNG-test=Test-1] INFO  Dealership.POM - Running Test : ServicejobTax
14:03:37.956 [TestNG-test=Test-1] INFO  Dealership.POM - Windows maximized
14:03:40.255 [TestNG-test=Test-1] INFO  Dealership.POM - URL entered
14:03:40.312 [TestNG-test=Test-1] INFO  Dealership.POM - Username field is visible
14:03:40.540 [TestNG-test=Test-1] INFO  Dealership.POM - Password field is visible
14:04:45.721 [TestNG-test=Test-1] INFO  Dealership.POM - Sell link is visible
14:04:47.257 [TestNG-test=Test-1] INFO  Dealership.POM - Sell link is clickable
14:04:47.389 [TestNG-test=Test-1] INFO  Dealership.POM - Select Customer Dropdown is visible
14:04:48.803 [TestNG-test=Test-1] INFO  Dealership.POM - Select Customer Field is visible
14:04:50.754 [TestNG-test=Test-1] INFO  Dealership.POM - CustomerInfo is visible
14:05:21.095 [TestNG-test=Test-1] INFO  Dealership.POM - ServiceJob button is visible
14:05:24.219 [TestNG-test=Test-1] INFO  Dealership.POM - ServiceJobStatus is visible
14:05:24.252 [TestNG-test=Test-1] INFO  Dealership.POM - ServiceJobStatus is Status: New
14:05:24.876 [TestNG-test=Test-1] INFO  Dealership.POM - ServiceJobDetails is visible
14:05:25.028 [TestNG-test=Test-1] INFO  Dealership.POM - ServiceJobDetails is clicked
14:06:48.860 [TestNG-test=Test-1] INFO  Dealership.POM - Temp Unit Mmodal Window  is visible
14:06:48.902 [TestNG-test=Test-1] INFO  Dealership.POM - VIN_Unit field is visible
14:06:48.944 [TestNG-test=Test-1] INFO  Dealership.POM - Make field is visible
14:06:51.106 [TestNG-test=Test-1] INFO  Dealership.POM - Make is filed
14:06:51.148 [TestNG-test=Test-1] INFO  Dealership.POM - Model field is visible
14:06:52.519 [TestNG-test=Test-1] INFO  Dealership.POM - Model is filed
14:06:52.557 [TestNG-test=Test-1] INFO  Dealership.POM - Sub-Model field is visible
14:06:53.062 [TestNG-test=Test-1] INFO  Dealership.POM - Sub-Model is filed
14:06:53.111 [TestNG-test=Test-1] INFO  Dealership.POM - Year field is visible
14:06:53.495 [TestNG-test=Test-1] INFO  Dealership.POM - Year is filed
14:06:53.561 [TestNG-test=Test-1] INFO  Dealership.POM - Addbutton is visible
14:06:53.768 [TestNG-test=Test-1] INFO  Dealership.POM - Addbutton is clicked
14:07:03.900 [TestNG-test=Test-1] INFO  Dealership.POM - Make936 Model936 submodel936 is visible
14:07:03.941 [TestNG-test=Test-1] INFO  Dealership.POM - Concern field is visible
14:07:04.223 [TestNG-test=Test-1] INFO  Dealership.POM - Concern field is filled
14:07:04.263 [TestNG-test=Test-1] INFO  Dealership.POM - Cause field is visible
14:07:04.629 [TestNG-test=Test-1] INFO  Dealership.POM - Cause field is filled
14:07:04.679 [TestNG-test=Test-1] INFO  Dealership.POM - Correction field is visible
14:07:05.092 [TestNG-test=Test-1] INFO  Dealership.POM - Correction field is filled
14:07:05.147 [TestNG-test=Test-1] INFO  Dealership.POM - Odometer_on_arrival field is visible
14:07:05.446 [TestNG-test=Test-1] INFO  Dealership.POM - Odometer_on_arrival field is filled
14:07:05.500 [TestNG-test=Test-1] INFO  Dealership.POM - Odometer_on_departure field is visible
14:07:05.842 [TestNG-test=Test-1] INFO  Dealership.POM - Odometer_on_departure field is filled
14:07:06.745 [TestNG-test=Test-1] INFO  Dealership.POM - Searchbox is visible
14:07:17.386 [TestNG-test=Test-1] INFO  Dealership.POM - Merchentity is visible
14:07:27.818 [TestNG-test=Test-1] FATAL Dealership.POM - Test Failed - screenshot captured for Method : ServicejobTax
14:07:34.014 [TestNG-test=Test-1] INFO  Dealership.POM - Running Test : InternalserviceTax
14:07:38.955 [TestNG-test=Test-1] INFO  Dealership.POM - Windows maximized
14:07:42.471 [TestNG-test=Test-1] INFO  Dealership.POM - URL entered
14:07:42.546 [TestNG-test=Test-1] INFO  Dealership.POM - Username field is visible
14:07:42.781 [TestNG-test=Test-1] INFO  Dealership.POM - Password field is visible
14:08:11.501 [TestNG-test=Test-1] INFO  Dealership.POM - Sell link is visible
14:08:13.481 [TestNG-test=Test-1] INFO  Dealership.POM - Sell link is clicked
14:08:14.493 [TestNG-test=Test-1] INFO  Dealership.POM - Internalservice link is visible
14:08:14.641 [TestNG-test=Test-1] INFO  Dealership.POM - Internalservice link is clicked
14:08:30.634 [TestNG-test=Test-1] INFO  Dealership.POM - DealershipName is visible
14:08:30.676 [TestNG-test=Test-1] INFO  Dealership.POM - Pricelevel is visible
14:08:30.730 [TestNG-test=Test-1] INFO  Dealership.POM - ServiceJobDetails is visible
14:08:30.897 [TestNG-test=Test-1] INFO  Dealership.POM - ServiceJobDetails is clicked
14:08:35.981 [TestNG-test=Test-1] INFO  Dealership.POM - SKUsearhfield is visible
14:08:36.315 [TestNG-test=Test-1] INFO  Dealership.POM - SKU is entered
14:08:38.448 [TestNG-test=Test-1] INFO  Dealership.POM - SKUentity is visible
14:08:58.995 [TestNG-test=Test-1] INFO  Dealership.POM - auto_make auto_model auto_submodel 2023, teal is visible
14:08:59.036 [TestNG-test=Test-1] INFO  Dealership.POM - Concern field is visible
14:08:59.319 [TestNG-test=Test-1] INFO  Dealership.POM - Concern field is filled
14:08:59.350 [TestNG-test=Test-1] INFO  Dealership.POM - Cause field is visible
14:08:59.776 [TestNG-test=Test-1] INFO  Dealership.POM - Cause field is filled
14:08:59.823 [TestNG-test=Test-1] INFO  Dealership.POM - Correction field is visible
14:09:00.233 [TestNG-test=Test-1] INFO  Dealership.POM - Correction field is filled
14:09:00.316 [TestNG-test=Test-1] INFO  Dealership.POM - Odometer_on_arrival field is visible
14:09:00.662 [TestNG-test=Test-1] INFO  Dealership.POM - Odometer_on_arrival field is filled
14:09:00.726 [TestNG-test=Test-1] INFO  Dealership.POM - Odometer_on_departure field is visible
