11:25:19.437 [main] INFO  Dealership.POM - Running Test : SellingTaxmanagement
11:25:33.667 [main] INFO  Dealership.POM - Windows maximized
11:25:36.027 [main] INFO  Dealership.POM - URL entered
11:25:36.190 [main] INFO  Dealership.POM - Username field is visible
11:25:36.502 [main] INFO  Dealership.POM - Password field is visible
11:25:36.759 [main] INFO  Dealership.POM - Login Button is visible
11:25:36.885 [main] INFO  Dealership.POM - Login Button is clicked
11:27:35.863 [main] INFO  Dealership.POM - Account and Settings link is visible
11:27:36.022 [main] INFO  Dealership.POM - Account and Settings link is clicked
11:27:36.228 [main] INFO  Dealership.POM - SystemSettings link is visible
11:27:36.358 [main] INFO  Dealership.POM - SystemSettings link is clicked
11:27:44.615 [main] INFO  Dealership.POM - Tax management link is clicked
11:27:46.904 [main] INFO  Dealership.POM - TaxHeader is visible
11:27:57.236 [main] INFO  Dealership.POM - TaxRates link is visible
11:27:57.988 [main] INFO  Dealership.POM - TaxRates link is clicked
11:27:58.128 [main] INFO  Dealership.POM - AddNewSellingTaxRate link is visible
11:27:58.267 [main] INFO  Dealership.POM - AddNewSellingTaxRate link is clicked
11:28:01.977 [main] INFO  Dealership.POM - TaxName is visible
11:28:02.306 [main] INFO  Dealership.POM - TaxName is filled
11:28:02.368 [main] INFO  Dealership.POM - FormsLabel is visible
11:28:02.657 [main] INFO  Dealership.POM - FormsLabel is filled
11:28:02.721 [main] INFO  Dealership.POM - Rate is visible
11:28:02.973 [main] INFO  Dealership.POM - Rate is filled
11:28:03.030 [main] INFO  Dealership.POM - SaveButton is visible
11:28:03.153 [main] INFO  Dealership.POM - SaveButton is clicked
11:28:03.220 [main] INFO  Dealership.POM - sellingtaxrate_963 is added successfully
11:28:15.626 [main] INFO  Dealership.POM - TaxCodes link is visible
11:28:15.785 [main] INFO  Dealership.POM - TaxCodes link is clicked
11:28:15.897 [main] INFO  Dealership.POM - AddNewSellingTaxCode link is visible
11:28:15.998 [main] INFO  Dealership.POM - AddNewSellingTaxCode link is clicked
11:28:19.717 [main] INFO  Dealership.POM - TaxCodeName is visible
11:28:20.004 [main] INFO  Dealership.POM - TaxCodeName is filled
11:28:20.057 [main] INFO  Dealership.POM - FormsLabelCode is visible
11:28:20.362 [main] INFO  Dealership.POM - FormsLabelCode is filled
11:28:20.424 [main] INFO  Dealership.POM - ActiveToggle is visible
11:28:20.515 [main] INFO  Dealership.POM - ActiveToggle is clicked
11:28:20.569 [main] INFO  Dealership.POM - SaveButton is visible
11:28:20.689 [main] INFO  Dealership.POM - SaveButton is clicked
11:28:20.789 [main] INFO  Dealership.POM - sellingtaxcode_963 is added successfully
11:28:33.348 [main] INFO  Dealership.POM - Test case SellingTaxmanagement passes successfully
11:46:29.781 [main] INFO  Dealership.POM - Running Test : SellingTaxmanagement
11:46:38.308 [main] INFO  Dealership.POM - Windows maximized
11:46:41.613 [main] INFO  Dealership.POM - URL entered
11:46:41.730 [main] INFO  Dealership.POM - Username field is visible
11:46:41.957 [main] INFO  Dealership.POM - Password field is visible
11:46:42.186 [main] INFO  Dealership.POM - Login Button is visible
11:46:56.233 [main] INFO  Dealership.POM - Login Button is clicked
11:50:32.072 [main] FATAL Dealership.POM - Test Failed - screenshot captured for Method : SellingTaxmanagement
11:51:38.222 [main] INFO  Dealership.POM - Running Test : SellingTaxmanagement
11:51:49.863 [main] INFO  Dealership.POM - Windows maximized
11:51:56.083 [main] INFO  Dealership.POM - URL entered
11:51:56.294 [main] INFO  Dealership.POM - Username field is visible
11:51:56.762 [main] INFO  Dealership.POM - Password field is visible
11:51:57.081 [main] INFO  Dealership.POM - Login Button is visible
11:52:49.187 [main] INFO  Dealership.POM - Login Button is clicked
11:53:09.512 [main] INFO  Dealership.POM - Account and Settings link is visible
11:53:09.597 [main] INFO  Dealership.POM - Account and Settings link is clicked
11:53:09.719 [main] INFO  Dealership.POM - SystemSettings link is visible
11:53:09.815 [main] INFO  Dealership.POM - SystemSettings link is clicked
11:53:15.916 [main] INFO  Dealership.POM - Tax management link is clicked
11:53:18.497 [main] INFO  Dealership.POM - TaxHeader is visible
11:53:28.625 [main] INFO  Dealership.POM - TaxRates link is visible
11:53:28.722 [main] INFO  Dealership.POM - TaxRates link is clicked
11:53:28.845 [main] INFO  Dealership.POM - AddNewSellingTaxRate link is visible
11:53:28.942 [main] INFO  Dealership.POM - AddNewSellingTaxRate link is clicked
11:53:32.666 [main] INFO  Dealership.POM - TaxName is visible
11:53:32.865 [main] INFO  Dealership.POM - TaxName is filled
11:53:32.919 [main] INFO  Dealership.POM - FormsLabel is visible
11:53:33.142 [main] INFO  Dealership.POM - FormsLabel is filled
11:53:33.197 [main] INFO  Dealership.POM - Rate is visible
11:53:33.367 [main] INFO  Dealership.POM - Rate is filled
11:53:33.416 [main] INFO  Dealership.POM - SaveButton is visible
11:53:33.492 [main] INFO  Dealership.POM - SaveButton is clicked
11:53:33.545 [main] INFO  Dealership.POM - sellingtaxrate_415 is added successfully
11:53:44.730 [main] INFO  Dealership.POM - TaxCodes link is visible
11:53:44.876 [main] INFO  Dealership.POM - TaxCodes link is clicked
11:53:44.997 [main] INFO  Dealership.POM - AddNewSellingTaxCode link is visible
11:53:45.157 [main] INFO  Dealership.POM - AddNewSellingTaxCode link is clicked
11:53:48.893 [main] INFO  Dealership.POM - TaxCodeName is visible
11:53:49.079 [main] INFO  Dealership.POM - TaxCodeName is filled
11:53:49.130 [main] INFO  Dealership.POM - FormsLabelCode is visible
11:53:49.323 [main] INFO  Dealership.POM - FormsLabelCode is filled
11:53:49.400 [main] INFO  Dealership.POM - ActiveToggle is visible
11:53:49.477 [main] INFO  Dealership.POM - ActiveToggle is clicked
11:53:49.548 [main] INFO  Dealership.POM - SaveButton is visible
11:53:49.643 [main] INFO  Dealership.POM - SaveButton is clicked
11:53:49.699 [main] INFO  Dealership.POM - sellingtaxcode_415 is added successfully
11:54:00.345 [main] INFO  Dealership.POM - NewTaxCode is visible
11:54:01.741 [main] FATAL Dealership.POM - Test Failed - screenshot captured for Method : SellingTaxmanagement
11:56:16.783 [main] INFO  Dealership.POM - Running Test : SellingTaxmanagement
11:56:24.632 [main] INFO  Dealership.POM - Windows maximized
11:56:45.824 [main] INFO  Dealership.POM - URL entered
11:56:45.956 [main] INFO  Dealership.POM - Username field is visible
11:56:46.189 [main] INFO  Dealership.POM - Password field is visible
11:56:46.606 [main] INFO  Dealership.POM - Login Button is visible
11:56:46.712 [main] INFO  Dealership.POM - Login Button is clicked
12:00:22.660 [main] FATAL Dealership.POM - Test Failed - screenshot captured for Method : SellingTaxmanagement
12:18:26.694 [main] INFO  Dealership.POM - Running Test : SellingTaxmanagement
12:18:35.431 [main] INFO  Dealership.POM - Windows maximized
12:18:38.999 [main] INFO  Dealership.POM - URL entered
12:18:39.086 [main] INFO  Dealership.POM - Username field is visible
12:18:39.278 [main] INFO  Dealership.POM - Password field is visible
12:18:39.737 [main] INFO  Dealership.POM - Login Button is visible
12:18:39.814 [main] INFO  Dealership.POM - Login Button is clicked
12:19:22.845 [main] INFO  Dealership.POM - Account and Settings link is visible
12:19:22.961 [main] INFO  Dealership.POM - Account and Settings link is clicked
12:19:23.079 [main] INFO  Dealership.POM - SystemSettings link is visible
12:19:23.450 [main] INFO  Dealership.POM - SystemSettings link is clicked
12:19:29.666 [main] INFO  Dealership.POM - Tax management link is clicked
12:19:31.589 [main] INFO  Dealership.POM - TaxHeader is visible
12:19:41.762 [main] INFO  Dealership.POM - TaxRates link is visible
12:19:41.885 [main] INFO  Dealership.POM - TaxRates link is clicked
12:19:42.006 [main] INFO  Dealership.POM - AddNewSellingTaxRate link is visible
12:19:42.119 [main] INFO  Dealership.POM - AddNewSellingTaxRate link is clicked
12:19:45.780 [main] INFO  Dealership.POM - TaxName is visible
12:19:45.974 [main] INFO  Dealership.POM - TaxName is filled
12:19:46.018 [main] INFO  Dealership.POM - FormsLabel is visible
12:19:46.225 [main] INFO  Dealership.POM - FormsLabel is filled
12:19:46.277 [main] INFO  Dealership.POM - Rate is visible
12:19:46.463 [main] INFO  Dealership.POM - Rate is filled
12:19:46.504 [main] INFO  Dealership.POM - SaveButton is visible
12:19:46.578 [main] INFO  Dealership.POM - SaveButton is clicked
12:19:46.623 [main] INFO  Dealership.POM - sellingtaxrate_651 is added successfully
12:19:58.363 [main] INFO  Dealership.POM - TaxCodes link is visible
12:19:58.511 [main] INFO  Dealership.POM - TaxCodes link is clicked
12:19:58.615 [main] INFO  Dealership.POM - AddNewSellingTaxCode link is visible
12:19:58.749 [main] INFO  Dealership.POM - AddNewSellingTaxCode link is clicked
12:20:02.441 [main] INFO  Dealership.POM - TaxCodeName is visible
12:20:02.685 [main] INFO  Dealership.POM - TaxCodeName is filled
12:20:02.727 [main] INFO  Dealership.POM - FormsLabelCode is visible
12:20:02.954 [main] INFO  Dealership.POM - FormsLabelCode is filled
12:20:03.002 [main] INFO  Dealership.POM - ActiveToggle is visible
12:20:03.076 [main] INFO  Dealership.POM - ActiveToggle is clicked
12:20:03.134 [main] INFO  Dealership.POM - SaveButton is visible
12:20:03.245 [main] INFO  Dealership.POM - SaveButton is clicked
12:20:03.311 [main] INFO  Dealership.POM - sellingtaxcode_651 is added successfully
12:20:14.388 [main] INFO  Dealership.POM - NewTaxCode is visible
12:20:14.494 [main] INFO  Dealership.POM - NewTaxCode is clicked
12:20:16.663 [main] INFO  Dealership.POM - AssignTaxRateButton is visible
12:20:16.786 [main] INFO  Dealership.POM - AssignTaxRateButton is clicked
12:20:29.655 [main] INFO  Dealership.POM - AssignedrateCheckbox is selected
12:20:46.198 [main] FATAL Dealership.POM - Test Failed - screenshot captured for Method : SellingTaxmanagement
12:29:54.554 [main] INFO  Dealership.POM - Running Test : SellingTaxmanagement
12:30:03.692 [main] INFO  Dealership.POM - Windows maximized
12:30:17.120 [main] INFO  Dealership.POM - URL entered
12:30:17.271 [main] INFO  Dealership.POM - Username field is visible
12:30:17.666 [main] INFO  Dealership.POM - Password field is visible
12:30:17.977 [main] INFO  Dealership.POM - Login Button is visible
12:30:18.081 [main] INFO  Dealership.POM - Login Button is clicked
12:30:46.838 [main] INFO  Dealership.POM - Account and Settings link is visible
12:30:46.955 [main] INFO  Dealership.POM - Account and Settings link is clicked
12:30:47.076 [main] INFO  Dealership.POM - SystemSettings link is visible
12:30:47.151 [main] INFO  Dealership.POM - SystemSettings link is clicked
12:30:53.093 [main] INFO  Dealership.POM - Tax management link is clicked
12:30:54.663 [main] INFO  Dealership.POM - TaxHeader is visible
12:31:04.817 [main] INFO  Dealership.POM - TaxRates link is visible
12:31:04.920 [main] INFO  Dealership.POM - TaxRates link is clicked
12:31:05.044 [main] INFO  Dealership.POM - AddNewSellingTaxRate link is visible
12:31:05.135 [main] INFO  Dealership.POM - AddNewSellingTaxRate link is clicked
12:31:08.791 [main] INFO  Dealership.POM - TaxName is visible
12:31:08.950 [main] INFO  Dealership.POM - TaxName is filled
12:31:08.987 [main] INFO  Dealership.POM - FormsLabel is visible
12:31:09.180 [main] INFO  Dealership.POM - FormsLabel is filled
12:31:09.224 [main] INFO  Dealership.POM - Rate is visible
12:31:09.353 [main] INFO  Dealership.POM - Rate is filled
12:31:09.390 [main] INFO  Dealership.POM - SaveButton is visible
12:31:09.470 [main] INFO  Dealership.POM - SaveButton is clicked
12:31:09.515 [main] INFO  Dealership.POM - sellingtaxrate_773 is added successfully
12:31:23.920 [main] INFO  Dealership.POM - TaxCodes link is visible
12:31:23.999 [main] INFO  Dealership.POM - TaxCodes link is clicked
12:31:24.099 [main] INFO  Dealership.POM - AddNewSellingTaxCode link is visible
12:31:24.181 [main] INFO  Dealership.POM - AddNewSellingTaxCode link is clicked
12:31:27.832 [main] INFO  Dealership.POM - TaxCodeName is visible
12:31:28.012 [main] INFO  Dealership.POM - TaxCodeName is filled
12:31:28.045 [main] INFO  Dealership.POM - FormsLabelCode is visible
12:31:28.243 [main] INFO  Dealership.POM - FormsLabelCode is filled
12:31:28.286 [main] INFO  Dealership.POM - ActiveToggle is visible
12:31:28.359 [main] INFO  Dealership.POM - ActiveToggle is clicked
12:31:28.414 [main] INFO  Dealership.POM - SaveButton is visible
12:31:28.498 [main] INFO  Dealership.POM - SaveButton is clicked
12:31:28.559 [main] INFO  Dealership.POM - sellingtaxcode_773 is added successfully
12:31:39.057 [main] INFO  Dealership.POM - NewTaxCode is visible
12:31:39.127 [main] INFO  Dealership.POM - NewTaxCode is clicked
12:31:41.241 [main] INFO  Dealership.POM - AssignTaxRateButton is visible
12:31:41.335 [main] INFO  Dealership.POM - AssignTaxRateButton is clicked
12:31:54.076 [main] INFO  Dealership.POM - AssignedrateCheckbox is selected
12:34:00.061 [main] FATAL Dealership.POM - Test Failed - screenshot captured for Method : SellingTaxmanagement
14:24:49.929 [main] INFO  Dealership.POM - Running Test : SellingTaxmanagement
14:25:01.509 [main] INFO  Dealership.POM - Windows maximized
14:25:03.308 [main] INFO  Dealership.POM - URL entered
14:25:03.506 [main] INFO  Dealership.POM - Username field is visible
14:25:04.194 [main] INFO  Dealership.POM - Password field is visible
14:25:05.182 [main] INFO  Dealership.POM - Login Button is visible
14:25:38.038 [main] INFO  Dealership.POM - Login Button is clicked
14:25:58.533 [main] INFO  Dealership.POM - Account and Settings link is visible
14:25:58.663 [main] INFO  Dealership.POM - Account and Settings link is clicked
14:25:58.803 [main] INFO  Dealership.POM - SystemSettings link is visible
14:25:58.970 [main] INFO  Dealership.POM - SystemSettings link is clicked
14:26:04.545 [main] INFO  Dealership.POM - Tax management link is clicked
14:26:06.857 [main] INFO  Dealership.POM - TaxHeader is visible
14:26:17.000 [main] INFO  Dealership.POM - TaxRates link is visible
14:26:17.114 [main] INFO  Dealership.POM - TaxRates link is clicked
14:26:17.229 [main] INFO  Dealership.POM - AddNewSellingTaxRate link is visible
14:26:17.319 [main] INFO  Dealership.POM - AddNewSellingTaxRate link is clicked
14:26:20.991 [main] INFO  Dealership.POM - TaxName is visible
14:26:21.239 [main] INFO  Dealership.POM - TaxName is filled
14:26:21.282 [main] INFO  Dealership.POM - FormsLabel is visible
14:26:21.587 [main] INFO  Dealership.POM - FormsLabel is filled
14:26:21.689 [main] INFO  Dealership.POM - Rate is visible
14:26:21.901 [main] INFO  Dealership.POM - Rate is filled
14:26:21.953 [main] INFO  Dealership.POM - SaveButton is visible
14:26:22.053 [main] INFO  Dealership.POM - SaveButton is clicked
14:26:22.115 [main] INFO  Dealership.POM - sellingtaxrate_172 is added successfully
14:26:33.952 [main] INFO  Dealership.POM - TaxCodes link is visible
14:26:34.052 [main] INFO  Dealership.POM - TaxCodes link is clicked
14:26:34.155 [main] INFO  Dealership.POM - AddNewSellingTaxCode link is visible
14:26:34.249 [main] INFO  Dealership.POM - AddNewSellingTaxCode link is clicked
14:26:37.939 [main] INFO  Dealership.POM - TaxCodeName is visible
14:26:38.135 [main] INFO  Dealership.POM - TaxCodeName is filled
14:26:38.186 [main] INFO  Dealership.POM - FormsLabelCode is visible
14:26:38.370 [main] INFO  Dealership.POM - FormsLabelCode is filled
14:26:38.422 [main] INFO  Dealership.POM - ActiveToggle is visible
14:26:38.493 [main] INFO  Dealership.POM - ActiveToggle is clicked
14:26:38.545 [main] INFO  Dealership.POM - SaveButton is visible
14:26:38.630 [main] INFO  Dealership.POM - SaveButton is clicked
14:26:38.698 [main] INFO  Dealership.POM - sellingtaxcode_172 is added successfully
14:26:49.319 [main] INFO  Dealership.POM - NewTaxCode is visible
14:26:49.414 [main] INFO  Dealership.POM - NewTaxCode is clicked
14:26:51.608 [main] INFO  Dealership.POM - AssignTaxRateButton is visible
14:26:51.732 [main] INFO  Dealership.POM - AssignTaxRateButton is clicked
14:27:04.593 [main] INFO  Dealership.POM - AssignedrateCheckbox is selected
14:35:57.130 [main] INFO  Dealership.POM - Running Test : SellingTaxmanagement
14:36:25.142 [main] INFO  Dealership.POM - Windows maximized
14:36:27.213 [main] INFO  Dealership.POM - URL entered
14:36:27.562 [main] INFO  Dealership.POM - Username field is visible
14:36:28.776 [main] INFO  Dealership.POM - Password field is visible
14:36:29.551 [main] INFO  Dealership.POM - Login Button is visible
14:37:02.588 [main] INFO  Dealership.POM - Login Button is clicked
14:37:23.113 [main] INFO  Dealership.POM - Account and Settings link is visible
14:37:23.251 [main] INFO  Dealership.POM - Account and Settings link is clicked
14:37:23.389 [main] INFO  Dealership.POM - SystemSettings link is visible
14:37:23.513 [main] INFO  Dealership.POM - SystemSettings link is clicked
14:37:28.277 [main] INFO  Dealership.POM - Tax management link is clicked
14:37:29.990 [main] INFO  Dealership.POM - TaxHeader is visible
14:37:40.176 [main] INFO  Dealership.POM - TaxRates link is visible
14:37:40.268 [main] INFO  Dealership.POM - TaxRates link is clicked
14:37:40.373 [main] INFO  Dealership.POM - AddNewSellingTaxRate link is visible
14:37:40.455 [main] INFO  Dealership.POM - AddNewSellingTaxRate link is clicked
14:37:44.126 [main] INFO  Dealership.POM - TaxName is visible
14:37:44.344 [main] INFO  Dealership.POM - TaxName is filled
14:37:44.397 [main] INFO  Dealership.POM - FormsLabel is visible
14:37:44.584 [main] INFO  Dealership.POM - FormsLabel is filled
14:37:44.668 [main] INFO  Dealership.POM - Rate is visible
14:37:44.852 [main] INFO  Dealership.POM - Rate is filled
14:37:44.909 [main] INFO  Dealership.POM - SaveButton is visible
14:37:44.992 [main] INFO  Dealership.POM - SaveButton is clicked
14:37:45.053 [main] INFO  Dealership.POM - sellingtaxrate_843 is added successfully
14:37:56.737 [main] INFO  Dealership.POM - TaxCodes link is visible
14:37:56.834 [main] INFO  Dealership.POM - TaxCodes link is clicked
14:37:56.934 [main] INFO  Dealership.POM - AddNewSellingTaxCode link is visible
14:37:57.019 [main] INFO  Dealership.POM - AddNewSellingTaxCode link is clicked
14:38:00.713 [main] INFO  Dealership.POM - TaxCodeName is visible
14:38:00.940 [main] INFO  Dealership.POM - TaxCodeName is filled
14:38:01.009 [main] INFO  Dealership.POM - FormsLabelCode is visible
14:38:01.216 [main] INFO  Dealership.POM - FormsLabelCode is filled
14:38:01.279 [main] INFO  Dealership.POM - ActiveToggle is visible
14:38:01.368 [main] INFO  Dealership.POM - ActiveToggle is clicked
14:38:01.439 [main] INFO  Dealership.POM - SaveButton is visible
14:38:01.570 [main] INFO  Dealership.POM - SaveButton is clicked
14:38:01.754 [main] INFO  Dealership.POM - sellingtaxcode_843 is added successfully
14:38:12.598 [main] INFO  Dealership.POM - NewTaxCode is visible
14:38:12.679 [main] INFO  Dealership.POM - NewTaxCode is clicked
14:38:14.814 [main] INFO  Dealership.POM - AssignTaxRateButton is visible
14:38:14.911 [main] INFO  Dealership.POM - AssignTaxRateButton is clicked
14:38:27.877 [main] INFO  Dealership.POM - AssignedrateCheckbox is selected
14:49:43.245 [main] INFO  Dealership.POM - Running Test : SellingTaxmanagement
14:49:51.404 [main] INFO  Dealership.POM - Windows maximized
14:49:53.594 [main] INFO  Dealership.POM - URL entered
14:49:53.771 [main] INFO  Dealership.POM - Username field is visible
14:49:54.137 [main] INFO  Dealership.POM - Password field is visible
14:49:54.390 [main] INFO  Dealership.POM - Login Button is visible
14:49:54.927 [main] INFO  Dealership.POM - Login Button is clicked
14:50:31.227 [main] INFO  Dealership.POM - Account and Settings link is visible
14:50:31.354 [main] INFO  Dealership.POM - Account and Settings link is clicked
14:50:31.601 [main] INFO  Dealership.POM - SystemSettings link is visible
14:50:31.690 [main] INFO  Dealership.POM - SystemSettings link is clicked
14:50:35.947 [main] INFO  Dealership.POM - Tax management link is clicked
14:50:37.762 [main] INFO  Dealership.POM - TaxHeader is visible
14:50:47.887 [main] INFO  Dealership.POM - TaxRates link is visible
14:50:47.972 [main] INFO  Dealership.POM - TaxRates link is clicked
14:50:48.090 [main] INFO  Dealership.POM - AddNewSellingTaxRate link is visible
14:50:48.186 [main] INFO  Dealership.POM - AddNewSellingTaxRate link is clicked
14:50:51.898 [main] INFO  Dealership.POM - TaxName is visible
14:50:52.214 [main] INFO  Dealership.POM - TaxName is filled
14:50:52.270 [main] INFO  Dealership.POM - FormsLabel is visible
14:50:52.518 [main] INFO  Dealership.POM - FormsLabel is filled
14:50:52.579 [main] INFO  Dealership.POM - Rate is visible
14:50:52.753 [main] INFO  Dealership.POM - Rate is filled
14:50:52.809 [main] INFO  Dealership.POM - SaveButton is visible
14:50:52.904 [main] INFO  Dealership.POM - SaveButton is clicked
14:50:52.969 [main] INFO  Dealership.POM - sellingtaxrate_162 is added successfully
14:51:04.313 [main] INFO  Dealership.POM - TaxCodes link is visible
14:51:04.401 [main] INFO  Dealership.POM - TaxCodes link is clicked
14:51:04.512 [main] INFO  Dealership.POM - AddNewSellingTaxCode link is visible
14:51:04.590 [main] INFO  Dealership.POM - AddNewSellingTaxCode link is clicked
14:51:08.328 [main] INFO  Dealership.POM - TaxCodeName is visible
14:51:08.567 [main] INFO  Dealership.POM - TaxCodeName is filled
14:51:08.617 [main] INFO  Dealership.POM - FormsLabelCode is visible
14:51:08.827 [main] INFO  Dealership.POM - FormsLabelCode is filled
14:51:08.876 [main] INFO  Dealership.POM - ActiveToggle is visible
14:51:08.975 [main] INFO  Dealership.POM - ActiveToggle is clicked
14:51:09.033 [main] INFO  Dealership.POM - SaveButton is visible
14:51:09.124 [main] INFO  Dealership.POM - SaveButton is clicked
14:51:09.253 [main] INFO  Dealership.POM - 
14:51:09.254 [main] INFO  Dealership.POM - sellingtaxcode_162 is added successfully
14:51:19.921 [main] INFO  Dealership.POM - NewTaxCode is visible
14:51:21.314 [main] FATAL Dealership.POM - Test Failed - screenshot captured for Method : SellingTaxmanagement
14:52:45.783 [main] INFO  Dealership.POM - Running Test : SellingTaxmanagement
14:52:55.492 [main] INFO  Dealership.POM - Windows maximized
14:52:57.429 [main] INFO  Dealership.POM - URL entered
14:52:57.678 [main] INFO  Dealership.POM - Username field is visible
14:52:58.961 [main] INFO  Dealership.POM - Password field is visible
14:52:59.169 [main] INFO  Dealership.POM - Login Button is visible
14:53:33.195 [main] INFO  Dealership.POM - Login Button is clicked
14:53:53.574 [main] INFO  Dealership.POM - Account and Settings link is visible
14:53:53.670 [main] INFO  Dealership.POM - Account and Settings link is clicked
14:53:53.830 [main] INFO  Dealership.POM - SystemSettings link is visible
14:53:53.982 [main] INFO  Dealership.POM - SystemSettings link is clicked
14:53:59.212 [main] INFO  Dealership.POM - Tax management link is clicked
14:54:01.073 [main] INFO  Dealership.POM - TaxHeader is visible
14:54:11.188 [main] INFO  Dealership.POM - TaxRates link is visible
14:54:11.290 [main] INFO  Dealership.POM - TaxRates link is clicked
14:54:11.470 [main] INFO  Dealership.POM - AddNewSellingTaxRate link is visible
14:54:11.628 [main] INFO  Dealership.POM - AddNewSellingTaxRate link is clicked
14:54:15.365 [main] INFO  Dealership.POM - TaxName is visible
14:54:15.699 [main] INFO  Dealership.POM - TaxName is filled
14:54:15.768 [main] INFO  Dealership.POM - FormsLabel is visible
14:54:16.031 [main] INFO  Dealership.POM - FormsLabel is filled
14:54:16.086 [main] INFO  Dealership.POM - Rate is visible
14:54:16.269 [main] INFO  Dealership.POM - Rate is filled
14:54:16.315 [main] INFO  Dealership.POM - SaveButton is visible
14:54:16.392 [main] INFO  Dealership.POM - SaveButton is clicked
14:54:16.440 [main] INFO  Dealership.POM - sellingtaxrate_571 is added successfully
14:54:27.028 [main] INFO  Dealership.POM - TaxCodes link is visible
14:54:27.138 [main] INFO  Dealership.POM - TaxCodes link is clicked
14:54:27.228 [main] INFO  Dealership.POM - AddNewSellingTaxCode link is visible
14:54:27.332 [main] INFO  Dealership.POM - AddNewSellingTaxCode link is clicked
14:54:31.030 [main] INFO  Dealership.POM - TaxCodeName is visible
14:54:31.251 [main] INFO  Dealership.POM - TaxCodeName is filled
14:54:31.296 [main] INFO  Dealership.POM - FormsLabelCode is visible
14:54:31.559 [main] INFO  Dealership.POM - FormsLabelCode is filled
14:54:31.612 [main] INFO  Dealership.POM - ActiveToggle is visible
14:54:31.689 [main] INFO  Dealership.POM - ActiveToggle is clicked
14:54:31.757 [main] INFO  Dealership.POM - SaveButton is visible
14:54:31.832 [main] INFO  Dealership.POM - SaveButton is clicked
14:54:31.938 [main] INFO  Dealership.POM - 
14:54:31.938 [main] INFO  Dealership.POM - sellingtaxcode_571 is added successfully
14:54:42.705 [main] INFO  Dealership.POM - NewTaxCode is visible
14:54:42.787 [main] INFO  Dealership.POM - NewTaxCode is clicked
14:54:44.929 [main] INFO  Dealership.POM - AssignTaxRateButton is visible
14:54:45.064 [main] INFO  Dealership.POM - AssignTaxRateButton is clicked
14:54:59.856 [main] FATAL Dealership.POM - Test Failed - screenshot captured for Method : SellingTaxmanagement
15:40:18.792 [main] INFO  Dealership.POM - Running Test : SellingTaxmanagement
15:40:29.670 [main] INFO  Dealership.POM - Windows maximized
15:40:31.549 [main] INFO  Dealership.POM - URL entered
15:40:31.683 [main] INFO  Dealership.POM - Username field is visible
15:40:32.190 [main] INFO  Dealership.POM - Password field is visible
15:40:32.512 [main] INFO  Dealership.POM - Login Button is visible
15:40:33.015 [main] INFO  Dealership.POM - Login Button is clicked
15:41:15.316 [main] INFO  Dealership.POM - Account and Settings link is visible
15:41:15.437 [main] INFO  Dealership.POM - Account and Settings link is clicked
15:41:15.573 [main] INFO  Dealership.POM - SystemSettings link is visible
15:41:15.699 [main] INFO  Dealership.POM - SystemSettings link is clicked
15:41:21.378 [main] INFO  Dealership.POM - Tax management link is clicked
15:41:23.741 [main] INFO  Dealership.POM - TaxHeader is visible
15:41:33.879 [main] INFO  Dealership.POM - TaxRates link is visible
15:41:34.006 [main] INFO  Dealership.POM - TaxRates link is clicked
15:41:34.128 [main] INFO  Dealership.POM - AddNewSellingTaxRate link is visible
15:41:34.240 [main] INFO  Dealership.POM - AddNewSellingTaxRate link is clicked
15:41:38.114 [main] INFO  Dealership.POM - TaxName is visible
15:41:38.330 [main] INFO  Dealership.POM - TaxName is filled
15:41:38.381 [main] INFO  Dealership.POM - FormsLabel is visible
15:41:38.651 [main] INFO  Dealership.POM - FormsLabel is filled
15:41:38.719 [main] INFO  Dealership.POM - Rate is visible
15:41:38.929 [main] INFO  Dealership.POM - Rate is filled
15:41:38.995 [main] INFO  Dealership.POM - SaveButton is visible
15:41:39.087 [main] INFO  Dealership.POM - SaveButton is clicked
15:41:51.109 [main] FATAL Dealership.POM - Test Failed - screenshot captured for Method : SellingTaxmanagement
15:48:18.469 [main] INFO  Dealership.POM - Running Test : SellingTaxmanagement
15:48:26.308 [main] INFO  Dealership.POM - Windows maximized
15:48:28.371 [main] INFO  Dealership.POM - URL entered
15:48:28.514 [main] INFO  Dealership.POM - Username field is visible
15:48:28.787 [main] INFO  Dealership.POM - Password field is visible
15:48:29.024 [main] INFO  Dealership.POM - Login Button is visible
15:48:29.136 [main] INFO  Dealership.POM - Login Button is clicked
15:49:09.125 [main] INFO  Dealership.POM - Account and Settings link is visible
15:49:09.502 [main] INFO  Dealership.POM - Account and Settings link is clicked
15:49:09.617 [main] INFO  Dealership.POM - SystemSettings link is visible
15:49:09.725 [main] INFO  Dealership.POM - SystemSettings link is clicked
15:49:18.362 [main] INFO  Dealership.POM - Tax management link is clicked
15:49:20.484 [main] INFO  Dealership.POM - TaxHeader is visible
15:49:30.604 [main] INFO  Dealership.POM - TaxRates link is visible
15:49:30.773 [main] INFO  Dealership.POM - TaxRates link is clicked
15:49:31.001 [main] INFO  Dealership.POM - AddNewSellingTaxRate link is visible
15:49:31.101 [main] INFO  Dealership.POM - AddNewSellingTaxRate link is clicked
15:49:34.842 [main] INFO  Dealership.POM - TaxName is visible
15:49:35.266 [main] INFO  Dealership.POM - TaxName is filled
15:49:35.388 [main] INFO  Dealership.POM - FormsLabel is visible
15:49:35.687 [main] INFO  Dealership.POM - FormsLabel is filled
15:49:35.750 [main] INFO  Dealership.POM - Rate is visible
15:49:35.985 [main] INFO  Dealership.POM - Rate is filled
15:49:36.058 [main] INFO  Dealership.POM - SaveButton is visible
15:49:36.151 [main] INFO  Dealership.POM - SaveButton is clicked
15:49:52.208 [main] INFO  Dealership.POM - sellingtaxrate_516 is added successfully
15:50:03.711 [main] INFO  Dealership.POM - TaxCodes link is visible
15:50:03.794 [main] INFO  Dealership.POM - TaxCodes link is clicked
15:50:03.886 [main] INFO  Dealership.POM - AddNewSellingTaxCode link is visible
15:50:03.983 [main] INFO  Dealership.POM - AddNewSellingTaxCode link is clicked
15:50:07.635 [main] INFO  Dealership.POM - TaxCodeName is visible
15:50:07.834 [main] INFO  Dealership.POM - TaxCodeName is filled
15:50:07.870 [main] INFO  Dealership.POM - FormsLabelCode is visible
15:50:08.049 [main] INFO  Dealership.POM - FormsLabelCode is filled
15:50:08.086 [main] INFO  Dealership.POM - ActiveToggle is visible
15:50:08.147 [main] INFO  Dealership.POM - ActiveToggle is clicked
15:50:08.211 [main] INFO  Dealership.POM - SaveButton is visible
15:50:08.280 [main] INFO  Dealership.POM - SaveButton is clicked
15:50:18.927 [main] INFO  Dealership.POM - NewTaxCode is visible
15:50:20.235 [main] FATAL Dealership.POM - Test Failed - screenshot captured for Method : SellingTaxmanagement
15:54:09.878 [main] INFO  Dealership.POM - Running Test : SellingTaxmanagement
15:54:16.789 [main] INFO  Dealership.POM - Windows maximized
15:54:18.830 [main] INFO  Dealership.POM - URL entered
15:54:18.983 [main] INFO  Dealership.POM - Username field is visible
15:54:19.340 [main] INFO  Dealership.POM - Password field is visible
15:54:19.526 [main] INFO  Dealership.POM - Login Button is visible
15:54:19.666 [main] INFO  Dealership.POM - Login Button is clicked
15:54:56.317 [main] INFO  Dealership.POM - Account and Settings link is visible
15:54:56.442 [main] INFO  Dealership.POM - Account and Settings link is clicked
15:54:56.614 [main] INFO  Dealership.POM - SystemSettings link is visible
15:54:56.737 [main] INFO  Dealership.POM - SystemSettings link is clicked
15:55:00.816 [main] INFO  Dealership.POM - Tax management link is clicked
15:55:02.393 [main] INFO  Dealership.POM - TaxHeader is visible
15:55:12.528 [main] INFO  Dealership.POM - TaxRates link is visible
15:55:12.660 [main] INFO  Dealership.POM - TaxRates link is clicked
15:55:12.769 [main] INFO  Dealership.POM - AddNewSellingTaxRate link is visible
15:55:12.885 [main] INFO  Dealership.POM - AddNewSellingTaxRate link is clicked
15:55:16.536 [main] INFO  Dealership.POM - TaxName is visible
15:55:16.711 [main] INFO  Dealership.POM - TaxName is filled
15:55:16.745 [main] INFO  Dealership.POM - FormsLabel is visible
15:55:16.963 [main] INFO  Dealership.POM - FormsLabel is filled
15:55:17.040 [main] INFO  Dealership.POM - Rate is visible
15:55:17.291 [main] INFO  Dealership.POM - Rate is filled
15:55:17.341 [main] INFO  Dealership.POM - SaveButton is visible
15:55:17.444 [main] INFO  Dealership.POM - SaveButton is clicked
15:55:33.611 [main] INFO  Dealership.POM - sellingtaxrate_838 is added successfully
15:55:45.856 [main] INFO  Dealership.POM - TaxCodes link is visible
15:55:46.017 [main] INFO  Dealership.POM - TaxCodes link is clicked
15:55:46.159 [main] INFO  Dealership.POM - AddNewSellingTaxCode link is visible
15:55:46.268 [main] INFO  Dealership.POM - AddNewSellingTaxCode link is clicked
15:55:49.924 [main] INFO  Dealership.POM - TaxCodeName is visible
15:55:50.110 [main] INFO  Dealership.POM - TaxCodeName is filled
15:55:50.147 [main] INFO  Dealership.POM - FormsLabelCode is visible
15:55:50.346 [main] INFO  Dealership.POM - FormsLabelCode is filled
15:55:50.402 [main] INFO  Dealership.POM - ActiveToggle is visible
15:55:50.481 [main] INFO  Dealership.POM - ActiveToggle is clicked
15:55:50.543 [main] INFO  Dealership.POM - SaveButton is visible
15:55:50.663 [main] INFO  Dealership.POM - SaveButton is clicked
15:56:06.490 [main] INFO  Dealership.POM - NewTaxCode is visible
15:56:06.592 [main] INFO  Dealership.POM - NewTaxCode is clicked
15:56:08.721 [main] INFO  Dealership.POM - AssignTaxRateButton is visible
15:56:08.801 [main] INFO  Dealership.POM - AssignTaxRateButton is clicked
15:58:02.948 [main] FATAL Dealership.POM - Test Failed - screenshot captured for Method : SellingTaxmanagement
15:58:40.769 [main] INFO  Dealership.POM - Running Test : SellingTaxmanagement
15:58:49.129 [main] INFO  Dealership.POM - Windows maximized
15:58:51.073 [main] INFO  Dealership.POM - URL entered
15:58:51.293 [main] INFO  Dealership.POM - Username field is visible
15:58:51.721 [main] INFO  Dealership.POM - Password field is visible
15:58:51.903 [main] INFO  Dealership.POM - Login Button is visible
15:59:07.852 [main] INFO  Dealership.POM - Login Button is clicked
15:59:28.275 [main] INFO  Dealership.POM - Account and Settings link is visible
15:59:28.359 [main] INFO  Dealership.POM - Account and Settings link is clicked
15:59:28.460 [main] INFO  Dealership.POM - SystemSettings link is visible
15:59:28.543 [main] INFO  Dealership.POM - SystemSettings link is clicked
15:59:32.201 [main] INFO  Dealership.POM - Tax management link is clicked
15:59:34.102 [main] INFO  Dealership.POM - TaxHeader is visible
15:59:44.712 [main] INFO  Dealership.POM - TaxRates link is visible
15:59:44.803 [main] INFO  Dealership.POM - TaxRates link is clicked
15:59:44.887 [main] INFO  Dealership.POM - AddNewSellingTaxRate link is visible
15:59:44.977 [main] INFO  Dealership.POM - AddNewSellingTaxRate link is clicked
15:59:48.642 [main] INFO  Dealership.POM - TaxName is visible
15:59:48.891 [main] INFO  Dealership.POM - TaxName is filled
15:59:48.942 [main] INFO  Dealership.POM - FormsLabel is visible
15:59:49.242 [main] INFO  Dealership.POM - FormsLabel is filled
15:59:49.305 [main] INFO  Dealership.POM - Rate is visible
15:59:49.476 [main] INFO  Dealership.POM - Rate is filled
15:59:49.521 [main] INFO  Dealership.POM - SaveButton is visible
15:59:49.589 [main] INFO  Dealership.POM - SaveButton is clicked
16:00:05.529 [main] INFO  Dealership.POM - sellingtaxrate_424 is added successfully
16:00:16.660 [main] INFO  Dealership.POM - TaxCodes link is visible
16:00:16.749 [main] INFO  Dealership.POM - TaxCodes link is clicked
16:00:16.841 [main] INFO  Dealership.POM - AddNewSellingTaxCode link is visible
16:00:16.954 [main] INFO  Dealership.POM - AddNewSellingTaxCode link is clicked
16:00:20.610 [main] INFO  Dealership.POM - TaxCodeName is visible
16:00:20.805 [main] INFO  Dealership.POM - TaxCodeName is filled
16:00:20.844 [main] INFO  Dealership.POM - FormsLabelCode is visible
16:00:21.024 [main] INFO  Dealership.POM - FormsLabelCode is filled
16:00:21.099 [main] INFO  Dealership.POM - ActiveToggle is visible
16:00:21.177 [main] INFO  Dealership.POM - ActiveToggle is clicked
16:00:21.248 [main] INFO  Dealership.POM - SaveButton is visible
16:00:21.333 [main] INFO  Dealership.POM - SaveButton is clicked
16:00:36.947 [main] INFO  Dealership.POM - NewTaxCode is visible
16:00:38.259 [main] FATAL Dealership.POM - Test Failed - screenshot captured for Method : SellingTaxmanagement
16:03:41.342 [main] INFO  Dealership.POM - Running Test : SellingTaxmanagement
16:03:48.616 [main] INFO  Dealership.POM - Windows maximized
16:03:50.378 [main] INFO  Dealership.POM - URL entered
16:03:50.526 [main] INFO  Dealership.POM - Username field is visible
16:03:51.637 [main] INFO  Dealership.POM - Password field is visible
16:03:52.200 [main] INFO  Dealership.POM - Login Button is visible
16:04:26.094 [main] INFO  Dealership.POM - Login Button is clicked
16:04:47.157 [main] INFO  Dealership.POM - Account and Settings link is visible
16:04:47.250 [main] INFO  Dealership.POM - Account and Settings link is clicked
16:04:47.365 [main] INFO  Dealership.POM - SystemSettings link is visible
16:04:47.460 [main] INFO  Dealership.POM - SystemSettings link is clicked
16:04:52.481 [main] INFO  Dealership.POM - Tax management link is clicked
16:04:55.585 [main] INFO  Dealership.POM - TaxHeader is visible
16:05:05.773 [main] INFO  Dealership.POM - TaxRates link is visible
16:05:05.884 [main] INFO  Dealership.POM - TaxRates link is clicked
16:05:06.057 [main] INFO  Dealership.POM - AddNewSellingTaxRate link is visible
16:05:06.129 [main] INFO  Dealership.POM - AddNewSellingTaxRate link is clicked
16:05:09.786 [main] INFO  Dealership.POM - TaxName is visible
16:05:09.965 [main] INFO  Dealership.POM - TaxName is filled
16:05:10.004 [main] INFO  Dealership.POM - FormsLabel is visible
16:05:10.214 [main] INFO  Dealership.POM - FormsLabel is filled
16:05:10.271 [main] INFO  Dealership.POM - Rate is visible
16:05:10.481 [main] INFO  Dealership.POM - Rate is filled
16:05:10.523 [main] INFO  Dealership.POM - SaveButton is visible
16:05:10.592 [main] INFO  Dealership.POM - SaveButton is clicked
16:05:26.553 [main] INFO  Dealership.POM - sellingtaxrate_350 is added successfully
16:05:38.041 [main] INFO  Dealership.POM - TaxCodes link is visible
16:05:38.132 [main] INFO  Dealership.POM - TaxCodes link is clicked
16:05:38.216 [main] INFO  Dealership.POM - AddNewSellingTaxCode link is visible
16:05:38.289 [main] INFO  Dealership.POM - AddNewSellingTaxCode link is clicked
16:05:41.947 [main] INFO  Dealership.POM - TaxCodeName is visible
16:05:42.119 [main] INFO  Dealership.POM - TaxCodeName is filled
16:05:42.164 [main] INFO  Dealership.POM - FormsLabelCode is visible
16:05:42.373 [main] INFO  Dealership.POM - FormsLabelCode is filled
16:05:42.417 [main] INFO  Dealership.POM - ActiveToggle is visible
16:05:42.498 [main] INFO  Dealership.POM - ActiveToggle is clicked
16:05:42.574 [main] INFO  Dealership.POM - SaveButton is visible
16:05:42.655 [main] INFO  Dealership.POM - SaveButton is clicked
16:05:58.228 [main] INFO  Dealership.POM - NewTaxCode is visible
16:05:58.296 [main] INFO  Dealership.POM - NewTaxCode is clicked
16:06:00.404 [main] INFO  Dealership.POM - AssignTaxRateButton is visible
16:06:00.480 [main] INFO  Dealership.POM - AssignTaxRateButton is clicked
16:06:13.219 [main] INFO  Dealership.POM - AssignedrateCheckbox is selected
16:06:18.323 [main] INFO  Dealership.POM - Update button is clicked
16:08:19.426 [main] FATAL Dealership.POM - Test Failed - screenshot captured for Method : SellingTaxmanagement
16:16:50.837 [main] INFO  Dealership.POM - Running Test : SellingTaxmanagement
16:16:58.237 [main] INFO  Dealership.POM - Windows maximized
16:17:00.197 [main] INFO  Dealership.POM - URL entered
16:17:00.312 [main] INFO  Dealership.POM - Username field is visible
16:17:00.662 [main] INFO  Dealership.POM - Password field is visible
16:17:00.950 [main] INFO  Dealership.POM - Login Button is visible
16:17:16.178 [main] INFO  Dealership.POM - Login Button is clicked
16:17:37.332 [main] INFO  Dealership.POM - Account and Settings link is visible
16:17:37.407 [main] INFO  Dealership.POM - Account and Settings link is clicked
16:17:37.508 [main] INFO  Dealership.POM - SystemSettings link is visible
16:17:37.587 [main] INFO  Dealership.POM - SystemSettings link is clicked
16:17:41.433 [main] INFO  Dealership.POM - Tax management link is clicked
16:17:45.257 [main] INFO  Dealership.POM - TaxHeader is visible
16:17:55.434 [main] INFO  Dealership.POM - TaxRates link is visible
16:17:55.559 [main] INFO  Dealership.POM - TaxRates link is clicked
16:17:55.667 [main] INFO  Dealership.POM - AddNewSellingTaxRate link is visible
16:17:55.768 [main] INFO  Dealership.POM - AddNewSellingTaxRate link is clicked
16:17:59.439 [main] INFO  Dealership.POM - TaxName is visible
16:17:59.697 [main] INFO  Dealership.POM - TaxName is filled
16:17:59.760 [main] INFO  Dealership.POM - FormsLabel is visible
16:18:00.040 [main] INFO  Dealership.POM - FormsLabel is filled
16:18:00.106 [main] INFO  Dealership.POM - Rate is visible
16:18:00.320 [main] INFO  Dealership.POM - Rate is filled
16:18:00.378 [main] INFO  Dealership.POM - SaveButton is visible
16:18:00.507 [main] INFO  Dealership.POM - SaveButton is clicked
16:18:22.559 [main] INFO  Dealership.POM - sellingtaxrate_990 is added successfully
16:18:33.543 [main] INFO  Dealership.POM - TaxCodes link is visible
16:18:33.639 [main] INFO  Dealership.POM - TaxCodes link is clicked
16:18:33.735 [main] INFO  Dealership.POM - AddNewSellingTaxCode link is visible
16:18:33.906 [main] INFO  Dealership.POM - AddNewSellingTaxCode link is clicked
16:18:37.576 [main] INFO  Dealership.POM - TaxCodeName is visible
16:18:37.799 [main] INFO  Dealership.POM - TaxCodeName is filled
16:18:37.835 [main] INFO  Dealership.POM - FormsLabelCode is visible
16:18:38.038 [main] INFO  Dealership.POM - FormsLabelCode is filled
16:18:38.122 [main] INFO  Dealership.POM - ActiveToggle is visible
16:18:38.212 [main] INFO  Dealership.POM - ActiveToggle is clicked
16:18:38.263 [main] INFO  Dealership.POM - SaveButton is visible
16:18:38.347 [main] INFO  Dealership.POM - SaveButton is clicked
16:18:54.092 [main] INFO  Dealership.POM - NewTaxCode is visible
16:18:54.175 [main] INFO  Dealership.POM - NewTaxCode is clicked
16:18:56.322 [main] INFO  Dealership.POM - AssignTaxRateButton is visible
16:18:56.483 [main] INFO  Dealership.POM - AssignTaxRateButton is clicked
16:19:09.277 [main] INFO  Dealership.POM - AssignedrateCheckbox is selected
16:19:14.387 [main] INFO  Dealership.POM - Update button is clicked
16:19:34.745 [main] FATAL Dealership.POM - Test Failed - screenshot captured for Method : SellingTaxmanagement
16:21:05.730 [main] INFO  Dealership.POM - Running Test : SellingTaxmanagement
16:21:13.522 [main] INFO  Dealership.POM - Windows maximized
16:21:15.318 [main] INFO  Dealership.POM - URL entered
16:21:15.496 [main] INFO  Dealership.POM - Username field is visible
16:21:15.920 [main] INFO  Dealership.POM - Password field is visible
16:21:16.333 [main] INFO  Dealership.POM - Login Button is visible
16:21:47.200 [main] INFO  Dealership.POM - Login Button is clicked
16:22:07.504 [main] INFO  Dealership.POM - Account and Settings link is visible
16:22:07.574 [main] INFO  Dealership.POM - Account and Settings link is clicked
16:22:07.664 [main] INFO  Dealership.POM - SystemSettings link is visible
16:22:07.741 [main] INFO  Dealership.POM - SystemSettings link is clicked
16:22:12.456 [main] INFO  Dealership.POM - Tax management link is clicked
16:22:14.072 [main] INFO  Dealership.POM - TaxHeader is visible
16:22:24.189 [main] INFO  Dealership.POM - TaxRates link is visible
16:22:24.274 [main] INFO  Dealership.POM - TaxRates link is clicked
16:22:24.384 [main] INFO  Dealership.POM - AddNewSellingTaxRate link is visible
16:22:24.457 [main] INFO  Dealership.POM - AddNewSellingTaxRate link is clicked
16:22:28.188 [main] INFO  Dealership.POM - TaxName is visible
16:22:28.431 [main] INFO  Dealership.POM - TaxName is filled
16:22:28.486 [main] INFO  Dealership.POM - FormsLabel is visible
16:22:28.738 [main] INFO  Dealership.POM - FormsLabel is filled
16:22:28.811 [main] INFO  Dealership.POM - Rate is visible
16:22:29.034 [main] INFO  Dealership.POM - Rate is filled
16:22:29.089 [main] INFO  Dealership.POM - SaveButton is visible
16:22:29.175 [main] INFO  Dealership.POM - SaveButton is clicked
16:22:45.716 [main] INFO  Dealership.POM - sellingtaxrate_885 is added successfully
16:22:57.104 [main] INFO  Dealership.POM - TaxCodes link is visible
16:22:57.193 [main] INFO  Dealership.POM - TaxCodes link is clicked
16:22:57.317 [main] INFO  Dealership.POM - AddNewSellingTaxCode link is visible
16:22:57.459 [main] INFO  Dealership.POM - AddNewSellingTaxCode link is clicked
16:23:01.163 [main] INFO  Dealership.POM - TaxCodeName is visible
16:23:01.397 [main] INFO  Dealership.POM - TaxCodeName is filled
16:23:01.449 [main] INFO  Dealership.POM - FormsLabelCode is visible
16:23:01.788 [main] INFO  Dealership.POM - FormsLabelCode is filled
16:23:01.861 [main] INFO  Dealership.POM - ActiveToggle is visible
16:23:01.947 [main] INFO  Dealership.POM - ActiveToggle is clicked
16:23:02.004 [main] INFO  Dealership.POM - SaveButton is visible
16:23:02.093 [main] INFO  Dealership.POM - SaveButton is clicked
16:23:17.639 [main] INFO  Dealership.POM - NewTaxCode is visible
16:23:17.705 [main] INFO  Dealership.POM - NewTaxCode is clicked
16:23:19.824 [main] INFO  Dealership.POM - AssignTaxRateButton is visible
16:23:19.965 [main] INFO  Dealership.POM - AssignTaxRateButton is clicked
16:23:32.718 [main] INFO  Dealership.POM - AssignedrateCheckbox is selected
16:23:37.797 [main] INFO  Dealership.POM - Update button is clicked
16:23:57.844 [main] INFO  Dealership.POM - Tax rate has been successfully assigned
16:24:02.850 [main] INFO  Dealership.POM - Test case SellingTaxmanagement passes successfully
15:09:11.670 [main] INFO  Dealership.POM - Running Test : SellingTaxmanagement
15:09:39.562 [main] INFO  Dealership.POM - Windows maximized
15:09:41.418 [main] INFO  Dealership.POM - URL entered
15:09:41.576 [main] INFO  Dealership.POM - Username field is visible
15:09:41.895 [main] INFO  Dealership.POM - Password field is visible
15:09:42.326 [main] INFO  Dealership.POM - Login Button is visible
15:09:59.128 [main] INFO  Dealership.POM - Login Button is clicked
15:10:19.958 [main] INFO  Dealership.POM - Account and Settings link is visible
15:10:20.087 [main] INFO  Dealership.POM - Account and Settings link is clicked
15:10:20.221 [main] INFO  Dealership.POM - SystemSettings link is visible
15:10:20.327 [main] INFO  Dealership.POM - SystemSettings link is clicked
15:10:25.560 [main] INFO  Dealership.POM - Tax management link is clicked
15:10:27.498 [main] INFO  Dealership.POM - TaxHeader is visible
15:10:37.606 [main] INFO  Dealership.POM - TaxRates link is visible
15:10:37.698 [main] INFO  Dealership.POM - TaxRates link is clicked
15:10:37.822 [main] INFO  Dealership.POM - AddNewSellingTaxRate link is visible
15:10:37.978 [main] INFO  Dealership.POM - AddNewSellingTaxRate link is clicked
15:10:41.707 [main] INFO  Dealership.POM - TaxName is visible
15:10:41.945 [main] INFO  Dealership.POM - TaxName is filled
15:10:41.999 [main] INFO  Dealership.POM - FormsLabel is visible
15:10:42.228 [main] INFO  Dealership.POM - FormsLabel is filled
15:10:42.284 [main] INFO  Dealership.POM - Rate is visible
15:10:42.521 [main] INFO  Dealership.POM - Rate is filled
15:10:42.589 [main] INFO  Dealership.POM - SaveButton is visible
15:10:42.709 [main] INFO  Dealership.POM - SaveButton is clicked
15:11:04.993 [main] INFO  Dealership.POM - TaxCodes link is visible
15:11:05.114 [main] INFO  Dealership.POM - TaxCodes link is clicked
15:11:05.267 [main] INFO  Dealership.POM - AddNewSellingTaxCode link is visible
15:11:05.403 [main] INFO  Dealership.POM - AddNewSellingTaxCode link is clicked
15:12:45.973 [main] FATAL Dealership.POM - Test Failed - screenshot captured for Method : SellingTaxmanagement
15:18:05.958 [main] INFO  Dealership.POM - Running Test : SellingTaxmanagement
15:18:14.410 [main] INFO  Dealership.POM - Windows maximized
15:18:16.574 [main] INFO  Dealership.POM - URL entered
15:18:16.720 [main] INFO  Dealership.POM - Username field is visible
15:18:17.157 [main] INFO  Dealership.POM - Password field is visible
15:18:17.696 [main] INFO  Dealership.POM - Login Button is visible
15:18:33.851 [main] INFO  Dealership.POM - Login Button is clicked
15:18:54.335 [main] INFO  Dealership.POM - Account and Settings link is visible
15:18:54.437 [main] INFO  Dealership.POM - Account and Settings link is clicked
15:18:54.579 [main] INFO  Dealership.POM - SystemSettings link is visible
15:18:54.685 [main] INFO  Dealership.POM - SystemSettings link is clicked
15:18:58.448 [main] INFO  Dealership.POM - Tax management link is clicked
15:19:00.269 [main] INFO  Dealership.POM - TaxHeader is visible
15:19:10.420 [main] INFO  Dealership.POM - TaxRates link is visible
15:19:10.511 [main] INFO  Dealership.POM - TaxRates link is clicked
15:19:10.626 [main] INFO  Dealership.POM - AddNewSellingTaxRate link is visible
15:19:10.717 [main] INFO  Dealership.POM - AddNewSellingTaxRate link is clicked
15:19:14.417 [main] INFO  Dealership.POM - TaxName is visible
15:19:14.668 [main] INFO  Dealership.POM - TaxName is filled
15:19:14.735 [main] INFO  Dealership.POM - FormsLabel is visible
15:19:15.048 [main] INFO  Dealership.POM - FormsLabel is filled
15:19:15.116 [main] INFO  Dealership.POM - Rate is visible
15:19:15.330 [main] INFO  Dealership.POM - Rate is filled
15:19:15.386 [main] INFO  Dealership.POM - SaveButton is visible
15:19:15.468 [main] INFO  Dealership.POM - SaveButton is clicked
15:19:31.955 [main] INFO  Dealership.POM - sellingtaxrate_234 is added successfully
15:19:43.961 [main] INFO  Dealership.POM - TaxCodes link is visible
15:19:44.070 [main] INFO  Dealership.POM - TaxCodes link is clicked
