13:58:59.603 [TestNG-test=Test-1] INFO  Dealership.POM - Price field is displayed
13:58:59.901 [TestNG-test=Test-1] INFO  Dealership.POM - Price is selected
13:59:00.217 [TestNG-test=Test-1] INFO  Dealership.POM - UnitApplicable_tax is selected
13:59:00.258 [TestNG-test=Test-1] INFO  Dealership.POM - TagInputBox is displayed
13:59:02.471 [TestNG-test=Test-1] INFO  Dealership.POM - Taginputlist is displayed
13:59:02.627 [TestNG-test=Test-1] INFO  Dealership.POM - Taginputlist is selected
13:59:02.699 [TestNG-test=Test-1] INFO  Dealership.POM - Save Button is displayed
13:59:02.811 [TestNG-test=Test-1] INFO  Dealership.POM - Save Button is selected
13:59:13.255 [TestNG-test=Test-1] INFO  Dealership.POM - Unit Name is entered in searchbox
13:59:23.363 [TestNG-test=Test-1] INFO  Dealership.POM - the text is qaunit-18_04_202201_48_25
13:59:23.375 [TestNG-test=Test-1] INFO  Dealership.POM - Unit is successfully created
13:59:23.376 [TestNG-test=Test-1] INFO  Dealership.POM - Test case AddUnit passes successfully
13:59:29.411 [TestNG-test=Test-1] INFO  Dealership.POM - Running Test : StoreSummary
13:59:33.952 [TestNG-test=Test-1] INFO  Dealership.POM - Windows maximized
13:59:35.934 [TestNG-test=Test-1] INFO  Dealership.POM - URL entered
13:59:36.028 [TestNG-test=Test-1] INFO  Dealership.POM - Username field is visible
13:59:36.342 [TestNG-test=Test-1] INFO  Dealership.POM - Password field is visible
14:00:08.168 [TestNG-test=Test-1] INFO  Dealership.POM - Store Summary tab is visible
14:00:08.292 [TestNG-test=Test-1] INFO  Dealership.POM - Today link is visible
14:00:08.422 [TestNG-test=Test-1] INFO  Dealership.POM - Today link is clickable
14:00:08.485 [TestNG-test=Test-1] INFO  Dealership.POM - Last_7_Days link is visible
14:00:08.752 [TestNG-test=Test-1] INFO  Dealership.POM - Last_7_Days link is clickable
14:00:08.838 [TestNG-test=Test-1] INFO  Dealership.POM - Last_30_Days link is visible
14:00:08.973 [TestNG-test=Test-1] INFO  Dealership.POM - Last_30_Days link is clickable
14:00:09.039 [TestNG-test=Test-1] INFO  Dealership.POM - Invoices link is visible
14:00:17.323 [TestNG-test=Test-1] INFO  Dealership.POM - The page title is - Advanced Search
14:00:17.401 [TestNG-test=Test-1] INFO  Dealership.POM - Search tag is visible
14:00:17.424 [TestNG-test=Test-1] INFO  Dealership.POM - The Invoice link has redirected to correct page
14:00:19.122 [TestNG-test=Test-1] INFO  Dealership.POM - Payments link is visible
14:00:22.916 [TestNG-test=Test-1] INFO  Dealership.POM - The page title is - Advanced Search
14:00:23.195 [TestNG-test=Test-1] INFO  Dealership.POM - Search tag is visible
14:00:23.218 [TestNG-test=Test-1] INFO  Dealership.POM - The Payments link has redirected to correct page
14:00:24.833 [TestNG-test=Test-1] INFO  Dealership.POM - New Customers link is visible
14:00:30.332 [TestNG-test=Test-1] INFO  Dealership.POM - The page title is - Advanced Search
14:00:40.392 [TestNG-test=Test-1] INFO  Dealership.POM - Search tag is visible
14:00:40.414 [TestNG-test=Test-1] INFO  Dealership.POM - The New Customers link has redirected to correct page
14:00:40.416 [TestNG-test=Test-1] INFO  Dealership.POM - Test case StoreSummary passes successfully
14:00:46.492 [TestNG-test=Test-1] INFO  Dealership.POM - Running Test : ServiceJobs
14:00:51.533 [TestNG-test=Test-1] INFO  Dealership.POM - Windows maximized
14:00:53.334 [TestNG-test=Test-1] INFO  Dealership.POM - URL entered
14:00:53.523 [TestNG-test=Test-1] INFO  Dealership.POM - Username field is visible
14:00:54.645 [TestNG-test=Test-1] INFO  Dealership.POM - Password field is visible
14:01:48.764 [TestNG-test=Test-1] INFO  Dealership.POM - Service Jobs tab is visible
14:01:48.807 [TestNG-test=Test-1] INFO  Dealership.POM - Customerpay link is visible
14:01:48.931 [TestNG-test=Test-1] INFO  Dealership.POM - Customerpay link is clickable
14:01:48.979 [TestNG-test=Test-1] INFO  Dealership.POM - ThirdParty link is visible
14:01:49.139 [TestNG-test=Test-1] INFO  Dealership.POM - ThirdParty link is clickable
14:01:49.205 [TestNG-test=Test-1] INFO  Dealership.POM - Internal link is visible
14:01:49.325 [TestNG-test=Test-1] INFO  Dealership.POM - Internal link is clickable
14:01:49.378 [TestNG-test=Test-1] INFO  Dealership.POM - Deal link is visible
14:01:49.474 [TestNG-test=Test-1] INFO  Dealership.POM - Deal link is clickable
14:01:54.530 [TestNG-test=Test-1] INFO  Dealership.POM - New link is visible
14:02:06.306 [TestNG-test=Test-1] INFO  Dealership.POM - The page title is - Advanced Search
14:02:06.383 [TestNG-test=Test-1] INFO  Dealership.POM - Search tag is visible
14:02:06.409 [TestNG-test=Test-1] INFO  Dealership.POM - The New link has redirected to correct page
14:02:09.222 [TestNG-test=Test-1] INFO  Dealership.POM - Active link is visible
14:02:18.299 [TestNG-test=Test-1] INFO  Dealership.POM - The page title is - Advanced Search
14:02:18.410 [TestNG-test=Test-1] INFO  Dealership.POM - Search tag is visible
14:02:18.439 [TestNG-test=Test-1] INFO  Dealership.POM - The Active link has redirected to correct page
14:02:20.715 [TestNG-test=Test-1] INFO  Dealership.POM - New Customers link is visible
14:03:01.355 [TestNG-test=Test-1] INFO  Dealership.POM - The page title is - Advanced Search
14:03:01.409 [TestNG-test=Test-1] INFO  Dealership.POM - Search tag is visible
14:03:01.441 [TestNG-test=Test-1] INFO  Dealership.POM - The Completed link has redirected to correct page
14:03:01.442 [TestNG-test=Test-1] INFO  Dealership.POM - Test case ServiceJobs passes successfully
14:03:07.451 [TestNG-test=Test-1] INFO  Dealership.POM - Running Test : Vendor_Orders
14:03:11.765 [TestNG-test=Test-1] INFO  Dealership.POM - Windows maximized
14:03:13.969 [TestNG-test=Test-1] INFO  Dealership.POM - URL entered
14:03:14.075 [TestNG-test=Test-1] INFO  Dealership.POM - Username field is visible
14:03:14.330 [TestNG-test=Test-1] INFO  Dealership.POM - Password field is visible
14:04:49.806 [TestNG-test=Test-1] INFO  Dealership.POM - Vendor_Orders tab is visible
14:04:49.857 [TestNG-test=Test-1] INFO  Dealership.POM - Active_Orders link is visible
14:05:26.309 [TestNG-test=Test-1] INFO  Dealership.POM - The page title is - Advanced Search
14:05:26.371 [TestNG-test=Test-1] INFO  Dealership.POM - Search tag is visible
14:05:26.394 [TestNG-test=Test-1] INFO  Dealership.POM - The Invoice link has redirected to correct page
14:05:28.911 [TestNG-test=Test-1] INFO  Dealership.POM - Active_Receiving link is visible
14:05:34.871 [TestNG-test=Test-1] INFO  Dealership.POM - The page title is - Advanced Search
14:05:34.939 [TestNG-test=Test-1] INFO  Dealership.POM - Search tag is visible
14:05:34.974 [TestNG-test=Test-1] INFO  Dealership.POM - The Payments link has redirected to correct page
14:05:37.885 [TestNG-test=Test-1] INFO  Dealership.POM - Parts_needed link is visible
14:07:18.363 [TestNG-test=Test-1] FATAL Dealership.POM - Test Failed - screenshot captured for Method : Vendor_Orders
14:07:26.195 [TestNG-test=Test-1] INFO  Dealership.POM - Running Test : Customer_Orders
14:07:31.462 [TestNG-test=Test-1] INFO  Dealership.POM - Windows maximized
14:07:33.471 [TestNG-test=Test-1] INFO  Dealership.POM - URL entered
14:07:33.558 [TestNG-test=Test-1] INFO  Dealership.POM - Username field is visible
14:07:33.832 [TestNG-test=Test-1] INFO  Dealership.POM - Password field is visible
14:08:03.527 [TestNG-test=Test-1] FATAL Dealership.POM - Test Failed - screenshot captured for Method : Customer_Orders
14:08:09.469 [TestNG-test=Test-1] INFO  Dealership.POM - Running Test : Activity_Feed
14:08:14.154 [TestNG-test=Test-1] INFO  Dealership.POM - Windows maximized
14:08:15.934 [TestNG-test=Test-1] INFO  Dealership.POM - URL entered
14:08:15.989 [TestNG-test=Test-1] INFO  Dealership.POM - Username field is visible
14:08:16.209 [TestNG-test=Test-1] INFO  Dealership.POM - Password field is visible
14:08:53.866 [TestNG-test=Test-1] INFO  Dealership.POM - Activity_Feed tab is visible
14:08:53.910 [TestNG-test=Test-1] INFO  Dealership.POM - MyActivity link is visible
14:08:53.991 [TestNG-test=Test-1] INFO  Dealership.POM - MyActivity link is clickable
14:08:54.028 [TestNG-test=Test-1] INFO  Dealership.POM - StoreActivity link is visible
14:08:54.096 [TestNG-test=Test-1] INFO  Dealership.POM - StoreActivity link is clickable
14:08:54.097 [TestNG-test=Test-1] INFO  Dealership.POM - Test case Activity_Feed passes successfully
14:09:00.108 [TestNG-test=Test-1] INFO  Dealership.POM - Running Test : Merchandise
14:09:04.685 [TestNG-test=Test-1] INFO  Dealership.POM - Windows maximized
14:09:06.445 [TestNG-test=Test-1] INFO  Dealership.POM - URL entered
14:09:06.534 [TestNG-test=Test-1] INFO  Dealership.POM - Username field is visible
14:09:06.825 [TestNG-test=Test-1] INFO  Dealership.POM - Password field is visible
14:09:42.904 [TestNG-test=Test-1] INFO  Dealership.POM - Sell link is visible
14:09:45.012 [TestNG-test=Test-1] INFO  Dealership.POM - Sell link is clickable
14:09:45.421 [TestNG-test=Test-1] INFO  Dealership.POM - Select Customer Dropdown is visible
14:09:46.199 [TestNG-test=Test-1] INFO  Dealership.POM - Select Customer Field is visible
14:10:00.776 [TestNG-test=Test-1] INFO  Dealership.POM - CustomerInfo is visible
14:10:21.425 [TestNG-test=Test-1] FATAL Dealership.POM - Test Failed - screenshot captured for Method : Merchandise
14:10:27.498 [TestNG-test=Test-1] INFO  Dealership.POM - Running Test : Servicejob
14:10:31.827 [TestNG-test=Test-1] INFO  Dealership.POM - Windows maximized
14:10:33.518 [TestNG-test=Test-1] INFO  Dealership.POM - URL entered
14:10:33.597 [TestNG-test=Test-1] INFO  Dealership.POM - Username field is visible
14:10:33.825 [TestNG-test=Test-1] INFO  Dealership.POM - Password field is visible
14:11:03.858 [TestNG-test=Test-1] INFO  Dealership.POM - Sell link is visible
14:11:03.957 [TestNG-test=Test-1] INFO  Dealership.POM - Sell link is clickable
14:12:44.278 [TestNG-test=Test-1] FATAL Dealership.POM - Test Failed - screenshot captured for Method : Servicejob
14:12:50.349 [TestNG-test=Test-1] INFO  Dealership.POM - Running Test : UnitDeal
14:12:54.571 [TestNG-test=Test-1] INFO  Dealership.POM - Windows maximized
14:12:56.480 [TestNG-test=Test-1] INFO  Dealership.POM - URL entered
14:12:56.534 [TestNG-test=Test-1] INFO  Dealership.POM - Username field is visible
14:12:56.710 [TestNG-test=Test-1] INFO  Dealership.POM - Password field is visible
14:13:26.739 [TestNG-test=Test-1] INFO  Dealership.POM - Sell link is visible
14:13:26.831 [TestNG-test=Test-1] INFO  Dealership.POM - Sell link is clickable
14:13:29.181 [TestNG-test=Test-1] INFO  Dealership.POM - Select Customer Dropdown is visible
14:13:29.934 [TestNG-test=Test-1] INFO  Dealership.POM - Select Customer Field is visible
14:13:32.333 [TestNG-test=Test-1] INFO  Dealership.POM - CustomerInfo is visible
14:14:02.695 [TestNG-test=Test-1] INFO  Dealership.POM - Sell A Unit button is visible
14:14:02.814 [TestNG-test=Test-1] INFO  Dealership.POM - Sell A Unit button is clicked
14:14:15.761 [TestNG-test=Test-1] INFO  Dealership.POM - UnitDealStatus is visible
14:14:15.786 [TestNG-test=Test-1] INFO  Dealership.POM - UnitDealStatus is Status: Quotation
14:14:15.864 [TestNG-test=Test-1] INFO  Dealership.POM - UnitOptionsStatus is visible
14:14:15.891 [TestNG-test=Test-1] INFO  Dealership.POM - UnitOptionsStatus is Option:
14:14:15.947 [TestNG-test=Test-1] INFO  Dealership.POM - Unit1 is visible
14:14:16.041 [TestNG-test=Test-1] INFO  Dealership.POM - Unit1 is opened
14:14:17.245 [TestNG-test=Test-1] INFO  Dealership.POM - Search Stockunit field is visible
14:14:29.691 [TestNG-test=Test-1] INFO  Dealership.POM - Unit1 is selected
14:14:42.570 [TestNG-test=Test-1] INFO  Dealership.POM - Option_Fee field is visible
14:14:42.624 [TestNG-test=Test-1] INFO  Dealership.POM - Options And Fee field is visible
14:14:43.400 [TestNG-test=Test-1] INFO  Dealership.POM - SearchOptions field is visible
14:14:54.266 [TestNG-test=Test-1] INFO  Dealership.POM - Option 1 is selected
14:15:24.524 [TestNG-test=Test-1] INFO  Dealership.POM - Notes For Customer field is visible
14:15:24.658 [TestNG-test=Test-1] INFO  Dealership.POM - Notes For Customer is clicked
14:15:25.328 [TestNG-test=Test-1] INFO  Dealership.POM - Notes field is visible
14:15:25.762 [TestNG-test=Test-1] INFO  Dealership.POM - Note is filled
14:15:25.947 [TestNG-test=Test-1] INFO  Dealership.POM - Summary is visible
14:15:27.289 [TestNG-test=Test-1] FATAL Dealership.POM - Test Failed - screenshot captured for Method : UnitDeal
14:15:33.300 [TestNG-test=Test-1] INFO  Dealership.POM - Running Test : CashSale
14:15:38.265 [TestNG-test=Test-1] INFO  Dealership.POM - Windows maximized
14:15:40.374 [TestNG-test=Test-1] INFO  Dealership.POM - URL entered
14:15:40.444 [TestNG-test=Test-1] INFO  Dealership.POM - Username field is visible
14:15:40.940 [TestNG-test=Test-1] INFO  Dealership.POM - Password field is visible
14:16:20.088 [TestNG-test=Test-1] INFO  Dealership.POM - Sell link is visible
14:16:22.395 [TestNG-test=Test-1] INFO  Dealership.POM - Sell link is clickable
14:16:23.020 [TestNG-test=Test-1] INFO  Dealership.POM - Sell Part tile is displayed
14:16:23.223 [TestNG-test=Test-1] INFO  Dealership.POM - Sell Part tile is clicked
14:16:23.478 [TestNG-test=Test-1] INFO  Dealership.POM - Searchbox is visible
14:16:23.513 [TestNG-test=Test-1] INFO  Dealership.POM - Searchbox is visible
14:16:27.365 [TestNG-test=Test-1] INFO  Dealership.POM - Merchentity is visible
14:16:37.576 [TestNG-test=Test-1] INFO  Dealership.POM - Searchbox is visible
14:18:18.353 [TestNG-test=Test-1] FATAL Dealership.POM - Test Failed - screenshot captured for Method : CashSale
14:18:24.562 [TestNG-test=Test-1] INFO  Dealership.POM - Running Test : TemporaryUnit
14:18:29.430 [TestNG-test=Test-1] INFO  Dealership.POM - Windows maximized
14:18:31.253 [TestNG-test=Test-1] INFO  Dealership.POM - URL entered
14:18:31.332 [TestNG-test=Test-1] INFO  Dealership.POM - Username field is visible
14:18:31.576 [TestNG-test=Test-1] INFO  Dealership.POM - Password field is visible
14:19:04.924 [TestNG-test=Test-1] INFO  Dealership.POM - Sell link is visible
14:19:05.007 [TestNG-test=Test-1] INFO  Dealership.POM - Sell link is clickable
14:19:07.570 [TestNG-test=Test-1] INFO  Dealership.POM - Select Customer Dropdown is visible
14:19:07.971 [TestNG-test=Test-1] INFO  Dealership.POM - Select Customer Field is visible
14:19:10.298 [TestNG-test=Test-1] INFO  Dealership.POM - CustomerInfo is visible
14:19:40.632 [TestNG-test=Test-1] INFO  Dealership.POM - Quote Toggle button is visible
14:19:40.740 [TestNG-test=Test-1] INFO  Dealership.POM - Quote Toggle button is clicked
14:19:50.806 [TestNG-test=Test-1] INFO  Dealership.POM - The status of CO is Quote
14:19:50.850 [TestNG-test=Test-1] INFO  Dealership.POM - Sell A Unit button is visible
14:19:50.931 [TestNG-test=Test-1] INFO  Dealership.POM - Sell A Unit button is clicked
14:19:52.621 [TestNG-test=Test-1] INFO  Dealership.POM - UnitDealStatus is visible
14:19:52.651 [TestNG-test=Test-1] INFO  Dealership.POM - UnitDealStatus is Status: Quotation
14:19:52.732 [TestNG-test=Test-1] INFO  Dealership.POM - UnitOptionsStatus is visible
14:19:52.759 [TestNG-test=Test-1] INFO  Dealership.POM - UnitOptionsStatus is Option:
14:19:52.835 [TestNG-test=Test-1] INFO  Dealership.POM - Unit1 is visible
14:19:52.950 [TestNG-test=Test-1] INFO  Dealership.POM - Unit1 is opened
14:19:54.299 [TestNG-test=Test-1] INFO  Dealership.POM - Set Temp Unit button is visible
14:19:54.456 [TestNG-test=Test-1] INFO  Dealership.POM - Set Temp Unit button is clicked
14:20:01.351 [TestNG-test=Test-1] INFO  Dealership.POM - Make field is visible
14:20:01.776 [TestNG-test=Test-1] INFO  Dealership.POM - Make field is filled
14:20:01.818 [TestNG-test=Test-1] INFO  Dealership.POM - Model field is visible
14:20:02.234 [TestNG-test=Test-1] INFO  Dealership.POM - Model field is filled
14:20:02.270 [TestNG-test=Test-1] INFO  Dealership.POM - Sub Model field is visible
14:20:02.815 [TestNG-test=Test-1] INFO  Dealership.POM - Sub Model field is filled
14:20:02.878 [TestNG-test=Test-1] INFO  Dealership.POM - Year field is visible
14:20:03.095 [TestNG-test=Test-1] INFO  Dealership.POM - Year field is filled
14:20:03.150 [TestNG-test=Test-1] INFO  Dealership.POM - Exterior Color field is visible
14:20:03.373 [TestNG-test=Test-1] INFO  Dealership.POM - Exterior Color field is filled
14:20:03.435 [TestNG-test=Test-1] INFO  Dealership.POM - Next Button is visible
14:20:03.541 [TestNG-test=Test-1] INFO  Dealership.POM - Next Button is clicked
14:20:16.944 [TestNG-test=Test-1] INFO  Dealership.POM - Totalprice field is visible
14:20:17.174 [TestNG-test=Test-1] INFO  Dealership.POM - Totalprice field is filled
14:20:17.216 [TestNG-test=Test-1] INFO  Dealership.POM - Totalcost field is visible
14:20:17.512 [TestNG-test=Test-1] INFO  Dealership.POM - Totalcost field is filled
14:20:17.561 [TestNG-test=Test-1] INFO  Dealership.POM - Save Button is visible
14:20:17.655 [TestNG-test=Test-1] INFO  Dealership.POM - Save Button is clicked
14:20:22.714 [TestNG-test=Test-1] INFO  Dealership.POM - SaveTempUnit Button is visible
14:20:22.859 [TestNG-test=Test-1] INFO  Dealership.POM - SaveTempUnit Button is clicked
14:20:24.025 [TestNG-test=Test-1] INFO  Dealership.POM - TempUnitName is visible
14:20:24.077 [TestNG-test=Test-1] INFO  Dealership.POM - Unit name is displayed correctly
14:20:24.134 [TestNG-test=Test-1] INFO  Dealership.POM - Edit Pricing Button is visible
14:20:24.260 [TestNG-test=Test-1] INFO  Dealership.POM - Edit Pricing Button is clicked
14:20:34.016 [TestNG-test=Test-1] INFO  Dealership.POM - Rideaway Toggle Button is visible
14:20:34.137 [TestNG-test=Test-1] INFO  Dealership.POM - Rideaway Toggle Button is Toggled
14:20:39.202 [TestNG-test=Test-1] INFO  Dealership.POM - InputForRideawayPrice is visible
14:20:39.435 [TestNG-test=Test-1] INFO  Dealership.POM - InputForRideawayPrice is filled
14:20:39.491 [TestNG-test=Test-1] INFO  Dealership.POM - SaveBtnRideawayPrice is visible
14:20:39.608 [TestNG-test=Test-1] INFO  Dealership.POM - SaveBtnRideawayPrice is clicked
14:20:49.664 [TestNG-test=Test-1] INFO  Dealership.POM - InputForStampDuty is visible
14:20:50.044 [TestNG-test=Test-1] INFO  Dealership.POM - InputForStampDuty is filled
14:20:50.120 [TestNG-test=Test-1] INFO  Dealership.POM - SaveBtnStampDuty is visible
14:20:50.261 [TestNG-test=Test-1] INFO  Dealership.POM - SaveBtnStampDuty is clicked
14:21:00.335 [TestNG-test=Test-1] INFO  Dealership.POM - SavePriceBtn is visible
14:21:00.467 [TestNG-test=Test-1] INFO  Dealership.POM - SavePriceBtn is clicked
14:21:03.538 [TestNG-test=Test-1] INFO  Dealership.POM - Option_Fee field is visible
14:21:03.616 [TestNG-test=Test-1] INFO  Dealership.POM - Options And Fee field is visible
14:21:04.518 [TestNG-test=Test-1] INFO  Dealership.POM - SearchOptions field is visible
14:21:09.082 [TestNG-test=Test-1] INFO  Dealership.POM - Option 1 is selected
14:21:39.338 [TestNG-test=Test-1] INFO  Dealership.POM - Notes For Customer field is visible
14:21:39.494 [TestNG-test=Test-1] INFO  Dealership.POM - Notes For Customer is clicked
14:21:40.212 [TestNG-test=Test-1] INFO  Dealership.POM - Notes field is visible
14:21:40.726 [TestNG-test=Test-1] INFO  Dealership.POM - Note is filled
14:21:40.775 [TestNG-test=Test-1] INFO  Dealership.POM - AddTradeIn button is visible
14:21:40.964 [TestNG-test=Test-1] INFO  Dealership.POM - AddTradeIn button is clicked
14:21:43.429 [TestNG-test=Test-1] INFO  Dealership.POM - AddCOU button is visible
14:21:44.497 [TestNG-test=Test-1] INFO  Dealership.POM - AddCOU button is clicked
14:21:47.473 [TestNG-test=Test-1] INFO  Dealership.POM - Temp Unit Mmodal Window  is visible
14:21:47.500 [TestNG-test=Test-1] INFO  Dealership.POM - Make field is visible
14:21:50.487 [TestNG-test=Test-1] INFO  Dealership.POM - Make is filed
14:21:50.527 [TestNG-test=Test-1] INFO  Dealership.POM - Model field is visible
14:21:52.618 [TestNG-test=Test-1] INFO  Dealership.POM - Model is filed
14:21:52.675 [TestNG-test=Test-1] INFO  Dealership.POM - Sub-Model field is visible
14:21:53.464 [TestNG-test=Test-1] INFO  Dealership.POM - Sub-Model is filed
14:21:53.508 [TestNG-test=Test-1] INFO  Dealership.POM - Year field is visible
14:21:53.964 [TestNG-test=Test-1] INFO  Dealership.POM - Year is filed
14:21:54.017 [TestNG-test=Test-1] INFO  Dealership.POM - Addbutton is visible
14:21:54.220 [TestNG-test=Test-1] INFO  Dealership.POM - Addbutton is clicked
14:22:08.598 [TestNG-test=Test-1] INFO  Dealership.POM - AgreedValueForCOU is visible
14:22:08.841 [TestNG-test=Test-1] INFO  Dealership.POM - AgreedValueForCOU is clicked
14:22:08.877 [TestNG-test=Test-1] INFO  Dealership.POM - ActualCashValueForCOU is visible
14:22:09.126 [TestNG-test=Test-1] INFO  Dealership.POM - ActualCashValueForCOU is clicked
14:22:09.179 [TestNG-test=Test-1] INFO  Dealership.POM - tradeInLienPayout is visible
14:22:09.443 [TestNG-test=Test-1] INFO  Dealership.POM - tradeInLienPayout is clicked
14:22:09.487 [TestNG-test=Test-1] INFO  Dealership.POM - tradeInFinanceCompany is visible
14:22:09.657 [TestNG-test=Test-1] INFO  Dealership.POM - tradeInFinanceCompany is clicked
14:22:14.711 [TestNG-test=Test-1] INFO  Dealership.POM - tradeInFinanceCompanyDropdownDiv is visible
14:22:14.824 [TestNG-test=Test-1] INFO  Dealership.POM - tradeInFinanceCompanyDropdownDiv is clicked
14:22:19.922 [TestNG-test=Test-1] INFO  Dealership.POM - AppraisalMethod is visible
14:22:20.015 [TestNG-test=Test-1] INFO  Dealership.POM - AppraisalMethod is clicked
14:22:25.064 [TestNG-test=Test-1] INFO  Dealership.POM - appraisalMethod0 is visible
14:22:25.233 [TestNG-test=Test-1] INFO  Dealership.POM - appraisalMethod0 is clicked
14:22:25.287 [TestNG-test=Test-1] INFO  Dealership.POM - AppraisalStatus is visible
14:22:25.415 [TestNG-test=Test-1] INFO  Dealership.POM - AppraisalStatus is clicked
14:22:30.467 [TestNG-test=Test-1] INFO  Dealership.POM - appraisalStatus1 is visible
14:22:30.635 [TestNG-test=Test-1] INFO  Dealership.POM - appraisalStatus1 is clicked
14:22:30.674 [TestNG-test=Test-1] INFO  Dealership.POM - AppraisalNote is visible
14:22:30.960 [TestNG-test=Test-1] INFO  Dealership.POM - AppraisalNote is filled
14:22:36.024 [TestNG-test=Test-1] INFO  Dealership.POM - ApprovedBy is visible
14:22:36.208 [TestNG-test=Test-1] INFO  Dealership.POM - ApprovedBy is clicked
14:22:41.412 [TestNG-test=Test-1] FATAL Dealership.POM - Test Failed - screenshot captured for Method : TemporaryUnit
14:22:47.525 [TestNG-test=Test-1] INFO  Dealership.POM - Running Test : ConvertintoCashSale
14:22:52.176 [TestNG-test=Test-1] INFO  Dealership.POM - Windows maximized
14:22:54.045 [TestNG-test=Test-1] INFO  Dealership.POM - URL entered
14:22:54.090 [TestNG-test=Test-1] INFO  Dealership.POM - Running Test : DeleteWhenCOClosed
14:39:38.708 [main] INFO  Dealership.POM - Running Test : Merchandise
14:39:42.573 [main] INFO  Dealership.POM - Running Test : Merchandise
14:39:55.046 [main] INFO  Dealership.POM - Windows maximized
14:39:58.692 [main] INFO  Dealership.POM - URL entered
14:39:58.746 [main] INFO  Dealership.POM - Windows maximized
14:39:59.229 [main] INFO  Dealership.POM - Username field is visible
14:40:01.501 [main] INFO  Dealership.POM - URL entered
14:40:02.195 [main] INFO  Dealership.POM - Password field is visible
14:40:02.453 [main] INFO  Dealership.POM - Username field is visible
14:40:05.574 [main] INFO  Dealership.POM - Password field is visible
14:40:35.333 [main] INFO  Dealership.POM - Running Test : Merchandise
14:40:44.481 [main] INFO  Dealership.POM - Windows maximized
14:40:46.251 [main] INFO  Dealership.POM - URL entered
14:40:46.387 [main] INFO  Dealership.POM - Username field is visible
14:40:46.886 [main] INFO  Dealership.POM - Password field is visible
14:41:23.283 [main] INFO  Dealership.POM - Sell link is visible
14:41:24.666 [main] INFO  Dealership.POM - Sell link is clickable
14:41:24.984 [main] INFO  Dealership.POM - Select Customer Dropdown is visible
14:41:27.454 [main] INFO  Dealership.POM - Select Customer Field is visible
14:41:29.553 [main] INFO  Dealership.POM - CustomerInfo is visible
14:42:00.088 [main] INFO  Dealership.POM - SellPartandAccs button is visible
14:42:00.211 [main] INFO  Dealership.POM - SellPartandAccs button is clicked
14:42:02.008 [main] INFO  Dealership.POM - Searchbox is visible
14:42:05.778 [main] INFO  Dealership.POM - Merchentity is visible
14:42:26.328 [main] INFO  Dealership.POM - Feeentity is visible
14:42:47.080 [main] INFO  Dealership.POM - Kitentity is visible
14:42:57.405 [main] INFO  Dealership.POM - Checkout_Button is visible
14:43:08.149 [main] FATAL Dealership.POM - Test Failed - screenshot captured for Method : Merchandise
14:43:14.131 [main] INFO  Dealership.POM - Running Test : Servicejob
14:43:21.622 [main] INFO  Dealership.POM - Windows maximized
14:43:25.356 [main] INFO  Dealership.POM - URL entered
14:43:25.460 [main] INFO  Dealership.POM - Username field is visible
14:43:26.164 [main] INFO  Dealership.POM - Password field is visible
14:44:18.213 [main] INFO  Dealership.POM - Sell link is visible
14:44:19.845 [main] INFO  Dealership.POM - Sell link is clickable
14:44:20.115 [main] INFO  Dealership.POM - Select Customer Dropdown is visible
14:44:22.506 [main] INFO  Dealership.POM - Select Customer Field is visible
14:44:24.870 [main] INFO  Dealership.POM - CustomerInfo is visible
14:44:55.250 [main] INFO  Dealership.POM - ServiceJob button is visible
14:45:10.660 [main] INFO  Dealership.POM - ServiceJobStatus is visible
14:45:10.703 [main] INFO  Dealership.POM - ServiceJobStatus is Status: New
14:45:10.820 [main] INFO  Dealership.POM - ServiceJobDetails is visible
14:45:10.997 [main] INFO  Dealership.POM - ServiceJobDetails is clicked
14:46:56.707 [main] FATAL Dealership.POM - Test Failed - screenshot captured for Method : Servicejob
14:47:02.760 [main] INFO  Dealership.POM - Running Test : UnitDeal
14:47:07.266 [main] INFO  Dealership.POM - Windows maximized
14:47:09.824 [main] INFO  Dealership.POM - URL entered
14:47:09.901 [main] INFO  Dealership.POM - Username field is visible
14:47:10.101 [main] INFO  Dealership.POM - Password field is visible
14:49:05.704 [main] INFO  Dealership.POM - Sell link is visible
14:49:05.803 [main] INFO  Dealership.POM - Sell link is clickable
14:49:07.727 [main] INFO  Dealership.POM - Select Customer Dropdown is visible
14:49:10.670 [main] INFO  Dealership.POM - Select Customer Field is visible
14:49:12.857 [main] INFO  Dealership.POM - CustomerInfo is visible
14:49:43.208 [main] INFO  Dealership.POM - Sell A Unit button is visible
14:49:43.313 [main] INFO  Dealership.POM - Sell A Unit button is clicked
14:49:45.092 [main] INFO  Dealership.POM - UnitDealStatus is visible
14:49:45.158 [main] INFO  Dealership.POM - UnitDealStatus is Status: Quotation
14:49:45.239 [main] INFO  Dealership.POM - UnitOptionsStatus is visible
14:49:45.257 [main] INFO  Dealership.POM - UnitOptionsStatus is Option:
14:49:45.312 [main] INFO  Dealership.POM - Unit1 is visible
14:49:45.403 [main] INFO  Dealership.POM - Unit1 is opened
14:49:46.630 [main] INFO  Dealership.POM - Search Stockunit field is visible
14:49:48.577 [main] INFO  Dealership.POM - Unit1 is selected
14:49:50.878 [main] INFO  Dealership.POM - Option_Fee field is visible
14:49:50.952 [main] INFO  Dealership.POM - Options And Fee field is visible
14:49:51.748 [main] INFO  Dealership.POM - SearchOptions field is visible
14:50:02.614 [main] INFO  Dealership.POM - Option 1 is selected
14:50:32.899 [main] INFO  Dealership.POM - Notes For Customer field is visible
14:50:33.000 [main] INFO  Dealership.POM - Notes For Customer is clicked
14:50:33.644 [main] INFO  Dealership.POM - Notes field is visible
14:50:34.072 [main] INFO  Dealership.POM - Note is filled
14:50:34.130 [main] INFO  Dealership.POM - Summary is visible
14:50:35.415 [main] FATAL Dealership.POM - Test Failed - screenshot captured for Method : UnitDeal
14:50:41.411 [main] INFO  Dealership.POM - Running Test : CashSale
14:50:46.445 [main] INFO  Dealership.POM - Windows maximized
14:50:49.777 [main] INFO  Dealership.POM - URL entered
14:50:49.832 [main] INFO  Dealership.POM - Username field is visible
14:50:50.097 [main] INFO  Dealership.POM - Password field is visible
14:51:25.676 [main] INFO  Dealership.POM - Sell link is visible
14:51:27.347 [main] INFO  Dealership.POM - Sell link is clickable
14:51:27.757 [main] INFO  Dealership.POM - Sell Part tile is displayed
14:51:27.971 [main] INFO  Dealership.POM - Sell Part tile is clicked
14:51:29.767 [main] INFO  Dealership.POM - Searchbox is visible
14:51:29.800 [main] INFO  Dealership.POM - Searchbox is visible
14:51:33.511 [main] INFO  Dealership.POM - Merchentity is visible
14:51:43.738 [main] INFO  Dealership.POM - Searchbox is visible
14:51:47.670 [main] INFO  Dealership.POM - Feeentity is visible
14:51:57.846 [main] INFO  Dealership.POM - Searchbox is visible
14:52:01.983 [main] INFO  Dealership.POM - Kitentity is visible
14:52:17.155 [main] INFO  Dealership.POM - Checkout_Button is visible
14:52:27.781 [main] FATAL Dealership.POM - Test Failed - screenshot captured for Method : CashSale
14:52:33.865 [main] INFO  Dealership.POM - Running Test : TemporaryUnit
14:52:38.303 [main] INFO  Dealership.POM - Windows maximized
14:52:40.411 [main] INFO  Dealership.POM - URL entered
14:52:40.521 [main] INFO  Dealership.POM - Username field is visible
14:52:40.785 [main] INFO  Dealership.POM - Password field is visible
14:53:14.776 [main] INFO  Dealership.POM - Sell link is visible
14:53:16.177 [main] INFO  Dealership.POM - Sell link is clickable
14:53:16.772 [main] INFO  Dealership.POM - Select Customer Dropdown is visible
14:53:17.124 [main] INFO  Dealership.POM - Select Customer Field is visible
14:53:19.215 [main] INFO  Dealership.POM - CustomerInfo is visible
14:53:49.531 [main] INFO  Dealership.POM - Quote Toggle button is visible
14:53:49.653 [main] INFO  Dealership.POM - Quote Toggle button is clicked
14:53:59.710 [main] INFO  Dealership.POM - The status of CO is Quote
14:53:59.750 [main] INFO  Dealership.POM - Sell A Unit button is visible
14:53:59.835 [main] INFO  Dealership.POM - Sell A Unit button is clicked
14:54:01.172 [main] INFO  Dealership.POM - UnitDealStatus is visible
14:54:01.202 [main] INFO  Dealership.POM - UnitDealStatus is Status: Quotation
14:54:01.270 [main] INFO  Dealership.POM - UnitOptionsStatus is visible
14:54:01.303 [main] INFO  Dealership.POM - UnitOptionsStatus is Option:
14:54:01.405 [main] INFO  Dealership.POM - Unit1 is visible
14:54:01.511 [main] INFO  Dealership.POM - Unit1 is opened
14:54:02.735 [main] INFO  Dealership.POM - Set Temp Unit button is visible
14:54:02.887 [main] INFO  Dealership.POM - Set Temp Unit button is clicked
14:54:09.630 [main] INFO  Dealership.POM - Make field is visible
14:54:11.773 [main] INFO  Dealership.POM - Make field is filled
14:54:11.817 [main] INFO  Dealership.POM - Model field is visible
14:54:13.157 [main] INFO  Dealership.POM - Model field is filled
14:54:13.203 [main] INFO  Dealership.POM - Sub Model field is visible
14:54:13.944 [main] INFO  Dealership.POM - Sub Model field is filled
14:54:13.987 [main] INFO  Dealership.POM - Year field is visible
14:54:14.386 [main] INFO  Dealership.POM - Year field is filled
14:54:14.450 [main] INFO  Dealership.POM - Exterior Color field is visible
14:54:14.719 [main] INFO  Dealership.POM - Exterior Color field is filled
14:54:14.785 [main] INFO  Dealership.POM - Next Button is visible
14:54:14.914 [main] INFO  Dealership.POM - Next Button is clicked
14:54:18.672 [main] INFO  Dealership.POM - Totalprice field is visible
14:54:18.857 [main] INFO  Dealership.POM - Totalprice field is filled
14:54:18.898 [main] INFO  Dealership.POM - Totalcost field is visible
14:54:19.093 [main] INFO  Dealership.POM - Totalcost field is filled
14:54:19.134 [main] INFO  Dealership.POM - Save Button is visible
14:54:19.246 [main] INFO  Dealership.POM - Save Button is clicked
14:54:24.305 [main] INFO  Dealership.POM - SaveTempUnit Button is visible
14:54:24.405 [main] INFO  Dealership.POM - SaveTempUnit Button is clicked
14:54:26.592 [main] INFO  Dealership.POM - TempUnitName is visible
14:54:26.625 [main] INFO  Dealership.POM - Unit name is displayed correctly
14:54:26.669 [main] INFO  Dealership.POM - Edit Pricing Button is visible
14:54:26.757 [main] INFO  Dealership.POM - Edit Pricing Button is clicked
14:54:34.011 [main] INFO  Dealership.POM - Rideaway Toggle Button is visible
14:54:34.135 [main] INFO  Dealership.POM - Rideaway Toggle Button is Toggled
14:54:39.196 [main] INFO  Dealership.POM - InputForRideawayPrice is visible
14:54:39.352 [main] INFO  Dealership.POM - InputForRideawayPrice is filled
14:54:39.421 [main] INFO  Dealership.POM - SaveBtnRideawayPrice is visible
14:54:39.680 [main] INFO  Dealership.POM - SaveBtnRideawayPrice is clicked
14:54:49.733 [main] INFO  Dealership.POM - InputForStampDuty is visible
14:54:50.008 [main] INFO  Dealership.POM - InputForStampDuty is filled
14:54:50.052 [main] INFO  Dealership.POM - SaveBtnStampDuty is visible
14:54:50.159 [main] INFO  Dealership.POM - SaveBtnStampDuty is clicked
14:55:00.214 [main] INFO  Dealership.POM - SavePriceBtn is visible
14:55:00.331 [main] INFO  Dealership.POM - SavePriceBtn is clicked
14:55:03.381 [main] INFO  Dealership.POM - Option_Fee field is visible
14:55:03.434 [main] INFO  Dealership.POM - Options And Fee field is visible
14:55:04.361 [main] INFO  Dealership.POM - SearchOptions field is visible
14:55:08.569 [main] INFO  Dealership.POM - Option 1 is selected
14:55:38.847 [main] INFO  Dealership.POM - Notes For Customer field is visible
14:55:38.993 [main] INFO  Dealership.POM - Notes For Customer is clicked
14:55:39.667 [main] INFO  Dealership.POM - Notes field is visible
14:55:40.053 [main] INFO  Dealership.POM - Note is filled
14:55:40.098 [main] INFO  Dealership.POM - AddTradeIn button is visible
14:55:40.268 [main] INFO  Dealership.POM - AddTradeIn button is clicked
14:55:42.628 [main] INFO  Dealership.POM - AddCOU button is visible
14:55:43.546 [main] INFO  Dealership.POM - AddCOU button is clicked
14:55:44.267 [main] INFO  Dealership.POM - Temp Unit Mmodal Window  is visible
14:55:44.318 [main] INFO  Dealership.POM - Make field is visible
14:55:44.845 [main] INFO  Dealership.POM - Make is filed
14:55:46.275 [main] INFO  Dealership.POM - Model field is visible
14:55:48.707 [main] INFO  Dealership.POM - Model is filed
14:55:48.746 [main] INFO  Dealership.POM - Sub-Model field is visible
14:55:49.513 [main] INFO  Dealership.POM - Sub-Model is filed
14:55:49.565 [main] INFO  Dealership.POM - Year field is visible
14:55:50.037 [main] INFO  Dealership.POM - Year is filed
14:55:50.132 [main] INFO  Dealership.POM - Addbutton is visible
14:55:50.333 [main] INFO  Dealership.POM - Addbutton is clicked
14:56:00.447 [main] INFO  Dealership.POM - AgreedValueForCOU is visible
14:56:00.651 [main] INFO  Dealership.POM - AgreedValueForCOU is clicked
14:56:00.699 [main] INFO  Dealership.POM - ActualCashValueForCOU is visible
14:56:00.912 [main] INFO  Dealership.POM - ActualCashValueForCOU is clicked
14:56:00.949 [main] INFO  Dealership.POM - tradeInLienPayout is visible
14:56:01.150 [main] INFO  Dealership.POM - tradeInLienPayout is clicked
14:56:01.191 [main] INFO  Dealership.POM - tradeInFinanceCompany is visible
14:56:01.306 [main] INFO  Dealership.POM - tradeInFinanceCompany is clicked
14:56:06.353 [main] INFO  Dealership.POM - tradeInFinanceCompanyDropdownDiv is visible
14:56:06.447 [main] INFO  Dealership.POM - tradeInFinanceCompanyDropdownDiv is clicked
14:56:11.673 [main] INFO  Dealership.POM - AppraisalMethod is visible
14:56:11.748 [main] INFO  Dealership.POM - AppraisalMethod is clicked
14:57:38.746 [main] FATAL Dealership.POM - Test Failed - screenshot captured for Method : TemporaryUnit
14:58:33.502 [main] INFO  Dealership.POM - Running Test : Merchandise
14:58:41.616 [main] INFO  Dealership.POM - Windows maximized
14:58:43.876 [main] INFO  Dealership.POM - URL entered
14:58:44.295 [main] INFO  Dealership.POM - Username field is visible
14:58:45.746 [main] INFO  Dealership.POM - Password field is visible
14:59:22.330 [main] INFO  Dealership.POM - Sell link is visible
14:59:24.125 [main] INFO  Dealership.POM - Sell link is clickable
14:59:24.380 [main] INFO  Dealership.POM - Select Customer Dropdown is visible
14:59:26.796 [main] INFO  Dealership.POM - Select Customer Field is visible
14:59:29.963 [main] INFO  Dealership.POM - CustomerInfo is visible
15:00:00.442 [main] INFO  Dealership.POM - SellPartandAccs button is visible
15:00:00.522 [main] INFO  Dealership.POM - SellPartandAccs button is clicked
15:00:02.748 [main] INFO  Dealership.POM - Searchbox is visible
15:00:06.446 [main] INFO  Dealership.POM - Merchentity is visible
15:00:26.985 [main] INFO  Dealership.POM - Feeentity is visible
15:00:47.587 [main] INFO  Dealership.POM - Kitentity is visible
15:00:57.885 [main] INFO  Dealership.POM - Checkout_Button is visible
15:01:08.519 [main] FATAL Dealership.POM - Test Failed - screenshot captured for Method : Merchandise
15:12:35.210 [main] INFO  Dealership.POM - Running Test : CashSale
15:12:44.601 [main] INFO  Dealership.POM - Windows maximized
15:12:47.068 [main] INFO  Dealership.POM - URL entered
15:12:47.211 [main] INFO  Dealership.POM - Username field is visible
15:12:47.456 [main] INFO  Dealership.POM - Password field is visible
15:13:23.764 [main] INFO  Dealership.POM - Sell link is visible
15:13:25.441 [main] INFO  Dealership.POM - Sell link is clickable
15:13:26.320 [main] INFO  Dealership.POM - Sell Part tile is displayed
15:13:26.440 [main] INFO  Dealership.POM - Sell Part tile is clicked
15:13:27.143 [main] INFO  Dealership.POM - Searchbox is visible
15:13:27.182 [main] INFO  Dealership.POM - Searchbox is visible
15:13:30.929 [main] INFO  Dealership.POM - Merchentity is visible
15:13:41.095 [main] INFO  Dealership.POM - Searchbox is visible
15:13:45.049 [main] INFO  Dealership.POM - Feeentity is visible
15:13:55.245 [main] INFO  Dealership.POM - Searchbox is visible
15:13:58.814 [main] INFO  Dealership.POM - Kitentity is visible
15:14:14.031 [main] INFO  Dealership.POM - Checkout_Button is visible
15:14:37.578 [main] INFO  Dealership.POM - Payment option is visible
15:14:37.685 [main] INFO  Dealership.POM - Payment option is selected
15:14:37.766 [main] INFO  Dealership.POM - AddPayment Button is visible
15:14:37.969 [main] INFO  Dealership.POM - AddPayment Button is clicked
15:14:58.043 [main] INFO  Dealership.POM - Finalize Button is visible
15:14:58.156 [main] INFO  Dealership.POM - Finalize Button is clicked
15:16:48.441 [main] FATAL Dealership.POM - Test Failed - screenshot captured for Method : CashSale
15:18:52.256 [main] INFO  Dealership.POM - Running Test : CashSale
15:19:01.661 [main] INFO  Dealership.POM - Windows maximized
15:19:04.393 [main] INFO  Dealership.POM - URL entered
15:19:04.572 [main] INFO  Dealership.POM - Username field is visible
15:19:04.886 [main] INFO  Dealership.POM - Password field is visible
15:20:03.615 [main] INFO  Dealership.POM - Sell link is visible
15:20:05.049 [main] INFO  Dealership.POM - Sell link is clickable
15:20:05.327 [main] INFO  Dealership.POM - Sell Part tile is displayed
15:20:05.450 [main] INFO  Dealership.POM - Sell Part tile is clicked
15:20:07.719 [main] INFO  Dealership.POM - Searchbox is visible
15:20:07.770 [main] INFO  Dealership.POM - Searchbox is visible
15:20:11.996 [main] INFO  Dealership.POM - Merchentity is visible
15:20:22.431 [main] FATAL Dealership.POM - Test Failed - screenshot captured for Method : CashSale
15:35:45.156 [main] INFO  Dealership.POM - Running Test : Servicejob
15:35:53.704 [main] INFO  Dealership.POM - Windows maximized
15:35:55.743 [main] INFO  Dealership.POM - URL entered
15:35:55.893 [main] INFO  Dealership.POM - Username field is visible
15:35:56.238 [main] INFO  Dealership.POM - Password field is visible
15:36:32.307 [main] INFO  Dealership.POM - Sell link is visible
15:36:34.156 [main] INFO  Dealership.POM - Sell link is clickable
15:36:35.051 [main] INFO  Dealership.POM - Select Customer Dropdown is visible
15:36:35.691 [main] INFO  Dealership.POM - Select Customer Field is visible
15:36:38.054 [main] INFO  Dealership.POM - CustomerInfo is visible
15:37:08.491 [main] INFO  Dealership.POM - ServiceJob button is visible
15:37:11.563 [main] INFO  Dealership.POM - ServiceJobStatus is visible
15:37:11.602 [main] INFO  Dealership.POM - ServiceJobStatus is Status: New
15:37:11.759 [main] INFO  Dealership.POM - ServiceJobDetails is visible
15:37:11.974 [main] INFO  Dealership.POM - ServiceJobDetails is clicked
15:37:27.237 [main] INFO  Dealership.POM - Temp Unit Mmodal Window  is visible
15:37:27.277 [main] INFO  Dealership.POM - VIN_Unit field is visible
15:37:27.315 [main] INFO  Dealership.POM - Make field is visible
15:37:30.416 [main] INFO  Dealership.POM - Make is filed
15:37:30.586 [main] INFO  Dealership.POM - Model field is visible
15:37:31.879 [main] INFO  Dealership.POM - Model is filed
15:37:31.931 [main] INFO  Dealership.POM - Sub-Model field is visible
15:37:32.805 [main] INFO  Dealership.POM - Sub-Model is filed
15:37:32.854 [main] INFO  Dealership.POM - Year field is visible
15:37:33.190 [main] INFO  Dealership.POM - Year is filed
15:37:33.244 [main] INFO  Dealership.POM - Addbutton is visible
15:37:33.404 [main] INFO  Dealership.POM - Addbutton is clicked
15:37:43.475 [main] INFO  Dealership.POM - Customerownedunit is visible
15:37:43.521 [main] INFO  Dealership.POM - Concern field is visible
15:37:43.949 [main] INFO  Dealership.POM - Concern field is filled
15:37:44.020 [main] INFO  Dealership.POM - Cause field is visible
15:37:44.482 [main] INFO  Dealership.POM - Cause field is filled
15:37:44.529 [main] INFO  Dealership.POM - Correction field is visible
15:37:44.758 [main] INFO  Dealership.POM - Correction field is filled
15:37:44.814 [main] INFO  Dealership.POM - Odometer_on_arrival field is visible
15:37:45.217 [main] INFO  Dealership.POM - Odometer_on_arrival field is filled
15:37:45.275 [main] INFO  Dealership.POM - Odometer_on_departure field is visible
15:37:45.627 [main] INFO  Dealership.POM - Odometer_on_departure field is filled
15:37:46.639 [main] INFO  Dealership.POM - Searchbox is visible
15:37:57.483 [main] INFO  Dealership.POM - Merchentity is visible
15:38:28.328 [main] INFO  Dealership.POM - Feeentity is visible
15:39:09.228 [main] INFO  Dealership.POM - Kitentity is visible
15:39:50.307 [main] INFO  Dealership.POM - Laborentity is visible
15:40:21.703 [main] INFO  Dealership.POM - Notes field is visible
15:40:23.147 [main] INFO  Dealership.POM - Assign_Tech button is visible
15:40:23.364 [main] INFO  Dealership.POM - ClockingStaffPopupforCO is visible
15:40:33.810 [main] FATAL Dealership.POM - Test Failed - screenshot captured for Method : Servicejob
15:51:54.934 [main] INFO  Dealership.POM - Running Test : CashSale
15:52:04.571 [main] INFO  Dealership.POM - Windows maximized
15:52:06.381 [main] INFO  Dealership.POM - URL entered
15:52:06.530 [main] INFO  Dealership.POM - Username field is visible
15:52:06.858 [main] INFO  Dealership.POM - Password field is visible
15:52:42.795 [main] INFO  Dealership.POM - Sell link is visible
15:52:44.424 [main] INFO  Dealership.POM - Sell link is clickable
15:52:45.107 [main] INFO  Dealership.POM - Sell Part tile is displayed
15:52:45.323 [main] INFO  Dealership.POM - Sell Part tile is clicked
15:52:45.556 [main] INFO  Dealership.POM - Searchbox is visible
15:52:45.610 [main] INFO  Dealership.POM - Searchbox is visible
15:52:49.363 [main] INFO  Dealership.POM - Merchentity is visible
15:52:59.534 [main] INFO  Dealership.POM - Searchbox is visible
15:53:03.463 [main] INFO  Dealership.POM - Feeentity is visible
15:53:13.701 [main] INFO  Dealership.POM - Searchbox is visible
15:53:17.993 [main] INFO  Dealership.POM - Kitentity is visible
15:53:33.182 [main] INFO  Dealership.POM - Checkout_Button is visible
15:53:53.810 [main] INFO  Dealership.POM - Payment option is visible
15:53:53.914 [main] INFO  Dealership.POM - Payment option is selected
15:53:53.965 [main] INFO  Dealership.POM - AddPayment Button is visible
15:53:54.111 [main] INFO  Dealership.POM - AddPayment Button is clicked
15:54:14.277 [main] INFO  Dealership.POM - Finalize Button is visible
15:54:14.400 [main] INFO  Dealership.POM - Finalize Button is clicked
15:54:24.483 [main] INFO  Dealership.POM - Invoice Window is visible
15:54:24.782 [main] INFO  Dealership.POM - Invoice Close Button is visible
15:54:24.832 [main] INFO  Dealership.POM - Invoice Close Button is clicked
15:54:24.902 [main] INFO  Dealership.POM - CO Status is visible
15:54:24.944 [main] INFO  Dealership.POM - CO Status is Closed
15:54:24.954 [main] INFO  Dealership.POM - Test case CashSale passes successfully
16:09:32.633 [main] INFO  Dealership.POM - Running Test : Merchandise
16:09:41.634 [main] INFO  Dealership.POM - Windows maximized
16:09:43.462 [main] INFO  Dealership.POM - URL entered
16:09:43.578 [main] INFO  Dealership.POM - Username field is visible
16:09:44.061 [main] INFO  Dealership.POM - Password field is visible
16:10:18.881 [main] INFO  Dealership.POM - Sell link is visible
16:10:21.332 [main] INFO  Dealership.POM - Sell link is clickable
16:10:21.570 [main] INFO  Dealership.POM - Select Customer Dropdown is visible
16:10:23.938 [main] INFO  Dealership.POM - Select Customer Field is visible
16:10:26.133 [main] INFO  Dealership.POM - CustomerInfo is visible
16:10:56.535 [main] INFO  Dealership.POM - SellPartandAccs button is visible
16:10:56.615 [main] INFO  Dealership.POM - SellPartandAccs button is clicked
16:10:58.325 [main] INFO  Dealership.POM - Searchbox is visible
16:11:02.133 [main] INFO  Dealership.POM - Merchentity is visible
16:11:22.616 [main] INFO  Dealership.POM - Feeentity is visible
16:11:43.136 [main] INFO  Dealership.POM - Kitentity is visible
16:11:53.381 [main] INFO  Dealership.POM - Checkout_Button is visible
16:12:14.041 [main] INFO  Dealership.POM - Payment option is visible
16:12:14.161 [main] INFO  Dealership.POM - Payment option is selected
16:12:14.327 [main] INFO  Dealership.POM - AddPayment Button is visible
16:12:14.472 [main] INFO  Dealership.POM - AddPayment Button is clicked
16:12:34.531 [main] INFO  Dealership.POM - Finalize Button is visible
16:12:34.644 [main] INFO  Dealership.POM - Finalize Button is clicked
16:12:44.716 [main] INFO  Dealership.POM - Invoice Window is visible
16:12:44.914 [main] INFO  Dealership.POM - Invoice Close Button is visible
16:12:44.966 [main] INFO  Dealership.POM - Invoice Close Button is clicked
16:12:55.016 [main] INFO  Dealership.POM - CO Status is visible
16:12:55.051 [main] INFO  Dealership.POM - CO Status is Closed
16:12:55.060 [main] INFO  Dealership.POM - Test case Merchandise passes successfully
16:13:01.099 [main] INFO  Dealership.POM - Running Test : Servicejob
16:13:05.768 [main] INFO  Dealership.POM - Windows maximized
16:13:07.725 [main] INFO  Dealership.POM - URL entered
16:13:07.822 [main] INFO  Dealership.POM - Username field is visible
16:13:08.128 [main] INFO  Dealership.POM - Password field is visible
16:15:34.883 [main] INFO  Dealership.POM - Sell link is visible
16:15:34.974 [main] INFO  Dealership.POM - Sell link is clickable
16:15:36.392 [main] INFO  Dealership.POM - Select Customer Dropdown is visible
16:15:38.789 [main] INFO  Dealership.POM - Select Customer Field is visible
16:15:40.991 [main] INFO  Dealership.POM - CustomerInfo is visible
16:16:11.345 [main] INFO  Dealership.POM - ServiceJob button is visible
16:16:14.976 [main] INFO  Dealership.POM - ServiceJobStatus is visible
16:16:15.019 [main] INFO  Dealership.POM - ServiceJobStatus is Status: New
16:16:15.138 [main] INFO  Dealership.POM - ServiceJobDetails is visible
16:16:15.294 [main] INFO  Dealership.POM - ServiceJobDetails is clicked
16:16:30.583 [main] INFO  Dealership.POM - Temp Unit Mmodal Window  is visible
16:16:30.670 [main] INFO  Dealership.POM - VIN_Unit field is visible
16:16:30.732 [main] INFO  Dealership.POM - Make field is visible
16:16:33.825 [main] INFO  Dealership.POM - Make is filed
16:16:33.869 [main] INFO  Dealership.POM - Model field is visible
16:16:34.984 [main] INFO  Dealership.POM - Model is filed
16:16:35.028 [main] INFO  Dealership.POM - Sub-Model field is visible
16:16:35.724 [main] INFO  Dealership.POM - Sub-Model is filed
16:16:35.774 [main] INFO  Dealership.POM - Year field is visible
16:16:36.177 [main] INFO  Dealership.POM - Year is filed
16:16:36.300 [main] INFO  Dealership.POM - Addbutton is visible
16:16:36.512 [main] INFO  Dealership.POM - Addbutton is clicked
16:16:46.583 [main] INFO  Dealership.POM - Customerownedunit is visible
16:16:46.628 [main] INFO  Dealership.POM - Concern field is visible
16:16:46.906 [main] INFO  Dealership.POM - Concern field is filled
16:16:46.950 [main] INFO  Dealership.POM - Cause field is visible
16:16:47.227 [main] INFO  Dealership.POM - Cause field is filled
16:16:47.269 [main] INFO  Dealership.POM - Correction field is visible
16:16:47.417 [main] INFO  Dealership.POM - Correction field is filled
16:16:47.466 [main] INFO  Dealership.POM - Odometer_on_arrival field is visible
16:16:47.799 [main] INFO  Dealership.POM - Odometer_on_arrival field is filled
16:16:47.853 [main] INFO  Dealership.POM - Odometer_on_departure field is visible
